precision:                     0.0001
iterations:                    1
compute_effort:                1
range:                         (0, 256)
durations:                     [2, 4, 8, 16, 32, 64, 128, 256]
resolutions:                   [1, 2, 4, 8, 16, 32, 64, 128, 256, 512, 1024]
verbose:                       False
mode:                          compute_load
codec:                         aer
entropy_coder:                 residual_entropy_size
out:                           results/threshold_search_lossless/aer_vs_residual_entropy_size.log
out_redir:                     > /dev/null 2>&1


Processing resolutions...
================================================================================
 #.       Resolution            Frames                    Threshold             
================================================================================
      Rate         Resolution        Frames          bsize            size      
--------------------------------------------------------------------------------
  0.495049505        (1, 1)          10000        0.4072792325    0.3175385818  
  0.7475747575       (1, 1)          10000        0.5592191665    0.3178624299  
  0.8737873787       (1, 1)          10000        0.6247151587    0.3180476874  
  0.9368936894       (1, 1)          10000        0.6555443946    0.3177947327  
  0.9683968397       (1, 1)          10000        0.6700757793    0.3179446671  
  0.9841984198       (1, 1)          10000        0.6768047496    0.3177351273  
  0.9920992099       (1, 1)          10000        0.6807434486    0.3180459792  
   0.9959996         (1, 1)          10000        0.6825169702    0.3178519572  
   0.9979998         (1, 1)          10000        0.6833465408    0.3177769858  
   0.9989999         (1, 1)          10000        0.6829818528    0.317742495   
   0.99949995        (1, 1)          10000        0.683960933     0.3177781223  
   0.99979998        (1, 1)          10000        0.6838202798    0.3178221084  
   0.99989999        (1, 1)          10000        0.6838203822     0.31791984   
      1.0            (1, 1)          10000        0.6838227171    0.3177535052  
      1.0            (1, 1)          10000        0.6843374596    0.3176309493  
                               Precision reached                                
================================================================================
 1.         (1, 1)              10000                        1.0                
================================================================================
********************************************************************************
avg:          (1, 1)                    10000                     1.0           
********************************************************************************
      Rate         Resolution        Frames          bsize            size      
--------------------------------------------------------------------------------
  0.4949979992       (2, 2)           2500        0.4065725618    0.3284676774  
  0.7474989996       (2, 2)           2500        0.5586849114    0.3287013617  
  0.8737494998       (2, 2)           2500        0.6251107075    0.3284577969  
  0.9368747499       (2, 2)           2500        0.6551371505    0.3282909726  
  0.9683873549       (2, 2)           2500        0.6699508566    0.3285432829  
  0.9841936775       (2, 2)           2500        0.6764455895    0.3287794063  
  0.9920968387       (2, 2)           2500        0.6800650212    0.3288150325  
  0.9959983994       (2, 2)           2500        0.6817472854    0.3285799393  
  0.9979991997       (2, 2)           2500        0.6831138894    0.3285892979  
  0.9989995998       (2, 2)           2500        0.6835969375    0.3286717058  
  0.9994997999       (2, 2)           2500        0.6840146318    0.3284334565  
   0.99979992        (2, 2)           2500        0.6840477132    0.3284709335  
   0.99989996        (2, 2)           2500        0.6838464584    0.3283261111  
      1.0            (2, 2)           2500        0.6838977109    0.328358927   
      1.0            (2, 2)           2500        0.6835535371    0.3285422012  
                               Precision reached                                
================================================================================
 1.         (2, 2)               2500                        1.0                
================================================================================
********************************************************************************
avg:          (2, 2)                    2500                      1.0           
********************************************************************************
      Rate         Resolution        Frames          bsize            size      
--------------------------------------------------------------------------------
  0.4949919872       (4, 4)           625         0.4075318265    0.3261917586  
  0.7474959936       (4, 4)           625         0.5593853471    0.3260037551  
  0.8737980769       (4, 4)           625         0.6249790356    0.3256481888  
  0.9368990385       (4, 4)           625         0.6557184218    0.3258319348  
  0.9684495192       (4, 4)           625         0.670461475     0.3259044657  
  0.9841746795       (4, 4)           625         0.6766663979    0.3259051315  
  0.9920873397       (4, 4)           625         0.6807276117    0.3259049698  
  0.9959935897       (4, 4)           625         0.6823686461    0.3257757151  
  0.9979967949       (4, 4)           625         0.683452103     0.325904596   
  0.9989983974       (4, 4)           625         0.6836358075    0.3257929365  
  0.9994991987       (4, 4)           625         0.6839131586    0.3260075897  
  0.9997996795       (4, 4)           625         0.6840394669    0.3259983468  
  0.9998998397       (4, 4)           625         0.6842543244    0.3259413091  
      1.0            (4, 4)           625         0.6842895575    0.3259070324  
      1.0            (4, 4)           625         0.6839298344    0.3257771841  
                               Precision reached                                
================================================================================
 1.         (4, 4)               625                         1.0                
================================================================================
********************************************************************************
avg:          (4, 4)                     625                      1.0           
********************************************************************************
      Rate         Resolution        Frames          bsize            size      
--------------------------------------------------------------------------------
  0.4949919872       (8, 8)           157         0.409347102     0.3320636719  
  0.7474959936       (8, 8)           157         0.5607160253    0.3323361923  
  0.8737980769       (8, 8)           157         0.6267862127    0.3315744266  
  0.9368990385       (8, 8)           157         0.6567104099    0.3320549844  
  0.9684495192       (8, 8)           157         0.6717052615     0.33203024   
  0.9841746795       (8, 8)           157         0.677841738     0.3323267536  
  0.9920873397       (8, 8)           157         0.6816078461    0.331736767   
  0.9959935897       (8, 8)           157         0.6832884945    0.3319782319  
  0.9979967949       (8, 8)           157         0.6841779032    0.3318213305  
  0.9989983974       (8, 8)           157         0.6844944369    0.3316092877  
  0.9994991987       (8, 8)           157         0.6849568812    0.3316985369  
  0.9997996795       (8, 8)           157         0.6850554523    0.331630254   
  0.9998998397       (8, 8)           157         0.6850686858    0.331705454   
      1.0            (8, 8)           157         0.6856422469    0.3319229071  
      1.0            (8, 8)           157         0.6856944056    0.3318118074  
                               Precision reached                                
================================================================================
 1.         (8, 8)               157                         1.0                
================================================================================
********************************************************************************
avg:          (8, 8)                     157                      1.0           
********************************************************************************
      Rate         Resolution        Frames          bsize            size      
--------------------------------------------------------------------------------
  0.4949919872      (16, 16)           40         0.4175423245    0.3386416685  
  0.7474959936      (16, 16)           40         0.5661213487    0.3370363686  
  0.8737980769      (16, 16)           40         0.6313722657    0.3368588888  
  0.9368990385      (16, 16)           40         0.6609520541    0.3368906044  
  0.9684495192      (16, 16)           40         0.6757413003    0.3369012601  
  0.9841746795      (16, 16)           40         0.6824542398    0.3368391461  
  0.9920873397      (16, 16)           40         0.6859266399    0.3369075694  
   0.99609375       (16, 16)           40         0.6872120403    0.336223278   
  0.9979967949      (16, 16)           40         0.6885679353    0.3365625568  
  0.9989983974      (16, 16)           40         0.6891378929    0.3365316417  
  0.9994991987      (16, 16)           40         0.6888540351    0.3364825504  
  0.9997996795      (16, 16)           40         0.6890616209    0.3364931361  
  0.9998998397      (16, 16)           40         0.6896243082    0.3369726395  
      1.0           (16, 16)           40         0.689763445     0.3369201076  
      1.0           (16, 16)           40         0.689763445     0.3369201076  
                               Precision reached                                
================================================================================
 1.        (16, 16)               40                         1.0                
================================================================================
********************************************************************************
avg:         (16, 16)                    40                       1.0           
********************************************************************************
      Rate         Resolution        Frames          bsize            size      
--------------------------------------------------------------------------------
  0.4950086806      (32, 32)           10         0.449891924     0.3511894476  
  0.7475043403      (32, 32)           10         0.5909062393    0.3452588619  
  0.8738064236      (32, 32)           10         0.6520133312    0.3438999034  
  0.9369574653      (32, 32)           10         0.6800067886    0.3433213718  
  0.9685329861      (32, 32)           10         0.6931118147    0.3426948488  
  0.9842664931      (32, 32)           10         0.6995439375    0.3428221315  
   0.9921875        (32, 32)           10         0.7030813985    0.3422327354  
   0.99609375       (32, 32)           10         0.7046853575    0.3423694524  
  0.998046875       (32, 32)           10         0.705316323     0.3423287105  
  0.9990234375      (32, 32)           10         0.7057518475    0.3426734207  
  0.9995659722      (32, 32)           10         0.7060260027    0.342713055   
  0.9997829861      (32, 32)           10         0.7058605563    0.3420531544  
  0.9998914931      (32, 32)           10         0.7058637591    0.3421532348  
      1.0           (32, 32)           10         0.7059031547    0.3421698025  
      1.0           (32, 32)           10         0.7059969203    0.3423960808  
                               Precision reached                                
================================================================================
 1.        (32, 32)               10                         1.0                
================================================================================
********************************************************************************
avg:         (32, 32)                    10                       1.0           
********************************************************************************
      Rate         Resolution        Frames          bsize            size      
--------------------------------------------------------------------------------
  0.4949951172      (64, 64)           3          0.5641390053    0.3877890472  
  0.7475585938      (64, 64)           3          0.674675989     0.3660363363  
  0.8737792969      (64, 64)           3          0.7236430118    0.3597101055  
  0.9368896484      (64, 64)           3          0.745847067     0.3570283883  
  0.9685058594      (64, 64)           3          0.7575198957    0.3557639446  
  0.9842529297      (64, 64)           3          0.7626164281    0.3551136965  
   0.9921875        (64, 64)           3          0.7649673872    0.3551493328  
   0.99609375       (64, 64)           3           0.76594767     0.3550939544  
  0.998046875       (64, 64)           3          0.7665685315    0.3548316481  
  0.9990234375      (64, 64)           3          0.7666213144    0.3550783114  
  0.9995117188      (64, 64)           3          0.7668969455    0.3550837965  
  0.9997558594      (64, 64)           3          0.7669968678     0.35508703   
  0.9998779297      (64, 64)           3          0.7666441997    0.3544645957  
      1.0           (64, 64)           3          0.7669589073    0.3547195823  
      1.0           (64, 64)           3          0.7669589073    0.3547195823  
                               Precision reached                                
================================================================================
 1.        (64, 64)               3                          1.0                
================================================================================
********************************************************************************
avg:         (64, 64)                     3                       1.0           
********************************************************************************
      Rate         Resolution        Frames          bsize            size      
--------------------------------------------------------------------------------
  0.4949951172     (128, 128)          2          0.6599282673    0.4373231687  
  0.7474975586     (128, 128)          2          0.7469346672    0.4017396272  
  0.8737792969     (128, 128)          2          0.7848371221    0.3909963534  
  0.9368896484     (128, 128)          2          0.8023177167    0.3862469612  
  0.9684448242     (128, 128)          2          0.8108481598    0.3844729596  
  0.9842529297     (128, 128)          2          0.8145915451    0.3835510208  
  0.9921264648     (128, 128)          2          0.8165846545    0.3828350491  
   0.99609375      (128, 128)          2          0.817714954     0.3827372248  
  0.998046875      (128, 128)          2          0.8183685306    0.3825788821  
  0.9990234375     (128, 128)          2          0.8182501405    0.3820761371  
  0.9995117188     (128, 128)          2          0.8186727289    0.3822335528  
  0.9997558594     (128, 128)          2          0.8187956542    0.382609618   
  0.9998779297     (128, 128)          2          0.8186159962    0.3821654679  
  0.9999389648     (128, 128)          2          0.8188291935    0.3825109184  
                               Precision reached                                
================================================================================
 1.       (128, 128)              2                     0.9999389648            
================================================================================
********************************************************************************
avg:        (128, 128)                    2                  0.9999389648       
********************************************************************************
      Rate         Resolution        Frames          bsize            size      
--------------------------------------------------------------------------------
  0.4949951172     (256, 256)          2          0.6601849117    0.445642057   
  0.7474975586     (256, 256)          2          0.7474063805    0.4114438963  
  0.8737487793     (256, 256)          2          0.7853601328    0.4012126768  
  0.9368743896     (256, 256)          2          0.8027442848    0.3967317269  
  0.9684448242     (256, 256)          2          0.8110184056    0.3949270289  
  0.9842224121     (256, 256)          2          0.8151780282    0.3939037364  
  0.9921112061     (256, 256)          2          0.8170827167    0.3936448509  
  0.9960632324     (256, 256)          2          0.8182912223    0.393323143   
  0.9980316162     (256, 256)          2          0.8185435495    0.3933385808  
  0.9990234375     (256, 256)          2          0.8188049535    0.393081372   
  0.9995117188     (256, 256)          2          0.8190360986    0.3930493389  
  0.9997558594     (256, 256)          2          0.8189314947    0.3930256512  
  0.9998779297     (256, 256)          2          0.8189438927    0.3930133522  
  0.9999389648     (256, 256)          2          0.819019539     0.3929984775  
                               Precision reached                                
================================================================================
 1.       (256, 256)              2                     0.9999389648            
================================================================================
********************************************************************************
avg:        (256, 256)                    2                  0.9999389648       
********************************************************************************
      Rate         Resolution        Frames          bsize            size      
--------------------------------------------------------------------------------
  0.4949989319     (512, 512)          2          0.6604255499    0.4716748466  
  0.7474975586     (512, 512)          2          0.7472263865    0.4387945766  
  0.8737487793     (512, 512)          2          0.7854264079    0.4287620103  
  0.9368743896     (512, 512)          2          0.8027747985    0.4247381088  
  0.9684371948     (512, 512)          2          0.8112675658    0.4228549072  
  0.9842185974     (512, 512)          2          0.8153008528    0.4218985793  
  0.9921112061     (512, 512)          2          0.8172797142    0.4215123808  
  0.996055603      (512, 512)          2          0.8182446575    0.421298562   
  0.9980278015     (512, 512)          2          0.8187096836    0.4211736295  
  0.9990158081     (512, 512)          2          0.8190502868    0.421118994   
  0.9995079041     (512, 512)          2          0.8190783033    0.4210867199  
  0.9997558594     (512, 512)          2          0.8191303833    0.4211001002  
  0.9998779297     (512, 512)          2          0.8191942437    0.4210691597  
  0.9999389648     (512, 512)          2          0.8191815122    0.421035761   
                               Precision reached                                
================================================================================
 1.       (512, 512)              2                     0.9999389648            
================================================================================
********************************************************************************
avg:        (512, 512)                    2                  0.9999389648       
********************************************************************************
      Rate         Resolution        Frames          bsize            size      
--------------------------------------------------------------------------------
  0.4949998856    (1024, 1024)         2          0.6604655896    0.5025604303  
  0.7474994659    (1024, 1024)         2          0.7472826143    0.4711294457  
  0.873749733     (1024, 1024)         2          0.7853668286    0.4615725845  
  0.9368743896    (1024, 1024)         2          0.8028661225    0.4576485408  
  0.9684371948    (1024, 1024)         2          0.8112246709    0.4558849194  
  0.9842185974    (1024, 1024)         2          0.8152548584    0.4550136355  
  0.9921092987    (1024, 1024)         2          0.8172892306    0.4546355633  
  0.9960546494    (1024, 1024)         2          0.8182480638    0.4544085027  
  0.9980278015    (1024, 1024)         2          0.8187820511    0.4543102678  
  0.9990139008    (1024, 1024)         2          0.8190045304    0.454258265   
  0.9995069504    (1024, 1024)         2          0.8191211432    0.4542121383  
  0.999753952     (1024, 1024)         2          0.8191700512    0.4541991842  
  0.999876976     (1024, 1024)         2          0.8191780858    0.4542118315  
  0.9999389648    (1024, 1024)         2          0.819231633     0.4541965651  
                               Precision reached                                
================================================================================
 1.      (1024, 1024)             2                     0.9999389648            
================================================================================
********************************************************************************
avg:       (1024, 1024)                   2                  0.9999389648       
********************************************************************************
                                    SUMMARY                                     
     Resolution            Frames                      Threshold                
================================================================================
       (1, 1)              10000                          1.0                   
       (2, 2)               2500                          1.0                   
       (4, 4)               625                           1.0                   
       (8, 8)               157                           1.0                   
      (16, 16)               40                           1.0                   
      (32, 32)               10                           1.0                   
      (64, 64)               3                            1.0                   
     (128, 128)              2                        0.9999389648              
     (256, 256)              2                        0.9999389648              
     (512, 512)              2                        0.9999389648              
    (1024, 1024)             2                        0.9999389648              
================================================================================


Processing durations...
================================================================================
 #.       Resolution            Frames                    Threshold             
================================================================================
      Rate         Resolution        Frames          bsize            size      
--------------------------------------------------------------------------------
  0.4949414799      (71, 71)           2          0.6592679114    0.4297067879  
  0.7474707399      (71, 71)           2          0.7458939327    0.3935150947  
  0.8736361833      (71, 71)           2          0.7841801394    0.382145322   
  0.936718905       (71, 71)           2          0.8013017983    0.3771887454  
  0.9684586392      (71, 71)           2          0.8098431262    0.3744693082  
  0.9843285062      (71, 71)           2          0.8137784332    0.3735328783  
  0.9922634398      (71, 71)           2          0.8156031261    0.3731753674  
  0.9962309066      (71, 71)           2          0.8161415238    0.3733892318  
   0.99821464       (71, 71)           2          0.8169117029    0.3733434414  
  0.9990081333      (71, 71)           2          0.817108876     0.3733448399  
   0.99940488       (71, 71)           2          0.8172079963    0.3732699277  
  0.9998016267      (71, 71)           2          0.8172990757    0.373397805   
  0.9998016267      (71, 71)           2          0.8175386933    0.3731513989  
                               Precision reached                                
================================================================================
 1.        (71, 71)               2                     0.9998016267            
================================================================================
********************************************************************************
avg:         (71, 71)                     2                  0.9998016267       
********************************************************************************
      Rate         Resolution        Frames          bsize            size      
--------------------------------------------------------------------------------
  0.4949333333      (50, 50)           4          0.5207299725    0.3732743292  
  0.7474666667      (50, 50)           4          0.6433803864    0.3574654595  
  0.8737333333      (50, 50)           4          0.6961715763    0.3531646616  
  0.9369333333      (50, 50)           4          0.7208598325    0.3515706987  
     0.9684         (50, 50)           4          0.7327533019    0.3505649302  
  0.9842666667      (50, 50)           4          0.7383780294    0.3499241121  
  0.9921333333      (50, 50)           4          0.7410947624    0.349618147   
     0.996          (50, 50)           4          0.7424316572    0.3500723646  
     0.998          (50, 50)           4          0.7428476464    0.3502738597  
  0.9989333333      (50, 50)           4          0.7431694784    0.3501896391  
  0.9994666667      (50, 50)           4          0.743353527     0.3503110352  
  0.9997333333      (50, 50)           4          0.7437926732    0.3496551212  
  0.9998666667      (50, 50)           4          0.7436774554    0.3493997958  
      1.0           (50, 50)           4           0.7437195      0.3494990958  
      1.0           (50, 50)           4          0.7431058563    0.3499283695  
                               Precision reached                                
================================================================================
 1.        (50, 50)               4                          1.0                
================================================================================
********************************************************************************
avg:         (50, 50)                     4                       1.0           
********************************************************************************
      Rate         Resolution        Frames          bsize            size      
--------------------------------------------------------------------------------
  0.4950396825      (36, 36)           8          0.4605293854    0.3554001985  
  0.7474647266      (36, 36)           8          0.5982126621    0.348775934   
  0.8736772487      (36, 36)           8          0.6585233561    0.3465219825  
  0.9368386243      (36, 36)           8          0.6864981762    0.3454266728  
  0.9683641975      (36, 36)           8          0.6992589903    0.3453008162  
  0.9841269841      (36, 36)           8          0.7057720274    0.3452444011  
  0.9920634921      (36, 36)           8          0.7098581277    0.3448957583  
  0.996031746       (36, 36)           8          0.7113168329    0.3450658477  
  0.998015873       (36, 36)           8          0.7121510922    0.3448679038  
  0.9990079365      (36, 36)           8          0.7120188547    0.3448035507  
  0.9994488536      (36, 36)           8          0.712159372     0.3446233375  
  0.9997795414      (36, 36)           8          0.7122901397    0.3445166052  
  0.9998897707      (36, 36)           8          0.7124679426    0.3450651036  
      1.0           (36, 36)           8          0.7124007567    0.3450771792  
      1.0           (36, 36)           8          0.7123965109    0.3451253735  
                               Precision reached                                
================================================================================
 1.        (36, 36)               8                          1.0                
================================================================================
********************************************************************************
avg:         (36, 36)                     8                       1.0           
********************************************************************************
      Rate         Resolution        Frames          bsize            size      
--------------------------------------------------------------------------------
    0.49504         (25, 25)           16         0.4330294456    0.3419874415  
    0.74752         (25, 25)           16         0.5781408834    0.3382711426  
  0.8738133333      (25, 25)           16         0.641266332     0.3372442712  
    0.93696         (25, 25)           16         0.6705027065    0.3367632633  
  0.9684266667      (25, 25)           16         0.6837641653    0.3366159848  
  0.9842133333      (25, 25)           16         0.6907412206    0.3365167258  
  0.9921066667      (25, 25)           16         0.6938786455    0.3363503516  
  0.9960533333      (25, 25)           16         0.6956002263    0.3365959513  
  0.9979733333      (25, 25)           16         0.6963030288    0.3366500171  
    0.99904         (25, 25)           16         0.6970323758    0.3360468819  
  0.9995733333      (25, 25)           16         0.6973490477    0.3362520192  
  0.9997866667      (25, 25)           16         0.6973990699    0.3360677369  
  0.9998933333      (25, 25)           16         0.6979939404    0.3365894928  
      1.0           (25, 25)           16         0.6981510254    0.3364457909  
      1.0           (25, 25)           16         0.6981510254    0.3364457909  
                               Precision reached                                
================================================================================
 1.        (25, 25)               16                         1.0                
================================================================================
********************************************************************************
avg:         (25, 25)                    16                       1.0           
********************************************************************************
      Rate         Resolution        Frames          bsize            size      
--------------------------------------------------------------------------------
  0.4950219036      (18, 18)           32         0.4196202856    0.338484538   
  0.7475109518      (18, 18)           32         0.5682677114    0.3360989645  
  0.8737554759      (18, 18)           32         0.6332185049    0.335953466   
  0.936877738       (18, 18)           32         0.6629122999    0.3357783154  
  0.968438869       (18, 18)           32         0.6772961543    0.3358000213  
  0.9841696535      (18, 18)           32         0.6841155745    0.3359985655  
  0.9921346077      (18, 18)           32         0.6871620677    0.3359780751  
  0.9961170848      (18, 18)           32         0.6889663108    0.3356923152  
  0.9981083234      (18, 18)           32         0.6899172798    0.335900009   
  0.9990043807      (18, 18)           32         0.6900177456    0.3352959593  
  0.9995021904      (18, 18)           32         0.6904461546    0.3354501137  
  0.9998008761      (18, 18)           32         0.6906510761    0.3354272448  
  0.9999004381      (18, 18)           32         0.6907677131    0.3352839527  
                               Precision reached                                
================================================================================
 1.        (18, 18)               32                    0.9999004381            
================================================================================
********************************************************************************
avg:         (18, 18)                    32                  0.9999004381       
********************************************************************************
      Rate         Resolution        Frames          bsize            size      
--------------------------------------------------------------------------------
  0.4949751104      (13, 13)           64         0.4138140536    0.3388608837  
  0.7474405936      (13, 13)           64         0.5636308683    0.338469685   
  0.8736733352      (13, 13)           64         0.6291196516    0.3381349574  
  0.936789706       (13, 13)           64         0.6591829569    0.3380697408  
  0.9683478914      (13, 13)           64         0.6736416879    0.3376978176  
  0.9841269841      (13, 13)           64         0.6803131714    0.3379960099  
  0.9920165305      (13, 13)           64         0.6840084608    0.3381137536  
  0.9959613037      (13, 13)           64         0.6854024318    0.3381668637  
  0.9979336902      (13, 13)           64         0.6865073144    0.3377275606  
  0.9989668451      (13, 13)           64         0.6871403077    0.3377395799  
  0.999436461       (13, 13)           64         0.6872005349    0.3377434043  
  0.9997182305      (13, 13)           64         0.6872832716    0.3379076973  
  0.9998121537      (13, 13)           64         0.6873949916    0.3380187534  
                               Precision reached                                
================================================================================
 1.        (13, 13)               64                    0.9998121537            
================================================================================
********************************************************************************
avg:         (13, 13)                    64                  0.9998121537       
********************************************************************************
      Rate         Resolution        Frames          bsize            size      
--------------------------------------------------------------------------------
  0.4949936813       (9, 9)           128         0.4101647871    0.3343547431  
  0.7474482356       (9, 9)           128         0.5610808381    0.3344059219  
  0.8737241178       (9, 9)           128         0.6270532597    0.3336571202  
  0.9369106639       (9, 9)           128         0.6574847963    0.3338286969  
  0.9684067269       (9, 9)           128         0.6718139639    0.3338462103  
  0.9841547584       (9, 9)           128         0.678915327     0.3339641854  
  0.9921259843       (9, 9)           128         0.6825519597    0.3343595334  
  0.9961115972       (9, 9)           128         0.6839065529    0.334114332   
  0.9980557986       (9, 9)           128         0.6844140806    0.3340629067  
  0.9990278993       (9, 9)           128         0.684908085     0.3339516474  
  0.9995139496       (9, 9)           128         0.6854053823    0.3339779164  
  0.9998055799       (9, 9)           128         0.6855022073    0.3339500359  
  0.9999027899       (9, 9)           128         0.6855877384    0.333921417   
                               Precision reached                                
================================================================================
 1.         (9, 9)               128                    0.9999027899            
================================================================================
********************************************************************************
avg:          (9, 9)                     128                 0.9999027899       
********************************************************************************
      Rate         Resolution        Frames          bsize            size      
--------------------------------------------------------------------------------
  0.4949979992       (7, 7)           256         0.4078422913    0.334138601   
  0.7474989996       (7, 7)           256         0.5598473565    0.3334772624  
  0.8737094838       (7, 7)           256         0.6259706844    0.3337084211  
  0.9368547419       (7, 7)           256         0.6562894745    0.3334109914  
  0.9683873549       (7, 7)           256         0.6706231112    0.3336542682  
  0.9842336935       (7, 7)           256         0.6779045426    0.3335072881  
  0.9921568627       (7, 7)           256         0.6812251146    0.3336499573  
  0.9960784314       (7, 7)           256         0.6837206363    0.3334834533  
  0.9980792317       (7, 7)           256         0.6842669079    0.3334184029  
  0.9990396158       (7, 7)           256         0.6848319886    0.3336644319  
  0.9995198079       (7, 7)           256         0.6849530421    0.3337090266  
  0.999759904        (7, 7)           256         0.6848747596    0.3339551078  
  0.999839936        (7, 7)           256         0.6848975456    0.3339596447  
                               Precision reached                                
================================================================================
 1.         (7, 7)               256                     0.999839936            
================================================================================
********************************************************************************
avg:          (7, 7)                     256                  0.999839936       
********************************************************************************
                                    SUMMARY                                     
     Resolution            Frames                      Threshold                
================================================================================
      (71, 71)               2                        0.9998016267              
      (50, 50)               4                            1.0                   
      (36, 36)               8                            1.0                   
      (25, 25)               16                           1.0                   
      (18, 18)               32                       0.9999004381              
      (13, 13)               64                       0.9998121537              
       (9, 9)               128                       0.9999027899              
       (7, 7)               256                       0.999839936               
================================================================================
