precision:                     0.0001
iterations:                    1
compute_effort:                1
range:                         (0, 256)
durations:                     [2, 4, 8, 16, 32, 64, 128, 256]
resolutions:                   [1, 2, 4, 8, 16, 32, 64, 128, 256, 512, 1024]
verbose:                       False
mode:                          compute_load
codec:                         aer
entropy_coder:                 entropy_size
out:                           results/threshold_search_lossless/aer_entropy_size.log
out_redir:                     > /dev/null 2>&1


Processing resolutions...
================================================================================
 #.       Resolution            Frames                    Threshold             
================================================================================
      Rate         Resolution        Frames          bsize            size      
--------------------------------------------------------------------------------
  0.495049505        (1, 1)          10000        9922.948015     22025.34448   
  0.2425242524       (1, 1)          10000         9833.79162     10775.11891   
  0.1163116312       (1, 1)          10000        9648.828799     5169.296005   
  0.1794179418       (1, 1)          10000        9767.738385     7976.398743   
  0.2110211021       (1, 1)          10000        9801.356447     9382.392189   
  0.2268226823       (1, 1)          10000         9805.29474     10088.19778   
  0.2189218922       (1, 1)          10000        9803.626123     9701.678156   
  0.2228222822       (1, 1)          10000        9788.664121     9911.379158   
  0.2208220822       (1, 1)          10000        9784.175218     9805.307911   
  0.2198219822       (1, 1)          10000        9816.132066     9757.776112   
  0.2203220322       (1, 1)          10000        9814.324514     9766.543849   
  0.2206220622       (1, 1)          10000        9789.814859     9813.554211   
  0.2204220422       (1, 1)          10000        9819.619088     9784.221328   
  0.2205220522       (1, 1)          10000        9809.025079     9812.817701   
  0.2204220422       (1, 1)          10000        9820.906788     9788.506642   
  0.2204220422       (1, 1)          10000        9817.350664     9798.458277   
                               Precision reached                                
================================================================================
 1.         (1, 1)              10000                   0.2204220422            
================================================================================
********************************************************************************
avg:          (1, 1)                    10000                0.2204220422       
********************************************************************************
      Rate         Resolution        Frames          bsize            size      
--------------------------------------------------------------------------------
  0.4949979992       (2, 2)           2500        9929.465204     22752.70967   
  0.2424969988       (2, 2)           2500        9843.262686     11146.99669   
  0.1162464986       (2, 2)           2500        9686.389067      5324.67313   
  0.1793717487       (2, 2)           2500        9785.768022     8233.178899   
  0.2109843938       (2, 2)           2500        9798.056918     9693.923158   
  0.2267907163       (2, 2)           2500        9806.425096      10423.058    
  0.218887555        (2, 2)           2500         9805.0617      10055.99252   
  0.2149859944       (2, 2)           2500        9815.308351     9882.340466   
  0.2129851941       (2, 2)           2500        9783.703135     9796.076275   
  0.2119847939       (2, 2)           2500        9810.413305     9741.257235   
  0.212484994        (2, 2)           2500        9792.923865     9776.470107   
  0.212785114        (2, 2)           2500        9787.194554     9788.908619   
  0.212585034        (2, 2)           2500        9829.853689     9779.601186   
  0.212685074        (2, 2)           2500        9813.451208     9777.733539   
  0.212785114        (2, 2)           2500        9807.667036     9773.923645   
  0.212785114        (2, 2)           2500        9791.101671     9770.787643   
                               Precision reached                                
================================================================================
 1.         (2, 2)               2500                    0.212785114            
================================================================================
********************************************************************************
avg:          (2, 2)                    2500                  0.212785114       
********************************************************************************
      Rate         Resolution        Frames          bsize            size      
--------------------------------------------------------------------------------
  0.4949919872       (4, 4)           625         9924.173567     22531.07239   
  0.2424879808       (4, 4)           625         9823.323265     11040.55028   
  0.1162860577       (4, 4)           625         9647.579209     5296.177673   
  0.1793870192       (4, 4)           625          9767.01339     8167.333279   
   0.2109375         (4, 4)           625         9812.561144     9622.043102   
  0.2267628205       (4, 4)           625         9844.338519     10344.63849   
  0.2188501603       (4, 4)           625          9837.62003     9989.728804   
  0.2149439103       (4, 4)           625         9816.809423     9802.839684   
  0.2169471154       (4, 4)           625         9829.490773     9898.552912   
  0.2159455128       (4, 4)           625         9813.070163     9832.703528   
  0.2154447115       (4, 4)           625         9823.486382     9836.892497   
  0.2151442308       (4, 4)           625         9787.470409     9810.233902   
  0.2150440705       (4, 4)           625         9790.557895     9823.834307   
  0.2149439103       (4, 4)           625         9819.937388     9800.484391   
  0.2149439103       (4, 4)           625          9834.3252      9812.982724   
                               Precision reached                                
================================================================================
 1.         (4, 4)               625                    0.2149439103            
================================================================================
********************************************************************************
avg:          (4, 4)                     625                 0.2149439103       
********************************************************************************
      Rate         Resolution        Frames          bsize            size      
--------------------------------------------------------------------------------
  0.4949919872       (8, 8)           157         9975.751301     23014.17862   
  0.2424879808       (8, 8)           157         9872.153323      11319.3516   
  0.1162860577       (8, 8)           157         9624.212647     5454.936529   
  0.1793870192       (8, 8)           157         9813.069529     8398.041346   
   0.2109375         (8, 8)           157         9862.790022      9864.42253   
  0.1951121795       (8, 8)           157         9808.689343     9132.221706   
  0.2030248397       (8, 8)           157         9839.233755     9473.459761   
  0.2069310897       (8, 8)           157         9879.138751     9684.668924   
  0.2089342949       (8, 8)           157         9857.472396     9761.713355   
  0.2099358974       (8, 8)           157         9867.876247      9829.82734   
  0.2104366987       (8, 8)           157         9870.044321     9830.766631   
  0.2107371795       (8, 8)           157         9861.537548     9830.686279   
  0.2108373397       (8, 8)           157         9843.981646      9832.74841   
   0.2109375         (8, 8)           157         9820.608125     9842.552933   
   0.2109375         (8, 8)           157         9860.698704     9868.861187   
                               Precision reached                                
  0.2059294872       (8, 8)           157         9867.917369     9644.493354   
  0.2084334936       (8, 8)           157         9859.034113     9775.947322   
  0.2097355769       (8, 8)           157          9851.48597      9817.46925   
  0.2103365385       (8, 8)           157         9855.476482     9846.557937   
  0.2106370192       (8, 8)           157         9878.689147     9867.671786   
  0.2107371795       (8, 8)           157         9869.697786     9827.525643   
  0.2108373397       (8, 8)           157          9869.32467     9852.399777   
   0.2109375         (8, 8)           157         9855.964187     9819.518042   
   0.2109375         (8, 8)           157         9878.066072     9829.037626   
                               Precision reached                                
================================================================================
 1.         (8, 8)               157                      0.2109375             
================================================================================
********************************************************************************
avg:          (8, 8)                     157                   0.2109375        
********************************************************************************
      Rate         Resolution        Frames          bsize            size      
--------------------------------------------------------------------------------
  0.4949919872      (16, 16)           40         10169.79472     23514.99233   
  0.2424879808      (16, 16)           40         10081.86972     11700.48542   
  0.1162860577      (16, 16)           40          9963.18728     5802.134205   
  0.1793870192      (16, 16)           40         10046.82292      8730.6139    
   0.2109375        (16, 16)           40         10055.72532      10239.3131   
  0.1951121795      (16, 16)           40         10065.62145     9472.148803   
  0.2030248397      (16, 16)           40         10030.91449     9863.545625   
   0.20703125       (16, 16)           40         10058.17913     10062.88523   
  0.2050280449      (16, 16)           40          10049.7125     9966.891014   
  0.2060296474      (16, 16)           40         10064.89818     9987.308886   
  0.2065304487      (16, 16)           40         10054.98656     10004.90229   
  0.2068309295      (16, 16)           40         10056.18329     10012.62578   
  0.2069310897      (16, 16)           40         10041.05183     10026.27292   
   0.20703125       (16, 16)           40         10062.67577     10022.41322   
   0.20703125       (16, 16)           40         10062.67577     10022.41322   
                               Precision reached                                
================================================================================
 1.        (16, 16)               40                     0.20703125             
================================================================================
********************************************************************************
avg:         (16, 16)                    40                   0.20703125        
********************************************************************************
      Rate         Resolution        Frames          bsize            size      
--------------------------------------------------------------------------------
  0.4950086806      (32, 32)           10         10173.36428     22793.81094   
  0.2425130208      (32, 32)           10          10146.8767      11883.3963   
  0.1162109375      (32, 32)           10         10090.71169     6396.375095   
  0.1793619792      (32, 32)           10         10106.23067     9139.109576   
   0.2109375        (32, 32)           10         10098.10188     10511.67237   
  0.1950954861      (32, 32)           10         10107.43883     9823.196464   
  0.2030164931      (32, 32)           10         10094.51024     10185.95241   
  0.1990017361      (32, 32)           10         10134.46979     9973.495718   
  0.2009548611      (32, 32)           10         10126.98811     10055.05501   
  0.2019314236      (32, 32)           10         10112.73996     10098.37832   
  0.2024739583      (32, 32)           10         10121.81524     10135.37553   
  0.2021484375      (32, 32)           10         10112.46153      10118.4389   
  0.2020399306      (32, 32)           10          10106.0157     10113.25751   
  0.2019314236      (32, 32)           10         10115.22064     10096.75872   
  0.2019314236      (32, 32)           10          10107.6815      10096.9781   
                               Precision reached                                
================================================================================
 1.        (32, 32)               10                    0.2019314236            
================================================================================
********************************************************************************
avg:         (32, 32)                    10                  0.2019314236       
********************************************************************************
      Rate         Resolution        Frames          bsize            size      
--------------------------------------------------------------------------------
  0.4949951172      (64, 64)           3          12247.27622     23606.67427   
  0.2425537109      (64, 64)           3          12228.90253     14191.80782   
  0.1163330078      (64, 64)           3          12220.03583     9376.414636   
  0.1794433594      (64, 64)           3          12224.16259     11804.90219   
   0.2109375        (64, 64)           3          12232.46905     13000.36153   
  0.1951904297      (64, 64)           3          12225.00152     12414.81024   
  0.1872558594      (64, 64)           3          12228.51612     12105.28656   
  0.1911621094      (64, 64)           3          12222.38502     12280.92579   
  0.1892089844      (64, 64)           3          12233.11859     12200.00481   
  0.1901855469      (64, 64)           3          12231.23898     12234.56614   
  0.1896972656      (64, 64)           3          12229.98076     12215.43458   
  0.1899414062      (64, 64)           3          12231.23689     12233.46178   
  0.1898193359      (64, 64)           3          12232.72917     12221.53285   
  0.1899414062      (64, 64)           3           12230.3757     12219.60113   
  0.1899414062      (64, 64)           3          12227.20536     12232.52209   
                               Precision reached                                
  0.1849365234      (64, 64)           3          12228.66559     12042.20277   
     0.1875         (64, 64)           3           12231.7051     12154.89223   
  0.1887207031      (64, 64)           3           12230.0159     12196.54954   
  0.1893310547      (64, 64)           3          12231.80529     12205.54232   
  0.1896972656      (64, 64)           3          12229.68877     12228.95114   
  0.1898193359      (64, 64)           3          12228.18301     12235.34219   
  0.1896972656      (64, 64)           3          12234.81076     12219.14965   
  0.1896972656      (64, 64)           3          12234.09973     12214.48548   
                               Precision reached                                
================================================================================
 1.        (64, 64)               3                     0.1896972656            
================================================================================
********************************************************************************
avg:         (64, 64)                     3                  0.1896972656       
********************************************************************************
      Rate         Resolution        Frames          bsize            size      
--------------------------------------------------------------------------------
  0.4949951172     (128, 128)          2          32732.81492     56860.11892   
  0.2424926758     (128, 128)          2          32729.49553     37836.45996   
  0.1162719727     (128, 128)          2          32727.82888     27874.04641   
  0.1793823242     (128, 128)          2          32731.73098     32956.12476   
  0.1478271484     (128, 128)          2          32730.62026     30460.44823   
  0.1635742188     (128, 128)          2          32730.73803     31714.16785   
  0.1715087891     (128, 128)          2          32728.52819     32370.32941   
  0.1754150391     (128, 128)          2          32726.96771     32636.41154   
  0.1773681641     (128, 128)          2          32723.92391      32794.7295   
  0.1763916016     (128, 128)          2          32725.81555     32723.10407   
  0.1768798828     (128, 128)          2          32725.95483     32775.11582   
  0.1766357422     (128, 128)          2          32728.85937     32745.66783   
  0.1765136719     (128, 128)          2          32727.80104     32739.65799   
  0.1764526367     (128, 128)          2          32724.70649     32736.13507   
                               Precision reached                                
  0.1714477539     (128, 128)          2          32728.58493     32349.24729   
  0.1739501953     (128, 128)          2          32727.26562     32543.12982   
  0.1751708984     (128, 128)          2          32728.81106     32629.37671   
   0.17578125      (128, 128)          2          32728.13872     32695.71986   
  0.1761474609     (128, 128)          2          32726.89782     32690.53737   
  0.1762695312     (128, 128)          2          32734.60055      32691.5672   
  0.1763916016     (128, 128)          2          32731.20594     32721.22448   
  0.1763916016     (128, 128)          2          32730.41802     32723.66383   
                               Precision reached                                
================================================================================
 1.       (128, 128)              2                     0.1763916016            
================================================================================
********************************************************************************
avg:        (128, 128)                    2                  0.1763916016       
********************************************************************************
      Rate         Resolution        Frames          bsize            size      
--------------------------------------------------------------------------------
  0.4949951172     (256, 256)          2          131032.4283     231531.5983   
  0.2424926758     (256, 256)          2          131030.0231     152959.2282   
  0.1162414551     (256, 256)          2          131029.6117     112010.9399   
  0.1793670654     (256, 256)          2          131025.2087     132752.4222   
  0.1477966309     (256, 256)          2          131026.3281     122522.2835   
  0.1635742188     (256, 256)          2          131024.4239     127682.7519   
  0.1714782715     (256, 256)          2          131028.9295     130234.5494   
  0.1754150391     (256, 256)          2          131034.2073     131445.2726   
  0.1734466553     (256, 256)          2          131031.0014     130886.0856   
  0.1744384766     (256, 256)          2          131024.8588      131152.058   
  0.1739501953     (256, 256)          2          131033.3899      131020.247   
  0.1741943359     (256, 256)          2          131032.1262     131095.5566   
  0.1740722656     (256, 256)          2           131031.695     131084.6353   
  0.1740112305     (256, 256)          2          131031.7056     131023.1389   
                               Precision reached                                
================================================================================
 1.       (256, 256)              2                     0.1740112305            
================================================================================
********************************************************************************
avg:        (256, 256)                    2                  0.1740112305       
********************************************************************************
      Rate         Resolution        Frames          bsize            size      
--------------------------------------------------------------------------------
  0.4949989319     (512, 512)          2          524253.2285     980471.1572   
  0.2425003052     (512, 512)          2          524246.2202     638385.9724   
  0.1162490845     (512, 512)          2          524249.5682      460940.245   
  0.1793746948     (512, 512)          2          524251.4439     550694.5707   
  0.1478118896     (512, 512)          2          524235.9068     506212.1257   
  0.1635932922     (512, 512)          2          524245.4154     528674.2885   
  0.1557006836     (512, 512)          2          524242.7113     517455.3787   
  0.1596450806     (512, 512)          2          524245.4275     523079.7503   
  0.1616210938     (512, 512)          2          524250.4509     525902.3196   
  0.1606330872     (512, 512)          2          524238.7597     524324.5442   
  0.1601409912     (512, 512)          2           524250.67      523627.0521   
  0.1603851318     (512, 512)          2          524239.1336     524068.1774   
  0.1605072021     (512, 512)          2          524242.0773     524311.4046   
  0.160446167      (512, 512)          2           524247.662      524013.165   
                               Precision reached                                
================================================================================
 1.       (512, 512)              2                      0.160446167            
================================================================================
********************************************************************************
avg:        (512, 512)                    2                   0.160446167       
********************************************************************************
      Rate         Resolution        Frames          bsize            size      
--------------------------------------------------------------------------------
  0.4949998856    (1024, 1024)         2          2097111.975     4178404.728   
  0.2425003052    (1024, 1024)         2           2097110.39     2676763.846   
  0.1162500381    (1024, 1024)         2          2097107.785     1901045.378   
  0.1793746948    (1024, 1024)         2          2097114.158     2293334.997   
  0.1478118896    (1024, 1024)         2          2097107.705     2098713.608   
  0.1320304871    (1024, 1024)         2          2097110.621     2000430.587   
  0.1399211884    (1024, 1024)         2          2097109.056      2049577.78   
  0.143866539     (1024, 1024)         2           2097104.32     2074184.596   
  0.1458396912    (1024, 1024)         2          2097109.024     2086598.792   
  0.1468257904    (1024, 1024)         2          2097102.258     2092536.061   
   0.14731884     (1024, 1024)         2          2097116.652      2095777.54   
  0.1475658417    (1024, 1024)         2          2097110.953     2097300.048   
  0.147441864     (1024, 1024)         2          2097111.608     2096182.613   
  0.1475038528    (1024, 1024)         2          2097107.611     2096973.556   
                               Precision reached                                
================================================================================
 1.      (1024, 1024)             2                     0.1475038528            
================================================================================
********************************************************************************
avg:       (1024, 1024)                   2                  0.1475038528       
********************************************************************************
                                    SUMMARY                                     
     Resolution            Frames                      Threshold                
================================================================================
       (1, 1)              10000                      0.2204220422              
       (2, 2)               2500                      0.212785114               
       (4, 4)               625                       0.2149439103              
       (8, 8)               157                        0.2109375                
      (16, 16)               40                        0.20703125               
      (32, 32)               10                       0.2019314236              
      (64, 64)               3                        0.1896972656              
     (128, 128)              2                        0.1763916016              
     (256, 256)              2                        0.1740112305              
     (512, 512)              2                        0.160446167               
    (1024, 1024)             2                        0.1475038528              
================================================================================


Processing durations...
================================================================================
 #.       Resolution            Frames                    Threshold             
================================================================================
      Rate         Resolution        Frames          bsize            size      
--------------------------------------------------------------------------------
  0.4949414799      (71, 71)           2          10042.00407     17181.52224   
  0.2424122198      (71, 71)           2          10041.60027     11513.97516   
  0.1162467764      (71, 71)           2          10039.57236     8512.495462   
  0.1793294981      (71, 71)           2          10041.08104      10031.9944   
  0.210870859       (71, 71)           2          10040.70883     10765.28196   
  0.1951993652      (71, 71)           2          10040.93337     10394.29703   
  0.1872644317      (71, 71)           2          10039.11886      10235.3338   
  0.1832969649      (71, 71)           2          10036.32771     10151.55303   
  0.1813132315      (71, 71)           2          10033.77363      10109.8682   
  0.1803213648      (71, 71)           2          10036.17865     10080.25832   
  0.1799246181      (71, 71)           2          10033.45209     10065.10352   
  0.1797262448      (71, 71)           2          10036.75717     10071.60357   
  0.1795278715      (71, 71)           2          10033.04907     10063.97854   
  0.1793294981      (71, 71)           2          10035.93879     10059.20288   
  0.1793294981      (71, 71)           2          10037.18932     10060.47348   
                               Precision reached                                
  0.1743701646      (71, 71)           2          10037.42903     9938.693353   
  0.1769490181      (71, 71)           2           10033.2123      9999.43129   
  0.1781392581      (71, 71)           2          10032.90037     10032.78922   
  0.1787343781      (71, 71)           2          10033.58985     10036.72939   
  0.1785360048      (71, 71)           2          10035.37078     10030.95417   
  0.1787343781      (71, 71)           2           10045.1085     10051.91392   
  0.1787343781      (71, 71)           2          10039.35767     10048.89747   
                               Precision reached                                
  0.1735766713      (71, 71)           2           10042.0431     9927.328324   
  0.1761555247      (71, 71)           2          10042.15387     9986.227983   
  0.1775441381      (71, 71)           2          10041.31031     10012.21031   
  0.1781392581      (71, 71)           2           10041.2027     10032.56508   
  0.1785360048      (71, 71)           2          10038.93617     10035.91294   
  0.1787343781      (71, 71)           2           10045.1085     10051.91392   
  0.1787343781      (71, 71)           2          10039.35767     10048.89747   
                               Precision reached                                
  0.1735766713      (71, 71)           2           10042.0431     9927.328324   
  0.1761555247      (71, 71)           2          10042.15387     9986.227983   
  0.1775441381      (71, 71)           2          10042.27591     10004.01275   
  0.1781392581      (71, 71)           2          10042.71434     10022.59028   
  0.1785360048      (71, 71)           2          10041.18884     10030.90355   
  0.1787343781      (71, 71)           2           10042.4373     10047.35144   
  0.1787343781      (71, 71)           2          10040.95806     10034.58443   
                               Precision reached                                
================================================================================
 1.        (71, 71)               2                     0.1787343781            
================================================================================
********************************************************************************
avg:         (71, 71)                     2                  0.1787343781       
********************************************************************************
      Rate         Resolution        Frames          bsize            size      
--------------------------------------------------------------------------------
  0.4949333333      (50, 50)           4          9949.611058     20326.03784   
     0.2424         (50, 50)           4          9931.946186     11595.02007   
  0.1162666667      (50, 50)           4          9932.961408     7198.007167   
  0.1793333333      (50, 50)           4          9939.814801     9405.837268   
     0.2108         (50, 50)           4          9938.869516     10530.01741   
  0.1950666667      (50, 50)           4          9938.041555      9994.13403   
     0.1872         (50, 50)           4           9928.98724     9710.205536   
     0.1912         (50, 50)           4          9933.298281     9855.291656   
     0.1932         (50, 50)           4          9934.505229     9938.277995   
  0.1922666667      (50, 50)           4          9938.930513     9898.192999   
     0.1928         (50, 50)           4          9932.623804     9909.003986   
  0.1930666667      (50, 50)           4          9924.223622     9912.844179   
     0.1932         (50, 50)           4          9929.231732     9924.068423   
     0.1932         (50, 50)           4          9930.849139     9919.629232   
                               Precision reached                                
================================================================================
 1.        (50, 50)               4                        0.1932               
================================================================================
********************************************************************************
avg:         (50, 50)                     4                     0.1932          
********************************************************************************
      Rate         Resolution        Frames          bsize            size      
--------------------------------------------------------------------------------
  0.4950396825      (36, 36)           8          10314.68641     22841.44989   
  0.2425044092      (36, 36)           8          10264.92347     12092.46332   
  0.1162918871      (36, 36)           8          10240.27471     6687.662646   
  0.1794532628      (36, 36)           8          10266.58958     9408.475025   
  0.210978836       (36, 36)           8          10250.25404     10755.27629   
  0.1952160494      (36, 36)           8          10260.47219     10089.52781   
  0.2031525573      (36, 36)           8          10233.20717     10393.98901   
  0.1991843034      (36, 36)           8          10249.37558     10245.31811   
  0.2011684303      (36, 36)           8          10270.81771     10319.50305   
  0.2001763668      (36, 36)           8          10252.41923     10281.72951   
  0.1996252205      (36, 36)           8          10267.41527     10271.71872   
  0.1994047619      (36, 36)           8          10249.59465     10263.38517   
  0.1992945326      (36, 36)           8          10239.79872     10256.87551   
  0.1991843034      (36, 36)           8          10270.16277     10251.76014   
  0.1991843034      (36, 36)           8          10243.27099     10232.18058   
                               Precision reached                                
================================================================================
 1.        (36, 36)               8                     0.1991843034            
================================================================================
********************************************************************************
avg:         (36, 36)                     8                  0.1991843034       
********************************************************************************
      Rate         Resolution        Frames          bsize            size      
--------------------------------------------------------------------------------
    0.49504         (25, 25)           16         9944.798828      22355.2346   
    0.24256         (25, 25)           16         9865.203514     11391.54942   
  0.1162666667      (25, 25)           16         9777.224611     5914.319376   
  0.1794133333      (25, 25)           16          9862.25932     8671.989783   
  0.2109866667      (25, 25)           16         9847.971473     10055.53124   
     0.1952         (25, 25)           16         9821.065047     9332.240083   
  0.2030933333      (25, 25)           16         9840.817925      9695.85892   
    0.20704         (25, 25)           16         9847.411692     9867.613518   
  0.2050133333      (25, 25)           16         9850.098363     9794.654402   
  0.2059733333      (25, 25)           16         9854.537042      9822.72611   
  0.2065066667      (25, 25)           16         9851.080514     9847.643794   
  0.2068266667      (25, 25)           16          9841.67425      9871.92943   
  0.2066133333      (25, 25)           16         9856.816283     9858.577623   
  0.2066133333      (25, 25)           16         9848.279726     9852.022355   
                               Precision reached                                
     0.2016         (25, 25)           16         9844.800847      9610.47529   
    0.20416         (25, 25)           16         9836.554751     9744.001817   
    0.20544         (25, 25)           16         9833.446076     9774.544539   
    0.20608         (25, 25)           16         9871.923497     9822.464007   
     0.2064         (25, 25)           16         9870.693321     9839.373862   
  0.2065066667      (25, 25)           16         9868.528183      9867.63247   
  0.2066133333      (25, 25)           16         9847.620477     9871.394265   
  0.2066133333      (25, 25)           16          9861.16046     9866.399387   
                               Precision reached                                
     0.2016         (25, 25)           16         9868.833211      9651.56424   
    0.20416         (25, 25)           16         9852.806209     9766.178945   
    0.20544         (25, 25)           16         9831.708839     9817.963635   
    0.20608         (25, 25)           16         9844.005975     9854.064152   
    0.20576         (25, 25)           16         9840.855371     9812.292034   
  0.2059733333      (25, 25)           16         9880.744472     9824.493241   
    0.20608         (25, 25)           16         9858.972058     9819.637629   
    0.20608         (25, 25)           16         9857.781394     9817.428467   
                               Precision reached                                
================================================================================
 1.        (25, 25)               16                       0.20608              
================================================================================
********************************************************************************
avg:         (25, 25)                    16                     0.20608         
********************************************************************************
      Rate         Resolution        Frames          bsize            size      
--------------------------------------------------------------------------------
  0.4950219036      (18, 18)           32          10297.9025     23647.88181   
  0.2425328554      (18, 18)           32         10209.65326     11820.03529   
  0.1162883313      (18, 18)           32         10066.53098     5917.347424   
  0.1794105934      (18, 18)           32          10156.2295     8853.822046   
  0.2109717244      (18, 18)           32         10198.48855     10339.94146   
  0.1952409399      (18, 18)           32         10203.59905     9616.008378   
  0.2031063321      (18, 18)           32         10193.66789     9988.349598   
  0.2069892473      (18, 18)           32         10199.98014     10143.27388   
  0.2089804859      (18, 18)           32         10175.86532     10239.75085   
  0.2079848666      (18, 18)           32         10202.77366     10187.55337   
  0.2084826762      (18, 18)           32         10206.80663     10209.20404   
  0.2081839904      (18, 18)           32         10179.21266      10200.2583   
  0.2080844285      (18, 18)           32         10201.67989     10198.43993   
                               Precision reached                                
================================================================================
 1.        (18, 18)               32                    0.2080844285            
================================================================================
********************************************************************************
avg:         (18, 18)                    32                  0.2080844285       
********************************************************************************
      Rate         Resolution        Frames          bsize            size      
--------------------------------------------------------------------------------
  0.4949751104      (13, 13)           64         10736.63033     25106.83053   
  0.2425096271      (13, 13)           64          10667.803      12402.45205   
  0.1162768855      (13, 13)           64         10464.73165     6048.725387   
  0.1793932563      (13, 13)           64         10606.34747     9237.164071   
  0.2109514417      (13, 13)           64         10626.58444     10807.49769   
  0.195172349       (13, 13)           64         10584.14958     10006.97118   
  0.2030618954      (13, 13)           64         10603.27982     10413.36226   
  0.2070066685      (13, 13)           64         10612.33223     10614.38903   
  0.205034282       (13, 13)           64         10633.95697      10531.2677   
  0.2059735137      (13, 13)           64         10640.12673     10566.13959   
  0.2065370527      (13, 13)           64         10628.14017     10583.63117   
  0.206724899       (13, 13)           64         10624.69565     10608.52832   
  0.2069127454      (13, 13)           64          10630.0646     10604.17746   
  0.2069127454      (13, 13)           64         10621.32344     10606.55546   
                               Precision reached                                
================================================================================
 1.        (13, 13)               64                    0.2069127454            
================================================================================
********************************************************************************
avg:         (13, 13)                    64                  0.2069127454       
********************************************************************************
      Rate         Resolution        Frames          bsize            size      
--------------------------------------------------------------------------------
  0.4949936813       (9, 9)           128         10300.62977     23845.50324   
  0.2425391271       (9, 9)           128         10211.37018     11764.98031   
  0.1162632449       (9, 9)           128         9987.969988     5663.599546   
  0.1793525809       (9, 9)           128         10147.43003     8721.713014   
  0.210945854        (9, 9)           128         10150.36502     10260.03293   
  0.1951978225       (9, 9)           128          10171.6864     9492.199079   
  0.2030718382       (9, 9)           128         10210.81919     9866.548846   
  0.2069602411       (9, 9)           128         10154.56005     10025.64164   
  0.2089044425       (9, 9)           128         10182.59386      10136.1266   
  0.2098765432       (9, 9)           128         10165.52781     10169.45461   
  0.2093904929       (9, 9)           128         10191.70661     10147.53013   
  0.2096821231       (9, 9)           128         10188.70098     10161.53963   
  0.2097793331       (9, 9)           128         10176.70443     10160.13121   
                               Precision reached                                
================================================================================
 1.         (9, 9)               128                    0.2097793331            
================================================================================
********************************************************************************
avg:          (9, 9)                     128                 0.2097793331       
********************************************************************************
      Rate         Resolution        Frames          bsize            size      
--------------------------------------------------------------------------------
  0.4949979992       (7, 7)           256         12481.95495     28902.69371   
  0.2424969988       (7, 7)           256         12336.48123      14190.8414   
  0.1162865146       (7, 7)           256         12177.88211     6841.449915   
  0.1794317727       (7, 7)           256         12341.78825     10524.56768   
  0.2109643858       (7, 7)           256         12368.04675     12352.86674   
  0.2267306923       (7, 7)           256         12390.47787     13262.72546   
  0.218807523        (7, 7)           256         12351.92596      12807.7737   
  0.2148859544       (7, 7)           256         12362.91241     12560.86878   
  0.2128851541       (7, 7)           256         12375.49994      12466.1623   
  0.2119247699       (7, 7)           256         12368.95122     12420.43515   
  0.2114445778       (7, 7)           256          12378.4107      12371.6559   
  0.2116846739       (7, 7)           256         12350.75449     12388.56385   
  0.2116046419       (7, 7)           256         12353.50307     12396.71406   
                               Precision reached                                
  0.2065626251       (7, 7)           256         12372.05382     12128.98553   
  0.2090436174       (7, 7)           256         12336.92754     12266.41684   
  0.2103241297       (7, 7)           256         12355.64482     12356.30674   
  0.2096838735       (7, 7)           256          12337.6572     12305.09965   
  0.2100040016       (7, 7)           256         12365.73484     12327.62479   
  0.2101640656       (7, 7)           256         12342.22356     12297.29117   
  0.2102440976       (7, 7)           256         12366.92518     12322.66333   
                               Precision reached                                
================================================================================
 1.         (7, 7)               256                    0.2102440976            
================================================================================
********************************************************************************
avg:          (7, 7)                     256                 0.2102440976       
********************************************************************************
                                    SUMMARY                                     
     Resolution            Frames                      Threshold                
================================================================================
      (71, 71)               2                        0.1787343781              
      (50, 50)               4                           0.1932                 
      (36, 36)               8                        0.1991843034              
      (25, 25)               16                         0.20608                 
      (18, 18)               32                       0.2080844285              
      (13, 13)               64                       0.2069127454              
       (9, 9)               128                       0.2097793331              
       (7, 7)               256                       0.2102440976              
================================================================================
