precision:                     0.0001
iterations:                    1
compute_effort:                1
range:                         (0, 2)
durations:                     [10000]
resolutions:                   [1, 2, 4, 8, 16, 32, 64, 128, 256, 512, 1024]
verbose:                       False
mode:                          dims_frames
codec:                         aer
entropy_coder:                 entropy
out:                           results/threshold_search_lossless/aer_entropy_dimsframes_smallrange_largetime.log
out_redir:                     > /dev/null 2>&1
                                                                                
~~~~~~~~~~~~~~~~~~~~~~~~~~~~~~~~~~~~~~~~~~~~~~~~~~~~~~~~~~~~~~~~~~~~~~~~~~~~~~~~
                              FRAME NUMBER: 10000                               
~~~~~~~~~~~~~~~~~~~~~~~~~~~~~~~~~~~~~~~~~~~~~~~~~~~~~~~~~~~~~~~~~~~~~~~~~~~~~~~~
================================================================================
 #.       Resolution            Frames                    Threshold             
================================================================================
      Rate         Resolution        Frames          bsize            size      
--------------------------------------------------------------------------------
  0.495049505        (1, 1)          10000        0.1249958306    0.2581390093  
  0.2425242524       (1, 1)          10000        0.1249617334    0.2580468174  
  0.1163116312       (1, 1)          10000        0.1249624729    0.2573323425  
 0.05320532053       (1, 1)          10000        0.1249726992    0.2558317975  
 0.02160216022       (1, 1)          10000        0.124492326     0.2507913597  
 0.005800580058      (1, 1)          10000        0.1221278223    0.2349659471  
      0.0            (1, 1)          10000            0.0         0.1860656619  
      0.0            (1, 1)          10000            0.0         0.1690037627  
                               Precision reached                                
================================================================================
 1.         (1, 1)              10000                        0.0                
================================================================================
********************************************************************************
avg:          (1, 1)                    10000                     0.0           
********************************************************************************
      Rate         Resolution        Frames          bsize            size      
--------------------------------------------------------------------------------
  0.4949994999       (2, 2)          10000        0.1249921171    0.2791333663  
  0.2424992499       (2, 2)          10000        0.1249983328    0.2791288562  
  0.1162616262       (2, 2)          10000        0.1249974191    0.2790832009  
 0.05313031303       (2, 2)          10000        0.1249824524    0.2786348473  
 0.02157715772       (2, 2)          10000        0.1246864737    0.2771582801  
 0.005800580058      (2, 2)          10000        0.1248748567    0.2706805074  
      0.0            (2, 2)          10000           0.125        0.2092243676  
      0.0            (2, 2)          10000        0.1014097656    0.2243420897  
                               Precision reached                                
================================================================================
 1.         (2, 2)              10000                        0.0                
================================================================================
********************************************************************************
avg:          (2, 2)                    10000                     0.0           
********************************************************************************
      Rate         Resolution        Frames          bsize            size      
--------------------------------------------------------------------------------
  0.4949994999       (4, 4)          10000        0.1249991612    0.3175347711  
  0.2424992499       (4, 4)          10000        0.1249999954    0.3177313104  
  0.1162491249       (4, 4)          10000        0.1249966723    0.3175852263  
 0.05312406241       (4, 4)          10000        0.1249774894    0.3172987185  
 0.02156465647       (4, 4)          10000        0.1249895069    0.3179640551  
 0.005781828183      (4, 4)          10000        0.1249725027    0.3154942155  
      0.0            (4, 4)          10000        0.1193042504    0.1876674678  
      0.0            (4, 4)          10000        0.123587426     0.194051719   
                               Precision reached                                
================================================================================
 1.         (4, 4)              10000                        0.0                
================================================================================
********************************************************************************
avg:          (4, 4)                    10000                     0.0           
********************************************************************************
      Rate         Resolution        Frames          bsize            size      
--------------------------------------------------------------------------------
  0.4949994999       (8, 8)          10000           0.125        0.3466390852  
  0.2424992499       (8, 8)          10000        0.1249999952    0.3466784374  
  0.1162491249       (8, 8)          10000        0.1249998161    0.3466082557  
 0.05312406241       (8, 8)          10000        0.1249995423    0.3468614751  
 0.02156153115       (8, 8)          10000        0.1249963892    0.3465990878  
 0.005780265527      (8, 8)          10000        0.124979141     0.3463661731  
      0.0            (8, 8)          10000        0.1246475499    0.1652097186  
      0.0            (8, 8)          10000        0.1246475499    0.1630895418  
                               Precision reached                                
================================================================================
 1.         (8, 8)              10000                        0.0                
================================================================================
********************************************************************************
avg:          (8, 8)                    10000                     0.0           
********************************************************************************
      Rate         Resolution        Frames          bsize            size      
--------------------------------------------------------------------------------
  0.4949998906      (16, 16)         10000        0.1249999995    0.3680134668  
  0.2425000313      (16, 16)         10000        0.1249999858    0.3679778157  
  0.1162499062      (16, 16)         10000        0.1249999985    0.3679686622  
 0.05312484373      (16, 16)         10000        0.1249998313    0.3679634819  
 0.02156231248      (16, 16)         10000        0.1249999081    0.3677929266  
 0.005781046855     (16, 16)         10000        0.1249893176    0.3678944779  
      0.0           (16, 16)         10000        0.1249944965    0.1385907621  
      0.0           (16, 16)         10000        0.122789576     0.1373284151  
                               Precision reached                                
================================================================================
 1.        (16, 16)             10000                        0.0                
================================================================================
********************************************************************************
avg:         (16, 16)                   10000                     0.0           
********************************************************************************
      Rate         Resolution        Frames          bsize            size      
--------------------------------------------------------------------------------
  0.4949999883      (32, 32)         10000           0.125        0.3831179864  
