precision:                     0.0001
iterations:                    1
compute_effort:                1
durations:                     [2, 4, 8, 16]
resolutions:                   [32, 64, 128]
verbose:                       False
mode:                          dims_frames
codec:                         aer
entropy_coder:                 src/event_compression/scripts/bin/lpaq1 0
out:                           results/threshold_search_lossless/aer_fixed_res_frames.log
out_redir:                     > /dev/null 2>&1
                                                                                
~~~~~~~~~~~~~~~~~~~~~~~~~~~~~~~~~~~~~~~~~~~~~~~~~~~~~~~~~~~~~~~~~~~~~~~~~~~~~~~~
                                FRAME NUMBER: 2                                 
~~~~~~~~~~~~~~~~~~~~~~~~~~~~~~~~~~~~~~~~~~~~~~~~~~~~~~~~~~~~~~~~~~~~~~~~~~~~~~~~
================================================================================
 #.       Resolution            Frames                    Threshold             
================================================================================
      Rate         Resolution        Frames          bsize            size      
--------------------------------------------------------------------------------
  0.4951171875      (32, 32)           2              2031            2546      
   0.2421875        (32, 32)           2              1853            1882      
  0.1162109375      (32, 32)           2              1614            1505      
   0.1796875        (32, 32)           2              1761            1701      
   0.2109375        (32, 32)           2              1794            1796      
   0.1953125        (32, 32)           2              1774            1753      
    0.203125        (32, 32)           2              1782            1774      
   0.20703125       (32, 32)           2              1800            1782      
  0.208984375       (32, 32)           2              1792            1790      
  0.2099609375      (32, 32)           2              1794            1798      
  0.208984375       (32, 32)           2              1796            1785      
  0.208984375       (32, 32)           2              1794            1789      
                               Precision reached                                
================================================================================
 1.        (32, 32)               2                      0.208984375            
================================================================================
********************************************************************************
avg:         (32, 32)                     2                   0.208984375       
********************************************************************************
      Rate         Resolution        Frames          bsize            size      
--------------------------------------------------------------------------------
  0.4951171875      (64, 64)           2              8137            9253      
  0.2426757812      (64, 64)           2              7139            7051      
  0.3688964844      (64, 64)           2              7796            8221      
  0.3056640625      (64, 64)           2              7480            7640      
  0.2741699219      (64, 64)           2              7288            7343      
  0.2583007812      (64, 64)           2              7214            7183      
  0.2661132812      (64, 64)           2              7251            7278      
  0.2622070312      (64, 64)           2              7234            7233      
  0.2641601562      (64, 64)           2              7245            7241      
  0.2651367188      (64, 64)           2              7241            7253      
  0.2646484375      (64, 64)           2              7241            7265      
  0.2644042969      (64, 64)           2              7234            7244      
  0.2641601562      (64, 64)           2              7235            7253      
  0.2641601562      (64, 64)           2              7235            7253      
                               Precision reached                                
  0.2592773438      (64, 64)           2              7243            7199      
   0.26171875       (64, 64)           2              7248            7222      
  0.2629394531      (64, 64)           2              7256            7254      
  0.263671875       (64, 64)           2              7262            7244      
  0.2639160156      (64, 64)           2              7256            7241      
  0.2641601562      (64, 64)           2              7266            7249      
  0.2641601562      (64, 64)           2              7260            7251      
                               Precision reached                                
================================================================================
 1.        (64, 64)               2                     0.2641601562            
================================================================================
********************************************************************************
avg:         (64, 64)                     2                  0.2641601562       
********************************************************************************
      Rate         Resolution        Frames          bsize            size      
--------------------------------------------------------------------------------
  0.4949951172     (128, 128)          2             32576           35360      
  0.2424926758     (128, 128)          2             28853           26929      
  0.3687744141     (128, 128)          2             31461           31236      
  0.4318847656     (128, 128)          2             32120           33278      
  0.4003295898     (128, 128)          2             31807           32322      
  0.3845214844     (128, 128)          2             31706           31778      
  0.3766479492     (128, 128)          2             31493           31884      
  0.3726806641     (128, 128)          2             31409           31318      
  0.3746337891     (128, 128)          2             31550           31424      
  0.3756103516     (128, 128)          2             31443           31470      
  0.3751220703     (128, 128)          2             31493           31455      
  0.3753662109     (128, 128)          2             31471           31436      
  0.3754882812     (128, 128)          2             31495           31474      
  0.3755493164     (128, 128)          2             31541           31495      
                               Precision reached                                
================================================================================
 1.       (128, 128)              2                     0.3755493164            
================================================================================
********************************************************************************
avg:        (128, 128)                    2                  0.3755493164       
********************************************************************************
                                    SUMMARY                                     
     Resolution            Frames                      Threshold                
================================================================================
      (32, 32)               2                        0.208984375               
      (64, 64)               2                        0.2641601562              
     (128, 128)              2                        0.3755493164              
================================================================================
                                                                                
~~~~~~~~~~~~~~~~~~~~~~~~~~~~~~~~~~~~~~~~~~~~~~~~~~~~~~~~~~~~~~~~~~~~~~~~~~~~~~~~
                                FRAME NUMBER: 4                                 
~~~~~~~~~~~~~~~~~~~~~~~~~~~~~~~~~~~~~~~~~~~~~~~~~~~~~~~~~~~~~~~~~~~~~~~~~~~~~~~~
================================================================================
 #.       Resolution            Frames                    Threshold             
================================================================================
      Rate         Resolution        Frames          bsize            size      
--------------------------------------------------------------------------------
  0.4951171875      (32, 32)           4              4004            5135      
  0.2425130208      (32, 32)           4              3209            3326      
  0.1162109375      (32, 32)           4              2401            2285      
  0.1793619792      (32, 32)           4              2860            2833      
   0.2109375        (32, 32)           4              3037            3076      
   0.1953125        (32, 32)           4              2943            2940      
    0.203125        (32, 32)           4              3005            3022      
   0.19921875       (32, 32)           4              3006            2981      
  0.201171875       (32, 32)           4              3013            2981      
  0.2021484375      (32, 32)           4              3026            3009      
  0.2024739583      (32, 32)           4              3027            3014      
  0.2027994792      (32, 32)           4              3017            2999      
    0.203125        (32, 32)           4              3013            3005      
    0.203125        (32, 32)           4              3013            3015      
                               Precision reached                                
  0.1982421875      (32, 32)           4              3001            2982      
  0.2005208333      (32, 32)           4              3018            2995      
  0.2018229167      (32, 32)           4              2997            3002      
  0.201171875       (32, 32)           4              2989            3004      
  0.2008463542      (32, 32)           4              2983            3000      
  0.2005208333      (32, 32)           4              2979            3003      
  0.2005208333      (32, 32)           4              2982            3003      
                               Precision reached                                
  0.1956380208      (32, 32)           4              2959            2956      
  0.1982421875      (32, 32)           4              2965            2983      
  0.1969401042      (32, 32)           4              2966            2967      
  0.1962890625      (32, 32)           4              2962            2959      
  0.1966145833      (32, 32)           4              2960            2965      
  0.1962890625      (32, 32)           4              2940            2969      
  0.1962890625      (32, 32)           4              2945            2966      
                               Precision reached                                
   0.19140625       (32, 32)           4              2921            2925      
  0.1888020833      (32, 32)           4              2912            2906      
  0.1901041667      (32, 32)           4              2909            2906      
  0.1907552083      (32, 32)           4              2933            2919      
  0.1910807292      (32, 32)           4              2931            2930      
   0.19140625       (32, 32)           4              2925            2927      
   0.19140625       (32, 32)           4              2925            2927      
                               Precision reached                                
  0.1861979167      (32, 32)           4              2894            2889      
  0.1888020833      (32, 32)           4              2906            2926      
     0.1875         (32, 32)           4              2903            2904      
  0.1868489583      (32, 32)           4              2902            2900      
  0.1871744792      (32, 32)           4              2901            2895      
     0.1875         (32, 32)           4              2904            2902      
     0.1875         (32, 32)           4              2904            2902      
                               Precision reached                                
================================================================================
 1.        (32, 32)               4                        0.1875               
================================================================================
********************************************************************************
avg:         (32, 32)                     4                     0.1875          
********************************************************************************
      Rate         Resolution        Frames          bsize            size      
--------------------------------------------------------------------------------
  0.4950358073      (64, 64)           4             15913           18694      
  0.2425130208      (64, 64)           4             12461           12232      
  0.3688151042      (64, 64)           4             14564           15526      
  0.3056640625      (64, 64)           4             13638           13931      
  0.2740885417      (64, 64)           4             13118           13085      
  0.2898763021      (64, 64)           4             13431           13527      
  0.2819824219      (64, 64)           4             13243           13279      
  0.2780761719      (64, 64)           4             13172           13195      
  0.2761230469      (64, 64)           4             13128           13158      
  0.2751464844      (64, 64)           4             13185           13144      
  0.2756347656      (64, 64)           4             13152           13163      
  0.275390625       (64, 64)           4             13162           13132      
  0.2755533854      (64, 64)           4             13137           13104      
  0.2756347656      (64, 64)           4             13159           13114      
                               Precision reached                                
================================================================================
 1.        (64, 64)               4                     0.2756347656            
================================================================================
********************************************************************************
avg:         (64, 64)                     4                  0.2756347656       
********************************************************************************
      Rate         Resolution        Frames          bsize            size      
--------------------------------------------------------------------------------
  0.4949951172     (128, 128)          4             64517           69843      
  0.2424926758     (128, 128)          4             52930           45939      
  0.368733724      (128, 128)          4             60783           58140      
  0.4318644206     (128, 128)          4             62885           63887      
  0.4003092448     (128, 128)          4             62020           61123      
  0.4160766602     (128, 128)          4             62537           62548      
  0.408203125      (128, 128)          4             62176           61819      
  0.4121500651     (128, 128)          4             62318           62093      
  0.4141235352     (128, 128)          4             62420           62263      
  0.4151000977     (128, 128)          4             62612           62396      
  0.4155883789     (128, 128)          4             62469           62479      
  0.4153442383     (128, 128)          4             62414           62474      
  0.415222168      (128, 128)          4             62445           62515      
  0.4151611328     (128, 128)          4             62635           62502      
                               Precision reached                                
================================================================================
 1.       (128, 128)              4                     0.4151611328            
================================================================================
********************************************************************************
avg:        (128, 128)                    4                  0.4151611328       
********************************************************************************
                                    SUMMARY                                     
     Resolution            Frames                      Threshold                
================================================================================
      (32, 32)               4                           0.1875                 
      (64, 64)               4                        0.2756347656              
     (128, 128)              4                        0.4151611328              
================================================================================
                                                                                
~~~~~~~~~~~~~~~~~~~~~~~~~~~~~~~~~~~~~~~~~~~~~~~~~~~~~~~~~~~~~~~~~~~~~~~~~~~~~~~~
                                FRAME NUMBER: 8                                 
~~~~~~~~~~~~~~~~~~~~~~~~~~~~~~~~~~~~~~~~~~~~~~~~~~~~~~~~~~~~~~~~~~~~~~~~~~~~~~~~
================================================================================
 #.       Resolution            Frames                    Threshold             
================================================================================
      Rate         Resolution        Frames          bsize            size      
--------------------------------------------------------------------------------
  0.4949776786      (32, 32)           8              7818           10178      
  0.2424665179      (32, 32)           8              5787            6042      
  0.1162109375      (32, 32)           8              3900            3758      
  0.1794084821      (32, 32)           8              4924            4934      
  0.1477399554      (32, 32)           8              4433            4365      
  0.1635044643      (32, 32)           8              4681            4665      
  0.1714564732      (32, 32)           8              4801            4795      
  0.1755022321      (32, 32)           8              4853            4860      
  0.1735491071      (32, 32)           8              4849            4836      
  0.1745256696      (32, 32)           8              4795            4822      
  0.1741071429      (32, 32)           8              4802            4829      
  0.173828125       (32, 32)           8              4798            4823      
  0.1736886161      (32, 32)           8              4801            4821      
  0.1735491071      (32, 32)           8              4782            4812      
  0.1735491071      (32, 32)           8              4797            4831      
                               Precision reached                                
  0.1685267857      (32, 32)           8              4775            4717      
  0.1710379464      (32, 32)           8              4820            4783      
  0.1722935268      (32, 32)           8              4848            4795      
  0.1728515625      (32, 32)           8              4868            4791      
  0.1731305804      (32, 32)           8              4869            4809      
  0.1732700893      (32, 32)           8              4812            4828      
  0.1731305804      (32, 32)           8              4827            4834      
  0.1731305804      (32, 32)           8              4830            4829      
                               Precision reached                                
================================================================================
 1.        (32, 32)               8                     0.1731305804            
================================================================================
********************************************************************************
avg:         (32, 32)                     8                  0.1731305804       
********************************************************************************
      Rate         Resolution        Frames          bsize            size      
--------------------------------------------------------------------------------
  0.4950125558      (64, 64)           8             31373           36916      
  0.2425013951      (64, 64)           8             23463           22308      
  0.3687569754      (64, 64)           8             28501           29830      
  0.3056291853      (64, 64)           8             26405           26123      
  0.3371930804      (64, 64)           8             27489           28037      
  0.3214285714      (64, 64)           8             26957           27095      
  0.313546317       (64, 64)           8             26557           26623      
  0.3095703125      (64, 64)           8             26361           26386      
  0.3076171875      (64, 64)           8             26299           26262      
   0.30859375       (64, 64)           8             26416           26330      
  0.3090820312      (64, 64)           8             26555           26382      
  0.3093261719      (64, 64)           8             26346           26335      
  0.3094308036      (64, 64)           8             26421           26401      
  0.309500558       (64, 64)           8             26359           26409      
                               Precision reached                                
  0.3044782366      (64, 64)           8             26140           26018      
  0.3069893973      (64, 64)           8             26376           26244      
  0.3082449777      (64, 64)           8             26336           26324      
  0.3088727679      (64, 64)           8             26397           26316      
  0.3091866629      (64, 64)           8             26325           26291      
  0.3093261719      (64, 64)           8             26357           26354      
  0.3093959263      (64, 64)           8             26468           26364      
                               Precision reached                                
================================================================================
 1.        (64, 64)               8                     0.3093959263            
================================================================================
********************************************************************************
avg:         (64, 64)                     8                  0.3093959263       
********************************************************************************
      Rate         Resolution        Frames          bsize            size      
--------------------------------------------------------------------------------
  0.4950038365     (128, 128)          8             128422          136777     
  0.2425013951     (128, 128)          8             101914          82572      
  0.3687569754     (128, 128)          8             119773          112026     
  0.4318760463     (128, 128)          8             124859          123598     
  0.4634399414     (128, 128)          8             126778          130406     
  0.4476579939     (128, 128)          8             125943          127025     
  0.4397670201     (128, 128)          8             125389          125524     
  0.4358258929     (128, 128)          8             125072          124462     
  0.4377964565     (128, 128)          8             125321          125113     
  0.4387817383     (128, 128)          8             125249          125233     
  0.4392700195     (128, 128)          8             125425          125357     
  0.4395141602     (128, 128)          8             125506          125292     
  0.4396362305     (128, 128)          8             125380          125427     
  0.4395751953     (128, 128)          8             125189          125554     
                               Precision reached                                
  0.4345441546     (128, 128)          8             125038          124284     
  0.4370553153     (128, 128)          8             125357          124692     
  0.4383108956     (128, 128)          8             125310          125143     
  0.4389474051     (128, 128)          8             125302          125037     
  0.4392613002     (128, 128)          8             125373          125644     
  0.4391043527     (128, 128)          8             125463          125104     
  0.4391828265     (128, 128)          8             125270          125107     
                               Precision reached                                
================================================================================
 1.       (128, 128)              8                     0.4391828265            
================================================================================
********************************************************************************
avg:        (128, 128)                    8                  0.4391828265       
********************************************************************************
                                    SUMMARY                                     
     Resolution            Frames                      Threshold                
================================================================================
      (32, 32)               8                        0.1731305804              
      (64, 64)               8                        0.3093959263              
     (128, 128)              8                        0.4391828265              
================================================================================
                                                                                
~~~~~~~~~~~~~~~~~~~~~~~~~~~~~~~~~~~~~~~~~~~~~~~~~~~~~~~~~~~~~~~~~~~~~~~~~~~~~~~~
                                FRAME NUMBER: 16                                
~~~~~~~~~~~~~~~~~~~~~~~~~~~~~~~~~~~~~~~~~~~~~~~~~~~~~~~~~~~~~~~~~~~~~~~~~~~~~~~~
================================================================================
 #.       Resolution            Frames                    Threshold             
================================================================================
      Rate         Resolution        Frames          bsize            size      
--------------------------------------------------------------------------------
  0.4949869792      (32, 32)           16            15453           20070      
  0.2425130208      (32, 32)           16            11020           11427      
  0.1162760417      (32, 32)           16             6871            6566      
  0.1794270833      (32, 32)           16             9130            9068      
   0.2109375        (32, 32)           16            10114           10252      
  0.1951822917      (32, 32)           16             9608            9672      
  0.1873046875      (32, 32)           16             9337            9387      
  0.1833333333      (32, 32)           16             9241            9233      
  0.1852864583      (32, 32)           16             9268            9328      
  0.1843098958      (32, 32)           16             9242            9195      
  0.1848307292      (32, 32)           16             9244            9216      
  0.1850260417      (32, 32)           16             9244            9223      
   0.18515625       (32, 32)           16             9282            9282      
  0.1850911458      (32, 32)           16             9313            9287      
                               Precision reached                                
================================================================================
 1.        (32, 32)               16                    0.1850911458            
================================================================================
********************************************************************************
avg:         (32, 32)                    16                  0.1850911458       
********************************************************************************
      Rate         Resolution        Frames          bsize            size      
--------------------------------------------------------------------------------
  0.4950032552      (64, 64)           16            62460           73519      
  0.2424967448      (64, 64)           16            45659           42188      
    0.36875         (64, 64)           16            56560           58334      
  0.3056315104      (64, 64)           16            52138           50498      
  0.3371907552      (64, 64)           16            54410           54361      
  0.3529785156      (64, 64)           16            55699           56428      
  0.3450846354      (64, 64)           16            55159           55419      
  0.3411458333      (64, 64)           16            54767           54831      
  0.3391764323      (64, 64)           16            54603           54623      
  0.3381835938      (64, 64)           16            54520           54344      
  0.338688151       (64, 64)           16            54584           54528      
  0.3389322917      (64, 64)           16            54643           54662      
  0.3388020833      (64, 64)           16            54660           54761      
  0.3387369792      (64, 64)           16            54517           54594      
                               Precision reached                                
  0.3337076823      (64, 64)           16            54178           53982      
  0.3362141927      (64, 64)           16            54308           54197      
  0.337483724       (64, 64)           16            54499           54380      
  0.3381022135      (64, 64)           16            54498           54533      
  0.3377929687      (64, 64)           16            54444           54452      
  0.3376464844      (64, 64)           16            54460           54456      
  0.3377115885      (64, 64)           16            54537           54493      
                               Precision reached                                
================================================================================
 1.        (64, 64)               16                    0.3377115885            
================================================================================
********************************************************************************
avg:         (64, 64)                    16                  0.3377115885       
********************************************************************************
      Rate         Resolution        Frames          bsize            size      
--------------------------------------------------------------------------------
  0.4949991862     (128, 128)          16            255685          271725     
  0.2425008138     (128, 128)          16            201434          156214     
    0.36875        (128, 128)          16            238306          214964     
  0.4318766276     (128, 128)          16            248892          247024     
  0.4634399414     (128, 128)          16            252690          257732     
   0.44765625      (128, 128)          16            251003          250871     
  0.4555501302     (128, 128)          16            251731          254421     
  0.4516031901     (128, 128)          16            251027          252528     
  0.4496297201     (128, 128)          16            250913          251745     
  0.4486450195     (128, 128)          16            250992          251315     
  0.4481526693     (128, 128)          16            250786          251458     
  0.4479044596     (128, 128)          16            250815          250938     
  0.4477783203     (128, 128)          16            250825          250848     
  0.4477172852     (128, 128)          16            250578          250484     
                               Precision reached                                
================================================================================
 1.       (128, 128)              16                    0.4477172852            
================================================================================
********************************************************************************
avg:        (128, 128)                   16                  0.4477172852       
********************************************************************************
                                    SUMMARY                                     
     Resolution            Frames                      Threshold                
================================================================================
      (32, 32)               16                       0.1850911458              
      (64, 64)               16                       0.3377115885              
     (128, 128)              16                       0.4477172852              
================================================================================
