precision:                     0.0001
iterations:                    1
compute_effort:                1
range:                         (0, 256)
durations:                     [2, 4, 8, 16, 32, 64, 128, 256, 512]
resolutions:                   [32]
verbose:                       False
mode:                          dims_frames
codec:                         aer
entropy_coder:                 entropy_size
out:                           results/threshold_search_lossless/aer_entropy_size_32_dependance_on_time.log
out_redir:                     > /dev/null 2>&1
                                                                                
~~~~~~~~~~~~~~~~~~~~~~~~~~~~~~~~~~~~~~~~~~~~~~~~~~~~~~~~~~~~~~~~~~~~~~~~~~~~~~~~
                                FRAME NUMBER: 2                                 
~~~~~~~~~~~~~~~~~~~~~~~~~~~~~~~~~~~~~~~~~~~~~~~~~~~~~~~~~~~~~~~~~~~~~~~~~~~~~~~~
================================================================================
 #.       Resolution            Frames                    Threshold             
================================================================================
      Rate         Resolution        Frames          bsize            size      
--------------------------------------------------------------------------------
  0.4951171875      (32, 32)           2          2011.119004     3363.693622   
   0.2421875        (32, 32)           2          1999.787518     2266.365176   
  0.1162109375      (32, 32)           2          1998.159294     1696.523637   
   0.1796875        (32, 32)           2          2001.011188     2008.278685   
   0.1484375        (32, 32)           2          2003.409091     1846.500997   
   0.1640625        (32, 32)           2          1997.399367     1926.965372   
    0.171875        (32, 32)           2          2001.184059     1967.284933   
   0.17578125       (32, 32)           2           2001.74515     1981.870835   
  0.177734375       (32, 32)           2          2002.284204     1993.748324   
  0.1787109375      (32, 32)           2           2001.38527      1994.20477   
   0.1796875        (32, 32)           2          2001.307774     2001.895394   
   0.1796875        (32, 32)           2          2005.933284     1999.509575   
                               Precision reached                                
================================================================================
 1.        (32, 32)               2                       0.1796875             
================================================================================
********************************************************************************
avg:         (32, 32)                     2                    0.1796875        
********************************************************************************
                                    SUMMARY                                     
     Resolution            Frames                      Threshold                
================================================================================
      (32, 32)               2                         0.1796875                
================================================================================
                                                                                
~~~~~~~~~~~~~~~~~~~~~~~~~~~~~~~~~~~~~~~~~~~~~~~~~~~~~~~~~~~~~~~~~~~~~~~~~~~~~~~~
                                FRAME NUMBER: 4                                 
~~~~~~~~~~~~~~~~~~~~~~~~~~~~~~~~~~~~~~~~~~~~~~~~~~~~~~~~~~~~~~~~~~~~~~~~~~~~~~~~
================================================================================
 #.       Resolution            Frames                    Threshold             
================================================================================
      Rate         Resolution        Frames          bsize            size      
--------------------------------------------------------------------------------
  0.4951171875      (32, 32)           4          4046.789915     8076.758218   
  0.2425130208      (32, 32)           4          4030.625907     4640.199488   
  0.1162109375      (32, 32)           4          4006.492657     2875.933017   
  0.1793619792      (32, 32)           4          4015.000695      3767.5018    
   0.2109375        (32, 32)           4           4026.59251     4204.017526   
   0.1953125        (32, 32)           4          4024.544018     3976.365626   
    0.203125        (32, 32)           4          4016.913399     4085.411262   
   0.19921875       (32, 32)           4          4020.785139     4029.303572   
  0.197265625       (32, 32)           4          4027.524402     4005.880076   
  0.1982421875      (32, 32)           4          4015.351057     4022.548127   
  0.1979166667      (32, 32)           4          4019.132123     4019.172663   
  0.1975911458      (32, 32)           4          4027.880166     4015.475084   
  0.1979166667      (32, 32)           4          4023.968458     4024.940977   
  0.1979166667      (32, 32)           4          4026.612791      4028.67513   
                               Precision reached                                
  0.1927083333      (32, 32)           4          4023.896018     3963.500529   
   0.1953125        (32, 32)           4          4024.685536     3984.357113   
  0.1966145833      (32, 32)           4          4031.862197     4013.015731   
  0.197265625       (32, 32)           4          4029.893562     4015.946769   
  0.1975911458      (32, 32)           4          4021.771028     4024.179417   
  0.197265625       (32, 32)           4          4024.162847     4015.137077   
  0.197265625       (32, 32)           4          4016.767047     4013.640791   
                               Precision reached                                
================================================================================
 1.        (32, 32)               4                      0.197265625            
================================================================================
********************************************************************************
avg:         (32, 32)                     4                   0.197265625       
********************************************************************************
                                    SUMMARY                                     
     Resolution            Frames                      Threshold                
================================================================================
      (32, 32)               4                        0.197265625               
================================================================================
                                                                                
~~~~~~~~~~~~~~~~~~~~~~~~~~~~~~~~~~~~~~~~~~~~~~~~~~~~~~~~~~~~~~~~~~~~~~~~~~~~~~~~
                                FRAME NUMBER: 8                                 
~~~~~~~~~~~~~~~~~~~~~~~~~~~~~~~~~~~~~~~~~~~~~~~~~~~~~~~~~~~~~~~~~~~~~~~~~~~~~~~~
================================================================================
 #.       Resolution            Frames                    Threshold             
================================================================================
      Rate         Resolution        Frames          bsize            size      
--------------------------------------------------------------------------------
  0.4949776786      (32, 32)           8          8133.005112     17852.23085   
  0.2424665179      (32, 32)           8          8092.786053     9474.779121   
  0.1162109375      (32, 32)           8          8052.056655     5232.669997   
  0.1794084821      (32, 32)           8          8080.191221     7348.121082   
   0.2109375        (32, 32)           8           8073.29326     8407.936617   
  0.1951729911      (32, 32)           8          8074.120683     7886.902612   
    0.203125        (32, 32)           8           8067.80623     8156.238963   
   0.19921875       (32, 32)           8          8068.029411     8024.096451   
  0.201171875       (32, 32)           8          8082.343375     8100.429916   
  0.2001953125      (32, 32)           8          8079.129199     8064.584622   
  0.2006138393      (32, 32)           8          8076.092035     8084.861587   
  0.2004743304      (32, 32)           8          8078.634198     8083.027016   
  0.2003348214      (32, 32)           8          8083.607774     8041.057056   
  0.2004743304      (32, 32)           8          8086.984115     8047.003102   
  0.2004743304      (32, 32)           8          8062.877982     8041.273766   
                               Precision reached                                
================================================================================
 1.        (32, 32)               8                     0.2004743304            
================================================================================
********************************************************************************
avg:         (32, 32)                     8                  0.2004743304       
********************************************************************************
                                    SUMMARY                                     
     Resolution            Frames                      Threshold                
================================================================================
      (32, 32)               8                        0.2004743304              
================================================================================
                                                                                
~~~~~~~~~~~~~~~~~~~~~~~~~~~~~~~~~~~~~~~~~~~~~~~~~~~~~~~~~~~~~~~~~~~~~~~~~~~~~~~~
                                FRAME NUMBER: 16                                
~~~~~~~~~~~~~~~~~~~~~~~~~~~~~~~~~~~~~~~~~~~~~~~~~~~~~~~~~~~~~~~~~~~~~~~~~~~~~~~~
================================================================================
 #.       Resolution            Frames                    Threshold             
================================================================================
      Rate         Resolution        Frames          bsize            size      
--------------------------------------------------------------------------------
  0.4949869792      (32, 32)           16         16316.65302     37547.43434   
  0.2425130208      (32, 32)           16         16257.30663     19133.98965   
  0.1162760417      (32, 32)           16         16167.68243      9920.50008   
  0.1794270833      (32, 32)           16         16221.29873     14518.49976   
   0.2109375        (32, 32)           16         16188.86809     16845.00484   
  0.1951822917      (32, 32)           16          16222.9581     15704.79963   
  0.2030598958      (32, 32)           16         16247.49102     16248.63863   
  0.1990885417      (32, 32)           16          16238.051      15957.57699   
  0.2010416667      (32, 32)           16         16225.25968     16108.09219   
  0.2020182292      (32, 32)           16         16229.74706     16193.91995   
  0.2025390625      (32, 32)           16         16224.22561     16233.87003   
  0.2022786458      (32, 32)           16         16250.00036     16190.34091   
  0.2024088542      (32, 32)           16         16231.83292     16194.18666   
  0.2024739583      (32, 32)           16         16238.83742     16208.84757   
                               Precision reached                                
================================================================================
 1.        (32, 32)               16                    0.2024739583            
================================================================================
********************************************************************************
avg:         (32, 32)                    16                  0.2024739583       
********************************************************************************
                                    SUMMARY                                     
     Resolution            Frames                      Threshold                
================================================================================
      (32, 32)               16                       0.2024739583              
================================================================================
                                                                                
~~~~~~~~~~~~~~~~~~~~~~~~~~~~~~~~~~~~~~~~~~~~~~~~~~~~~~~~~~~~~~~~~~~~~~~~~~~~~~~~
                                FRAME NUMBER: 32                                
~~~~~~~~~~~~~~~~~~~~~~~~~~~~~~~~~~~~~~~~~~~~~~~~~~~~~~~~~~~~~~~~~~~~~~~~~~~~~~~~
================================================================================
 #.       Resolution            Frames                    Threshold             
================================================================================
      Rate         Resolution        Frames          bsize            size      
--------------------------------------------------------------------------------
  0.4949911794      (32, 32)           32         32703.75153      77238.9933   
  0.2425025202      (32, 32)           32         32617.93455      38614.6448   
  0.1162424395      (32, 32)           32         32487.43198     19213.19425   
  0.1793724798      (32, 32)           32         32568.84435     28844.19592   
   0.2109375        (32, 32)           32         32614.01957     33709.47675   
  0.1951549899      (32, 32)           32         32610.56181     31273.55302   
  0.203061996       (32, 32)           32          32586.7215     32588.65035   
  0.1990927419      (32, 32)           32         32588.05782     31939.94089   
  0.201077369       (32, 32)           32         32607.89608      32273.7487   
  0.2020854335      (32, 32)           32         32625.66705     32406.28281   
  0.2025894657      (32, 32)           32         32584.73026     32448.43275   
  0.2028099798      (32, 32)           32         32615.94404     32505.26569   
  0.2029359879      (32, 32)           32         32617.74536     32501.36975   
  0.2029989919      (32, 32)           32         32603.74006     32547.07715   
                               Precision reached                                
================================================================================
 1.        (32, 32)               32                    0.2029989919            
================================================================================
********************************************************************************
avg:         (32, 32)                    32                  0.2029989919       
********************************************************************************
                                    SUMMARY                                     
     Resolution            Frames                      Threshold                
================================================================================
      (32, 32)               32                       0.2029989919              
================================================================================
                                                                                
~~~~~~~~~~~~~~~~~~~~~~~~~~~~~~~~~~~~~~~~~~~~~~~~~~~~~~~~~~~~~~~~~~~~~~~~~~~~~~~~
                                FRAME NUMBER: 64                                
~~~~~~~~~~~~~~~~~~~~~~~~~~~~~~~~~~~~~~~~~~~~~~~~~~~~~~~~~~~~~~~~~~~~~~~~~~~~~~~~
================================================================================
 #.       Resolution            Frames                    Threshold             
================================================================================
      Rate         Resolution        Frames          bsize            size      
--------------------------------------------------------------------------------
  0.4949931796      (32, 32)           64         65469.56902     161488.8372   
  0.2424975198      (32, 32)           64         65398.47175     79816.63549   
  0.1162419395      (32, 32)           64          65255.1721     39016.74146   
  0.1793774802      (32, 32)           64         65309.13377     59464.36403   
   0.2109375        (32, 32)           64         65342.39665     69583.75588   
  0.1951574901      (32, 32)           64         65351.57551     64562.41108   
  0.203047495       (32, 32)           64         65369.94124     67111.08626   
  0.1990947421      (32, 32)           64         65309.54356     65827.48607   
  0.1971261161      (32, 32)           64         65353.97798     65218.59877   
  0.1981181796      (32, 32)           64         65378.89244     65488.41263   
  0.1976221478      (32, 32)           64         65349.15968     65383.06467   
  0.1973741319      (32, 32)           64         65352.82404     65263.82139   
  0.1974981399      (32, 32)           64         65354.85409     65271.07154   
  0.1975601438      (32, 32)           64         65340.04406     65287.01454   
                               Precision reached                                
================================================================================
 1.        (32, 32)               64                    0.1975601438            
================================================================================
********************************************************************************
avg:         (32, 32)                    64                  0.1975601438       
********************************************************************************
                                    SUMMARY                                     
     Resolution            Frames                      Threshold                
================================================================================
      (32, 32)               64                       0.1975601438              
================================================================================
                                                                                
~~~~~~~~~~~~~~~~~~~~~~~~~~~~~~~~~~~~~~~~~~~~~~~~~~~~~~~~~~~~~~~~~~~~~~~~~~~~~~~~
                               FRAME NUMBER: 128                                
~~~~~~~~~~~~~~~~~~~~~~~~~~~~~~~~~~~~~~~~~~~~~~~~~~~~~~~~~~~~~~~~~~~~~~~~~~~~~~~~
================================================================================
 #.       Resolution            Frames                    Threshold             
================================================================================
      Rate         Resolution        Frames          bsize            size      
--------------------------------------------------------------------------------
  0.4950018455      (32, 32)          128         131007.0011     333599.3973   
  0.2425027682      (32, 32)          128         130918.4991      164055.456   
  0.1162493848      (32, 32)          128         130753.6712     79367.74416   
  0.1793799213      (32, 32)          128         130877.4872     121699.2572   
   0.2109375        (32, 32)          128         130878.8669     142940.2337   
  0.1951587106      (32, 32)          128         130842.6925     132360.0709   
  0.1872693159      (32, 32)          128         130862.9682     127084.9749   
  0.1912140133      (32, 32)          128         130854.6015     129745.4548   
  0.1931825172      (32, 32)          128         130885.9738     131002.1755   
  0.1921982653      (32, 32)          128         130856.2382     130402.3342   
  0.1926903912      (32, 32)          128         130851.6502     130633.6255   
  0.1929364542      (32, 32)          128         130860.7087     130937.1553   
  0.1928134227      (32, 32)          128         130889.9111     130800.8019   
  0.1928749385      (32, 32)          128         130838.2126     130809.2795   
                               Precision reached                                
================================================================================
 1.        (32, 32)              128                    0.1928749385            
================================================================================
********************************************************************************
avg:         (32, 32)                    128                 0.1928749385       
********************************************************************************
                                    SUMMARY                                     
     Resolution            Frames                      Threshold                
================================================================================
      (32, 32)              128                       0.1928749385              
================================================================================
                                                                                
~~~~~~~~~~~~~~~~~~~~~~~~~~~~~~~~~~~~~~~~~~~~~~~~~~~~~~~~~~~~~~~~~~~~~~~~~~~~~~~~
                               FRAME NUMBER: 256                                
~~~~~~~~~~~~~~~~~~~~~~~~~~~~~~~~~~~~~~~~~~~~~~~~~~~~~~~~~~~~~~~~~~~~~~~~~~~~~~~~
================================================================================
 #.       Resolution            Frames                    Threshold             
================================================================================
      Rate         Resolution        Frames          bsize            size      
--------------------------------------------------------------------------------
  0.4949984681      (32, 32)          256         262070.2852      687888.672   
  0.2424977022      (32, 32)          256         261995.5976     337518.6441   
  0.1162492341      (32, 32)          256         261771.5242     162570.3594   
  0.1793734681      (32, 32)          256         261901.8046     250212.9924   
   0.2109375        (32, 32)          256         261967.2251     293880.5792   
  0.1951554841      (32, 32)          256         261944.7188     272054.0088   
  0.1872625613      (32, 32)          256         261905.5627     261040.3659   
  0.1912071078      (32, 32)          256         261935.2995     266549.1885   
  0.1892348346      (32, 32)          256         261955.6673     263939.2465   
  0.1882467831      (32, 32)          256         261936.4376     262467.8363   
  0.1877527574      (32, 32)          256          261916.982     261737.7805   
  0.188001685       (32, 32)          256         261894.6077     262118.9707   
  0.1878753064      (32, 32)          256         261943.9547     261929.2642   
  0.1879365809      (32, 32)          256         261925.5797     262059.0897   
                               Precision reached                                
  0.1829044118      (32, 32)          256         261918.0717     255102.9902   
  0.1854204963      (32, 32)          256         261917.3045     258445.7943   
  0.1866766238      (32, 32)          256         261911.1015     260215.9433   
  0.1873085172      (32, 32)          256         261945.4866     261072.6436   
  0.187622549       (32, 32)          256         261932.9951     261484.7318   
  0.187779565       (32, 32)          256          261915.826     261748.5165   
  0.1878599877      (32, 32)          256         261944.1702     261878.0628   
                               Precision reached                                
================================================================================
 1.        (32, 32)              256                    0.1878599877            
================================================================================
********************************************************************************
avg:         (32, 32)                    256                 0.1878599877       
********************************************************************************
                                    SUMMARY                                     
     Resolution            Frames                      Threshold                
================================================================================
      (32, 32)              256                       0.1878599877              
================================================================================
                                                                                
~~~~~~~~~~~~~~~~~~~~~~~~~~~~~~~~~~~~~~~~~~~~~~~~~~~~~~~~~~~~~~~~~~~~~~~~~~~~~~~~
                               FRAME NUMBER: 512                                
~~~~~~~~~~~~~~~~~~~~~~~~~~~~~~~~~~~~~~~~~~~~~~~~~~~~~~~~~~~~~~~~~~~~~~~~~~~~~~~~
================================================================================
 #.       Resolution            Frames                    Threshold             
================================================================================
      Rate         Resolution        Frames          bsize            size      
--------------------------------------------------------------------------------
  0.4950006115      (32, 32)          512         524219.3747     1434478.073   
  0.2425009173      (32, 32)          512         524128.2206     703172.6306   
  0.1162510702      (32, 32)          512         523976.9618      337825.807   
  0.1793759938      (32, 32)          512         524090.0033     520508.0032   
   0.2109375        (32, 32)          512         524120.6733     611941.9466   
  0.1951557913      (32, 32)          512         524086.7997      566147.928   
  0.1872668481      (32, 32)          512         524093.1542     543468.1513   
  0.1833223765      (32, 32)          512         524062.8668     532048.5956   
  0.1813501407      (32, 32)          512         524071.4282     526315.5368   
  0.1803621117      (32, 32)          512         524052.3828     523517.5626   
  0.1808551706      (32, 32)          512         524091.7659     525034.3216   
  0.1806086411      (32, 32)          512          524051.711     524159.5003   
  0.1804844209      (32, 32)          512         524082.4066     523729.1421   
  0.1805455755      (32, 32)          512          524083.219     523985.9261   
                               Precision reached                                
================================================================================
 1.        (32, 32)              512                    0.1805455755            
================================================================================
********************************************************************************
avg:         (32, 32)                    512                 0.1805455755       
********************************************************************************
                                    SUMMARY                                     
     Resolution            Frames                      Threshold                
================================================================================
      (32, 32)              512                       0.1805455755              
================================================================================
