precision:                     0.0001
iterations:                    1
compute_effort:                1
range:                         (0, 256)
durations:                     [2, 4, 8, 16, 32]
resolutions:                   [128]
verbose:                       False
mode:                          dims_frames
codec:                         aer
entropy_coder:                 entropy_size
out:                           ./aer_128_entropy_size.log
out_redir:                     > /dev/null 2>&1
                                                                                
~~~~~~~~~~~~~~~~~~~~~~~~~~~~~~~~~~~~~~~~~~~~~~~~~~~~~~~~~~~~~~~~~~~~~~~~~~~~~~~~
                                FRAME NUMBER: 2                                 
~~~~~~~~~~~~~~~~~~~~~~~~~~~~~~~~~~~~~~~~~~~~~~~~~~~~~~~~~~~~~~~~~~~~~~~~~~~~~~~~
================================================================================
 #.       Resolution            Frames                    Threshold             
================================================================================
      Rate         Resolution        Frames          bsize            size      
--------------------------------------------------------------------------------
  0.4949951172     (128, 128)          2           32731.2968     56861.05373   
  0.2424926758     (128, 128)          2          32722.93139     37846.78112   
  0.1162719727     (128, 128)          2          32718.82555      27897.4289   
  0.1793823242     (128, 128)          2            32719.88       32955.2667   
  0.1478271484     (128, 128)          2          32725.48631     30459.31649   
  0.1635742188     (128, 128)          2          32724.66895     31715.22527   
  0.1715087891     (128, 128)          2          32722.31025     32360.93755   
  0.1754150391     (128, 128)          2          32723.02298     32658.67641   
  0.1773681641     (128, 128)          2          32726.69822     32809.42991   
  0.1763916016     (128, 128)          2           32724.1682     32724.61725   
  0.1759033203     (128, 128)          2          32727.77779     32694.44351   
  0.1761474609     (128, 128)          2          32725.13905      32742.7626   
  0.1760253906     (128, 128)          2          32723.17481     32722.79179   
  0.1760864258     (128, 128)          2           32722.611      32703.40324   
                               Precision reached                                
================================================================================
 1.       (128, 128)              2                     0.1760864258            
================================================================================
********************************************************************************
avg:        (128, 128)                    2                  0.1760864258       
********************************************************************************
                                    SUMMARY                                     
     Resolution            Frames                      Threshold                
================================================================================
     (128, 128)              2                        0.1760864258              
================================================================================
                                                                                
~~~~~~~~~~~~~~~~~~~~~~~~~~~~~~~~~~~~~~~~~~~~~~~~~~~~~~~~~~~~~~~~~~~~~~~~~~~~~~~~
                                FRAME NUMBER: 4                                 
~~~~~~~~~~~~~~~~~~~~~~~~~~~~~~~~~~~~~~~~~~~~~~~~~~~~~~~~~~~~~~~~~~~~~~~~~~~~~~~~
================================================================================
 #.       Resolution            Frames                    Threshold             
================================================================================
      Rate         Resolution        Frames          bsize            size      
--------------------------------------------------------------------------------
  0.4949951172     (128, 128)          4          65492.85518     139331.9357   
  0.2424926758     (128, 128)          4          65477.29565     78829.33729   
  0.1162516276     (128, 128)          4          65441.04159     48270.94158   
  0.1793823242     (128, 128)          4          65467.70964     63688.54805   
   0.2109375       (128, 128)          4          65474.37069      71301.9856   
  0.1951497396     (128, 128)          4          65453.51642      67460.2535   
  0.1872558594     (128, 128)          4          65457.72869     65537.18029   
  0.1833089193     (128, 128)          4          65456.92133     64547.83588   
  0.1852823893     (128, 128)          4          65468.59889     65004.47259   
  0.1862792969     (128, 128)          4          65463.11466     65325.12574   
  0.1867675781     (128, 128)          4          65478.09177     65434.54375   
  0.1870117188     (128, 128)          4           65444.5371     65502.14742   
  0.1868896484     (128, 128)          4          65454.24691     65480.46948   
  0.1868286133     (128, 128)          4          65471.12627     65468.89174   
                               Precision reached                                
================================================================================
 1.       (128, 128)              4                     0.1868286133            
================================================================================
********************************************************************************
avg:        (128, 128)                    4                  0.1868286133       
********************************************************************************
                                    SUMMARY                                     
     Resolution            Frames                      Threshold                
================================================================================
     (128, 128)              4                        0.1868286133              
================================================================================
                                                                                
~~~~~~~~~~~~~~~~~~~~~~~~~~~~~~~~~~~~~~~~~~~~~~~~~~~~~~~~~~~~~~~~~~~~~~~~~~~~~~~~
                                FRAME NUMBER: 8                                 
~~~~~~~~~~~~~~~~~~~~~~~~~~~~~~~~~~~~~~~~~~~~~~~~~~~~~~~~~~~~~~~~~~~~~~~~~~~~~~~~
================================================================================
 #.       Resolution            Frames                    Threshold             
================================================================================
      Rate         Resolution        Frames          bsize            size      
--------------------------------------------------------------------------------
  0.4950038365     (128, 128)          8          131015.0684     311885.5814   
  0.2425013951     (128, 128)          8          130956.6316      163875.272   
  0.116254534      (128, 128)          8          130930.1725     89385.25264   
  0.1793823242     (128, 128)          8          130952.7707     126701.4287   
   0.2109375       (128, 128)          8          130954.0784     145220.9629   
  0.1951555525     (128, 128)          8          130941.6529     136046.9481   
  0.187273298      (128, 128)          8          130966.2821     131349.9727   
  0.1833321708     (128, 128)          8          130959.8194     129048.9365   
  0.1853027344     (128, 128)          8           130958.917     130159.0587   
  0.1862880162     (128, 128)          8          130960.3123      130705.943   
  0.1867850167     (128, 128)          8          130944.7621     131041.8624   
  0.1865408761     (128, 128)          8          130938.8444     130948.2965   
  0.1864188058     (128, 128)          8          130956.1916     130795.1336   
  0.186479841      (128, 128)          8          130948.1418     130898.1319   
                               Precision reached                                
================================================================================
 1.       (128, 128)              8                      0.186479841            
================================================================================
********************************************************************************
avg:        (128, 128)                    8                   0.186479841       
********************************************************************************
                                    SUMMARY                                     
     Resolution            Frames                      Threshold                
================================================================================
     (128, 128)              8                        0.186479841               
================================================================================
                                                                                
~~~~~~~~~~~~~~~~~~~~~~~~~~~~~~~~~~~~~~~~~~~~~~~~~~~~~~~~~~~~~~~~~~~~~~~~~~~~~~~~
                                FRAME NUMBER: 16                                
~~~~~~~~~~~~~~~~~~~~~~~~~~~~~~~~~~~~~~~~~~~~~~~~~~~~~~~~~~~~~~~~~~~~~~~~~~~~~~~~
================================================================================
 #.       Resolution            Frames                    Threshold             
================================================================================
      Rate         Resolution        Frames          bsize            size      
--------------------------------------------------------------------------------
  0.4949991862     (128, 128)          16         262064.9786     663092.0158   
  0.2425008138     (128, 128)          16         262031.6733     335979.1216   
  0.1162516276     (128, 128)          16         261933.7396     172289.6329   
  0.1793741862     (128, 128)          16         262000.2659      254238.253   
   0.2109375       (128, 128)          16         261985.9884     295174.5854   
  0.1951538086     (128, 128)          16         261996.0674     274692.1608   
  0.1872639974     (128, 128)          16         261986.1683     264472.2801   
  0.1833170573     (128, 128)          16         261989.0499     259367.1753   
  0.1852905273     (128, 128)          16         262000.2922     261815.2835   
  0.1862792969     (128, 128)          16         261992.3283     263248.6851   
  0.1857828776     (128, 128)          16         262001.8743     262552.6728   
  0.185538737      (128, 128)          16         261983.1745     262182.5665   
  0.1854166667     (128, 128)          16         261986.4713     262178.7539   
  0.1853556315     (128, 128)          16         261977.0188     261964.3805   
                               Precision reached                                
================================================================================
 1.       (128, 128)              16                    0.1853556315            
================================================================================
********************************************************************************
avg:        (128, 128)                   16                  0.1853556315       
********************************************************************************
                                    SUMMARY                                     
     Resolution            Frames                      Threshold                
================================================================================
     (128, 128)              16                       0.1853556315              
================================================================================
                                                                                
~~~~~~~~~~~~~~~~~~~~~~~~~~~~~~~~~~~~~~~~~~~~~~~~~~~~~~~~~~~~~~~~~~~~~~~~~~~~~~~~
                                FRAME NUMBER: 32                                
~~~~~~~~~~~~~~~~~~~~~~~~~~~~~~~~~~~~~~~~~~~~~~~~~~~~~~~~~~~~~~~~~~~~~~~~~~~~~~~~
================================================================================
 #.       Resolution            Frames                    Threshold             
================================================================================
      Rate         Resolution        Frames          bsize            size      
--------------------------------------------------------------------------------
  0.4949990549     (128, 128)          32         524222.9618     1372696.905   
  0.2424985824     (128, 128)          32         524139.6868     683621.6258   
  0.1162483461     (128, 128)          32         524047.1943     339224.0445   
  0.1793724798     (128, 128)          32         524086.8397     511411.3324   
  0.2109355311     (128, 128)          32          524138.186     597430.6034   
  0.195153021      (128, 128)          32         524139.2864     554468.9594   
  0.1872637349     (128, 128)          32         524101.0666     533080.5738   
  0.1833181074     (128, 128)          32         524102.7911     522253.1164   
  0.1852909211     (128, 128)          32         524088.5237     527702.1394   
  0.1843045142     (128, 128)          32         524117.4108     525142.4572   
  0.1838103264     (128, 128)          32          524088.643     523526.9819   
  0.1840584047     (128, 128)          32         524123.1145     524371.4736   
  0.1839343655     (128, 128)          32         524099.8897     523841.2576   
  0.1839973696     (128, 128)          32         524133.3536     524122.3207   
                               Precision reached                                
================================================================================
 1.       (128, 128)              32                    0.1839973696            
================================================================================
********************************************************************************
avg:        (128, 128)                   32                  0.1839973696       
********************************************************************************
                                    SUMMARY                                     
     Resolution            Frames                      Threshold                
================================================================================
     (128, 128)              32                       0.1839973696              
================================================================================
