precision:                     0.0001
iterations:                    1
compute_effort:                1
range:                         (0, 256)
durations:                     [2, 4, 8, 16, 32, 64, 128, 256]
resolutions:                   [128]
verbose:                       False
mode:                          dims_frames
codec:                         aer
entropy_coder:                 entropy_size
out:                           ./aer_32_entropy_size.log
out_redir:                     > /dev/null 2>&1
                                                                                
~~~~~~~~~~~~~~~~~~~~~~~~~~~~~~~~~~~~~~~~~~~~~~~~~~~~~~~~~~~~~~~~~~~~~~~~~~~~~~~~
                                FRAME NUMBER: 2                                 
~~~~~~~~~~~~~~~~~~~~~~~~~~~~~~~~~~~~~~~~~~~~~~~~~~~~~~~~~~~~~~~~~~~~~~~~~~~~~~~~
================================================================================
 #.       Resolution            Frames                    Threshold             
================================================================================
      Rate         Resolution        Frames          bsize            size      
--------------------------------------------------------------------------------
  0.4949951172     (128, 128)          2          32731.20616     56814.95389   
  0.2424926758     (128, 128)          2          32724.17808     37874.38917   
  0.1162719727     (128, 128)          2          32728.60749     27874.87976   
  0.1793823242     (128, 128)          2          32730.20338     32948.92772   
  0.1478271484     (128, 128)          2          32730.32172     30459.57064   
  0.1635742188     (128, 128)          2           32733.1116      31711.9778   
  0.1715087891     (128, 128)          2          32733.32111     32332.81957   
  0.1754150391     (128, 128)          2          32724.36329     32626.55677   
  0.1773681641     (128, 128)          2          32727.57999     32781.52248   
  0.1763916016     (128, 128)          2          32725.96467     32731.82469   
  0.1759033203     (128, 128)          2          32727.22053      32681.4512   
  0.1761474609     (128, 128)          2          32722.30278     32689.11694   
  0.1762695312     (128, 128)          2          32723.57638     32707.88327   
  0.1763305664     (128, 128)          2          32723.35202     32725.10697   
                               Precision reached                                
  0.1713256836     (128, 128)          2          32721.61972      32294.6077   
  0.173828125      (128, 128)          2          32728.84871     32507.66056   
  0.1750488281     (128, 128)          2          32724.69736     32617.34236   
  0.1756591797     (128, 128)          2          32726.56335     32668.32295   
  0.1760253906     (128, 128)          2          32729.67283     32717.68158   
  0.1761474609     (128, 128)          2          32729.93491     32705.46198   
  0.1762695312     (128, 128)          2          32727.94451     32728.18584   
  0.1762084961     (128, 128)          2          32725.96865     32722.92453   
                               Precision reached                                
================================================================================
 1.       (128, 128)              2                     0.1762084961            
================================================================================
********************************************************************************
avg:        (128, 128)                    2                  0.1762084961       
********************************************************************************
                                    SUMMARY                                     
     Resolution            Frames                      Threshold                
================================================================================
     (128, 128)              2                        0.1762084961              
================================================================================
                                                                                
~~~~~~~~~~~~~~~~~~~~~~~~~~~~~~~~~~~~~~~~~~~~~~~~~~~~~~~~~~~~~~~~~~~~~~~~~~~~~~~~
                                FRAME NUMBER: 4                                 
~~~~~~~~~~~~~~~~~~~~~~~~~~~~~~~~~~~~~~~~~~~~~~~~~~~~~~~~~~~~~~~~~~~~~~~~~~~~~~~~
================================================================================
 #.       Resolution            Frames                    Threshold             
================================================================================
      Rate         Resolution        Frames          bsize            size      
--------------------------------------------------------------------------------
  0.4949951172     (128, 128)          4          65486.95309     139251.7267   
  0.2424926758     (128, 128)          4           65464.1734     78858.27482   
  0.1162516276     (128, 128)          4          65447.03667     48261.71802   
  0.1793823242     (128, 128)          4          65467.03514     63633.14381   
   0.2109375       (128, 128)          4          65466.95543     71310.37896   
  0.1951497396     (128, 128)          4          65461.02181      67526.4076   
  0.1872558594     (128, 128)          4          65463.31506      65564.4773   
  0.1833089193     (128, 128)          4          65450.61659      64637.7326   
  0.1852823893     (128, 128)          4          65466.44391     65071.45811   
  0.1862792969     (128, 128)          4          65466.19485     65332.14858   
  0.1867675781     (128, 128)          4          65466.30224     65426.92972   
  0.1870117188     (128, 128)          4           65470.8015     65520.12131   
  0.1868896484     (128, 128)          4          65463.54098     65526.35086   
  0.1868286133     (128, 128)          4          65469.70465     65435.39829   
                               Precision reached                                
================================================================================
 1.       (128, 128)              4                     0.1868286133            
================================================================================
********************************************************************************
avg:        (128, 128)                    4                  0.1868286133       
********************************************************************************
                                    SUMMARY                                     
     Resolution            Frames                      Threshold                
================================================================================
     (128, 128)              4                        0.1868286133              
================================================================================
                                                                                
~~~~~~~~~~~~~~~~~~~~~~~~~~~~~~~~~~~~~~~~~~~~~~~~~~~~~~~~~~~~~~~~~~~~~~~~~~~~~~~~
                                FRAME NUMBER: 8                                 
~~~~~~~~~~~~~~~~~~~~~~~~~~~~~~~~~~~~~~~~~~~~~~~~~~~~~~~~~~~~~~~~~~~~~~~~~~~~~~~~
================================================================================
 #.       Resolution            Frames                    Threshold             
================================================================================
      Rate         Resolution        Frames          bsize            size      
--------------------------------------------------------------------------------
  0.4950038365     (128, 128)          8          131014.8887      311876.645   
  0.2425013951     (128, 128)          8           130962.078     163806.8966   
  0.116254534      (128, 128)          8          130948.6067     89424.98226   
  0.1793823242     (128, 128)          8          130951.5409     126723.2019   
   0.2109375       (128, 128)          8           130972.769     145309.4925   
  0.1951555525     (128, 128)          8          130950.2051     135965.8703   
  0.187273298      (128, 128)          8           130948.54       131283.832   
  0.1833321708     (128, 128)          8          130940.3016     129008.4517   
  0.1853027344     (128, 128)          8          130969.2949     130127.4519   
  0.1862880162     (128, 128)          8          130966.9919     130744.3324   
  0.1867850167     (128, 128)          8          130950.2546     131043.7197   
  0.1865408761     (128, 128)          8          130962.2387     130866.7053   
  0.1866629464     (128, 128)          8          130957.1221     130947.5612   
  0.1867239816     (128, 128)          8          130973.3297     131039.6618   
                               Precision reached                                
  0.1816929408     (128, 128)          8          130967.7716     128047.4014   
  0.1842041016     (128, 128)          8          130967.3379      129538.273   
  0.1854684012     (128, 128)          8          130958.8181     130355.1848   
  0.1860961914     (128, 128)          8          130955.7617     130578.8449   
  0.1864100865     (128, 128)          8          130955.6812     130802.1516   
  0.186567034      (128, 128)          8          130950.9274     130927.7835   
  0.1866455078     (128, 128)          8          130929.9125     130862.4856   
                               Precision reached                                
================================================================================
 1.       (128, 128)              8                     0.1866455078            
================================================================================
********************************************************************************
avg:        (128, 128)                    8                  0.1866455078       
********************************************************************************
                                    SUMMARY                                     
     Resolution            Frames                      Threshold                
================================================================================
     (128, 128)              8                        0.1866455078              
================================================================================
                                                                                
~~~~~~~~~~~~~~~~~~~~~~~~~~~~~~~~~~~~~~~~~~~~~~~~~~~~~~~~~~~~~~~~~~~~~~~~~~~~~~~~
                                FRAME NUMBER: 16                                
~~~~~~~~~~~~~~~~~~~~~~~~~~~~~~~~~~~~~~~~~~~~~~~~~~~~~~~~~~~~~~~~~~~~~~~~~~~~~~~~
================================================================================
 #.       Resolution            Frames                    Threshold             
================================================================================
      Rate         Resolution        Frames          bsize            size      
--------------------------------------------------------------------------------
  0.4949991862     (128, 128)          16         262073.1563     662979.3189   
  0.2425008138     (128, 128)          16          262025.212     336047.4958   
  0.1162516276     (128, 128)          16         261930.6302     172396.7027   
  0.1793741862     (128, 128)          16         261989.1616     254283.4877   
   0.2109375       (128, 128)          16         261968.7404     295226.3155   
  0.1951538086     (128, 128)          16         262005.7605     274662.1986   
  0.1872639974     (128, 128)          16         261975.5812     264392.8957   
  0.1833170573     (128, 128)          16         262001.6885     259351.5957   
  0.1852905273     (128, 128)          16         261982.8846     261825.6065   
  0.1862792969     (128, 128)          16         261978.1087     263308.3635   
  0.1857828776     (128, 128)          16         261987.3244      262556.028   
  0.185538737      (128, 128)          16         261955.2156     262342.0764   
  0.1854166667     (128, 128)          16         262001.9384     262142.5509   
  0.1853556315     (128, 128)          16         262007.8662     261957.9036   
                               Precision reached                                
================================================================================
 1.       (128, 128)              16                    0.1853556315            
================================================================================
********************************************************************************
avg:        (128, 128)                   16                  0.1853556315       
********************************************************************************
                                    SUMMARY                                     
     Resolution            Frames                      Threshold                
================================================================================
     (128, 128)              16                       0.1853556315              
================================================================================
                                                                                
~~~~~~~~~~~~~~~~~~~~~~~~~~~~~~~~~~~~~~~~~~~~~~~~~~~~~~~~~~~~~~~~~~~~~~~~~~~~~~~~
                                FRAME NUMBER: 32                                
~~~~~~~~~~~~~~~~~~~~~~~~~~~~~~~~~~~~~~~~~~~~~~~~~~~~~~~~~~~~~~~~~~~~~~~~~~~~~~~~
================================================================================
 #.       Resolution            Frames                    Threshold             
================================================================================
      Rate         Resolution        Frames          bsize            size      
--------------------------------------------------------------------------------
  0.4949990549     (128, 128)          32         524209.5475     1372377.217   
  0.2424985824     (128, 128)          32         524139.0537     683719.3976   
  0.1162483461     (128, 128)          32         524010.8726     339065.4695   
  0.1793724798     (128, 128)          32         524068.1897     511485.5346   
  0.2109355311     (128, 128)          32         524083.4591     597647.1614   
  0.195153021      (128, 128)          32         524144.3075     554520.5723   
  0.1872637349     (128, 128)          32         524091.5322     532994.9064   
  0.1833181074     (128, 128)          32         524091.1765     522163.3272   
  0.1852909211     (128, 128)          32          524086.214     527598.8116   
  0.1843045142     (128, 128)          32         524107.4334     524775.9149   
  0.1838103264     (128, 128)          32         524095.2783      523698.591   
  0.1840584047     (128, 128)          32         524112.3091     524295.8868   
  0.1839343655     (128, 128)          32         524097.8325     523963.8153   
  0.1839973696     (128, 128)          32         524091.8608     524053.0728   
                               Precision reached                                
================================================================================
 1.       (128, 128)              32                    0.1839973696            
================================================================================
********************************************************************************
avg:        (128, 128)                   32                  0.1839973696       
********************************************************************************
                                    SUMMARY                                     
     Resolution            Frames                      Threshold                
================================================================================
     (128, 128)              32                       0.1839973696              
================================================================================
                                                                                
~~~~~~~~~~~~~~~~~~~~~~~~~~~~~~~~~~~~~~~~~~~~~~~~~~~~~~~~~~~~~~~~~~~~~~~~~~~~~~~~
                                FRAME NUMBER: 64                                
~~~~~~~~~~~~~~~~~~~~~~~~~~~~~~~~~~~~~~~~~~~~~~~~~~~~~~~~~~~~~~~~~~~~~~~~~~~~~~~~
================================================================================
 #.       Resolution            Frames                    Threshold             
================================================================================
      Rate         Resolution        Frames          bsize            size      
--------------------------------------------------------------------------------
  0.4949999612     (128, 128)          64         1048514.514     2799305.875   
  0.2425004263     (128, 128)          64         1048405.914     1382815.138   
  0.1162506588     (128, 128)          64          1048264.16     674398.6592   
  0.1793755425     (128, 128)          64         1048369.352     1028716.957   
   0.2109375       (128, 128)          64         1048412.804     1205883.954   
  0.1951565213     (128, 128)          64         1048412.999     1117197.181   
  0.1872655475     (128, 128)          64         1048371.376      1072880.58   
  0.183320545      (128, 128)          64         1048396.654     1050778.708   
  0.1813480438     (128, 128)          64         1048360.879     1039774.876   
  0.1823342944     (128, 128)          64         1048372.649     1045178.125   
  0.1828274197     (128, 128)          64         1048366.423     1048164.712   
  0.183073498      (128, 128)          64         1048372.432     1049197.943   
  0.1829504588     (128, 128)          64         1048408.916     1048533.946   
  0.1828884549     (128, 128)          64         1048346.104     1047957.053   
                               Precision reached                                
================================================================================
 1.       (128, 128)              64                    0.1828884549            
================================================================================
********************************************************************************
avg:        (128, 128)                   64                  0.1828884549       
********************************************************************************
                                    SUMMARY                                     
     Resolution            Frames                      Threshold                
================================================================================
     (128, 128)              64                       0.1828884549              
================================================================================
                                                                                
~~~~~~~~~~~~~~~~~~~~~~~~~~~~~~~~~~~~~~~~~~~~~~~~~~~~~~~~~~~~~~~~~~~~~~~~~~~~~~~~
                               FRAME NUMBER: 128                                
~~~~~~~~~~~~~~~~~~~~~~~~~~~~~~~~~~~~~~~~~~~~~~~~~~~~~~~~~~~~~~~~~~~~~~~~~~~~~~~~
================================================================================
 #.       Resolution            Frames                    Threshold             
================================================================================
      Rate         Resolution        Frames          bsize            size      
--------------------------------------------------------------------------------
  0.4949999231     (128, 128)         128         2097078.953     5664316.554   
  0.2424998847     (128, 128)         128         2097013.433     2786615.478   
  0.1162498654     (128, 128)         128          2096788.02     1347450.393   
  0.1793746348     (128, 128)         128         2096941.679     2066927.189   
   0.2109375       (128, 128)         128         2096993.211     2426653.773   
  0.1951563077     (128, 128)         128         2096949.856      2247030.84   
  0.1872654712     (128, 128)         128         2096924.032     2156730.934   
  0.1833198127     (128, 128)         128         2096901.594     2111724.744   
  0.1813469834     (128, 128)         128         2096895.602     2089323.125   
  0.1823331578     (128, 128)         128         2096924.801     2100700.998   
  0.1818400706     (128, 128)         128         2096931.496     2095077.451   
  0.1820866142     (128, 128)         128         2096968.466     2098028.773   
  0.1819631021     (128, 128)         128         2096898.027     2096658.383   
  0.1820250984     (128, 128)         128         2096937.126     2097162.103   
                               Precision reached                                
  0.1769942637     (128, 128)         128         2096950.429     2039589.447   
  0.179509681      (128, 128)         128         2096955.588     2068692.305   
  0.1807673897     (128, 128)         128         2096947.058     2082990.791   
  0.1813964844     (128, 128)         128         2096950.543      2089962.35   
  0.1817107914     (128, 128)         128         2096962.316      2093682.64   
  0.1818679449     (128, 128)         128         2096908.944     2095164.614   
  0.1819462814     (128, 128)         128          2096925.45     2096342.948   
                               Precision reached                                
================================================================================
 1.       (128, 128)             128                    0.1819462814            
================================================================================
********************************************************************************
avg:        (128, 128)                   128                 0.1819462814       
********************************************************************************
                                    SUMMARY                                     
     Resolution            Frames                      Threshold                
================================================================================
     (128, 128)             128                       0.1819462814              
================================================================================
                                                                                
~~~~~~~~~~~~~~~~~~~~~~~~~~~~~~~~~~~~~~~~~~~~~~~~~~~~~~~~~~~~~~~~~~~~~~~~~~~~~~~~
                               FRAME NUMBER: 256                                
~~~~~~~~~~~~~~~~~~~~~~~~~~~~~~~~~~~~~~~~~~~~~~~~~~~~~~~~~~~~~~~~~~~~~~~~~~~~~~~~
================================================================================
 #.       Resolution            Frames                    Threshold             
================================================================================
      Rate         Resolution        Frames          bsize            size      
--------------------------------------------------------------------------------
  0.4949999043     (128, 128)         256         4194218.845      11742466.4   
  0.2424998564     (128, 128)         256         4194148.261     5763025.273   
  0.1162499521     (128, 128)         256         4193900.653     2773279.287   
  0.1793749043     (128, 128)         256         4194091.465     4268370.335   
  0.1478123085     (128, 128)         256         4194042.228     3520840.159   
  0.1635936064     (128, 128)         256         4194050.802     3894741.276   
  0.171484375      (128, 128)         256         4194049.035     4081735.802   
  0.1754296396     (128, 128)         256         4194092.937     4174711.985   
  0.1774023916     (128, 128)         256         4194062.961     4221762.327   
  0.1764160156     (128, 128)         256         4194094.814     4198112.198   
  0.1759229473     (128, 128)         256         4194054.965     4186673.352   
  0.1761694815     (128, 128)         256         4194085.092     4192686.179   
  0.1762927485     (128, 128)         256         4194089.026     4195865.706   
  0.1762309953     (128, 128)         256         4194104.739     4194077.288   
                               Precision reached                                
================================================================================
 1.       (128, 128)             256                    0.1762309953            
================================================================================
********************************************************************************
avg:        (128, 128)                   256                 0.1762309953       
********************************************************************************
                                    SUMMARY                                     
     Resolution            Frames                      Threshold                
================================================================================
     (128, 128)             256                       0.1762309953              
================================================================================
