precision:                     0.0001
iterations:                    1
compute_effort:                1
range:                         (0, 256)
durations:                     [2, 4, 8, 16, 32, 64, 128, 256, 512, 1024]
resolutions:                   [32]
verbose:                       False
mode:                          dims_frames
codec:                         aer
entropy_coder:                 entropy
out:                           results/threshold_search_lossless/aer_32_dependance_on_time.log
out_redir:                     > /dev/null 2>&1
                                                                                
~~~~~~~~~~~~~~~~~~~~~~~~~~~~~~~~~~~~~~~~~~~~~~~~~~~~~~~~~~~~~~~~~~~~~~~~~~~~~~~~
                                FRAME NUMBER: 2                                 
~~~~~~~~~~~~~~~~~~~~~~~~~~~~~~~~~~~~~~~~~~~~~~~~~~~~~~~~~~~~~~~~~~~~~~~~~~~~~~~~
================================================================================
 #.       Resolution            Frames                    Threshold             
================================================================================
      Rate         Resolution        Frames          bsize            size      
--------------------------------------------------------------------------------
  0.4951171875      (32, 32)           2          0.9846507585    0.4148330235  
  0.748046875       (32, 32)           2          0.9867727749    0.3779775137  
  0.8740234375      (32, 32)           2          0.9872741359    0.3670795621  
     0.9375         (32, 32)           2          0.9868260304    0.3616161997  
    0.96875         (32, 32)           2          0.9870629902    0.3601613021  
    0.984375        (32, 32)           2          0.988767536     0.3587124335  
   0.9921875        (32, 32)           2          0.9900632903    0.3577296157  
   0.99609375       (32, 32)           2          0.9897172992    0.3575247081  
  0.998046875       (32, 32)           2          0.9894062766    0.3572055285  
  0.9990234375      (32, 32)           2          0.9903219776    0.3572419697  
      1.0           (32, 32)           2          0.9899845609    0.3574989539  
      1.0           (32, 32)           2          0.9896763505    0.3575760461  
                               Precision reached                                
================================================================================
 1.        (32, 32)               2                          1.0                
================================================================================
********************************************************************************
avg:         (32, 32)                     2                       1.0           
********************************************************************************
                                    SUMMARY                                     
     Resolution            Frames                      Threshold                
================================================================================
      (32, 32)               2                            1.0                   
================================================================================
                                                                                
~~~~~~~~~~~~~~~~~~~~~~~~~~~~~~~~~~~~~~~~~~~~~~~~~~~~~~~~~~~~~~~~~~~~~~~~~~~~~~~~
                                FRAME NUMBER: 4                                 
~~~~~~~~~~~~~~~~~~~~~~~~~~~~~~~~~~~~~~~~~~~~~~~~~~~~~~~~~~~~~~~~~~~~~~~~~~~~~~~~
================================================================================
 #.       Resolution            Frames                    Threshold             
================================================================================
      Rate         Resolution        Frames          bsize            size      
--------------------------------------------------------------------------------
  0.4951171875      (32, 32)           4          0.9868656333    0.3620494209  
  0.7473958333      (32, 32)           4          0.9927150632    0.3469465645  
  0.8736979167      (32, 32)           4          0.9942991958    0.3422298331  
  0.9368489583      (32, 32)           4          0.9940458544    0.3410017814  
  0.9684244792      (32, 32)           4          0.9939159981    0.3397608583  
    0.984375        (32, 32)           4          0.9952659802    0.3398139286  
   0.9921875        (32, 32)           4          0.9940535551    0.3391788145  
   0.99609375       (32, 32)           4          0.9941491613    0.3390344277  
  0.998046875       (32, 32)           4          0.9943829974    0.339316045   
  0.9990234375      (32, 32)           4          0.9944244999    0.3393120247  
  0.9993489583      (32, 32)           4          0.9942807949    0.338956823   
  0.9996744792      (32, 32)           4          0.994996321     0.3389323194  
      1.0           (32, 32)           4          0.9943237623    0.3389548202  
      1.0           (32, 32)           4          0.9943237623    0.3389548202  
                               Precision reached                                
================================================================================
 1.        (32, 32)               4                          1.0                
================================================================================
********************************************************************************
avg:         (32, 32)                     4                       1.0           
********************************************************************************
                                    SUMMARY                                     
     Resolution            Frames                      Threshold                
================================================================================
      (32, 32)               4                            1.0                   
================================================================================
                                                                                
~~~~~~~~~~~~~~~~~~~~~~~~~~~~~~~~~~~~~~~~~~~~~~~~~~~~~~~~~~~~~~~~~~~~~~~~~~~~~~~~
                                FRAME NUMBER: 8                                 
~~~~~~~~~~~~~~~~~~~~~~~~~~~~~~~~~~~~~~~~~~~~~~~~~~~~~~~~~~~~~~~~~~~~~~~~~~~~~~~~
================================================================================
 #.       Resolution            Frames                    Threshold             
================================================================================
      Rate         Resolution        Frames          bsize            size      
--------------------------------------------------------------------------------
  0.4949776786      (32, 32)           8          0.9927918427    0.3522922731  
  0.7474888393      (32, 32)           8          0.9959094248    0.3450448054  
  0.8737444196      (32, 32)           8          0.9965490726    0.3427427636  
  0.9368024554      (32, 32)           8          0.9970095621    0.3423263034  
  0.9684709821      (32, 32)           8          0.9972226379    0.3417612444  
  0.9842354911      (32, 32)           8          0.9974952916    0.3418791146  
   0.9921875        (32, 32)           8          0.9973859644    0.3417590243  
   0.99609375       (32, 32)           8          0.9974685227    0.3418544119  
  0.998046875       (32, 32)           8          0.9973583575    0.3418000645  
  0.9990234375      (32, 32)           8          0.9974211743    0.3415013095  
  0.9994419643      (32, 32)           8          0.9971304274    0.3416386831  
  0.9997209821      (32, 32)           8          0.9968814379    0.3415194842  
  0.9998604911      (32, 32)           8          0.9974961353    0.3416711193  
      1.0           (32, 32)           8          0.9974638713    0.3417567224  
      1.0           (32, 32)           8          0.9972194109    0.3415997543  
                               Precision reached                                
================================================================================
 1.        (32, 32)               8                          1.0                
================================================================================
********************************************************************************
avg:         (32, 32)                     8                       1.0           
********************************************************************************
                                    SUMMARY                                     
     Resolution            Frames                      Threshold                
================================================================================
      (32, 32)               8                            1.0                   
================================================================================
                                                                                
~~~~~~~~~~~~~~~~~~~~~~~~~~~~~~~~~~~~~~~~~~~~~~~~~~~~~~~~~~~~~~~~~~~~~~~~~~~~~~~~
                                FRAME NUMBER: 16                                
~~~~~~~~~~~~~~~~~~~~~~~~~~~~~~~~~~~~~~~~~~~~~~~~~~~~~~~~~~~~~~~~~~~~~~~~~~~~~~~~
================================================================================
 #.       Resolution            Frames                    Threshold             
================================================================================
      Rate         Resolution        Frames          bsize            size      
--------------------------------------------------------------------------------
  0.4949869792      (32, 32)           16         0.9963595692    0.3494204554  
  0.7474609375      (32, 32)           16         0.9976641755    0.346293539   
  0.8737630208      (32, 32)           16         0.9982863469    0.3454599045  
  0.9369140625      (32, 32)           16         0.998300051     0.3448656722  
  0.9684895833      (32, 32)           16         0.9984076026    0.3448973234  
  0.9842447917      (32, 32)           16         0.9986383653    0.3448912407  
  0.9921223958      (32, 32)           16         0.9986127275    0.3443032483  
   0.99609375       (32, 32)           16         0.9987006743    0.3441326315  
  0.998046875       (32, 32)           16         0.9986920848    0.344643099   
  0.9990234375      (32, 32)           16         0.998402893     0.3447562798  
  0.9994791667      (32, 32)           16         0.9987835785    0.3447456683  
  0.9997395833      (32, 32)           16         0.998937583     0.3445929704  
  0.9998697917      (32, 32)           16         0.9986999635    0.3446851198  
  0.9999348958      (32, 32)           16         0.9987302022    0.3449435839  
                               Precision reached                                
================================================================================
 1.        (32, 32)               16                    0.9999348958            
================================================================================
********************************************************************************
avg:         (32, 32)                    16                  0.9999348958       
********************************************************************************
                                    SUMMARY                                     
     Resolution            Frames                      Threshold                
================================================================================
      (32, 32)               16                       0.9999348958              
================================================================================
                                                                                
~~~~~~~~~~~~~~~~~~~~~~~~~~~~~~~~~~~~~~~~~~~~~~~~~~~~~~~~~~~~~~~~~~~~~~~~~~~~~~~~
                                FRAME NUMBER: 32                                
~~~~~~~~~~~~~~~~~~~~~~~~~~~~~~~~~~~~~~~~~~~~~~~~~~~~~~~~~~~~~~~~~~~~~~~~~~~~~~~~
================================================================================
 #.       Resolution            Frames                    Threshold             
================================================================================
      Rate         Resolution        Frames          bsize            size      
--------------------------------------------------------------------------------
  0.4949911794      (32, 32)           32         0.9979890241    0.3495810617  
  0.7475113407      (32, 32)           32         0.9988842582    0.3476652921  
  0.8737714214      (32, 32)           32         0.9991186128    0.3471690258  
  0.9369014617      (32, 32)           32         0.9992136011    0.3469498082  
  0.9684349798      (32, 32)           32         0.9992921382    0.3469135709  
  0.9842174899      (32, 32)           32         0.9992466952    0.346794497   
  0.992124496       (32, 32)           32         0.9993522914    0.3469042758  
  0.996062248       (32, 32)           32         0.9991990778    0.3467884378  
  0.998046875       (32, 32)           32         0.9993144271    0.3467231743  
  0.9990234375      (32, 32)           32         0.9993358185    0.3469461289  
  0.9994959677      (32, 32)           32         0.999281578     0.3468648346  
  0.9997479839      (32, 32)           32         0.9992851486    0.3465641609  
  0.9998739919      (32, 32)           32         0.9993219852    0.3467735679  
  0.999936996       (32, 32)           32         0.9992473794    0.3468251018  
                               Precision reached                                
================================================================================
 1.        (32, 32)               32                     0.999936996            
================================================================================
********************************************************************************
avg:         (32, 32)                    32                   0.999936996       
********************************************************************************
                                    SUMMARY                                     
     Resolution            Frames                      Threshold                
================================================================================
      (32, 32)               32                       0.999936996               
================================================================================
                                                                                
~~~~~~~~~~~~~~~~~~~~~~~~~~~~~~~~~~~~~~~~~~~~~~~~~~~~~~~~~~~~~~~~~~~~~~~~~~~~~~~~
                                FRAME NUMBER: 64                                
~~~~~~~~~~~~~~~~~~~~~~~~~~~~~~~~~~~~~~~~~~~~~~~~~~~~~~~~~~~~~~~~~~~~~~~~~~~~~~~~
================================================================================
 #.       Resolution            Frames                    Threshold             
================================================================================
      Rate         Resolution        Frames          bsize            size      
--------------------------------------------------------------------------------
  0.4949931796      (32, 32)           64         0.9990235043    0.3600359975  
  0.7475043403      (32, 32)           64         0.9994716509    0.3596675194  
  0.8737444196      (32, 32)           64         0.999580231     0.3592573883  
  0.9368644593      (32, 32)           64         0.9996064884    0.359159812   
  0.9684399802      (32, 32)           64         0.9996120072    0.3592921179  
  0.9842199901      (32, 32)           64         0.9996216765    0.3591990169  
  0.992109995       (32, 32)           64         0.9996892767    0.3593800982  
  0.996062748       (32, 32)           64          0.99965798     0.3591265574  
  0.998031374       (32, 32)           64         0.9996903812    0.359226248   
  0.9990234375      (32, 32)           64         0.9996758047    0.3591631057  
  0.9995039683      (32, 32)           64         0.9995814656    0.3591368778  
  0.9997519841      (32, 32)           64         0.9996332292    0.3592367675  
  0.9998759921      (32, 32)           64         0.9996008281    0.3593297086  
  0.999937996       (32, 32)           64         0.9995781487    0.3591492856  
                               Precision reached                                
================================================================================
 1.        (32, 32)               64                     0.999937996            
================================================================================
********************************************************************************
avg:         (32, 32)                    64                   0.999937996       
********************************************************************************
                                    SUMMARY                                     
     Resolution            Frames                      Threshold                
================================================================================
      (32, 32)               64                       0.999937996               
================================================================================
                                                                                
~~~~~~~~~~~~~~~~~~~~~~~~~~~~~~~~~~~~~~~~~~~~~~~~~~~~~~~~~~~~~~~~~~~~~~~~~~~~~~~~
                               FRAME NUMBER: 128                                
~~~~~~~~~~~~~~~~~~~~~~~~~~~~~~~~~~~~~~~~~~~~~~~~~~~~~~~~~~~~~~~~~~~~~~~~~~~~~~~~
================================================================================
 #.       Resolution            Frames                    Threshold             
================================================================================
      Rate         Resolution        Frames          bsize            size      
--------------------------------------------------------------------------------
  0.4950018455      (32, 32)          128         0.9995327493    0.3696448767  
  0.7475009227      (32, 32)          128         0.9997478988    0.3691837051  
  0.8737466166      (32, 32)          128         0.9997668965    0.3691109945  
  0.9368771531      (32, 32)          128         0.9997946957    0.3691647036  
  0.9684424213      (32, 32)          128         0.9997980964    0.3690120792  
  0.9842212106      (32, 32)          128         0.9998324227    0.369114168   
  0.9921106053      (32, 32)          128         0.9998138329    0.3690560727  
  0.9960553027      (32, 32)          128         0.9998098228    0.3691112176  
  0.9980314961      (32, 32)          128         0.9998258092    0.3690788918  
  0.999015748       (32, 32)          128         0.9998076077    0.3690730437  
  0.999507874       (32, 32)          128         0.9998356152    0.3690348766  
  0.999753937       (32, 32)          128         0.9998490453    0.3690736685  
  0.9998769685      (32, 32)          128         0.9998525651    0.3691210288  
  0.9999384843      (32, 32)          128         0.9998467753    0.3690466257  
                               Precision reached                                
================================================================================
 1.        (32, 32)              128                    0.9999384843            
================================================================================
********************************************************************************
avg:         (32, 32)                    128                 0.9999384843       
********************************************************************************
                                    SUMMARY                                     
     Resolution            Frames                      Threshold                
================================================================================
      (32, 32)              128                       0.9999384843              
================================================================================
                                                                                
~~~~~~~~~~~~~~~~~~~~~~~~~~~~~~~~~~~~~~~~~~~~~~~~~~~~~~~~~~~~~~~~~~~~~~~~~~~~~~~~
                               FRAME NUMBER: 256                                
~~~~~~~~~~~~~~~~~~~~~~~~~~~~~~~~~~~~~~~~~~~~~~~~~~~~~~~~~~~~~~~~~~~~~~~~~~~~~~~~
================================================================================
 #.       Resolution            Frames                    Threshold             
================================================================================
      Rate         Resolution        Frames          bsize            size      
--------------------------------------------------------------------------------
  0.4949984681      (32, 32)          256         0.9997337966    0.3798652895  
  0.7474992341      (32, 32)          256         0.999852213     0.3797954303  
  0.8737477022      (32, 32)          256         0.9998933304    0.379651841   
  0.9368757659      (32, 32)          256         0.9998963288    0.3796889246  
  0.9684397978      (32, 32)          256         0.9999152521    0.3796475302  
  0.9842179841      (32, 32)          256         0.9999157993    0.3796416055  
  0.9921109069      (32, 32)          256         0.9999120401    0.379670625   
  0.9960554534      (32, 32)          256         0.9999084213    0.3796703059  
  0.9980277267      (32, 32)          256         0.9999172844    0.3796114041  
  0.9990157782      (32, 32)          256         0.9999035617    0.3796848733  
  0.9995059743      (32, 32)          256         0.9999207086    0.3796525923  
  0.999754902       (32, 32)          256         0.9999164654    0.3796731809  
  0.999877451       (32, 32)          256          0.99990641     0.3796736293  
  0.9999387255      (32, 32)          256         0.9999223777    0.3796957442  
                               Precision reached                                
================================================================================
 1.        (32, 32)              256                    0.9999387255            
================================================================================
********************************************************************************
avg:         (32, 32)                    256                 0.9999387255       
********************************************************************************
                                    SUMMARY                                     
     Resolution            Frames                      Threshold                
================================================================================
      (32, 32)              256                       0.9999387255              
================================================================================
                                                                                
~~~~~~~~~~~~~~~~~~~~~~~~~~~~~~~~~~~~~~~~~~~~~~~~~~~~~~~~~~~~~~~~~~~~~~~~~~~~~~~~
                               FRAME NUMBER: 512                                
~~~~~~~~~~~~~~~~~~~~~~~~~~~~~~~~~~~~~~~~~~~~~~~~~~~~~~~~~~~~~~~~~~~~~~~~~~~~~~~~
================================================================================
 #.       Resolution            Frames                    Threshold             
================================================================================
      Rate         Resolution        Frames          bsize            size      
--------------------------------------------------------------------------------
  0.4950006115      (32, 32)          512         0.9998719762    0.3954488573  
  0.7475003058      (32, 32)          512         0.9999241421    0.3952888757  
  0.8737501529      (32, 32)          512         0.999940839     0.3952723221  
  0.9368750764      (32, 32)          512         0.9999570984    0.3952906218  
  0.9684365827      (32, 32)          512         0.9999555897    0.395278384   
  0.9842182913      (32, 32)          512         0.999953171     0.3952939482  
  0.9921091457      (32, 32)          512         0.9999603163    0.3953034265  
  0.9960555284      (32, 32)          512         0.9999576688    0.3952722307  
  0.9980277642      (32, 32)          512         0.9999627338    0.395273035   
  0.9990138821      (32, 32)          512         0.9999620611    0.3952962667  
  0.999506941       (32, 32)          512         0.9999576045    0.3952661546  
  0.9997534705      (32, 32)          512         0.9999606387    0.3952769608  
  0.9998776908      (32, 32)          512         0.999956807     0.3952773967  
  0.9999388454      (32, 32)          512         0.9999564942    0.3952778948  
                               Precision reached                                
================================================================================
 1.        (32, 32)              512                    0.9999388454            
================================================================================
********************************************************************************
avg:         (32, 32)                    512                 0.9999388454       
********************************************************************************
                                    SUMMARY                                     
     Resolution            Frames                      Threshold                
================================================================================
      (32, 32)              512                       0.9999388454              
================================================================================
                                                                                
~~~~~~~~~~~~~~~~~~~~~~~~~~~~~~~~~~~~~~~~~~~~~~~~~~~~~~~~~~~~~~~~~~~~~~~~~~~~~~~~
                               FRAME NUMBER: 1024                               
~~~~~~~~~~~~~~~~~~~~~~~~~~~~~~~~~~~~~~~~~~~~~~~~~~~~~~~~~~~~~~~~~~~~~~~~~~~~~~~~
================================================================================
 #.       Resolution            Frames                    Threshold             
================================================================================
      Rate         Resolution        Frames          bsize            size      
--------------------------------------------------------------------------------
  0.4949997709      (32, 32)          1024        0.9999203231    0.4130603015  
  0.7474998854      (32, 32)          1024        0.999960228     0.4130179355  
   0.87375042       (32, 32)          1024        0.9999715514    0.4130234923  
  0.9368747327      (32, 32)          1024        0.999976825     0.4129996984  
  0.9684378437      (32, 32)          1024        0.9999746713    0.412956248   
  0.9842184445      (32, 32)          1024        0.9999777228    0.4130108436  
  0.9921092223      (32, 32)          1024        0.9999776484    0.4129982098  
  0.9960546111      (32, 32)          1024        0.9999799194    0.4129778109  
  0.9980277829      (32, 32)          1024        0.9999819636    0.4129805503  
  0.9990138914      (32, 32)          1024        0.9999744646    0.4129930848  
  0.9995064684      (32, 32)          1024        0.9999771377    0.4129820335  
  0.9997537115      (32, 32)          1024        0.9999719113    0.412997824   
  0.9998768558      (32, 32)          1024        0.9999765705    0.4129917032  
  0.9999389052      (32, 32)          1024        0.9999811857    0.4129914018  
                               Precision reached                                
================================================================================
 1.        (32, 32)              1024                   0.9999389052            
================================================================================
********************************************************************************
avg:         (32, 32)                   1024                 0.9999389052       
********************************************************************************
                                    SUMMARY                                     
     Resolution            Frames                      Threshold                
================================================================================
      (32, 32)              1024                      0.9999389052              
================================================================================
