precision:                     0.0001
iterations:                    1
compute_effort:                1
durations:                     [2, 4, 8, 16]
resolutions:                   [32, 64, 128]
verbose:                       False
mode:                          dims_frames
codec:                         caer
entropy_coder:                 src/event_compression/scripts/bin/lpaq1 0
out:                           results/threshold_search_lossless/caer_fixed_res_frames.log
out_redir:                     > /dev/null 2>&1
                                                                                
~~~~~~~~~~~~~~~~~~~~~~~~~~~~~~~~~~~~~~~~~~~~~~~~~~~~~~~~~~~~~~~~~~~~~~~~~~~~~~~~
                                FRAME NUMBER: 2                                 
~~~~~~~~~~~~~~~~~~~~~~~~~~~~~~~~~~~~~~~~~~~~~~~~~~~~~~~~~~~~~~~~~~~~~~~~~~~~~~~~
================================================================================
 #.       Resolution            Frames                    Threshold             
================================================================================
      Rate         Resolution        Frames          bsize            size      
--------------------------------------------------------------------------------
  0.4951171875      (32, 32)           2              2034            1938      
  0.748046875       (32, 32)           2              2060            2240      
   0.62109375       (32, 32)           2              2050            2097      
   0.55859375       (32, 32)           2              2049            2028      
   0.58984375       (32, 32)           2              2050            2065      
   0.57421875       (32, 32)           2              2051            2045      
   0.58203125       (32, 32)           2              2048            2051      
    0.578125        (32, 32)           2              2051            2051      
  0.576171875       (32, 32)           2              2046            2039      
  0.5771484375      (32, 32)           2              2049            2044      
    0.578125        (32, 32)           2              2051            2042      
    0.578125        (32, 32)           2              2049            2047      
                               Precision reached                                
================================================================================
 1.        (32, 32)               2                       0.578125              
================================================================================
********************************************************************************
avg:         (32, 32)                     2                    0.578125         
********************************************************************************
      Rate         Resolution        Frames          bsize            size      
--------------------------------------------------------------------------------
  0.4951171875      (64, 64)           2              8135            7224      
  0.7475585938      (64, 64)           2              8225            8274      
  0.6213378906      (64, 64)           2              8205            7787      
  0.6845703125      (64, 64)           2              8217            8034      
  0.7160644531      (64, 64)           2              8227            8160      
  0.7319335938      (64, 64)           2              8225            8224      
  0.7397460938      (64, 64)           2              8221            8252      
  0.7358398438      (64, 64)           2              8222            8220      
  0.7377929688      (64, 64)           2              8229            8248      
  0.7368164062      (64, 64)           2              8226            8243      
  0.736328125       (64, 64)           2              8224            8239      
  0.7360839844      (64, 64)           2              8225            8229      
  0.7358398438      (64, 64)           2              8229            8227      
  0.7358398438      (64, 64)           2              8230            8231      
                               Precision reached                                
  0.7309570312      (64, 64)           2              8232            8215      
  0.7333984375      (64, 64)           2              8225            8223      
  0.7346191406      (64, 64)           2              8232            8229      
  0.7353515625      (64, 64)           2              8230            8242      
  0.7348632812      (64, 64)           2              8228            8223      
  0.7351074219      (64, 64)           2              8232            8241      
  0.7348632812      (64, 64)           2              8233            8254      
  0.7348632812      (64, 64)           2              8225            8231      
                               Precision reached                                
  0.7299804688      (64, 64)           2              8226            8225      
  0.732421875       (64, 64)           2              8227            8224      
  0.7336425781      (64, 64)           2              8226            8223      
    0.734375        (64, 64)           2              8228            8237      
  0.7338867188      (64, 64)           2              8231            8243      
  0.7338867188      (64, 64)           2              8231            8230      
                               Precision reached                                
================================================================================
 1.        (64, 64)               2                     0.7338867188            
================================================================================
********************************************************************************
avg:         (64, 64)                     2                  0.7338867188       
********************************************************************************
      Rate         Resolution        Frames          bsize            size      
--------------------------------------------------------------------------------
  0.4949951172     (128, 128)          2             32645           27931      
  0.7474975586     (128, 128)          2             32951           32121      
  0.8737792969     (128, 128)          2             32971           33795      
  0.8106689453     (128, 128)          2             32961           33006      
  0.7790527344     (128, 128)          2             32937           32548      
  0.7948608398     (128, 128)          2             32958           32781      
  0.802734375      (128, 128)          2             32946           32894      
  0.8067016602     (128, 128)          2             32961           32965      
   0.8046875       (128, 128)          2             32957           32969      
  0.8037109375     (128, 128)          2             32963           32952      
  0.8041992188     (128, 128)          2             32968           32915      
  0.8044433594     (128, 128)          2             32954           32921      
  0.8045654297     (128, 128)          2             32944           32896      
  0.8046264648     (128, 128)          2             32962           32940      
                               Precision reached                                
================================================================================
 1.       (128, 128)              2                     0.8046264648            
================================================================================
********************************************************************************
avg:        (128, 128)                    2                  0.8046264648       
********************************************************************************
                                    SUMMARY                                     
     Resolution            Frames                      Threshold                
================================================================================
      (32, 32)               2                          0.578125                
      (64, 64)               2                        0.7338867188              
     (128, 128)              2                        0.8046264648              
================================================================================
                                                                                
~~~~~~~~~~~~~~~~~~~~~~~~~~~~~~~~~~~~~~~~~~~~~~~~~~~~~~~~~~~~~~~~~~~~~~~~~~~~~~~~
                                FRAME NUMBER: 4                                 
~~~~~~~~~~~~~~~~~~~~~~~~~~~~~~~~~~~~~~~~~~~~~~~~~~~~~~~~~~~~~~~~~~~~~~~~~~~~~~~~
================================================================================
 #.       Resolution            Frames                    Threshold             
================================================================================
      Rate         Resolution        Frames          bsize            size      
--------------------------------------------------------------------------------
  0.4951171875      (32, 32)           4              4011            3751      
  0.7473958333      (32, 32)           4              4110            4677      
  0.6214192708      (32, 32)           4              4084            4231      
  0.5582682292      (32, 32)           4              4064            4007      
   0.58984375       (32, 32)           4              4075            4136      
  0.5738932292      (32, 32)           4              4063            4074      
  0.5660807292      (32, 32)           4              4059            4043      
  0.5699869792      (32, 32)           4              4064            4066      
  0.5680338542      (32, 32)           4              4059            4069      
  0.5670572917      (32, 32)           4              4055            4032      
  0.5673828125      (32, 32)           4              4057            4022      
  0.5677083333      (32, 32)           4              4065            4036      
  0.5677083333      (32, 32)           4              4056            4034      
                               Precision reached                                
================================================================================
 1.        (32, 32)               4                     0.5677083333            
================================================================================
********************************************************************************
avg:         (32, 32)                     4                  0.5677083333       
********************************************************************************
      Rate         Resolution        Frames          bsize            size      
--------------------------------------------------------------------------------
  0.4950358073      (64, 64)           4             15850           13800      
  0.7475585938      (64, 64)           4             16457           17123      
  0.6213378906      (64, 64)           4             16368           15558      
  0.6844075521      (64, 64)           4             16430           16358      
  0.7159830729      (64, 64)           4             16441           16747      
  0.7001953125      (64, 64)           4             16438           16540      
  0.6923014323      (64, 64)           4             16419           16427      
  0.6883138021      (64, 64)           4             16412           16380      
  0.6902669271      (64, 64)           4             16421           16427      
  0.6892903646      (64, 64)           4             16425           16382      
  0.6897786458      (64, 64)           4             16423           16464      
  0.6895345052      (64, 64)           4             16418           16419      
  0.689453125       (64, 64)           4             16416           16409      
                               Precision reached                                
================================================================================
 1.        (64, 64)               4                      0.689453125            
================================================================================
********************************************************************************
avg:         (64, 64)                     4                   0.689453125       
********************************************************************************
      Rate         Resolution        Frames          bsize            size      
--------------------------------------------------------------------------------
  0.4949951172     (128, 128)          4             64537           52573      
  0.7474975586     (128, 128)          4             65857           65616      
  0.8737386068     (128, 128)          4             65919           70519      
  0.8106079102     (128, 128)          4             65889           68253      
  0.7790527344     (128, 128)          4             65880           66984      
  0.763264974      (128, 128)          4             65867           66339      
  0.7553710938     (128, 128)          4             65863           66106      
  0.7514241536     (128, 128)          4             65854           65832      
  0.7533976237     (128, 128)          4             65862           65954      
  0.7524007161     (128, 128)          4             65857           65798      
  0.7528889974     (128, 128)          4             65863           65913      
  0.7526448568     (128, 128)          4             65859           65833      
  0.7527669271     (128, 128)          4             65867           65868      
  0.7527058919     (128, 128)          4             65846           65826      
                               Precision reached                                
================================================================================
 1.       (128, 128)              4                     0.7527058919            
================================================================================
********************************************************************************
avg:        (128, 128)                    4                  0.7527058919       
********************************************************************************
                                    SUMMARY                                     
     Resolution            Frames                      Threshold                
================================================================================
      (32, 32)               4                        0.5677083333              
      (64, 64)               4                        0.689453125               
     (128, 128)              4                        0.7527058919              
================================================================================
                                                                                
~~~~~~~~~~~~~~~~~~~~~~~~~~~~~~~~~~~~~~~~~~~~~~~~~~~~~~~~~~~~~~~~~~~~~~~~~~~~~~~~
                                FRAME NUMBER: 8                                 
~~~~~~~~~~~~~~~~~~~~~~~~~~~~~~~~~~~~~~~~~~~~~~~~~~~~~~~~~~~~~~~~~~~~~~~~~~~~~~~~
================================================================================
 #.       Resolution            Frames                    Threshold             
================================================================================
      Rate         Resolution        Frames          bsize            size      
--------------------------------------------------------------------------------
  0.4949776786      (32, 32)           8              7867            7214      
  0.7474888393      (32, 32)           8              8211            9377      
  0.6212332589      (32, 32)           8              8145            8380      
  0.5580357143      (32, 32)           8              8043            7791      
  0.5895647321      (32, 32)           8              8107            8107      
  0.5738002232      (32, 32)           8              8069            7942      
  0.5817522321      (32, 32)           8              8076            8011      
  0.5856584821      (32, 32)           8              8075            8083      
  0.5837053571      (32, 32)           8              8066            8042      
  0.5846819196      (32, 32)           8              8087            8062      
  0.5852399554      (32, 32)           8              8094            8090      
  0.5853794643      (32, 32)           8              8090            8069      
  0.5855189732      (32, 32)           8              8095            8100      
  0.5853794643      (32, 32)           8              8088            8047      
  0.5853794643      (32, 32)           8              8083            8073      
                               Precision reached                                
================================================================================
 1.        (32, 32)               8                     0.5853794643            
================================================================================
********************************************************************************
avg:         (32, 32)                     8                  0.5853794643       
********************************************************************************
      Rate         Resolution        Frames          bsize            size      
--------------------------------------------------------------------------------
  0.4950125558      (64, 64)           8             31367           26661      
  0.7475237165      (64, 64)           8             32915           34705      
  0.6212681362      (64, 64)           8             32672           30951      
  0.6843959263      (64, 64)           8             32848           32902      
  0.6528320312      (64, 64)           8             32784           32016      
  0.6686314174      (64, 64)           8             32825           32455      
  0.6765136719      (64, 64)           8             32830           32656      
  0.6804547991      (64, 64)           8             32854           32833      
  0.6824428013      (64, 64)           8             32825           32825      
  0.6814662388      (64, 64)           8             32839           32820      
  0.6819545201      (64, 64)           8             32837           32840      
  0.6817103795      (64, 64)           8             32830           32866      
  0.6815708705      (64, 64)           8             32839           32860      
  0.6815011161      (64, 64)           8             32848           32811      
                               Precision reached                                
================================================================================
 1.        (64, 64)               8                     0.6815011161            
================================================================================
********************************************************************************
avg:         (64, 64)                     8                  0.6815011161       
********************************************************************************
      Rate         Resolution        Frames          bsize            size      
--------------------------------------------------------------------------------
  0.4950038365     (128, 128)          8             128345          102047     
  0.7474975586     (128, 128)          8             131655          133297     
  0.6212506975     (128, 128)          8             131188          118727     
  0.6843697684     (128, 128)          8             131495          126301     
  0.7159336635     (128, 128)          8             131605          129781     
  0.731715611      (128, 128)          8             131642          131438     
  0.7396065848     (128, 128)          8             131648          132481     
  0.7356567383     (128, 128)          8             131626          132065     
  0.7336861747     (128, 128)          8             131634          131757     
  0.7327008929     (128, 128)          8             131634          131651     
  0.7322126116     (128, 128)          8             131639          131484     
  0.7324567522     (128, 128)          8             131626          131727     
  0.7323346819     (128, 128)          8             131644          131674     
  0.7322736468     (128, 128)          8             131622          131541     
                               Precision reached                                
================================================================================
 1.       (128, 128)              8                     0.7322736468            
================================================================================
********************************************************************************
avg:        (128, 128)                    8                  0.7322736468       
********************************************************************************
                                    SUMMARY                                     
     Resolution            Frames                      Threshold                
================================================================================
      (32, 32)               8                        0.5853794643              
      (64, 64)               8                        0.6815011161              
     (128, 128)              8                        0.7322736468              
================================================================================
                                                                                
~~~~~~~~~~~~~~~~~~~~~~~~~~~~~~~~~~~~~~~~~~~~~~~~~~~~~~~~~~~~~~~~~~~~~~~~~~~~~~~~
                                FRAME NUMBER: 16                                
~~~~~~~~~~~~~~~~~~~~~~~~~~~~~~~~~~~~~~~~~~~~~~~~~~~~~~~~~~~~~~~~~~~~~~~~~~~~~~~~
================================================================================
 #.       Resolution            Frames                    Threshold             
================================================================================
      Rate         Resolution        Frames          bsize            size      
--------------------------------------------------------------------------------
  0.4949869792      (32, 32)           16            15428           14004      
  0.7474609375      (32, 32)           16            16437           18833      
  0.6212239583      (32, 32)           16            16277           16573      
  0.5580729167      (32, 32)           16            15934           15352      
  0.5896484375      (32, 32)           16            16156           16043      
   0.60546875       (32, 32)           16            16213           16283      
  0.5975260417      (32, 32)           16            16140           16136      
  0.6014973958      (32, 32)           16            16189           16205      
  0.5994791667      (32, 32)           16            16146           16221      
  0.5985026042      (32, 32)           16            16139           16152      
  0.598046875       (32, 32)           16            16167           16093      
  0.5982421875      (32, 32)           16            16187           16124      
  0.5983723958      (32, 32)           16            16177           16135      
   0.5984375        (32, 32)           16            16200           16185      
                               Precision reached                                
================================================================================
 1.        (32, 32)               16                      0.5984375             
================================================================================
********************************************************************************
avg:         (32, 32)                    16                    0.5984375        
********************************************************************************
      Rate         Resolution        Frames          bsize            size      
--------------------------------------------------------------------------------
  0.4950032552      (64, 64)           16            62493           52619      
  0.7474934896      (64, 64)           16            65807           70394      
  0.6212402344      (64, 64)           16            65350           62151      
  0.684358724       (64, 64)           16            65696           66369      
  0.6527994792      (64, 64)           16            65560           64311      
  0.6685872396      (64, 64)           16            65649           65433      
  0.6764648438      (64, 64)           16            65680           65907      
  0.6725260417      (64, 64)           16            65666           65667      
  0.6705566406      (64, 64)           16            65628           65636      
  0.6695800781      (64, 64)           16            65654           65312      
  0.6700683594      (64, 64)           16            65645           65430      
   0.6703125        (64, 64)           16            65636           65499      
  0.6704427083      (64, 64)           16            65690           65511      
  0.6705078125      (64, 64)           16            65648           65628      
                               Precision reached                                
================================================================================
 1.        (64, 64)               16                    0.6705078125            
================================================================================
********************************************************************************
avg:         (64, 64)                    16                  0.6705078125       
********************************************************************************
      Rate         Resolution        Frames          bsize            size      
--------------------------------------------------------------------------------
  0.4949991862     (128, 128)          16            255722          203888     
  0.7474975586     (128, 128)          16            263095          272528     
  0.6212483724     (128, 128)          16            261943          241148     
  0.684370931      (128, 128)          16            262751          257546     
  0.7159342448     (128, 128)          16            262979          265082     
  0.7001505534     (128, 128)          16            262898          261309     
  0.7080444336     (128, 128)          16            262919          262993     
  0.7040974935     (128, 128)          16            262925          262172     
  0.7060709635     (128, 128)          16            262931          262853     
  0.7070556641     (128, 128)          16            262914          263058     
  0.7065633138     (128, 128)          16            262949          262819     
  0.7068115234     (128, 128)          16            262930          262826     
  0.7069335937     (128, 128)          16            262957          262989     
  0.7068725586     (128, 128)          16            262902          263065     
                               Precision reached                                
  0.7018432617     (128, 128)          16            262929          261838     
  0.7043579102     (128, 128)          16            262916          262480     
  0.7056152344     (128, 128)          16            262912          262772     
  0.706241862      (128, 128)          16            262971          263056     
  0.7059285482     (128, 128)          16            262927          262694     
  0.7060872396     (128, 128)          16            262913          262619     
  0.7061645508     (128, 128)          16            262909          262838     
                               Precision reached                                
================================================================================
 1.       (128, 128)              16                    0.7061645508            
================================================================================
********************************************************************************
avg:        (128, 128)                   16                  0.7061645508       
********************************************************************************
                                    SUMMARY                                     
     Resolution            Frames                      Threshold                
================================================================================
      (32, 32)               16                        0.5984375                
      (64, 64)               16                       0.6705078125              
     (128, 128)              16                       0.7061645508              
================================================================================
