precision:                     0.0001
iterations:                    1
compute_effort:                1
durations:                     [2, 4, 8, 16, 32, 64, 128, 256]
resolutions:                   [1, 2, 4, 8, 16, 32, 64, 128, 256, 512, 1024]
verbose:                       False
mode:                          compute_load
codec:                         aer
entropy_coder:                 entropy
out:                           results/threshold_search_lossless/entropy_aer.log
out_redir:                     > /dev/null 2>&1


Processing resolutions...
================================================================================
 #.       Resolution            Frames                    Threshold             
================================================================================
      Rate         Resolution        Frames          bsize            size      
--------------------------------------------------------------------------------
  0.495049505        (1, 1)          10000        0.9926241175    0.3178023275  
  0.7475747575       (1, 1)          10000        0.9960754491    0.3179913771  
  0.8737873787       (1, 1)          10000        0.9971393153    0.3178237446  
  0.9368936894       (1, 1)          10000        0.9975675011    0.3174791493  
  0.9683968397       (1, 1)          10000        0.9977932571    0.3174699087  
  0.9841984198       (1, 1)          10000        0.9976588517    0.3178564067  
  0.9920992099       (1, 1)          10000        0.9978354075    0.3178388721  
   0.9959996         (1, 1)          10000        0.9976003597    0.3176116834  
   0.9979998         (1, 1)          10000        0.9975983518    0.3174852971  
   0.9989999         (1, 1)          10000        0.9978191581    0.3176455754  
   0.99949995        (1, 1)          10000        0.9977211755    0.3177864706  
   0.99979998        (1, 1)          10000        0.9977372553    0.3178228121  
   0.99989999        (1, 1)          10000        0.9977379441    0.3176835691  
      1.0            (1, 1)          10000        0.9978325019    0.3178363138  
      1.0            (1, 1)          10000        0.9977211914    0.3179061263  
                               Precision reached                                
================================================================================
 1.         (1, 1)              10000                        1.0                
================================================================================
********************************************************************************
avg:          (1, 1)                    10000                     1.0           
********************************************************************************
      Rate         Resolution        Frames          bsize            size      
--------------------------------------------------------------------------------
  0.4949979992       (2, 2)           2500        0.992270367     0.3281137337  
  0.7474989996       (2, 2)           2500        0.9962376351    0.328443676   
  0.8737494998       (2, 2)           2500        0.9966166226    0.3284361796  
  0.9368747499       (2, 2)           2500        0.9973483224    0.3283344903  
  0.9683873549       (2, 2)           2500        0.9979743866    0.3285029266  
  0.9841936775       (2, 2)           2500        0.9975975261    0.3284783658  
  0.9920968387       (2, 2)           2500        0.9975333734    0.3283595398  
  0.9959983994       (2, 2)           2500        0.9975469603    0.3284009187  
  0.9979991997       (2, 2)           2500        0.9979722181    0.3285223471  
  0.9989995998       (2, 2)           2500        0.997792718     0.3285233134  
  0.9994997999       (2, 2)           2500        0.9976926373    0.3284466525  
   0.99979992        (2, 2)           2500        0.9976471223    0.3284712318  
   0.99989996        (2, 2)           2500           0.9977       0.3284955087  
      1.0            (2, 2)           2500        0.9976902717    0.328419528   
      1.0            (2, 2)           2500        0.9975359781    0.3284348622  
                               Precision reached                                
================================================================================
 1.         (2, 2)               2500                        1.0                
================================================================================
********************************************************************************
avg:          (2, 2)                    2500                      1.0           
********************************************************************************
      Rate         Resolution        Frames          bsize            size      
--------------------------------------------------------------------------------
  0.4949919872       (4, 4)           625         0.9933274601    0.3258499909  
  0.7474959936       (4, 4)           625         0.9964158336    0.3257762881  
  0.8737980769       (4, 4)           625         0.9976616017    0.325860532   
  0.9368990385       (4, 4)           625         0.9973803796    0.3257826264  
  0.9684495192       (4, 4)           625         0.9978210804    0.3259858764  
  0.9841746795       (4, 4)           625         0.9979635575    0.325948416   
  0.9920873397       (4, 4)           625         0.9976763787    0.3260846042  
  0.9959935897       (4, 4)           625         0.9977085567    0.3259361994  
  0.9979967949       (4, 4)           625         0.9980103397    0.3258699822  
  0.9989983974       (4, 4)           625         0.9976923828    0.325734508   
  0.9994991987       (4, 4)           625         0.9976387199    0.3256560103  
  0.9997996795       (4, 4)           625         0.9973203836    0.325684863   
  0.9998998397       (4, 4)           625         0.9974667079    0.3259297633  
      1.0            (4, 4)           625         0.9979599268    0.3258612675  
      1.0            (4, 4)           625         0.9979599268    0.3258612675  
                               Precision reached                                
================================================================================
 1.         (4, 4)               625                         1.0                
================================================================================
********************************************************************************
avg:          (4, 4)                     625                      1.0           
********************************************************************************
      Rate         Resolution        Frames          bsize            size      
--------------------------------------------------------------------------------
  0.4949919872       (8, 8)           157         0.993385405     0.3323258611  
  0.7474959936       (8, 8)           157         0.9959342762    0.3318093485  
  0.8737980769       (8, 8)           157         0.9970829739    0.3316261162  
  0.9368990385       (8, 8)           157         0.9976170019    0.3318204971  
  0.9684495192       (8, 8)           157         0.9978721002    0.3317454883  
  0.9841746795       (8, 8)           157         0.9974204021    0.3316598483  
  0.9920873397       (8, 8)           157         0.9975944648    0.3319202417  
  0.9959935897       (8, 8)           157         0.9980085555    0.3318919279  
  0.9979967949       (8, 8)           157         0.9974248332    0.3317524107  
  0.9989983974       (8, 8)           157         0.9977363228    0.331834073   
  0.9994991987       (8, 8)           157         0.997673559     0.3321054133  
  0.9997996795       (8, 8)           157         0.9975387754    0.3319701832  
  0.9998998397       (8, 8)           157         0.9978305445    0.3319681783  
      1.0            (8, 8)           157         0.997858655     0.3318593187  
      1.0            (8, 8)           157         0.997858655     0.3318593187  
                               Precision reached                                
================================================================================
 1.         (8, 8)               157                         1.0                
================================================================================
********************************************************************************
avg:          (8, 8)                     157                      1.0           
********************************************************************************
      Rate         Resolution        Frames          bsize            size      
--------------------------------------------------------------------------------
  0.4949919872      (16, 16)           40         0.9933849633    0.3383774249  
  0.7474959936      (16, 16)           40         0.9959345777    0.337694062   
  0.8737980769      (16, 16)           40         0.9970470754    0.3374655483  
  0.9368990385      (16, 16)           40         0.9974007114    0.3371146414  
  0.9684495192      (16, 16)           40         0.9976434048    0.3368478603  
  0.9841746795      (16, 16)           40         0.9977436865    0.3366051478  
  0.9920873397      (16, 16)           40         0.997581883     0.3363981141  
   0.99609375       (16, 16)           40         0.9981071869    0.3366964592  
  0.9979967949      (16, 16)           40         0.997619225     0.3366296894  
  0.9989983974      (16, 16)           40         0.9974658936    0.336713357   
  0.9994991987      (16, 16)           40         0.9978115054    0.3365654262  
  0.9997996795      (16, 16)           40         0.9976049657    0.3366346482  
  0.9998998397      (16, 16)           40         0.9977134665    0.3366664109  
      1.0           (16, 16)           40         0.9980320757    0.3364118343  
      1.0           (16, 16)           40         0.9977452201    0.336574301   
                               Precision reached                                
================================================================================
 1.        (16, 16)               40                         1.0                
================================================================================
********************************************************************************
avg:         (16, 16)                    40                       1.0           
********************************************************************************
      Rate         Resolution        Frames          bsize            size      
--------------------------------------------------------------------------------
  0.4950086806      (32, 32)           10         0.9942960207    0.3503290976  
  0.7475043403      (32, 32)           10         0.9963290432     0.34536957   
  0.8738064236      (32, 32)           10         0.9970538637    0.343833286   
  0.9369574653      (32, 32)           10         0.997916785     0.3431486625  
  0.9685329861      (32, 32)           10         0.9974817442    0.3428315108  
  0.9842664931      (32, 32)           10         0.9977012653    0.342618045   
   0.9921875        (32, 32)           10         0.9974997578    0.3425679971  
   0.99609375       (32, 32)           10         0.9978841648    0.3423198005  
  0.998046875       (32, 32)           10         0.9975706011     0.34231374   
  0.9990234375      (32, 32)           10         0.9976682986    0.3424669927  
  0.9995659722      (32, 32)           10         0.9975798318    0.3424616805  
  0.9997829861      (32, 32)           10         0.9976778066    0.3426289583  
  0.9998914931      (32, 32)           10         0.9979106603    0.3429326487  
      1.0           (32, 32)           10         0.997712008     0.342879555   
      1.0           (32, 32)           10         0.9978768841    0.3428876467  
                               Precision reached                                
================================================================================
 1.        (32, 32)               10                         1.0                
================================================================================
********************************************************************************
avg:         (32, 32)                    10                       1.0           
********************************************************************************
      Rate         Resolution        Frames          bsize            size      
--------------------------------------------------------------------------------
  0.4949951172      (64, 64)           3          0.9969857302    0.3879680506  
  0.7475585938      (64, 64)           3          0.9977076088    0.3660349255  
  0.8737792969      (64, 64)           3          0.997608993     0.3594860477  
  0.9368896484      (64, 64)           3          0.9980316768    0.3568899436  
  0.9685058594      (64, 64)           3          0.9980856355    0.3559708679  
  0.9842529297      (64, 64)           3          0.9980974716    0.3554419249  
   0.9921875        (64, 64)           3          0.9981774744    0.3550472345  
   0.99609375       (64, 64)           3          0.9979808986    0.3550381034  
  0.998046875       (64, 64)           3          0.9980073511    0.3545229583  
  0.9990234375      (64, 64)           3          0.998390676     0.3545328268  
  0.9995117188      (64, 64)           3          0.9980828886    0.3544668677  
  0.9997558594      (64, 64)           3          0.9980474365    0.3551995775  
  0.9998779297      (64, 64)           3          0.9978195348    0.3552055157  
      1.0           (64, 64)           3          0.9983726933    0.3549659407  
      1.0           (64, 64)           3          0.9982464539    0.3549475989  
                               Precision reached                                
================================================================================
 1.        (64, 64)               3                          1.0                
================================================================================
********************************************************************************
avg:         (64, 64)                     3                       1.0           
********************************************************************************
      Rate         Resolution        Frames          bsize            size      
--------------------------------------------------------------------------------
  0.4949951172     (128, 128)          2          0.9988622848    0.4377435322  
  0.7474975586     (128, 128)          2          0.9991425164    0.4017424612  
  0.8737792969     (128, 128)          2          0.9991113932    0.3907545282  
  0.9368896484     (128, 128)          2          0.9992219564    0.3862859051  
  0.9684448242     (128, 128)          2          0.9992973803    0.3842325335  
  0.9842529297     (128, 128)          2          0.9992350755    0.3831732248  
  0.9921264648     (128, 128)          2          0.9992209276    0.3828299839  
   0.99609375      (128, 128)          2          0.9993598607    0.3826171904  
  0.998046875      (128, 128)          2          0.9993299422    0.3824026665  
  0.9990234375     (128, 128)          2          0.9991712914    0.3823716691  
  0.9995117188     (128, 128)          2          0.9992097318    0.3823796937  
  0.9997558594     (128, 128)          2          0.9993067738    0.3823536148  
  0.9998779297     (128, 128)          2          0.9992584246    0.3826590926  
  0.9999389648     (128, 128)          2          0.999202213     0.3823541563  
                               Precision reached                                
================================================================================
 1.       (128, 128)              2                     0.9999389648            
================================================================================
********************************************************************************
avg:        (128, 128)                    2                  0.9999389648       
********************************************************************************
      Rate         Resolution        Frames          bsize            size      
--------------------------------------------------------------------------------
  0.4949951172     (256, 256)          2          0.9997571026    0.4457452311  
  0.7474975586     (256, 256)          2          0.9997933522    0.4113564672  
  0.8737487793     (256, 256)          2          0.9997872752    0.4010891739  
  0.9368743896     (256, 256)          2          0.9997987623    0.3967484475  
  0.9684448242     (256, 256)          2          0.9997910939    0.3949506839  
  0.9842224121     (256, 256)          2          0.9998201125    0.3938892055  
  0.9921112061     (256, 256)          2          0.9998244011    0.3934930256  
  0.9960632324     (256, 256)          2          0.9998121278    0.3933043233  
  0.9980316162     (256, 256)          2          0.9998074011    0.3932970376  
  0.9990234375     (256, 256)          2          0.9998329169    0.3931409873  
  0.9995117188     (256, 256)          2          0.9998134655    0.393209981   
  0.9997558594     (256, 256)          2          0.999835038     0.3930104006  
  0.9998779297     (256, 256)          2          0.9998293894    0.3932136607  
  0.9999389648     (256, 256)          2          0.9998610183    0.3930528646  
                               Precision reached                                
================================================================================
 1.       (256, 256)              2                     0.9999389648            
================================================================================
********************************************************************************
avg:        (256, 256)                    2                  0.9999389648       
********************************************************************************
      Rate         Resolution        Frames          bsize            size      
--------------------------------------------------------------------------------
  0.4949989319     (512, 512)          2          0.999941279     0.4716703348  
  0.7474975586     (512, 512)          2          0.999941501     0.438817956   
  0.8737487793     (512, 512)          2          0.9999510137    0.4287218421  
  0.9368743896     (512, 512)          2          0.9999552638    0.424687681   
  0.9684371948     (512, 512)          2          0.9999567532    0.4228290908  
  0.9842185974     (512, 512)          2          0.9999554981    0.4219468469  
  0.9921112061     (512, 512)          2          0.9999638735    0.4214929522  
  0.996055603      (512, 512)          2          0.9999518896    0.4212621125  
  0.9980278015     (512, 512)          2          0.999946365     0.4211583048  
  0.9990158081     (512, 512)          2          0.9999552629    0.4211747424  
  0.9995079041     (512, 512)          2          0.9999544618    0.4210931128  
  0.9997558594     (512, 512)          2          0.9999617713    0.4210899144  
  0.9998779297     (512, 512)          2          0.9999582452    0.4210960008  
  0.9999389648     (512, 512)          2          0.9999574544    0.4210501307  
                               Precision reached                                
================================================================================
 1.       (512, 512)              2                     0.9999389648            
================================================================================
********************************************************************************
avg:        (512, 512)                    2                  0.9999389648       
********************************************************************************
      Rate         Resolution        Frames          bsize            size      
--------------------------------------------------------------------------------
  0.4949998856    (1024, 1024)         2          0.9999833208    0.5025507293  
  0.7474994659    (1024, 1024)         2          0.9999868365    0.4711487064  
  0.873749733     (1024, 1024)         2          0.9999869515    0.4615755339  
  0.9368743896    (1024, 1024)         2          0.9999875043    0.4576820774  
  0.9684371948    (1024, 1024)         2          0.9999890267    0.4558875137  
  0.9842185974    (1024, 1024)         2          0.9999897762    0.4550113047  
  0.9921092987    (1024, 1024)         2          0.9999890175     0.45464834   
  0.9960546494    (1024, 1024)         2          0.9999864329    0.454418926   
  0.9980278015    (1024, 1024)         2          0.9999870649    0.4543315304  
  0.9990139008    (1024, 1024)         2          0.9999897062    0.4542672093  
  0.9995069504    (1024, 1024)         2          0.9999899543    0.4542437442  
  0.999753952     (1024, 1024)         2          0.9999874061    0.454213303   
  0.999876976     (1024, 1024)         2          0.9999905444    0.4541846391  
  0.9999389648    (1024, 1024)         2          0.9999897197    0.4542327768  
                               Precision reached                                
================================================================================
 1.      (1024, 1024)             2                     0.9999389648            
================================================================================
********************************************************************************
avg:       (1024, 1024)                   2                  0.9999389648       
********************************************************************************
                                    SUMMARY                                     
     Resolution            Frames                      Threshold                
================================================================================
       (1, 1)              10000                          1.0                   
       (2, 2)               2500                          1.0                   
       (4, 4)               625                           1.0                   
       (8, 8)               157                           1.0                   
      (16, 16)               40                           1.0                   
      (32, 32)               10                           1.0                   
      (64, 64)               3                            1.0                   
     (128, 128)              2                        0.9999389648              
     (256, 256)              2                        0.9999389648              
     (512, 512)              2                        0.9999389648              
    (1024, 1024)             2                        0.9999389648              
================================================================================


Processing durations...
================================================================================
 #.       Resolution            Frames                    Threshold             
================================================================================
      Rate         Resolution        Frames          bsize            size      
--------------------------------------------------------------------------------
  0.4949414799      (71, 71)           2          0.9962135634    0.4293047609  
  0.7474707399      (71, 71)           2          0.9974081098    0.3936018512  
  0.8736361833      (71, 71)           2          0.9968119453    0.3818510601  
  0.936718905       (71, 71)           2          0.997410543     0.3771890408  
  0.9684586392      (71, 71)           2          0.9973069079    0.3747443266  
  0.9843285062      (71, 71)           2          0.9971612654    0.3739954265  
  0.9922634398      (71, 71)           2          0.997486718     0.3733509485  
  0.9962309066      (71, 71)           2          0.9976769096    0.3729369187  
   0.99821464       (71, 71)           2          0.9971919244    0.3733462322  
  0.9990081333      (71, 71)           2          0.9973504404    0.3730670816  
   0.99940488       (71, 71)           2          0.9975949923    0.3731379189  
  0.9998016267      (71, 71)           2          0.9971758759    0.3729248791  
  0.9998016267      (71, 71)           2          0.9977719641    0.3735197637  
                               Precision reached                                
================================================================================
 1.        (71, 71)               2                     0.9998016267            
================================================================================
********************************************************************************
avg:         (71, 71)                     2                  0.9998016267       
********************************************************************************
      Rate         Resolution        Frames          bsize            size      
--------------------------------------------------------------------------------
  0.4949333333      (50, 50)           4          0.9952372192    0.3728898313  
  0.7474666667      (50, 50)           4          0.9968354006    0.3578325003  
  0.8737333333      (50, 50)           4          0.9968395426    0.3529323162  
  0.9369333333      (50, 50)           4          0.9975397643    0.3514510291  
     0.9684         (50, 50)           4          0.9975112893    0.3506257027  
  0.9842666667      (50, 50)           4          0.9978875911    0.350191299   
  0.9921333333      (50, 50)           4          0.9973670109    0.3501546933  
     0.996          (50, 50)           4          0.9974677333    0.3501078004  
     0.998          (50, 50)           4          0.9978628905    0.3498288946  
  0.9989333333      (50, 50)           4          0.9978424514    0.3498618878  
  0.9994666667      (50, 50)           4          0.997664558     0.3498054158  
  0.9997333333      (50, 50)           4          0.9977183472     0.34986366   
  0.9998666667      (50, 50)           4          0.9974775264    0.3499081807  
      1.0           (50, 50)           4          0.997902363     0.3499535059  
      1.0           (50, 50)           4          0.997902363     0.3499535059  
                               Precision reached                                
================================================================================
 1.        (50, 50)               4                          1.0                
================================================================================
********************************************************************************
avg:         (50, 50)                     4                       1.0           
********************************************************************************
      Rate         Resolution        Frames          bsize            size      
--------------------------------------------------------------------------------
  0.4950396825      (36, 36)           8          0.9949255693    0.3551232647  
  0.7474647266      (36, 36)           8          0.9967676674    0.3489430484  
  0.8736772487      (36, 36)           8          0.9977819603    0.3464808353  
  0.9368386243      (36, 36)           8          0.9977198321    0.3456358614  
  0.9683641975      (36, 36)           8          0.9978182524    0.3451367337  
  0.9841269841      (36, 36)           8          0.9979783981    0.3451456282  
  0.9920634921      (36, 36)           8          0.9978525492    0.344924515   
  0.996031746       (36, 36)           8          0.997302174     0.3452423261  
  0.998015873       (36, 36)           8          0.9975810765    0.3450318962  
  0.9990079365      (36, 36)           8          0.9977237241    0.345061133   
  0.9994488536      (36, 36)           8          0.9975876042    0.3448029569  
  0.9997795414      (36, 36)           8          0.9980736762    0.3446554438  
  0.9998897707      (36, 36)           8          0.9975628481     0.34475426   
      1.0           (36, 36)           8          0.9976670922    0.344644707   
      1.0           (36, 36)           8          0.9976670922    0.344644707   
                               Precision reached                                
================================================================================
 1.        (36, 36)               8                          1.0                
================================================================================
********************************************************************************
avg:         (36, 36)                     8                       1.0           
********************************************************************************
      Rate         Resolution        Frames          bsize            size      
--------------------------------------------------------------------------------
    0.49504         (25, 25)           16         0.993244684     0.3415934978  
    0.74752         (25, 25)           16         0.9970521191    0.3379525088  
  0.8738133333      (25, 25)           16         0.9967661714    0.3366653289  
    0.93696         (25, 25)           16         0.9974987481    0.3366325709  
  0.9684266667      (25, 25)           16         0.997822714     0.336416619   
  0.9842133333      (25, 25)           16         0.997359781     0.3364012089  
  0.9921066667      (25, 25)           16         0.9981670566    0.336276675   
  0.9960533333      (25, 25)           16         0.9978429344    0.3365572894  
  0.9979733333      (25, 25)           16         0.9974088521    0.3363240432  
    0.99904         (25, 25)           16         0.9975347548    0.3365766773  
  0.9995733333      (25, 25)           16         0.9976079478    0.336496357   
  0.9997866667      (25, 25)           16         0.9976824826    0.3365524927  
  0.9998933333      (25, 25)           16         0.9978090628    0.3365055181  
      1.0           (25, 25)           16         0.9977298075    0.3368300106  
      1.0           (25, 25)           16         0.9976787739    0.3367148768  
                               Precision reached                                
================================================================================
 1.        (25, 25)               16                         1.0                
================================================================================
********************************************************************************
avg:         (25, 25)                    16                       1.0           
********************************************************************************
      Rate         Resolution        Frames          bsize            size      
--------------------------------------------------------------------------------
  0.4950219036      (18, 18)           32         0.9931255116    0.338634189   
  0.7475109518      (18, 18)           32         0.996745732     0.3372096415  
  0.8737554759      (18, 18)           32         0.9970189196    0.335930888   
  0.936877738       (18, 18)           32         0.9978695983    0.3357487008  
  0.968438869       (18, 18)           32         0.9979066029    0.3358273095  
  0.9841696535      (18, 18)           32         0.9978114923    0.3356512176  
  0.9921346077      (18, 18)           32         0.9979450132    0.3355860856  
  0.9961170848      (18, 18)           32         0.997351966     0.3356365575  
  0.9981083234      (18, 18)           32         0.997811553     0.3353717555  
  0.9990043807      (18, 18)           32         0.9976837786    0.3353713187  
  0.9995021904      (18, 18)           32         0.9977570919    0.3355590249  
  0.9998008761      (18, 18)           32         0.9979096474    0.3352879232  
  0.9999004381      (18, 18)           32         0.9981379843    0.3354288146  
                               Precision reached                                
================================================================================
 1.        (18, 18)               32                    0.9999004381            
================================================================================
********************************************************************************
avg:         (18, 18)                    32                  0.9999004381       
********************************************************************************
      Rate         Resolution        Frames          bsize            size      
--------------------------------------------------------------------------------
  0.4949751104      (13, 13)           64         0.9940005917    0.3393851033  
  0.7474405936      (13, 13)           64         0.9966761327    0.3386910047  
  0.8736733352      (13, 13)           64         0.9972269815    0.3382721565  
  0.936789706       (13, 13)           64         0.9973952454    0.3380693757  
  0.9683478914      (13, 13)           64         0.9973049497    0.3381317114  
  0.9841269841      (13, 13)           64         0.9976946864    0.3380739379  
  0.9920165305      (13, 13)           64         0.9974359722    0.3382181895  
  0.9959613037      (13, 13)           64         0.9976868062    0.3382137024  
  0.9979336902      (13, 13)           64         0.9977178424    0.3381015123  
  0.9989668451      (13, 13)           64         0.9977827721    0.3381415611  
  0.999436461       (13, 13)           64         0.9978060041    0.3381386959  
  0.9997182305      (13, 13)           64         0.9983102569    0.3380636324  
  0.9998121537      (13, 13)           64         0.9979824842    0.3380224548  
                               Precision reached                                
================================================================================
 1.        (13, 13)               64                    0.9998121537            
================================================================================
********************************************************************************
avg:         (13, 13)                    64                  0.9998121537       
********************************************************************************
      Rate         Resolution        Frames          bsize            size      
--------------------------------------------------------------------------------
  0.4949936813       (9, 9)           128         0.9934893337     0.33434002   
  0.7474482356       (9, 9)           128         0.9963566416    0.3338290895  
  0.8737241178       (9, 9)           128         0.9970498579    0.3337490919  
  0.9369106639       (9, 9)           128         0.9974334266    0.3333781351  
  0.9684067269       (9, 9)           128         0.9977087268    0.3337086524  
  0.9841547584       (9, 9)           128         0.9980867735    0.3337843982  
  0.9921259843       (9, 9)           128         0.9979637784    0.333616883   
  0.9961115972       (9, 9)           128         0.9978214146    0.333692447   
  0.9980557986       (9, 9)           128         0.9975541809    0.3335451169  
  0.9990278993       (9, 9)           128         0.9980813851    0.3340037482  
  0.9995139496       (9, 9)           128         0.9975968182    0.3340367188  
  0.9998055799       (9, 9)           128         0.9974424329    0.3339305939  
  0.9999027899       (9, 9)           128         0.9977328761    0.3339878703  
                               Precision reached                                
================================================================================
 1.         (9, 9)               128                    0.9999027899            
================================================================================
********************************************************************************
avg:          (9, 9)                     128                 0.9999027899       
********************************************************************************
      Rate         Resolution        Frames          bsize            size      
--------------------------------------------------------------------------------
  0.4949979992       (7, 7)           256         0.9933242694    0.333595851   
  0.7474989996       (7, 7)           256         0.9970533704    0.333672378   
  0.8737094838       (7, 7)           256         0.9980266519    0.333738029   
  0.9368547419       (7, 7)           256         0.9979484313    0.3337524407  
  0.9683873549       (7, 7)           256         0.9977699331    0.3333712126  
  0.9842336935       (7, 7)           256         0.9980596125    0.3335787788  
  0.9921568627       (7, 7)           256         0.9981318698    0.333768645   
  0.9960784314       (7, 7)           256         0.9979144361    0.3334887497  
  0.9980792317       (7, 7)           256         0.9984548242    0.3334165024  
  0.9990396158       (7, 7)           256         0.9981634281    0.3334661221  
  0.9995198079       (7, 7)           256         0.9984104331    0.3334896487  
  0.999759904        (7, 7)           256         0.9984296491    0.3335323927  
  0.999839936        (7, 7)           256         0.9978618887    0.3335562405  
                               Precision reached                                
================================================================================
 1.         (7, 7)               256                     0.999839936            
================================================================================
********************************************************************************
avg:          (7, 7)                     256                  0.999839936       
********************************************************************************
                                    SUMMARY                                     
     Resolution            Frames                      Threshold                
================================================================================
      (71, 71)               2                        0.9998016267              
      (50, 50)               4                            1.0                   
      (36, 36)               8                            1.0                   
      (25, 25)               16                           1.0                   
      (18, 18)               32                       0.9999004381              
      (13, 13)               64                       0.9998121537              
       (9, 9)               128                       0.9999027899              
       (7, 7)               256                       0.999839936               
================================================================================
