precision:                     0.0001
iterations:                    1
compute_effort:                1
range:                         (0, 256)
durations:                     [2, 4, 8, 16, 32, 64, 128, 256]
resolutions:                   [1, 2, 4, 8, 16, 32, 64, 128, 256, 512, 1024]
verbose:                       False
mode:                          compute_load
codec:                         pure_aer
entropy_coder:                 entropy
out:                           results/threshold_search_lossless/pure_aer_entropy.log
out_redir:                     > /dev/null 2>&1


Processing resolutions...
================================================================================
 #.       Resolution            Frames                    Threshold             
================================================================================
      Rate         Resolution        Frames          bsize            size      
--------------------------------------------------------------------------------
  0.495049505        (1, 1)          10000        0.991660552     0.2415781378  
  0.7475747575       (1, 1)          10000        0.9961977419    0.2418867181  
  0.8737873787       (1, 1)          10000        0.9972345579    0.2418117453  
  0.9368936894       (1, 1)          10000        0.9972710363    0.241934891   
  0.9683968397       (1, 1)          10000        0.997243238     0.2417783151  
  0.9841984198       (1, 1)          10000        0.9978543896    0.2416695914  
  0.9920992099       (1, 1)          10000        0.9973074052    0.2416865237  
   0.9959996         (1, 1)          10000        0.9979935526    0.2415796637  
   0.9979998         (1, 1)          10000        0.9976439337    0.2417374064  
   0.9989999         (1, 1)          10000        0.997506937     0.2421471452  
   0.99949995        (1, 1)          10000        0.9975770066    0.2419471568  
   0.99979998        (1, 1)          10000        0.9977521455    0.2418920545  
   0.99989999        (1, 1)          10000        0.9977908309    0.2418136839  
      1.0            (1, 1)          10000        0.9978995696    0.2415523648  
      1.0            (1, 1)          10000        0.9978488392    0.2418639458  
                               Precision reached                                
================================================================================
 1.         (1, 1)              10000                        1.0                
================================================================================
********************************************************************************
avg:          (1, 1)                    10000                     1.0           
********************************************************************************
      Rate         Resolution        Frames          bsize            size      
--------------------------------------------------------------------------------
  0.4949979992       (2, 2)           2500        0.9917878958    0.2505212233  
  0.7474989996       (2, 2)           2500        0.9961380388    0.2501124081  
  0.8737494998       (2, 2)           2500        0.9972298714    0.2502167436  
  0.9368747499       (2, 2)           2500        0.9971317468    0.2503833094  
  0.9683873549       (2, 2)           2500        0.9977250076    0.250520826   
  0.9841936775       (2, 2)           2500        0.9976857428    0.249917895   
  0.9920968387       (2, 2)           2500        0.9979242311    0.2502300553  
  0.9959983994       (2, 2)           2500        0.997551646     0.2500836477  
  0.9979991997       (2, 2)           2500        0.9975108843    0.2502374953  
  0.9989995998       (2, 2)           2500        0.9978089542    0.2497647976  
  0.9994997999       (2, 2)           2500        0.9973806475    0.2501330267  
   0.99979992        (2, 2)           2500        0.9977951586    0.2503197293  
   0.99989996        (2, 2)           2500        0.9976844597    0.250486085   
      1.0            (2, 2)           2500        0.9981092425    0.2501595615  
      1.0            (2, 2)           2500        0.997333592     0.2498554426  
                               Precision reached                                
================================================================================
 1.         (2, 2)               2500                        1.0                
================================================================================
********************************************************************************
avg:          (2, 2)                    2500                      1.0           
********************************************************************************
      Rate         Resolution        Frames          bsize            size      
--------------------------------------------------------------------------------
  0.4949919872       (4, 4)           625         0.9938136666    0.2466598114  
  0.7474959936       (4, 4)           625         0.9958592146    0.2460701287  
  0.8737980769       (4, 4)           625         0.9971020428    0.2465761888  
  0.9368990385       (4, 4)           625         0.9973432192    0.2464231753  
  0.9684495192       (4, 4)           625         0.9973783863    0.2463975895  
  0.9841746795       (4, 4)           625         0.9977543207    0.2463524119  
  0.9920873397       (4, 4)           625         0.9977943488    0.2464144815  
  0.9959935897       (4, 4)           625         0.9972351214    0.2463027381  
  0.9979967949       (4, 4)           625         0.9977878329    0.2466307683  
  0.9989983974       (4, 4)           625         0.9980142998    0.2464611352  
  0.9994991987       (4, 4)           625         0.9977521121    0.2463546228  
  0.9997996795       (4, 4)           625         0.9974814739    0.2462069533  
  0.9998998397       (4, 4)           625         0.9976784861    0.2466046467  
      1.0            (4, 4)           625         0.9977199478    0.2462173632  
      1.0            (4, 4)           625         0.9976577675    0.2469042054  
                               Precision reached                                
================================================================================
 1.         (4, 4)               625                         1.0                
================================================================================
********************************************************************************
avg:          (4, 4)                     625                      1.0           
********************************************************************************
      Rate         Resolution        Frames          bsize            size      
--------------------------------------------------------------------------------
  0.4949919872       (8, 8)           157         0.9936294158    0.2527050493  
  0.7474959936       (8, 8)           157         0.9954681975    0.2524958023  
  0.8737980769       (8, 8)           157         0.9972360902    0.2526213068  
  0.9368990385       (8, 8)           157         0.9976219304    0.252281581   
  0.9684495192       (8, 8)           157         0.997657683     0.2525667044  
  0.9841746795       (8, 8)           157         0.9972003339    0.2526415022  
  0.9920873397       (8, 8)           157         0.9975180485    0.2529506624  
  0.9959935897       (8, 8)           157         0.9972412856    0.252657169   
  0.9979967949       (8, 8)           157         0.997834755     0.2530586891  
  0.9989983974       (8, 8)           157         0.9973658238    0.252925959   
  0.9994991987       (8, 8)           157         0.9979041309    0.2524515676  
  0.9997996795       (8, 8)           157         0.9975005314    0.252696949   
  0.9998998397       (8, 8)           157         0.9976927227    0.2526130385  
      1.0            (8, 8)           157         0.997989101     0.2524911595  
      1.0            (8, 8)           157         0.9978542684    0.2525835426  
                               Precision reached                                
================================================================================
 1.         (8, 8)               157                         1.0                
================================================================================
********************************************************************************
avg:          (8, 8)                     157                      1.0           
********************************************************************************
      Rate         Resolution        Frames          bsize            size      
--------------------------------------------------------------------------------
  0.4949919872      (16, 16)           40         0.9932540671    0.2487053692  
  0.7474959936      (16, 16)           40         0.9962000255    0.2482098286  
  0.8737980769      (16, 16)           40         0.9969944364    0.248041748   
  0.9368990385      (16, 16)           40         0.9974233268    0.2480608043  
  0.9684495192      (16, 16)           40         0.997536255     0.2481758665  
  0.9841746795      (16, 16)           40         0.9977942014    0.2481448412  
  0.9920873397      (16, 16)           40         0.997780971     0.2484389461  
   0.99609375       (16, 16)           40         0.9976874843    0.2485215224  
  0.9979967949      (16, 16)           40         0.9976855245    0.2480736164  
  0.9989983974      (16, 16)           40         0.997728525     0.2481106659  
  0.9994991987      (16, 16)           40         0.9978803085    0.2481685099  
  0.9997996795      (16, 16)           40         0.9979188708    0.2484311126  
  0.9998998397      (16, 16)           40         0.9976018172    0.2485175569  
      1.0           (16, 16)           40         0.997791993     0.2483770408  
      1.0           (16, 16)           40         0.9978898598    0.2481415514  
                               Precision reached                                
================================================================================
 1.        (16, 16)               40                         1.0                
================================================================================
********************************************************************************
avg:         (16, 16)                    40                       1.0           
********************************************************************************
      Rate         Resolution        Frames          bsize            size      
--------------------------------------------------------------------------------
  0.4950086806      (32, 32)           10         0.9938620056    0.2465957131  
  0.7475043403      (32, 32)           10         0.9959244263    0.2469051272  
  0.8738064236      (32, 32)           10         0.9970513505    0.2469724115  
  0.9369574653      (32, 32)           10         0.9973340325    0.2468879013  
  0.9685329861      (32, 32)           10         0.9976814894    0.2461872389  
  0.9842664931      (32, 32)           10         0.997718106     0.2466463559  
   0.9921875        (32, 32)           10         0.9976774639    0.2470955069  
   0.99609375       (32, 32)           10         0.998042194     0.2468611704  
  0.998046875       (32, 32)           10         0.9974796132    0.2467678581  
  0.9990234375      (32, 32)           10         0.9979523499    0.246513442   
  0.9995659722      (32, 32)           10         0.9975231086    0.246588946   
  0.9997829861      (32, 32)           10         0.9975220126    0.2463585531  
  0.9998914931      (32, 32)           10         0.9975578713    0.2466612052  
      1.0           (32, 32)           10         0.9978476337    0.246677938   
      1.0           (32, 32)           10         0.9976590654    0.2469032446  
                               Precision reached                                
================================================================================
 1.        (32, 32)               10                         1.0                
================================================================================
********************************************************************************
avg:         (32, 32)                    10                       1.0           
********************************************************************************
      Rate         Resolution        Frames          bsize            size      
--------------------------------------------------------------------------------
  0.4949951172      (64, 64)           3          0.996785141     0.2359199573  
  0.7475585938      (64, 64)           3          0.9970454779    0.2359882531  
  0.8737792969      (64, 64)           3          0.9978741101    0.2355417631  
  0.9368896484      (64, 64)           3          0.998243513     0.234924767   
  0.9685058594      (64, 64)           3          0.9982393364    0.235620939   
  0.9842529297      (64, 64)           3          0.9980867003    0.2352156081  
   0.9921875        (64, 64)           3          0.9980095666    0.2356089281  
   0.99609375       (64, 64)           3          0.998051994     0.2352952318  
  0.998046875       (64, 64)           3          0.9980889887    0.2353499722  
  0.9990234375      (64, 64)           3          0.9981325494    0.2358116014  
  0.9995117188      (64, 64)           3          0.9982138123    0.2355596287  
  0.9997558594      (64, 64)           3          0.9980949717    0.2352533067  
  0.9998779297      (64, 64)           3          0.9985577795    0.2353272124  
      1.0           (64, 64)           3          0.9982360275    0.2358618485  
      1.0           (64, 64)           3          0.9980807362    0.2352725077  
                               Precision reached                                
================================================================================
 1.        (64, 64)               3                          1.0                
================================================================================
********************************************************************************
avg:         (64, 64)                     3                       1.0           
********************************************************************************
      Rate         Resolution        Frames          bsize            size      
--------------------------------------------------------------------------------
  0.4949951172     (128, 128)          2          0.9988752995    0.2401597358  
  0.7474975586     (128, 128)          2          0.9991624669    0.2394680283  
  0.8737792969     (128, 128)          2          0.9992632148    0.2388001302  
  0.9368896484     (128, 128)          2          0.9993443296    0.2389423659  
  0.9684448242     (128, 128)          2          0.9992437077    0.2393192909  
  0.9842529297     (128, 128)          2          0.999309117     0.2390827797  
  0.9921264648     (128, 128)          2          0.9993282246    0.2394069195  
   0.99609375      (128, 128)          2          0.9992558321    0.2390714278  
  0.998046875      (128, 128)          2          0.9992998029    0.238959704   
  0.9990234375     (128, 128)          2          0.999202123     0.2390357072  
  0.9995117188     (128, 128)          2          0.9992635036    0.2391218276  
  0.9997558594     (128, 128)          2          0.9993368927    0.2390255629  
  0.9998779297     (128, 128)          2          0.9992772824    0.2391469589  
  0.9999389648     (128, 128)          2          0.9993544983    0.2393102158  
                               Precision reached                                
================================================================================
 1.       (128, 128)              2                     0.9999389648            
================================================================================
********************************************************************************
avg:        (128, 128)                    2                  0.9999389648       
********************************************************************************
      Rate         Resolution        Frames          bsize            size      
--------------------------------------------------------------------------------
  0.4949951172     (256, 256)          2          0.9997208303    0.2596989083  
  0.7474975586     (256, 256)          2          0.9997515032    0.2592104605  
  0.8737487793     (256, 256)          2          0.9998034497    0.258967302   
  0.9368743896     (256, 256)          2          0.9998250538    0.2589508681  
  0.9684448242     (256, 256)          2          0.9998253922    0.2591030598  
  0.9842224121     (256, 256)          2          0.9997863695    0.2589909893  
  0.9921112061     (256, 256)          2          0.9998280083    0.2591581443  
  0.9960632324     (256, 256)          2          0.9998011239    0.2590475539  
  0.9980316162     (256, 256)          2          0.9998303182    0.2589907594  
  0.9990234375     (256, 256)          2          0.9998369868    0.2590500259  
  0.9995117188     (256, 256)          2          0.9998099201    0.2587392227  
  0.9997558594     (256, 256)          2          0.9998224942    0.2589587675  
  0.9998779297     (256, 256)          2          0.9998174334    0.2590104167  
  0.9999389648     (256, 256)          2          0.9998346958    0.2588658779  
                               Precision reached                                
================================================================================
 1.       (256, 256)              2                     0.9999389648            
================================================================================
********************************************************************************
avg:        (256, 256)                    2                  0.9999389648       
********************************************************************************
      Rate         Resolution        Frames          bsize            size      
--------------------------------------------------------------------------------
