precision:                     0.0001
iterations:                    1
compute_effort:                1
range:                         (0, 256)
durations:                     [2, 4, 8, 16, 32, 64, 128, 256]
resolutions:                   [1, 2, 4, 8, 16, 32, 64, 128, 256, 512, 1024]
verbose:                       False
mode:                          compute_load
codec:                         pure_aer
entropy_coder:                 entropy_size
out:                           results/threshold_search_lossless/pure_aer_entropy_size.log
out_redir:                     > /dev/null 2>&1


Processing resolutions...
================================================================================
 #.       Resolution            Frames                    Threshold             
================================================================================
      Rate         Resolution        Frames          bsize            size      
--------------------------------------------------------------------------------
  0.495049505        (1, 1)          10000        9936.487231     1325192.813   
  0.2425242524       (1, 1)          10000        9805.637904     660039.4267   
  0.1163116312       (1, 1)          10000        9618.987262      301532.411   
 0.05320532053       (1, 1)          10000        9182.586195     151831.7117   
 0.02160216022       (1, 1)          10000        8167.737137     54983.68842   
 0.005800580058      (1, 1)          10000        6121.161702     13878.94687   
      0.0            (1, 1)          10000            0.0         2.763214542   
      0.0            (1, 1)          10000            0.0         2.763214542   
                               Precision reached                                
================================================================================
 1.         (1, 1)              10000                        0.0                
================================================================================
********************************************************************************
avg:          (1, 1)                    10000                     0.0           
********************************************************************************
      Rate         Resolution        Frames          bsize            size      
--------------------------------------------------------------------------------
  0.4949979992       (2, 2)           2500        9930.665627     1352814.049   
  0.2424969988       (2, 2)           2500        9832.458978     676983.7974   
  0.1162464986       (2, 2)           2500        9632.718461     314569.2123   
  0.0531212485       (2, 2)           2500        9190.100722     139765.6308   
 0.02160864346       (2, 2)           2500        8371.684273     59107.33114   
 0.005802320928      (2, 2)           2500        6524.554352     15119.69134   
      0.0            (2, 2)           2500           2500.0           4.75      
 0.002901160464      (2, 2)           2500        5537.086577     7567.744809   
 0.001400560224      (2, 2)           2500        4418.919488      3116.16211   
 0.002200880352      (2, 2)           2500        5128.585715     3750.932732   
 0.002601040416      (2, 2)           2500        5235.848226      5046.41507   
 0.002801120448      (2, 2)           2500        5434.190612     5694.225865   
 0.002701080432      (2, 2)           2500        5161.890981     6542.506241   
 0.002601040416      (2, 2)           2500        5186.647612     6591.914362   
 0.002601040416      (2, 2)           2500        5365.969619     4620.761769   
                               Precision reached                                
================================================================================
 1.         (2, 2)               2500                  0.002601040416           
================================================================================
********************************************************************************
avg:          (2, 2)                    2500                0.002601040416      
********************************************************************************
      Rate         Resolution        Frames          bsize            size      
--------------------------------------------------------------------------------
  0.4949919872       (4, 4)           625         9924.781865     1345790.484   
  0.2424879808       (4, 4)           625         9858.500032     671117.4639   
  0.1162860577       (4, 4)           625         9644.641204     317983.8427   
 0.05318509615       (4, 4)           625         9276.650346     138520.9148   
 0.02163461538       (4, 4)           625         8418.499195     50606.13095   
 0.005809294872      (4, 4)           625         6935.521708     14642.31352   
      0.0            (4, 4)           625            5000.0       13.57574223   
 0.002904647436      (4, 4)           625         6157.646026     7652.462569   
 0.00140224359       (4, 4)           625         5528.948785     2832.072458   
 0.002203525641      (4, 4)           625         5669.337737     6313.576714   
 0.001802884615      (4, 4)           625          5835.67386      5204.71138   
 0.002003205128      (4, 4)           625         5820.421003     5178.978022   
 0.002103365385      (4, 4)           625         5928.964503     5566.944349   
 0.002203525641      (4, 4)           625         6019.545214     5997.824412   
 0.002203525641      (4, 4)           625         5956.602434     4340.238748   
                               Precision reached                                
================================================================================
 1.         (4, 4)               625                   0.002203525641           
================================================================================
********************************************************************************
avg:          (4, 4)                     625                0.002203525641      
********************************************************************************
      Rate         Resolution        Frames          bsize            size      
--------------------------------------------------------------------------------
  0.4949919872       (8, 8)           157         9986.052621     1394179.443   
  0.2424879808       (8, 8)           157         9898.177378     691654.4115   
  0.1162860577       (8, 8)           157         9715.095168     314462.4777   
 0.05318509615       (8, 8)           157         9409.028674     148509.6848   
 0.02163461538       (8, 8)           157          8663.85061     61550.84307   
 0.005809294872      (8, 8)           157         7826.917865     13090.62525   
      0.0            (8, 8)           157         7035.370666     50.78914575   
 0.002904647436      (8, 8)           157          7640.31584     8163.365934   
 0.00140224359       (8, 8)           157         7269.359085      3689.72524   
 0.002203525641      (8, 8)           157         7547.825095     5919.939457   
 0.002604166667      (8, 8)           157         7613.268909     7020.446946   
 0.002704326923      (8, 8)           157         7589.344843     8982.557719   
 0.002604166667      (8, 8)           157         7563.669034     6772.001186   
 0.002604166667      (8, 8)           157          7555.19949     8510.516237   
                               Precision reached                                
      0.0            (8, 8)           157         7207.185333     51.88350669   
                               Precision reached                                
================================================================================
 1.         (8, 8)               157                         0.0                
================================================================================
********************************************************************************
avg:          (8, 8)                     157                      0.0           
********************************************************************************
      Rate         Resolution        Frames          bsize            size      
--------------------------------------------------------------------------------
  0.4949919872      (16, 16)           40         10173.47787     1381579.394   
  0.2424879808      (16, 16)           40         10104.50824     668827.8899   
  0.1162860577      (16, 16)           40         9957.971989     325788.3658   
 0.05318509615      (16, 16)           40         9745.752891     147120.0696   
 0.02163461538      (16, 16)           40         9431.239096     59624.47982   
 0.005809294872     (16, 16)           40         9333.661039     13834.29452   
      0.0           (16, 16)           40         9106.463047      236.878793   
 0.002904647436     (16, 16)           40         9127.877375     8536.069573   
 0.004306891026     (16, 16)           40         9157.350596     12990.59661   
 0.003605769231     (16, 16)           40          9245.73181     9933.815979   
 0.003305288462     (16, 16)           40         9209.183739     9625.586987   
 0.003104967949     (16, 16)           40         9153.099367     7204.821907   
 0.003205128205     (16, 16)           40         9159.441639     9214.812936   
 0.003104967949     (16, 16)           40         9167.408738      8472.43208   
 0.003104967949     (16, 16)           40         9159.611857     8593.181487   
                               Precision reached                                
================================================================================
 1.        (16, 16)               40                   0.003104967949           
================================================================================
********************************************************************************
avg:         (16, 16)                    40                 0.003104967949      
********************************************************************************
      Rate         Resolution        Frames          bsize            size      
--------------------------------------------------------------------------------
  0.4950086806      (32, 32)           10         10184.36724      1246201.81   
  0.2425130208      (32, 32)           10         10115.96805     606767.6407   
  0.1162109375      (32, 32)           10         10076.35108     292911.2184   
 0.05305989583      (32, 32)           10         10053.01581     133550.4766   
  0.021484375       (32, 32)           10         10022.55368     57473.10848   
 0.005750868056     (32, 32)           10         9973.772092     15759.35948   
      0.0           (32, 32)           10         10014.36672     1011.643542   
  0.0029296875      (32, 32)           10         10010.68213      8254.27048   
 0.004340277778     (32, 32)           10         10012.71505     11767.67937   
 0.003689236111     (32, 32)           10         10020.34775     11186.72963   
 0.003363715278     (32, 32)           10         10003.87133     9181.940959   
 0.003472222222     (32, 32)           10         10017.81011      10446.6279   
 0.003472222222     (32, 32)           10          10006.6382     10167.45025   
                               Precision reached                                
      0.0           (32, 32)           10         10003.46657     1010.553527   
                               Precision reached                                
================================================================================
 1.        (32, 32)               10                         0.0                
================================================================================
********************************************************************************
avg:         (32, 32)                    10                       0.0           
********************************************************************************
      Rate         Resolution        Frames          bsize            size      
--------------------------------------------------------------------------------
  0.4949951172      (64, 64)           3          12235.98163     1073727.325   
  0.2425537109      (64, 64)           3          12222.40036      534803.216   
  0.1163330078      (64, 64)           3          12218.82867     252367.4071   
 0.05322265625      (64, 64)           3           12224.2656     117984.0046   
 0.02160644531      (64, 64)           3          12224.57265     50166.12821   
  0.005859375       (64, 64)           3           12217.4369     19589.55944   
      0.0           (64, 64)           3          12219.13078     4084.251796   
  0.0029296875      (64, 64)           3          12217.89572     10848.51461   
 0.00439453125      (64, 64)           3          12219.19147     14658.95395   
 0.003662109375     (64, 64)           3          12220.43024     11724.64445   
 0.004028320312     (64, 64)           3          12219.89895     14297.52002   
   0.00390625       (64, 64)           3          12219.43904     13094.16815   
 0.003784179688     (64, 64)           3          12220.45879     12888.01051   
 0.003662109375     (64, 64)           3          12221.03481     12050.05546   
 0.003662109375     (64, 64)           3          12219.77532     12838.74893   
                               Precision reached                                
      0.0           (64, 64)           3          12219.35109     4084.325231   
                               Precision reached                                
================================================================================
 1.        (64, 64)               3                          0.0                
================================================================================
********************************************************************************
avg:         (64, 64)                     3                       0.0           
********************************************************************************
      Rate         Resolution        Frames          bsize            size      
--------------------------------------------------------------------------------
  0.4949951172     (128, 128)          2          32723.67381     2149713.832   
  0.2424926758     (128, 128)          2          32731.40778     1095014.636   
  0.1162719727     (128, 128)          2          32727.21015     527397.9432   
 0.05316162109     (128, 128)          2          32726.70737     249284.5935   
 0.02160644531     (128, 128)          2          32723.28679     119642.5322   
 0.005798339844    (128, 128)          2          32721.74122     46863.87633   
      0.0          (128, 128)          2           32718.6007     16371.26044   
  0.0029296875     (128, 128)          2          32718.45173     33118.52601   
 0.00146484375     (128, 128)          2          32718.95495     26247.91367   
 0.002197265625    (128, 128)          2          32718.91607     28716.37752   
 0.002563476562    (128, 128)          2          32718.52206     30790.11653   
 0.002746582031    (128, 128)          2          32719.42727      31789.2209   
 0.002807617188    (128, 128)          2          32718.63023     31195.51682   
                               Precision reached                                
================================================================================
 1.       (128, 128)              2                    0.002807617188           
================================================================================
********************************************************************************
avg:        (128, 128)                    2                 0.002807617188      
********************************************************************************
      Rate         Resolution        Frames          bsize            size      
--------------------------------------------------------------------------------
  0.4949951172     (256, 256)          2          131042.5784      9376762.43   
  0.2424926758     (256, 256)          2          131027.9758     4652100.978   
  0.1162414551     (256, 256)          2          131027.4925     2264254.655   
 0.05311584473     (256, 256)          2          131025.2716     1087954.529   
 0.02156066895     (256, 256)          2          131027.1433     480898.6743   
 0.005783081055    (256, 256)          2          131025.7156     195375.1055   
      0.0          (256, 256)          2          131017.7365     65521.05333   
 0.002899169922    (256, 256)          2          131026.0523     137584.7771   
 0.001449584961    (256, 256)          2          131024.6506     106579.1965   
 0.002166748047    (256, 256)          2          131025.4697     121535.6596   
 0.002532958984    (256, 256)          2          131023.0588     124333.1254   
 0.002716064453    (256, 256)          2          131022.3351      131854.744   
 0.002624511719    (256, 256)          2          131027.3386     129467.9879   
                               Precision reached                                
================================================================================
 1.       (256, 256)              2                    0.002624511719           
================================================================================
********************************************************************************
avg:        (256, 256)                    2                 0.002624511719      
********************************************************************************
      Rate         Resolution        Frames          bsize            size      
--------------------------------------------------------------------------------
