precision:                     0.0001
iterations:                    1
compute_effort:                1
range:                         (0, 256)
durations:                     [2, 4, 8, 16, 32, 64, 128, 256]
resolutions:                   [1, 2, 4, 8, 16, 32, 64, 128, 256, 512, 1024]
verbose:                       False
mode:                          compute_load
codec:                         residual
entropy_coder:                 src/event_compression/scripts/bin/lpaq1 0
out:                           results/threshold_search_lossless/residual.log
out_redir:                     > /dev/null 2>&1


Processing resolutions...
================================================================================
 #.       Resolution            Frames                    Threshold             
================================================================================
      Rate         Resolution        Frames          bsize            size      
--------------------------------------------------------------------------------
  0.495049505        (1, 1)          10000            7163            7473      
  0.2425242524       (1, 1)          10000            4287            4292      
  0.1163116312       (1, 1)          10000            2501            2332      
  0.1794179418       (1, 1)          10000            3445            3354      
  0.2110211021       (1, 1)          10000            3884            3844      
  0.2268226823       (1, 1)          10000            4097            4060      
  0.2346234623       (1, 1)          10000            4211            4183      
  0.2386238624       (1, 1)          10000            4237            4230      
  0.2406240624       (1, 1)          10000            4258            4260      
  0.2396239624       (1, 1)          10000            4274            4244      
  0.2401240124       (1, 1)          10000            4282            4251      
  0.2404240424       (1, 1)          10000            4276            4261      
  0.2405240524       (1, 1)          10000            4259            4263      
  0.2404240424       (1, 1)          10000            4293            4269      
  0.2404240424       (1, 1)          10000            4284            4257      
                               Precision reached                                
================================================================================
 1.         (1, 1)              10000                   0.2404240424            
================================================================================
********************************************************************************
avg:          (1, 1)                    10000                0.2404240424       
********************************************************************************
      Rate         Resolution        Frames          bsize            size      
--------------------------------------------------------------------------------
  0.4949979992       (2, 2)           2500            9358            7440      
  0.7474989996       (2, 2)           2500           10016            9920      
  0.8737494998       (2, 2)           2500           10053           10923      
  0.8106242497       (2, 2)           2500           10048           10458      
  0.7790116046       (2, 2)           2500           10038           10157      
  0.7632052821       (2, 2)           2500           10028           10037      
  0.7554021609       (2, 2)           2500           10029            9959      
  0.7593037215       (2, 2)           2500           10024           10025      
  0.7574029612       (2, 2)           2500           10026           10012      
  0.7584033613       (2, 2)           2500           10031           10016      
  0.7589035614       (2, 2)           2500           10023           10012      
  0.7591036415       (2, 2)           2500           10029           10021      
  0.7592036815       (2, 2)           2500           10013           10035      
  0.7591036415       (2, 2)           2500           10031           10035      
  0.7591036415       (2, 2)           2500           10024           10032      
                               Precision reached                                
  0.7541016407       (2, 2)           2500           10025            9993      
  0.7566026411       (2, 2)           2500           10022           10000      
  0.7578031212       (2, 2)           2500           10017           10010      
  0.7584033613       (2, 2)           2500           10024            9998      
  0.7588035214       (2, 2)           2500           10023           10023      
  0.7586034414       (2, 2)           2500           10031           10028      
  0.7587034814       (2, 2)           2500           10025           10015      
  0.7588035214       (2, 2)           2500           10040           10014      
  0.7588035214       (2, 2)           2500           10026           10017      
                               Precision reached                                
================================================================================
 1.         (2, 2)               2500                   0.7588035214            
================================================================================
********************************************************************************
avg:          (2, 2)                    2500                 0.7588035214       
********************************************************************************
      Rate         Resolution        Frames          bsize            size      
--------------------------------------------------------------------------------
  0.4949919872       (4, 4)           625             9307            7512      
  0.7474959936       (4, 4)           625            10019            9964      
  0.8737980769       (4, 4)           625            10057           10941      
  0.8106971154       (4, 4)           625            10037           10493      
  0.7790464744       (4, 4)           625            10023           10216      
  0.7633213141       (4, 4)           625            10011           10112      
  0.7554086538       (4, 4)           625            10017            9999      
  0.7594150641       (4, 4)           625            10030           10059      
  0.757411859        (4, 4)           625            10012           10047      
  0.7564102564       (4, 4)           625            10010           10046      
  0.7559094551       (4, 4)           625            10010           10054      
  0.7556089744       (4, 4)           625            10014           10028      
  0.7555088141       (4, 4)           625            10008           10027      
  0.7555088141       (4, 4)           625            10012           10029      
                               Precision reached                                
  0.7505008013       (4, 4)           625            10011            9982      
  0.7530048077       (4, 4)           625            10009           10003      
  0.7542067308       (4, 4)           625            10011           10012      
  0.7536057692       (4, 4)           625            10017           10007      
   0.75390625        (4, 4)           625            10014           10016      
  0.7538060897       (4, 4)           625            10014           10022      
  0.7537059295       (4, 4)           625            10014           10017      
  0.7537059295       (4, 4)           625            10006           10003      
                               Precision reached                                
================================================================================
 1.         (4, 4)               625                    0.7537059295            
================================================================================
********************************************************************************
avg:          (4, 4)                     625                 0.7537059295       
********************************************************************************
      Rate         Resolution        Frames          bsize            size      
--------------------------------------------------------------------------------
  0.4949919872       (8, 8)           157             9297            7559      
  0.7474959936       (8, 8)           157            10047           10035      
  0.8737980769       (8, 8)           157            10102           11017      
  0.8106971154       (8, 8)           157            10084           10547      
  0.7790464744       (8, 8)           157            10077           10308      
  0.7633213141       (8, 8)           157            10055           10157      
  0.7554086538       (8, 8)           157            10063           10100      
  0.7514022436       (8, 8)           157            10062           10057      
  0.7534054487       (8, 8)           157            10055           10053      
  0.7544070513       (8, 8)           157            10057           10096      
   0.75390625        (8, 8)           157            10065           10085      
  0.7536057692       (8, 8)           157            10043           10088      
  0.753505609        (8, 8)           157            10056           10055      
  0.7536057692       (8, 8)           157            10057           10074      
  0.7536057692       (8, 8)           157            10053           10073      
                               Precision reached                                
  0.7485977564       (8, 8)           157            10057           10037      
  0.7511017628       (8, 8)           157            10058           10064      
  0.7497996795       (8, 8)           157            10062           10048      
  0.750400641        (8, 8)           157            10055           10043      
  0.7507011218       (8, 8)           157            10050           10031      
  0.7509014423       (8, 8)           157            10059           10074      
  0.7508012821       (8, 8)           157            10059           10061      
  0.7507011218       (8, 8)           157            10059           10058      
  0.7507011218       (8, 8)           157            10059           10025      
                               Precision reached                                
================================================================================
 1.         (8, 8)               157                    0.7507011218            
================================================================================
********************************************************************************
avg:          (8, 8)                     157                 0.7507011218       
********************************************************************************
      Rate         Resolution        Frames          bsize            size      
--------------------------------------------------------------------------------
  0.4949919872      (16, 16)           40             9607            7803      
  0.7474959936      (16, 16)           40            10260           10268      
  0.6212940705      (16, 16)           40            10126            9104      
  0.6843950321      (16, 16)           40            10203            9704      
  0.7159455128      (16, 16)           40            10237            9998      
  0.7316706731      (16, 16)           40            10238           10111      
  0.7395833333      (16, 16)           40            10252           10207      
  0.7435897436      (16, 16)           40            10250           10215      
  0.7454927885      (16, 16)           40            10252           10259      
  0.7444911859      (16, 16)           40            10249           10254      
  0.7439903846      (16, 16)           40            10260           10250      
  0.7442908654      (16, 16)           40            10260           10244      
  0.7443910256      (16, 16)           40            10254           10245      
  0.7444911859      (16, 16)           40            10256           10238      
  0.7444911859      (16, 16)           40            10243           10225      
                               Precision reached                                
================================================================================
 1.        (16, 16)               40                    0.7444911859            
================================================================================
********************************************************************************
avg:         (16, 16)                    40                  0.7444911859       
********************************************************************************
      Rate         Resolution        Frames          bsize            size      
--------------------------------------------------------------------------------
  0.4950086806      (32, 32)           10             9716            8104      
  0.7475043403      (32, 32)           10            10263           10415      
  0.6213107639      (32, 32)           10            10142            9326      
  0.6843532986      (32, 32)           10            10229            9889      
  0.7159288194      (32, 32)           10            10252           10142      
  0.7316623264      (32, 32)           10            10255           10291      
  0.7238498264      (32, 32)           10            10255           10189      
  0.7277560764      (32, 32)           10            10256           10239      
  0.7297092014      (32, 32)           10            10256           10255      
  0.7306857639      (32, 32)           10            10253           10282      
  0.7302517361      (32, 32)           10            10251           10269      
  0.7300347222      (32, 32)           10            10247           10254      
  0.7299262153      (32, 32)           10            10255           10229      
  0.7300347222      (32, 32)           10            10252           10254      
  0.7300347222      (32, 32)           10            10252           10266      
                               Precision reached                                
  0.7249348958      (32, 32)           10            10254           10219      
  0.7275390625      (32, 32)           10            10257           10254      
  0.7287326389      (32, 32)           10            10255           10255      
  0.7280815972      (32, 32)           10            10261           10250      
  0.7284071181      (32, 32)           10            10251           10240      
  0.728515625       (32, 32)           10            10255           10256      
  0.728515625       (32, 32)           10            10255           10256      
                               Precision reached                                
  0.7234157986      (32, 32)           10            10254           10227      
  0.7260199653      (32, 32)           10            10248           10238      
  0.7273220486      (32, 32)           10            10259           10251      
  0.7279730903      (32, 32)           10            10266           10270      
  0.7276475694      (32, 32)           10            10250           10240      
  0.7277560764      (32, 32)           10            10265           10241      
  0.7278645833      (32, 32)           10            10253           10242      
  0.7279730903      (32, 32)           10            10261           10231      
  0.7279730903      (32, 32)           10            10259           10258      
                               Precision reached                                
================================================================================
 1.        (32, 32)               10                    0.7279730903            
================================================================================
********************************************************************************
avg:         (32, 32)                    10                  0.7279730903       
********************************************************************************
      Rate         Resolution        Frames          bsize            size      
--------------------------------------------------------------------------------
  0.4949951172      (64, 64)           3             12028           10557      
  0.7475585938      (64, 64)           3             12337           12663      
  0.6213378906      (64, 64)           3             12298           11685      
  0.6844482422      (64, 64)           3             12323           12179      
  0.7160644531      (64, 64)           3             12330           12418      
  0.7001953125      (64, 64)           3             12327           12291      
  0.7081298828      (64, 64)           3             12330           12368      
  0.7041015625      (64, 64)           3             12323           12337      
  0.7021484375      (64, 64)           3             12332           12321      
    0.703125        (64, 64)           3             12327           12357      
  0.7026367188      (64, 64)           3             12322           12359      
  0.7023925781      (64, 64)           3             12333           12323      
  0.7025146484      (64, 64)           3             12320           12315      
  0.7026367188      (64, 64)           3             12323           12345      
  0.7026367188      (64, 64)           3             12326           12315      
                               Precision reached                                
================================================================================
 1.        (64, 64)               3                     0.7026367188            
================================================================================
********************************************************************************
avg:         (64, 64)                     3                  0.7026367188       
********************************************************************************
      Rate         Resolution        Frames          bsize            size      
--------------------------------------------------------------------------------
  0.4949951172     (128, 128)          2             32649           28909      
  0.7474975586     (128, 128)          2             32956           33029      
  0.6212158203     (128, 128)          2             32898           31048      
  0.6843261719     (128, 128)          2             32925           32038      
  0.7159423828     (128, 128)          2             32941           32527      
  0.7316894531     (128, 128)          2             32937           32760      
  0.7396240234     (128, 128)          2             32948           32860      
  0.7435302734     (128, 128)          2             32947           32937      
  0.7454833984     (128, 128)          2             32936           32974      
  0.7445068359     (128, 128)          2             32940           32952      
  0.7440185547     (128, 128)          2             32938           32925      
  0.7442626953     (128, 128)          2             32934           32942      
  0.744140625      (128, 128)          2             32925           32891      
  0.7442016602     (128, 128)          2             32939           32896      
                               Precision reached                                
================================================================================
 1.       (128, 128)              2                     0.7442016602            
================================================================================
********************************************************************************
avg:        (128, 128)                    2                  0.7442016602       
********************************************************************************
      Rate         Resolution        Frames          bsize            size      
--------------------------------------------------------------------------------
  0.4949951172     (256, 256)          2             130913          112698     
  0.7474975586     (256, 256)          2             131729          128764     
  0.8737487793     (256, 256)          2             131791          135443     
  0.8106231689     (256, 256)          2             131750          132243     
  0.7790527344     (256, 256)          2             131735          130519     
  0.7948303223     (256, 256)          2             131738          131378     
  0.802734375      (256, 256)          2             131722          131855     
  0.7987823486     (256, 256)          2             131733          131672     
  0.8007507324     (256, 256)          2             131746          131719     
  0.8017425537     (256, 256)          2             131730          131746     
  0.8012390137     (256, 256)          2             131758          131746     
  0.8014831543     (256, 256)          2             131752          131774     
  0.801361084      (256, 256)          2             131761          131795     
  0.8013000488     (256, 256)          2             131738          131755     
                               Precision reached                                
  0.7962646484     (256, 256)          2             131741          131443     
  0.7987823486     (256, 256)          2             131730          131632     
  0.8000488281     (256, 256)          2             131772          131741     
  0.8006744385     (256, 256)          2             131755          131716     
  0.800994873      (256, 256)          2             131754          131717     
  0.8011474609     (256, 256)          2             131761          131697     
  0.8012237549     (256, 256)          2             131745          131784     
                               Precision reached                                
  0.7961883545     (256, 256)          2             131757          131467     
  0.7987060547     (256, 256)          2             131739          131576     
  0.7999572754     (256, 256)          2             131748          131681     
  0.8005981445     (256, 256)          2             131730          131723     
  0.8009033203     (256, 256)          2             131763          131730     
  0.8010559082     (256, 256)          2             131754          131767     
  0.8009796143     (256, 256)          2             131738          131724     
                               Precision reached                                
================================================================================
 1.       (256, 256)              2                     0.8009796143            
================================================================================
********************************************************************************
avg:        (256, 256)                    2                  0.8009796143       
********************************************************************************
      Rate         Resolution        Frames          bsize            size      
--------------------------------------------------------------------------------
  0.4949989319     (512, 512)          2             525550          445979     
  0.7474975586     (512, 512)          2             525855          510070     
  0.8737487793     (512, 512)          2             525900          536343     
  0.8106231689     (512, 512)          2             525891          523984     
  0.8421859741     (512, 512)          2             525873          530393     
  0.8264045715     (512, 512)          2             525870          527171     
  0.8185119629     (512, 512)          2             525897          525581     
  0.8224563599     (512, 512)          2             525898          526196     
  0.8204841614     (512, 512)          2             525894          525991     
  0.8194961548     (512, 512)          2             525905          525761     
  0.8199920654     (512, 512)          2             525907          525767     
  0.8202362061     (512, 512)          2             525951          525911     
  0.8203582764     (512, 512)          2             525909          525915     
  0.8202972412     (512, 512)          2             525899          525977     
                               Precision reached                                
  0.8152656555     (512, 512)          2             525868          524892     
  0.817779541      (512, 512)          2             525857          525263     
  0.8190383911     (512, 512)          2             525866          525596     
  0.8196678162     (512, 512)          2             525911          525731     
  0.819984436      (512, 512)          2             525891          525830     
  0.8201408386     (512, 512)          2             525848          525830     
  0.8202209473     (512, 512)          2             525879          525880     
                               Precision reached                                
  0.8151817322     (512, 512)          2             525907          524861     
  0.8177032471     (512, 512)          2             525869          525501     
  0.8189620972     (512, 512)          2             525897          525652     
  0.8195915222     (512, 512)          2             525890          525811     
  0.8199081421     (512, 512)          2             525887          525772     
  0.8200645447     (512, 512)          2             525877          525848     
  0.8201446533     (512, 512)          2             525881          525875     
                               Precision reached                                
================================================================================
 1.       (512, 512)              2                     0.8201446533            
================================================================================
********************************************************************************
avg:        (512, 512)                    2                  0.8201446533       
********************************************************************************
      Rate         Resolution        Frames          bsize            size      
--------------------------------------------------------------------------------
  0.4949998856    (1024, 1024)         2            2099737         1776503     
  0.7474994659    (1024, 1024)         2            2099962         2033825     
  0.873749733     (1024, 1024)         2            2100034         2136515     
  0.8106250763    (1024, 1024)         2            2099992         2086571     
  0.8421878815    (1024, 1024)         2            2100055         2112422     
  0.8264064789    (1024, 1024)         2            2100032         2099650     
  0.8342971802    (1024, 1024)         2            2099994         2105864     
  0.8303518295    (1024, 1024)         2            2100055         2102680     
  0.8283786774    (1024, 1024)         2            2100029         2101257     
  0.8273925781    (1024, 1024)         2            2100023         2100144     
  0.8268995285    (1024, 1024)         2            2100007         2100369     
  0.8266525269    (1024, 1024)         2            2100017         2099858     
  0.8267765045    (1024, 1024)         2            2100049         2099839     
  0.8268375397    (1024, 1024)         2            2100009         2099935     
                               Precision reached                                
================================================================================
 1.      (1024, 1024)             2                     0.8268375397            
================================================================================
********************************************************************************
avg:       (1024, 1024)                   2                  0.8268375397       
********************************************************************************
                                    SUMMARY                                     
     Resolution            Frames                      Threshold                
================================================================================
       (1, 1)              10000                      0.2404240424              
       (2, 2)               2500                      0.7588035214              
       (4, 4)               625                       0.7537059295              
       (8, 8)               157                       0.7507011218              
      (16, 16)               40                       0.7444911859              
      (32, 32)               10                       0.7279730903              
      (64, 64)               3                        0.7026367188              
     (128, 128)              2                        0.7442016602              
     (256, 256)              2                        0.8009796143              
     (512, 512)              2                        0.8201446533              
    (1024, 1024)             2                        0.8268375397              
================================================================================


Processing durations...
================================================================================
 #.       Resolution            Frames                    Threshold             
================================================================================
      Rate         Resolution        Frames          bsize            size      
--------------------------------------------------------------------------------
  0.4949414799      (71, 71)           2              9985            9251      
  0.7474707399      (71, 71)           2             10135           10592      
  0.6213052966      (71, 71)           2             10101            9965      
  0.6843880183      (71, 71)           2             10122           10272      
  0.6528466574      (71, 71)           2             10116           10116      
  0.6369767903      (71, 71)           2             10109           10022      
  0.6449117239      (71, 71)           2             10112           10081      
  0.6488791906      (71, 71)           2             10112           10088      
  0.650862924       (71, 71)           2             10111           10110      
  0.6518547907      (71, 71)           2             10109           10090      
  0.6522515374      (71, 71)           2             10112           10106      
  0.6526482841      (71, 71)           2             10112           10109      
  0.6526482841      (71, 71)           2             10108           10117      
                               Precision reached                                
  0.6476889506      (71, 71)           2             10106           10094      
  0.650267804       (71, 71)           2             10108           10095      
  0.651458044       (71, 71)           2             10110           10115      
  0.650862924       (71, 71)           2             10102           10110      
  0.6506645507      (71, 71)           2             10109           10115      
  0.6504661773      (71, 71)           2             10110           10107      
  0.6506645507      (71, 71)           2             10110           10105      
  0.6506645507      (71, 71)           2             10112           10122      
                               Precision reached                                
  0.6457052172      (71, 71)           2             10119           10081      
  0.6482840706      (71, 71)           2             10121           10115      
  0.6494743107      (71, 71)           2             10120           10112      
  0.6500694307      (71, 71)           2             10118           10112      
  0.650267804       (71, 71)           2             10114           10112      
  0.6504661773      (71, 71)           2             10110           10128      
  0.650267804       (71, 71)           2             10102           10128      
  0.650267804       (71, 71)           2             10115           10099      
                               Precision reached                                
================================================================================
 1.        (71, 71)               2                      0.650267804            
================================================================================
********************************************************************************
avg:         (71, 71)                     2                   0.650267804       
********************************************************************************
      Rate         Resolution        Frames          bsize            size      
--------------------------------------------------------------------------------
  0.4949333333      (50, 50)           4              9691            8411      
  0.7474666667      (50, 50)           4             10038           10343      
     0.6212         (50, 50)           4              9985            9461      
  0.6842666667      (50, 50)           4             10014            9913      
  0.7158666667      (50, 50)           4             10026           10129      
      0.7           (50, 50)           4             10018           10012      
     0.708          (50, 50)           4             10016           10088      
     0.704          (50, 50)           4             10027           10054      
     0.702          (50, 50)           4             10022           10055      
  0.7010666667      (50, 50)           4             10017           10023      
  0.7005333333      (50, 50)           4             10021           10014      
     0.7008         (50, 50)           4             10025            9998      
  0.7009333333      (50, 50)           4             10020           10018      
  0.7010666667      (50, 50)           4             10016           10020      
  0.7010666667      (50, 50)           4             10028           10035      
                               Precision reached                                
     0.696          (50, 50)           4             10016            9999      
  0.6985333333      (50, 50)           4             10027            9994      
  0.6997333333      (50, 50)           4             10031           10002      
     0.7004         (50, 50)           4             10016           10022      
      0.7           (50, 50)           4             10014            9995      
  0.7001333333      (50, 50)           4             10024           10017      
  0.7002666667      (50, 50)           4             10011           10031      
  0.7002666667      (50, 50)           4             10011           10031      
                               Precision reached                                
     0.6952         (50, 50)           4             10023            9984      
  0.6977333333      (50, 50)           4             10027           10007      
  0.6990666667      (50, 50)           4             10021           10009      
     0.6996         (50, 50)           4             10028           10010      
      0.7           (50, 50)           4             10016           10016      
  0.6997333333      (50, 50)           4             10018           10007      
  0.6998666667      (50, 50)           4             10018           10018      
  0.6997333333      (50, 50)           4             10023           10025      
  0.6997333333      (50, 50)           4             10011           10024      
                               Precision reached                                
     0.6948         (50, 50)           4             10018            9980      
     0.6972         (50, 50)           4             10015            9998      
     0.6984         (50, 50)           4             10019            9994      
  0.6990666667      (50, 50)           4             10020           10005      
  0.6994666667      (50, 50)           4             10025            9998      
     0.6996         (50, 50)           4             10022           10001      
     0.6996         (50, 50)           4             10024            9995      
                               Precision reached                                
================================================================================
 1.        (50, 50)               4                        0.6996               
================================================================================
********************************************************************************
avg:         (50, 50)                     4                     0.6996          
********************************************************************************
      Rate         Resolution        Frames          bsize            size      
--------------------------------------------------------------------------------
  0.4950396825      (36, 36)           8              9944            8270      
  0.7474647266      (36, 36)           8             10399           10569      
  0.6212522046      (36, 36)           8             10318            9502      
  0.6844135802      (36, 36)           8             10357           10089      
  0.7159391534      (36, 36)           8             10384           10320      
   0.73170194       (36, 36)           8             10391           10451      
  0.7237654321      (36, 36)           8             10387           10368      
  0.7277336861      (36, 36)           8             10383           10424      
  0.7257495591      (36, 36)           8             10394           10421      
  0.7247574956      (36, 36)           8             10383           10372      
  0.725308642       (36, 36)           8             10389           10402      
  0.7250881834      (36, 36)           8             10396           10392      
  0.7251984127      (36, 36)           8             10395           10387      
  0.725308642       (36, 36)           8             10385           10385      
  0.725308642       (36, 36)           8             10383           10380      
                               Precision reached                                
================================================================================
 1.        (36, 36)               8                      0.725308642            
================================================================================
********************************************************************************
avg:         (36, 36)                     8                   0.725308642       
********************************************************************************
      Rate         Resolution        Frames          bsize            size      
--------------------------------------------------------------------------------
    0.49504         (25, 25)           16             9440            7764      
    0.74752         (25, 25)           16            10028           10117      
  0.6212266667      (25, 25)           16             9895            9023      
  0.6843733333      (25, 25)           16             9987            9559      
  0.7159466667      (25, 25)           16            10010            9859      
  0.7317333333      (25, 25)           16            10007            9978      
  0.7396266667      (25, 25)           16            10014           10035      
    0.73568         (25, 25)           16            10012           10008      
     0.7376         (25, 25)           16            10010           10041      
    0.73664         (25, 25)           16            10018           10021      
  0.7361066667      (25, 25)           16            10011           10054      
  0.7358933333      (25, 25)           16            10009           10040      
  0.7357866667      (25, 25)           16            10010           10009      
  0.7358933333      (25, 25)           16            10016           10025      
  0.7358933333      (25, 25)           16            10018           10032      
                               Precision reached                                
    0.73088         (25, 25)           16            10010            9953      
    0.73344         (25, 25)           16            10017            9998      
  0.7346133333      (25, 25)           16            10014           10014      
  0.7339733333      (25, 25)           16            10008            9992      
  0.7342933333      (25, 25)           16            10013           10013      
  0.7341866667      (25, 25)           16            10020            9998      
  0.7341866667      (25, 25)           16            10012           10011      
                               Precision reached                                
================================================================================
 1.        (25, 25)               16                    0.7341866667            
================================================================================
********************************************************************************
avg:         (25, 25)                    16                  0.7341866667       
********************************************************************************
      Rate         Resolution        Frames          bsize            size      
--------------------------------------------------------------------------------
  0.4950219036      (18, 18)           32             9703            7903      
  0.7475109518      (18, 18)           32            10389           10407      
  0.6212664277      (18, 18)           32            10252            9221      
  0.6843886898      (18, 18)           32            10344            9836      
  0.7159498208      (18, 18)           32            10358           10134      
  0.7316806053      (18, 18)           32            10378           10271      
  0.7396455595      (18, 18)           32            10375           10348      
  0.7436280366      (18, 18)           32            10390           10371      
  0.7455197133      (18, 18)           32            10392           10393      
  0.7446236559      (18, 18)           32            10383           10368      
  0.7450219036      (18, 18)           32            10379           10397      
  0.7448227798      (18, 18)           32            10377           10389      
  0.7447232178      (18, 18)           32            10378           10359      
                               Precision reached                                
================================================================================
 1.        (18, 18)               32                    0.7447232178            
================================================================================
********************************************************************************
avg:         (18, 18)                    32                  0.7447232178       
********************************************************************************
      Rate         Resolution        Frames          bsize            size      
--------------------------------------------------------------------------------
  0.4949751104      (13, 13)           64            10090            8161      
  0.7474405936      (13, 13)           64            10829           10796      
  0.8736733352      (13, 13)           64            10871           11809      
  0.8105569644      (13, 13)           64            10864           11334      
  0.778998779       (13, 13)           64            10835           11089      
  0.7632196863      (13, 13)           64            10832           10925      
  0.7553301399      (13, 13)           64            10830           10849      
  0.7513853668      (13, 13)           64            10828           10840      
  0.7494129802      (13, 13)           64            10833           10810      
  0.7503522119      (13, 13)           64            10829           10827      
  0.7509157509      (13, 13)           64            10842           10801      
  0.7511035973      (13, 13)           64            10830           10850      
  0.7510096741      (13, 13)           64            10830           10831      
                               Precision reached                                
  0.7459378229      (13, 13)           64            10821           10784      
  0.7484737485      (13, 13)           64            10826           10785      
  0.7496947497      (13, 13)           64            10821           10788      
  0.7503522119      (13, 13)           64            10830           10834      
  0.7499765192      (13, 13)           64            10833           10804      
  0.7501643655      (13, 13)           64            10835           10812      
  0.7502582887      (13, 13)           64            10828           10815      
                               Precision reached                                
================================================================================
 1.        (13, 13)               64                    0.7502582887            
================================================================================
********************************************************************************
avg:         (13, 13)                    64                  0.7502582887       
********************************************************************************
      Rate         Resolution        Frames          bsize            size      
--------------------------------------------------------------------------------
  0.4949936813       (9, 9)           128             9681            7804      
  0.7474482356       (9, 9)           128            10378           10313      
  0.8737241178       (9, 9)           128            10424           11366      
  0.8105375717       (9, 9)           128            10406           10863      
  0.7789442986       (9, 9)           128            10388           10590      
  0.7631962671       (9, 9)           128            10389           10474      
  0.7553222514       (9, 9)           128            10383           10408      
  0.7514338485       (9, 9)           128            10368           10367      
   0.75337805        (9, 9)           128            10376           10384      
  0.7524059493       (9, 9)           128            10380           10371      
  0.7528919996       (9, 9)           128            10385           10369      
  0.7530864198       (9, 9)           128            10377           10403      
  0.7529892097       (9, 9)           128            10377           10386      
                               Precision reached                                
  0.747934286        (9, 9)           128            10384           10356      
  0.7504617478       (9, 9)           128            10380           10385      
  0.7491980169       (9, 9)           128            10379           10341      
  0.7497812773       (9, 9)           128            10384           10342      
  0.7501701176       (9, 9)           128            10381           10345      
  0.7503645378       (9, 9)           128            10377           10363      
  0.7504617478       (9, 9)           128            10373           10335      
                               Precision reached                                
================================================================================
 1.         (9, 9)               128                    0.7504617478            
================================================================================
********************************************************************************
avg:          (9, 9)                     128                 0.7504617478       
********************************************************************************
      Rate         Resolution        Frames          bsize            size      
--------------------------------------------------------------------------------
  0.4949979992       (7, 7)           256            11578            9303      
  0.7474989996       (7, 7)           256            12552           12391      
  0.8737094838       (7, 7)           256            12613           13613      
  0.8105642257       (7, 7)           256            12594           13023      
  0.7790316126       (7, 7)           256            12578           12698      
  0.7632653061       (7, 7)           256            12571           12556      
  0.7711884754       (7, 7)           256            12578           12626      
  0.7671868747       (7, 7)           256            12574           12593      
  0.7651860744       (7, 7)           256            12562           12588      
  0.7642256903       (7, 7)           256            12569           12533      
  0.7647058824       (7, 7)           256            12569           12586      
  0.7644657863       (7, 7)           256            12572           12572      
  0.7643057223       (7, 7)           256            12561           12574      
  0.7642256903       (7, 7)           256            12580           12531      
                               Precision reached                                
================================================================================
 1.         (7, 7)               256                    0.7642256903            
================================================================================
********************************************************************************
avg:          (7, 7)                     256                 0.7642256903       
********************************************************************************
                                    SUMMARY                                     
     Resolution            Frames                      Threshold                
================================================================================
      (71, 71)               2                        0.650267804               
      (50, 50)               4                           0.6996                 
      (36, 36)               8                        0.725308642               
      (25, 25)               16                       0.7341866667              
      (18, 18)               32                       0.7447232178              
      (13, 13)               64                       0.7502582887              
       (9, 9)               128                       0.7504617478              
       (7, 7)               256                       0.7642256903              
================================================================================
