precision:                     0.0001
iterations:                    1
compute_effort:                1
range:                         (0, 256)
durations:                     [2, 4, 8, 16, 32, 64, 128, 256]
resolutions:                   [1, 2, 4, 8, 16, 32, 64, 128, 256, 512, 1024]
verbose:                       False
mode:                          compute_load
codec:                         residual
entropy_coder:                 entropy_size
out:                           results/threshold_search_lossless/residual_entropy_size.log
out_redir:                     > /dev/null 2>&1


Processing resolutions...
================================================================================
 #.       Resolution            Frames                    Threshold             
================================================================================
      Rate         Resolution        Frames          bsize            size      
--------------------------------------------------------------------------------
  0.495049505        (1, 1)          10000        9916.050648     8137.678304   
  0.7475747575       (1, 1)          10000        9961.882653     11192.44105   
  0.6213621362       (1, 1)          10000        9952.219155     9736.252139   
  0.6844684468       (1, 1)          10000        9956.775882     10480.81546   
  0.6529652965       (1, 1)          10000        9953.670846     10105.53404   
  0.6371637164       (1, 1)          10000        9953.553268     9912.415463   
  0.6450645065       (1, 1)          10000        9950.207981     10014.94834   
  0.6411641164       (1, 1)          10000        9958.083383     9962.966036   
  0.6391639164       (1, 1)          10000        9950.157305     9942.922823   
  0.6401640164       (1, 1)          10000        9950.074834     9949.920538   
  0.6406640664       (1, 1)          10000        9946.327485     9960.092787   
  0.6403640364       (1, 1)          10000         9953.58737     9947.002268   
  0.6405640564       (1, 1)          10000        9949.495251     9964.308293   
  0.6404640464       (1, 1)          10000        9944.538009      9946.88303   
  0.6403640364       (1, 1)          10000        9950.471192     9944.749266   
  0.6403640364       (1, 1)          10000        9951.179825     9960.669497   
                               Precision reached                                
  0.6353635364       (1, 1)          10000        9951.196023     9886.980809   
  0.6378637864       (1, 1)          10000        9951.091149     9928.860673   
  0.6390639064       (1, 1)          10000        9947.712351     9944.019937   
  0.6397639764       (1, 1)          10000        9950.325946     9941.723899   
  0.6400640064       (1, 1)          10000        9949.307442      9957.67378   
  0.6398639864       (1, 1)          10000        9941.669738     9943.601797   
  0.6397639764       (1, 1)          10000         9947.3807      9949.230929   
  0.6397639764       (1, 1)          10000         9956.81164     9955.305796   
                               Precision reached                                
================================================================================
 1.         (1, 1)              10000                   0.6397639764            
================================================================================
********************************************************************************
avg:          (1, 1)                    10000                0.6397639764       
********************************************************************************
      Rate         Resolution        Frames          bsize            size      
--------------------------------------------------------------------------------
  0.4949979992       (2, 2)           2500        9936.456491     8133.075646   
  0.7474989996       (2, 2)           2500        9957.579254     11178.27882   
  0.6212484994       (2, 2)           2500        9955.098619     9722.415443   
  0.6843737495       (2, 2)           2500        9951.351298     10471.05361   
  0.6527611044       (2, 2)           2500         9953.62267      10113.2799   
  0.6370548219       (2, 2)           2500        9949.430177     9927.997658   
  0.6449579832       (2, 2)           2500         9951.12571     10018.11854   
  0.6410564226       (2, 2)           2500        9952.831651      9977.05501   
  0.6390556222       (2, 2)           2500        9945.453607     9947.126873   
  0.6380552221       (2, 2)           2500        9952.210407     9937.685887   
  0.6385554222       (2, 2)           2500        9956.311733     9944.940953   
  0.6387555022       (2, 2)           2500        9944.405396     9928.436474   
  0.6389555822       (2, 2)           2500        9944.784046     9930.575968   
  0.6389555822       (2, 2)           2500        9949.817487     9928.512849   
                               Precision reached                                
================================================================================
 1.         (2, 2)               2500                   0.6389555822            
================================================================================
********************************************************************************
avg:          (2, 2)                    2500                 0.6389555822       
********************************************************************************
      Rate         Resolution        Frames          bsize            size      
--------------------------------------------------------------------------------
  0.4949919872       (4, 4)           625         9925.195613     8141.941697   
  0.7474959936       (4, 4)           625         9966.264895     11177.55519   
  0.6211939103       (4, 4)           625         9949.049894     9730.395135   
  0.6842948718       (4, 4)           625         9957.491184     10469.76258   
  0.652744391        (4, 4)           625         9950.640563     10117.80219   
  0.6370192308       (4, 4)           625         9943.396239     9912.315756   
  0.6448317308       (4, 4)           625          9954.13589     10006.28989   
  0.6409254808       (4, 4)           625          9946.61925     9956.986072   
  0.6390224359       (4, 4)           625         9952.570309     9933.942319   
  0.6399238782       (4, 4)           625         9953.398924     9955.805595   
  0.6394230769       (4, 4)           625         9958.493566     9953.194109   
  0.6396233974       (4, 4)           625          9959.43416     9964.646591   
  0.6395232372       (4, 4)           625         9951.999879     9946.248705   
  0.6396233974       (4, 4)           625         9950.738138     9951.230933   
  0.6396233974       (4, 4)           625         9950.697704     9951.890583   
                               Precision reached                                
  0.6346153846       (4, 4)           625         9951.141335     9889.823247   
  0.637119391        (4, 4)           625         9955.252441     9921.137691   
  0.6384214744       (4, 4)           625         9949.046573     9930.599896   
  0.6390224359       (4, 4)           625          9957.68032     9942.370942   
  0.6393229167       (4, 4)           625          9955.9873      9948.313135   
  0.6394230769       (4, 4)           625         9951.922085     9928.795631   
  0.6395232372       (4, 4)           625         9955.891505     9935.523735   
  0.6396233974       (4, 4)           625         9952.022244     9951.152491   
  0.6396233974       (4, 4)           625         9952.013278     9958.036542   
                               Precision reached                                
  0.6346153846       (4, 4)           625         9954.261688     9891.204431   
  0.637119391        (4, 4)           625         9946.197138     9923.942637   
  0.6384214744       (4, 4)           625         9954.868257     9926.080972   
  0.6390224359       (4, 4)           625         9945.004228     9935.399333   
  0.6393229167       (4, 4)           625         9954.386205     9947.241322   
  0.6394230769       (4, 4)           625         9949.972873     9936.452981   
  0.6395232372       (4, 4)           625         9946.599386      9937.65202   
  0.6396233974       (4, 4)           625         9957.870463     9950.599847   
  0.6396233974       (4, 4)           625         9948.972076      9946.28612   
                               Precision reached                                
================================================================================
 1.         (4, 4)               625                    0.6396233974            
================================================================================
********************************************************************************
avg:          (4, 4)                     625                 0.6396233974       
********************************************************************************
      Rate         Resolution        Frames          bsize            size      
--------------------------------------------------------------------------------
  0.4949919872       (8, 8)           157         9977.736104     8207.614035   
  0.7474959936       (8, 8)           157         10011.89289     11237.27635   
  0.6211939103       (8, 8)           157         9994.153077     9780.246528   
  0.6842948718       (8, 8)           157         10013.92751     10528.91767   
  0.652744391        (8, 8)           157         10001.07848     10160.15752   
  0.6370192308       (8, 8)           157         9998.016978     9968.548747   
  0.6448317308       (8, 8)           157         9999.958559     10063.54017   
  0.6409254808       (8, 8)           157         9991.378593     10018.76229   
  0.6390224359       (8, 8)           157         10001.05718     9998.340605   
  0.6399238782       (8, 8)           157         9996.321671     10020.22302   
  0.6394230769       (8, 8)           157         9995.998247     10000.68925   
  0.6392227564       (8, 8)           157         10003.29088     10008.57073   
  0.6391225962       (8, 8)           157         9994.598011     10006.66509   
  0.6390224359       (8, 8)           157         9997.507664     9986.420217   
  0.6390224359       (8, 8)           157         9999.303559     9993.639537   
                               Precision reached                                
================================================================================
 1.         (8, 8)               157                    0.6390224359            
================================================================================
********************************************************************************
avg:          (8, 8)                     157                 0.6390224359       
********************************************************************************
      Rate         Resolution        Frames          bsize            size      
--------------------------------------------------------------------------------
  0.4949919872      (16, 16)           40         10174.71124     8437.709761   
  0.7474959936      (16, 16)           40         10204.84073     11448.95412   
  0.6212940705      (16, 16)           40          10189.4415     10024.25084   
  0.6843950321      (16, 16)           40         10196.77804     10759.49471   
  0.6528445513      (16, 16)           40          10197.7823     10381.24994   
  0.637119391       (16, 16)           40         10197.49781      10194.4759   
  0.6450320513      (16, 16)           40         10197.89066     10306.59902   
  0.6411258013      (16, 16)           40         10186.69928     10256.65063   
  0.6391225962      (16, 16)           40         10200.84299     10229.48287   
  0.6381209936      (16, 16)           40         10191.27473     10213.23863   
  0.6376201923      (16, 16)           40         10190.36285     10206.90734   
  0.6374198718      (16, 16)           40         10196.77058     10209.54563   
  0.6373197115      (16, 16)           40         10196.01221     10208.03594   
  0.6372195513      (16, 16)           40         10191.73788     10209.11943   
  0.6372195513      (16, 16)           40         10190.71503     10213.80248   
                               Precision reached                                
  0.6322115385      (16, 16)           40         10189.12199     10152.81071   
  0.6347155449      (16, 16)           40          10191.7705     10170.09037   
  0.6360176282      (16, 16)           40         10195.48148     10189.16263   
  0.6366185897      (16, 16)           40         10183.77149     10206.26572   
  0.636318109       (16, 16)           40          10198.5478     10200.73725   
  0.6361177885      (16, 16)           40         10189.70808     10188.29253   
  0.6362179487      (16, 16)           40          10192.4066      10184.8097   
  0.6362179487      (16, 16)           40         10193.56572     10189.41519   
                               Precision reached                                
================================================================================
 1.        (16, 16)               40                    0.6362179487            
================================================================================
********************************************************************************
avg:         (16, 16)                    40                  0.6362179487       
********************************************************************************
      Rate         Resolution        Frames          bsize            size      
--------------------------------------------------------------------------------
  0.4950086806      (32, 32)           10         10186.03095     8759.120526   
  0.7475043403      (32, 32)           10         10206.39105     11494.81978   
  0.6213107639      (32, 32)           10         10194.85596     10179.93941   
  0.6843532986      (32, 32)           10         10206.49679       10850.47    
  0.6527777778      (32, 32)           10         10190.51989     10540.47974   
  0.6370442708      (32, 32)           10         10199.01405     10363.57695   
  0.6291232639      (32, 32)           10         10198.42674     10271.91844   
  0.6252170139      (32, 32)           10          10190.0901     10231.69776   
  0.6232638889      (32, 32)           10         10199.60078     10195.84892   
  0.6242404514      (32, 32)           10         10201.37999     10208.46626   
  0.6238064236      (32, 32)           10         10197.35143     10198.76225   
  0.6234809028      (32, 32)           10         10202.84106     10189.79971   
  0.6235894097      (32, 32)           10         10195.83354     10203.00749   
  0.6234809028      (32, 32)           10         10192.41127     10202.87946   
  0.6234809028      (32, 32)           10         10192.14529     10204.11014   
                               Precision reached                                
  0.6184895833      (32, 32)           10          10192.3156     10146.18478   
  0.6209852431      (32, 32)           10         10190.97092     10185.40056   
  0.6222873264      (32, 32)           10         10196.24017     10200.79418   
  0.6216362847      (32, 32)           10         10191.07746     10177.01087   
  0.6219618056      (32, 32)           10         10202.66899     10171.29404   
  0.6220703125      (32, 32)           10         10198.07406     10180.97355   
  0.6221788194      (32, 32)           10         10190.92032     10188.81964   
  0.6222873264      (32, 32)           10         10201.10118     10196.99634   
  0.6222873264      (32, 32)           10         10187.68705     10198.14696   
                               Precision reached                                
  0.6172960069      (32, 32)           10         10189.51838     10143.68432   
  0.6197916667      (32, 32)           10          10191.8308     10170.23745   
  0.6209852431      (32, 32)           10         10187.52991     10188.30715   
  0.6203342014      (32, 32)           10          10195.3478     10172.73274   
  0.6206597222      (32, 32)           10         10193.80611      10171.6825   
  0.6208767361      (32, 32)           10         10192.02962     10175.02972   
  0.6208767361      (32, 32)           10         10185.72183     10180.78692   
                               Precision reached                                
================================================================================
 1.        (32, 32)               10                    0.6208767361            
================================================================================
********************************************************************************
avg:         (32, 32)                    10                  0.6208767361       
********************************************************************************
      Rate         Resolution        Frames          bsize            size      
--------------------------------------------------------------------------------
  0.4949951172      (64, 64)           3          12244.95972     11550.57638   
  0.7475585938      (64, 64)           3          12260.05075     13830.65192   
  0.6213378906      (64, 64)           3          12249.87401     12730.12055   
  0.5581054688      (64, 64)           3          12247.44261     12158.30153   
  0.5897216797      (64, 64)           3          12255.89275     12444.82051   
  0.5739746094      (64, 64)           3          12250.33057     12301.78453   
  0.5660400391      (64, 64)           3          12251.62866     12248.95933   
  0.5700683594      (64, 64)           3          12254.77757     12282.61125   
  0.5681152344      (64, 64)           3          12247.60313     12251.11909   
  0.5671386719      (64, 64)           3          12255.45897     12251.62664   
  0.5676269531      (64, 64)           3          12246.25354     12261.91208   
  0.5673828125      (64, 64)           3          12245.83189     12239.71151   
  0.5675048828      (64, 64)           3          12246.78639     12249.80981   
  0.5673828125      (64, 64)           3          12251.29098     12239.63176   
  0.5673828125      (64, 64)           3           12248.244      12229.15346   
                               Precision reached                                
================================================================================
 1.        (64, 64)               3                     0.5673828125            
================================================================================
********************************************************************************
avg:         (64, 64)                     3                  0.5673828125       
********************************************************************************
      Rate         Resolution        Frames          bsize            size      
--------------------------------------------------------------------------------
  0.4949951172     (128, 128)          2          32733.66188     32433.98419   
  0.7474975586     (128, 128)          2          32740.78825     36718.72706   
  0.6212158203     (128, 128)          2          32739.42609      34667.9704   
  0.5581054688     (128, 128)          2          32734.27168     33573.27246   
  0.526550293      (128, 128)          2          32741.13949      33010.7232   
  0.5107421875     (128, 128)          2          32735.53573     32717.02321   
  0.5186767578     (128, 128)          2          32732.52922     32889.11456   
  0.5147094727     (128, 128)          2          32734.04457     32807.95016   
  0.5126953125     (128, 128)          2          32734.30982     32771.16379   
   0.51171875      (128, 128)          2          32736.47231     32766.42795   
  0.5112304688     (128, 128)          2          32732.81832     32730.67791   
  0.5114746094     (128, 128)          2          32732.25596     32764.65235   
  0.5113525391     (128, 128)          2          32735.82355      32739.3987   
  0.5112915039     (128, 128)          2          32733.76282     32729.60444   
                               Precision reached                                
================================================================================
 1.       (128, 128)              2                     0.5112915039            
================================================================================
********************************************************************************
avg:        (128, 128)                    2                  0.5112915039       
********************************************************************************
      Rate         Resolution        Frames          bsize            size      
--------------------------------------------------------------------------------
  0.4949951172     (256, 256)          2          131040.5239     129771.5151   
  0.7474975586     (256, 256)          2          131040.8418     146884.2023   
  0.6212463379     (256, 256)          2          131043.0183     138677.5552   
  0.5581207275     (256, 256)          2          131036.6965     134281.0237   
  0.526550293      (256, 256)          2          131034.9515     132080.6877   
  0.5107727051     (256, 256)          2          131038.0882     130979.8538   
  0.518661499      (256, 256)          2          131036.5239     131504.9973   
  0.5147094727     (256, 256)          2          131037.0658     131227.4326   
  0.5127410889     (256, 256)          2           131040.115     131065.0389   
  0.5117492676     (256, 256)          2          131038.4973     131083.9176   
  0.5112609863     (256, 256)          2          131038.5164     131040.1323   
  0.5110168457     (256, 256)          2          131030.5128     131027.1845   
  0.511138916      (256, 256)          2           131038.47      130977.7913   
  0.5111999512     (256, 256)          2          131039.8604     131033.7165   
                               Precision reached                                
================================================================================
 1.       (256, 256)              2                     0.5111999512            
================================================================================
********************************************************************************
avg:        (256, 256)                    2                  0.5111999512       
********************************************************************************
      Rate         Resolution        Frames          bsize            size      
--------------------------------------------------------------------------------
  0.4949989319     (512, 512)          2          524252.4001     519403.7047   
  0.7474975586     (512, 512)          2          524259.9442     587591.8805   
  0.6212463379     (512, 512)          2           524251.202     554861.7081   
  0.5581207275     (512, 512)          2           524253.614     537431.9886   
  0.5265579224     (512, 512)          2          524259.6125     528535.9732   
  0.5107803345     (512, 512)          2          524251.6285     523940.5117   
  0.5186691284     (512, 512)          2          524255.5372     526198.5662   
  0.5147247314     (512, 512)          2          524255.4667     525156.6069   
  0.512752533      (512, 512)          2          524253.8015     524592.7257   
  0.5117645264     (512, 512)          2          524253.7655     524280.3089   
  0.5112724304     (512, 512)          2           524254.104     524152.7619   
  0.5115203857     (512, 512)          2          524257.5041     524289.1863   
  0.5113983154     (512, 512)          2          524247.5038     524140.3791   
  0.5114593506     (512, 512)          2          524256.0507     524157.1463   
                               Precision reached                                
================================================================================
 1.       (512, 512)              2                     0.5114593506            
================================================================================
********************************************************************************
avg:        (512, 512)                    2                  0.5114593506       
********************************************************************************
      Rate         Resolution        Frames          bsize            size      
--------------------------------------------------------------------------------
  0.4949998856    (1024, 1024)         2          2097115.176     2077810.917   
  0.7474994659    (1024, 1024)         2          2097122.501     2350661.821   
  0.6212501526    (1024, 1024)         2          2097122.572     2219555.963   
  0.5581245422    (1024, 1024)         2          2097120.841     2150092.533   
  0.5265617371    (1024, 1024)         2          2097119.613     2114111.758   
  0.5107803345    (1024, 1024)         2          2097119.523     2096040.582   
  0.5186710358    (1024, 1024)         2          2097114.121     2105250.537   
  0.5147256851    (1024, 1024)         2          2097121.413      2100497.84   
  0.512752533     (1024, 1024)         2          2097119.534     2098158.994   
  0.5117664337    (1024, 1024)         2          2097117.407     2097103.216   
  0.5122594833    (1024, 1024)         2          2097116.838     2097718.268   
  0.5120124817    (1024, 1024)         2          2097119.644     2097271.022   
  0.5118894577    (1024, 1024)         2          2097115.671     2097400.111   
  0.5118274689    (1024, 1024)         2          2097116.344     2097250.469   
                               Precision reached                                
  0.5067968369    (1024, 1024)         2          2097120.936     2091381.041   
  0.509311676     (1024, 1024)         2          2097117.029     2094192.646   
  0.5105695724    (1024, 1024)         2          2097122.475     2095738.061   
  0.5111980438    (1024, 1024)         2          2097112.774     2096583.515   
  0.5115127563    (1024, 1024)         2          2097119.636      2096889.7    
  0.5116701126    (1024, 1024)         2          2097118.298     2097073.962   
  0.5117492676    (1024, 1024)         2          2097120.375     2097234.099   
                               Precision reached                                
  0.5067100525    (1024, 1024)         2           2097119.31     2090891.849   
   0.50922966     (1024, 1024)         2          2097114.819     2094090.626   
  0.5104894638    (1024, 1024)         2          2097117.609      2095605.05   
  0.5111198425    (1024, 1024)         2          2097120.167     2096689.811   
  0.5114345551    (1024, 1024)         2          2097110.809     2096760.741   
  0.5115919113    (1024, 1024)         2          2097115.535     2096850.942   
  0.5116710663    (1024, 1024)         2          2097118.147      2096691.86   
                               Precision reached                                
================================================================================
 1.      (1024, 1024)             2                     0.5116710663            
================================================================================
********************************************************************************
avg:       (1024, 1024)                   2                  0.5116710663       
********************************************************************************
                                    SUMMARY                                     
     Resolution            Frames                      Threshold                
================================================================================
       (1, 1)              10000                      0.6397639764              
       (2, 2)               2500                      0.6389555822              
       (4, 4)               625                       0.6396233974              
       (8, 8)               157                       0.6390224359              
      (16, 16)               40                       0.6362179487              
      (32, 32)               10                       0.6208767361              
      (64, 64)               3                        0.5673828125              
     (128, 128)              2                        0.5112915039              
     (256, 256)              2                        0.5111999512              
     (512, 512)              2                        0.5114593506              
    (1024, 1024)             2                        0.5116710663              
================================================================================


Processing durations...
================================================================================
 #.       Resolution            Frames                    Threshold             
================================================================================
      Rate         Resolution        Frames          bsize            size      
--------------------------------------------------------------------------------
  0.4949414799      (71, 71)           2          10047.05611     9970.737459   
  0.7474707399      (71, 71)           2          10048.45319     11277.37108   
  0.6213052966      (71, 71)           2          10052.19391     10643.20484   
  0.5582225749      (71, 71)           2          10050.14223     10327.78683   
  0.5264828407      (71, 71)           2          10047.60244     10145.21493   
  0.5106129736      (71, 71)           2          10047.55198     10063.17056   
  0.5026780401      (71, 71)           2          10047.97262     10026.00688   
  0.5066455068      (71, 71)           2          10049.22304     10049.33099   
  0.5046617735      (71, 71)           2          10043.82158      10026.9314   
  0.5056536402      (71, 71)           2          10042.50839     10045.27452   
  0.5050585201      (71, 71)           2          10044.44107     10034.98781   
  0.5052568935      (71, 71)           2          10041.28582     10029.59624   
  0.5054552668      (71, 71)           2          10043.42086     10031.01893   
  0.5054552668      (71, 71)           2          10045.54382     10039.45484   
                               Precision reached                                
================================================================================
 1.        (71, 71)               2                     0.5054552668            
================================================================================
********************************************************************************
avg:         (71, 71)                     2                  0.5054552668       
********************************************************************************
      Rate         Resolution        Frames          bsize            size      
--------------------------------------------------------------------------------
  0.4949333333      (50, 50)           4          9947.869176     9112.689898   
  0.7474666667      (50, 50)           4          9968.839193     11244.93648   
     0.6212         (50, 50)           4          9965.491859     10235.25253   
     0.558          (50, 50)           4          9954.330901     9670.797896   
     0.5896         (50, 50)           4          9956.581103     9959.732854   
  0.5738666667      (50, 50)           4          9959.555499      9832.45717   
  0.5817333333      (50, 50)           4          9960.464244     9904.868917   
     0.5856         (50, 50)           4           9958.94563     9935.227261   
     0.5876         (50, 50)           4          9957.985943     9947.719678   
  0.5885333333      (50, 50)           4          9962.755175     9956.782292   
  0.5890666667      (50, 50)           4          9959.354237     9963.272583   
     0.5888         (50, 50)           4          9961.161591      9955.89843   
  0.5889333333      (50, 50)           4          9955.690848     9958.791282   
     0.5888         (50, 50)           4          9959.289769      9956.57986   
     0.5888         (50, 50)           4          9963.215442     9964.035749   
                               Precision reached                                
  0.5837333333      (50, 50)           4          9964.308583     9898.747943   
  0.5862666667      (50, 50)           4          9960.606703     9922.198352   
     0.5876         (50, 50)           4          9951.775058     9940.525031   
  0.5882666667      (50, 50)           4          9960.979148     9936.958863   
  0.5885333333      (50, 50)           4          9962.301322     9957.771803   
  0.5886666667      (50, 50)           4          9962.177723     9959.004349   
     0.5888         (50, 50)           4          9957.876114     9953.870222   
     0.5888         (50, 50)           4          9961.134989     9960.331491   
                               Precision reached                                
================================================================================
 1.        (50, 50)               4                        0.5888               
================================================================================
********************************************************************************
avg:         (50, 50)                     4                     0.5888          
********************************************************************************
      Rate         Resolution        Frames          bsize            size      
--------------------------------------------------------------------------------
  0.4950396825      (36, 36)           8          10298.98747     8975.261709   
  0.7474647266      (36, 36)           8          10331.77285     11647.60853   
  0.6212522046      (36, 36)           8          10322.35062     10362.46839   
  0.5580908289      (36, 36)           8          10316.99576     9667.970953   
  0.5897266314      (36, 36)           8          10327.96702      10032.8299   
  0.605489418       (36, 36)           8           10321.6769     10202.08435   
  0.6134259259      (36, 36)           8          10329.87381     10293.20722   
  0.6172839506      (36, 36)           8          10318.67672     10330.38847   
  0.6152998236      (36, 36)           8          10321.11582     10302.37906   
  0.6162918871      (36, 36)           8          10324.88656      10314.0094   
  0.6167328042      (36, 36)           8          10322.52063     10314.95507   
  0.6170634921      (36, 36)           8          10320.40901     10323.55527   
  0.6168430335      (36, 36)           8          10326.55433     10330.13159   
  0.6167328042      (36, 36)           8          10324.59655     10321.68604   
  0.6167328042      (36, 36)           8          10323.34013      10325.297    
                               Precision reached                                
  0.6117724868      (36, 36)           8           10329.6065     10264.23942   
  0.6141975309      (36, 36)           8          10311.77123     10282.39934   
  0.6154100529      (36, 36)           8          10324.64757     10294.90036   
  0.6160714286      (36, 36)           8          10323.53208     10305.69866   
  0.6164021164      (36, 36)           8          10318.52548     10307.48126   
  0.6165123457      (36, 36)           8          10323.52644     10304.52647   
  0.616622575       (36, 36)           8          10321.73373     10304.57482   
  0.616622575       (36, 36)           8          10316.85869     10319.56677   
                               Precision reached                                
  0.6116622575      (36, 36)           8          10328.38764     10265.22191   
  0.6141975309      (36, 36)           8          10315.84768     10298.26859   
  0.6154100529      (36, 36)           8          10320.62364     10310.21361   
  0.6159611993      (36, 36)           8          10320.87416     10304.65975   
  0.6162918871      (36, 36)           8          10327.06938     10307.18781   
  0.6165123457      (36, 36)           8          10318.62759     10315.12437   
  0.6165123457      (36, 36)           8          10321.16784     10306.53441   
                               Precision reached                                
================================================================================
 1.        (36, 36)               8                     0.6165123457            
================================================================================
********************************************************************************
avg:         (36, 36)                     8                  0.6165123457       
********************************************************************************
      Rate         Resolution        Frames          bsize            size      
--------------------------------------------------------------------------------
    0.49504         (25, 25)           16         9931.303162      8402.86604   
    0.74752         (25, 25)           16         9960.496784     11208.69571   
  0.6212266667      (25, 25)           16         9947.567792     9858.241564   
  0.6843733333      (25, 25)           16         9958.462605     10552.66358   
     0.6528         (25, 25)           16         9956.456182     10219.04076   
  0.6370133333      (25, 25)           16          9948.72589     10041.10571   
    0.62912         (25, 25)           16         9956.281878     9951.874828   
  0.6330666667      (25, 25)           16         9950.579054     9991.108225   
    0.63104         (25, 25)           16         9954.749244     9969.121816   
    0.63008         (25, 25)           16         9949.239416     9958.726487   
  0.6295466667      (25, 25)           16         9947.001824     9955.231879   
  0.6293333333      (25, 25)           16          9949.85891     9957.943883   
  0.6292266667      (25, 25)           16         9949.613956     9959.835482   
  0.6292266667      (25, 25)           16         9949.482579     9954.848578   
                               Precision reached                                
  0.6242133333      (25, 25)           16         9949.918971     9905.835954   
  0.6266666667      (25, 25)           16         9947.710423     9928.566716   
  0.6279466667      (25, 25)           16         9954.793679     9943.802237   
  0.6285866667      (25, 25)           16         9951.730617     9943.237809   
  0.6289066667      (25, 25)           16          9950.73347      9940.35183   
  0.6290133333      (25, 25)           16         9952.948787     9939.943925   
    0.62912         (25, 25)           16         9944.359993     9944.883835   
  0.6290133333      (25, 25)           16         9951.638068     9941.511746   
  0.6290133333      (25, 25)           16         9949.442592     9943.941631   
                               Precision reached                                
================================================================================
 1.        (25, 25)               16                    0.6290133333            
================================================================================
********************************************************************************
avg:         (25, 25)                    16                  0.6290133333       
********************************************************************************
      Rate         Resolution        Frames          bsize            size      
--------------------------------------------------------------------------------
  0.4950219036      (18, 18)           32          10296.7635     8572.516483   
  0.7475109518      (18, 18)           32         10339.66144     11608.57913   
  0.6212664277      (18, 18)           32          10320.6799     10141.86562   
  0.6843886898      (18, 18)           32          10328.7564     10911.57535   
  0.6528275587      (18, 18)           32         10323.49602     10528.23323   
  0.6369972123      (18, 18)           32         10318.81091     10340.02913   
   0.62913182       (18, 18)           32         10320.54832     10253.25904   
  0.6331142971      (18, 18)           32         10314.56324     10297.94137   
  0.6351055356      (18, 18)           32         10312.33568     10317.97093   
  0.6341099164      (18, 18)           32         10323.94419     10308.28814   
  0.634607726       (18, 18)           32         10323.91028      10313.6093   
  0.6349064118      (18, 18)           32          10325.1098     10322.22204   
  0.6350059737      (18, 18)           32         10318.71089     10327.91443   
                               Precision reached                                
  0.6299283154      (18, 18)           32         10322.10664     10261.12904   
  0.6325169255      (18, 18)           32         10324.92807     10297.56644   
  0.6337116687      (18, 18)           32         10319.50149     10314.81819   
  0.6343090402      (18, 18)           32         10313.69396     10324.39096   
  0.6340103544      (18, 18)           32         10317.04318     10313.87378   
  0.6341099164      (18, 18)           32         10317.47797      10311.8537   
                               Precision reached                                
================================================================================
 1.        (18, 18)               32                    0.6341099164            
================================================================================
********************************************************************************
avg:         (18, 18)                    32                  0.6341099164       
********************************************************************************
      Rate         Resolution        Frames          bsize            size      
--------------------------------------------------------------------------------
  0.4949751104      (13, 13)           64         10747.66438     8881.389908   
  0.7474405936      (13, 13)           64         10776.12101     12102.05993   
  0.621207852       (13, 13)           64         10772.36619     10568.75332   
  0.6843242228      (13, 13)           64         10775.86142     11343.33839   
  0.6527660374      (13, 13)           64         10768.30818     10966.42293   
  0.6369869447      (13, 13)           64         10765.02342     10750.08937   
  0.644876491       (13, 13)           64         10763.25009     10874.43648   
  0.6409317179      (13, 13)           64          10759.6722     10810.83996   
  0.6389593313      (13, 13)           64          10763.6815     10790.47651   
  0.6379261764      (13, 13)           64          10771.9717      10777.2796   
  0.6374565605      (13, 13)           64         10772.89353     10775.90259   
  0.637174791       (13, 13)           64         10766.12202     10770.44944   
  0.6370808679      (13, 13)           64         10764.23856     10768.32682   
                               Precision reached                                
  0.6320090166      (13, 13)           64         10764.59319     10695.46708   
  0.6345449422      (13, 13)           64         10767.86964     10732.62594   
  0.6357659435      (13, 13)           64         10773.45042     10748.81651   
  0.6364234057      (13, 13)           64         10762.55418     10753.86563   
  0.6367990983      (13, 13)           64         10769.59076     10752.12321   
  0.6369869447      (13, 13)           64         10769.54774      10756.2172   
  0.6369869447      (13, 13)           64         10765.80357     10762.47375   
                               Precision reached                                
================================================================================
 1.        (13, 13)               64                    0.6369869447            
================================================================================
********************************************************************************
avg:         (13, 13)                    64                  0.6369869447       
********************************************************************************
      Rate         Resolution        Frames          bsize            size      
--------------------------------------------------------------------------------
  0.4949936813       (9, 9)           128         10308.54073     8479.481633   
  0.7474482356       (9, 9)           128         10332.19495     11595.85161   
  0.6211723535       (9, 9)           128         10318.37288     10093.40935   
  0.6842616895       (9, 9)           128         10320.88512     10856.98922   
  0.6527656265       (9, 9)           128          10329.4774     10478.02923   
  0.636920385        (9, 9)           128          10324.0963     10292.89367   
  0.6448916108       (9, 9)           128         10321.93124     10389.40051   
  0.6409059979       (9, 9)           128          10321.0719      10343.6514   
  0.6388645864       (9, 9)           128         10323.68278     10317.66413   
  0.6398366871       (9, 9)           128         10311.93878     10338.79507   
  0.6393506367       (9, 9)           128         10315.15581     10330.87025   
  0.6390590065       (9, 9)           128         10321.05846     10323.93895   
  0.6389617964       (9, 9)           128         10315.05244     10325.91251   
                               Precision reached                                
  0.6339068728       (9, 9)           128          10319.0903     10257.89565   
  0.6364343346       (9, 9)           128         10313.71927     10297.63916   
  0.6376980655       (9, 9)           128         10325.30762     10290.68372   
  0.638378536        (9, 9)           128         10321.24699     10303.64328   
  0.6386701662       (9, 9)           128         10317.91768     10301.38561   
  0.6388645864       (9, 9)           128          10318.8538     10315.29659   
  0.6388645864       (9, 9)           128          10318.5149     10318.35791   
                               Precision reached                                
================================================================================
 1.         (9, 9)               128                    0.6388645864            
================================================================================
********************************************************************************
avg:          (9, 9)                     128                 0.6388645864       
********************************************************************************
      Rate         Resolution        Frames          bsize            size      
--------------------------------------------------------------------------------
  0.4949979992       (7, 7)           256          12474.5352     10232.95389   
  0.7474989996       (7, 7)           256         12511.00009     14031.01568   
  0.6212084834       (7, 7)           256         12492.60213     12220.87211   
  0.6843537415       (7, 7)           256         12504.01239     13137.58572   
  0.6528211285       (7, 7)           256          12491.2119      12686.7927   
  0.6369747899       (7, 7)           256         12498.25785      12448.4268   
  0.6448979592       (7, 7)           256         12492.06569     12554.30473   
  0.6408963585       (7, 7)           256         12495.48006     12502.16559   
  0.6388955582       (7, 7)           256         12494.39155     12481.51113   
  0.6399359744       (7, 7)           256         12493.19064     12491.39767   
  0.6404161665       (7, 7)           256         12501.20919     12485.10613   
  0.6406562625       (7, 7)           256         12498.84858     12509.96454   
  0.6404961985       (7, 7)           256          12497.7774     12499.35779   
  0.6404961985       (7, 7)           256         12488.55852     12492.30173   
                               Precision reached                                
  0.6354541817       (7, 7)           256         12497.32035     12415.73212   
  0.6379351741       (7, 7)           256         12502.63135     12450.46675   
  0.6392156863       (7, 7)           256          12493.7156     12482.43426   
  0.6398559424       (7, 7)           256         12494.06922     12495.18433   
  0.6395358143       (7, 7)           256         12497.09899      12493.5881   
  0.6396958784       (7, 7)           256         12497.98397     12490.65018   
  0.6397759104       (7, 7)           256         12493.16698     12490.49733   
                               Precision reached                                
================================================================================
 1.         (7, 7)               256                    0.6397759104            
================================================================================
********************************************************************************
avg:          (7, 7)                     256                 0.6397759104       
********************************************************************************
                                    SUMMARY                                     
     Resolution            Frames                      Threshold                
================================================================================
      (71, 71)               2                        0.5054552668              
      (50, 50)               4                           0.5888                 
      (36, 36)               8                        0.6165123457              
      (25, 25)               16                       0.6290133333              
      (18, 18)               32                       0.6341099164              
      (13, 13)               64                       0.6369869447              
       (9, 9)               128                       0.6388645864              
       (7, 7)               256                       0.6397759104              
================================================================================
