precision:                     0.0001
iterations:                    1
compute_effort:                1
range:                         (0, 256)
durations:                     [2, 4, 8, 16, 32, 64, 128, 256]
resolutions:                   [1, 2, 4, 8, 16, 32, 64, 128, 256, 512, 1024]
verbose:                       False
mode:                          compute_load
codec:                         residual
entropy_coder:                 entropy
out:                           results/threshold_search_lossless/residual_entropy.log
out_redir:                     > /dev/null 2>&1


Processing resolutions...
================================================================================
 #.       Resolution            Frames                    Threshold             
================================================================================
      Rate         Resolution        Frames          bsize            size      
--------------------------------------------------------------------------------
  0.495049505        (1, 1)          10000        0.9927293584    0.4068567728  
  0.7475747575       (1, 1)          10000        0.9960275362    0.5586895568  
  0.8737873787       (1, 1)          10000        0.9971136163    0.6248836433  
  0.9368936894       (1, 1)          10000        0.997758329     0.6553776787  
  0.9683968397       (1, 1)          10000        0.9979160008    0.6698854789  
  0.9841984198       (1, 1)          10000        0.9976881137    0.6769847912  
  0.9920992099       (1, 1)          10000        0.997771554     0.6804551745  
   0.9959996         (1, 1)          10000        0.997973713     0.6821280989  
   0.9979998         (1, 1)          10000        0.9977460109    0.6832888017  
   0.9989999         (1, 1)          10000        0.9976861626    0.6835876849  
   0.99949995        (1, 1)          10000        0.9976774153    0.6838044135  
   0.99979998        (1, 1)          10000         0.99750175     0.6837271144  
   0.99989999        (1, 1)          10000        0.9974530518    0.6837013962  
      1.0            (1, 1)          10000        0.9974513122    0.6837464107  
      1.0            (1, 1)          10000        0.9976731771    0.6840705857  
                               Precision reached                                
================================================================================
 1.         (1, 1)              10000                        1.0                
================================================================================
********************************************************************************
avg:          (1, 1)                    10000                     1.0           
********************************************************************************
      Rate         Resolution        Frames          bsize            size      
--------------------------------------------------------------------------------
  0.4949979992       (2, 2)           2500        0.9930276638    0.4066076532  
  0.7474989996       (2, 2)           2500        0.9959175275    0.5580473156  
  0.8737494998       (2, 2)           2500        0.9968905457    0.6249458085  
  0.9368747499       (2, 2)           2500        0.9971180865    0.6553766173  
  0.9683873549       (2, 2)           2500        0.997742395     0.6700293907  
  0.9841936775       (2, 2)           2500        0.9978462615    0.6772559518  
  0.9920968387       (2, 2)           2500        0.9977640616    0.6807398466  
  0.9959983994       (2, 2)           2500        0.9976070136    0.6825669727  
  0.9979991997       (2, 2)           2500        0.9976968277    0.6833543242  
  0.9989995998       (2, 2)           2500        0.9977753836    0.6835873813  
  0.9994997999       (2, 2)           2500        0.9979412265    0.6837897182  
   0.99979992        (2, 2)           2500        0.997529938     0.6839390902  
   0.99989996        (2, 2)           2500        0.9976651553    0.6838544972  
      1.0            (2, 2)           2500        0.9976466461    0.6835790095  
      1.0            (2, 2)           2500        0.9977513586    0.6835710904  
                               Precision reached                                
================================================================================
 1.         (2, 2)               2500                        1.0                
================================================================================
********************************************************************************
avg:          (2, 2)                    2500                      1.0           
********************************************************************************
      Rate         Resolution        Frames          bsize            size      
--------------------------------------------------------------------------------
  0.4949919872       (4, 4)           625         0.9935869807    0.4072235721  
  0.7474959936       (4, 4)           625         0.996100439     0.5593909853  
  0.8737980769       (4, 4)           625         0.9972228737    0.6254073867  
  0.9368990385       (4, 4)           625         0.9974165193    0.6560648998  
  0.9684495192       (4, 4)           625         0.9974641613    0.6704864985  
  0.9841746795       (4, 4)           625         0.9974201195    0.677129536   
  0.9920873397       (4, 4)           625         0.9975909055    0.6812631012  
  0.9959935897       (4, 4)           625         0.9974697137    0.6826131225  
  0.9979967949       (4, 4)           625         0.9975224392    0.6839862277  
  0.9989983974       (4, 4)           625         0.9977732218    0.6841864076  
  0.9994991987       (4, 4)           625         0.9974511102    0.6842242869  
  0.9997996795       (4, 4)           625         0.997710991     0.684373346   
  0.9998998397       (4, 4)           625         0.9977646732    0.684358854   
      1.0            (4, 4)           625         0.9978074608    0.6843569199  
      1.0            (4, 4)           625         0.9975565139    0.684455799   
                               Precision reached                                
================================================================================
 1.         (4, 4)               625                         1.0                
================================================================================
********************************************************************************
avg:          (4, 4)                     625                      1.0           
********************************************************************************
      Rate         Resolution        Frames          bsize            size      
--------------------------------------------------------------------------------
  0.4949919872       (8, 8)           157         0.9930981799    0.4092060383  
  0.7474959936       (8, 8)           157         0.9962398056    0.5600291186  
  0.8737980769       (8, 8)           157         0.9971879247    0.6265647263  
  0.9368990385       (8, 8)           157         0.9973350682    0.6572488179  
  0.9684495192       (8, 8)           157         0.9978252112    0.6713285289  
  0.9841746795       (8, 8)           157         0.9977635574    0.6781319602  
  0.9920873397       (8, 8)           157         0.9978389124    0.6820148024  
  0.9959935897       (8, 8)           157         0.9975902379    0.6832663418  
  0.9979967949       (8, 8)           157         0.9977237547    0.6844312875  
  0.9989983974       (8, 8)           157         0.9974798013    0.6848785303  
  0.9994991987       (8, 8)           157         0.9978807418    0.684971929   
  0.9997996795       (8, 8)           157         0.9979025245    0.6850739004  
  0.9998998397       (8, 8)           157         0.9981313624    0.6852966665  
      1.0            (8, 8)           157         0.9976834296    0.6853540938  
      1.0            (8, 8)           157         0.9978057768    0.6853319783  
                               Precision reached                                
================================================================================
 1.         (8, 8)               157                         1.0                
================================================================================
********************************************************************************
avg:          (8, 8)                     157                      1.0           
********************************************************************************
      Rate         Resolution        Frames          bsize            size      
--------------------------------------------------------------------------------
  0.4949919872      (16, 16)           40         0.9944160526    0.4175891857  
  0.7474959936      (16, 16)           40         0.9961385457    0.5663338116  
  0.8737980769      (16, 16)           40         0.9971405155    0.6320073027  
  0.9368990385      (16, 16)           40         0.9973184487    0.6610992593  
  0.9684495192      (16, 16)           40         0.9972969346    0.6749032721  
  0.9841746795      (16, 16)           40         0.9976375906    0.682789363   
  0.9920873397      (16, 16)           40         0.9979395389    0.6856888635  
   0.99609375       (16, 16)           40         0.998000009     0.6874321152  
  0.9979967949      (16, 16)           40         0.9981036606    0.6883280403  
  0.9989983974      (16, 16)           40         0.9979240285    0.6890354792  
  0.9994991987      (16, 16)           40         0.9977195226    0.6891649862  
  0.9997996795      (16, 16)           40         0.9976195864    0.6887756752  
  0.9998998397      (16, 16)           40         0.9976701482    0.6888890874  
      1.0           (16, 16)           40         0.9978397436    0.6893477612  
      1.0           (16, 16)           40         0.9975692525    0.6893563312  
                               Precision reached                                
================================================================================
 1.        (16, 16)               40                         1.0                
================================================================================
********************************************************************************
avg:         (16, 16)                    40                       1.0           
********************************************************************************
      Rate         Resolution        Frames          bsize            size      
--------------------------------------------------------------------------------
  0.4950086806      (32, 32)           10         0.9936502996    0.4495864228  
  0.7475043403      (32, 32)           10         0.9963720242    0.5902437164  
  0.8738064236      (32, 32)           10         0.997075622     0.6517317996  
  0.9369574653      (32, 32)           10         0.997254578     0.6796557681  
  0.9685329861      (32, 32)           10         0.9979330746    0.6935977851  
  0.9842664931      (32, 32)           10         0.9978151473    0.6999804024  
   0.9921875        (32, 32)           10         0.9980526431    0.7034145742  
   0.99609375       (32, 32)           10         0.997610507     0.7045011312  
  0.998046875       (32, 32)           10         0.9978036928    0.7052851321  
  0.9990234375      (32, 32)           10         0.9978023922    0.7058486467  
  0.9995659722      (32, 32)           10         0.9979283257    0.7062654315  
  0.9997829861      (32, 32)           10         0.9975964094    0.7063777286  
  0.9998914931      (32, 32)           10         0.9976594221    0.706405787   
      1.0           (32, 32)           10         0.9976588635    0.7067228136  
      1.0           (32, 32)           10         0.9973373143     0.70676273   
                               Precision reached                                
================================================================================
 1.        (32, 32)               10                         1.0                
================================================================================
********************************************************************************
avg:         (32, 32)                    10                       1.0           
********************************************************************************
      Rate         Resolution        Frames          bsize            size      
--------------------------------------------------------------------------------
  0.4949951172      (64, 64)           3          0.9963953423    0.5635391359  
  0.7475585938      (64, 64)           3          0.9976162883    0.6744099562  
  0.8737792969      (64, 64)           3          0.9977139046    0.7238154427  
  0.9368896484      (64, 64)           3          0.9977872551    0.7458272636  
  0.9685058594      (64, 64)           3          0.9981138312    0.7563823626  
  0.9842529297      (64, 64)           3           0.99814106     0.7614702542  
   0.9921875        (64, 64)           3          0.9984737331    0.7642407756  
   0.99609375       (64, 64)           3          0.9981947502    0.7656766489  
  0.998046875       (64, 64)           3          0.9980937958    0.7663767629  
  0.9990234375      (64, 64)           3          0.9980730597    0.7666808103  
  0.9995117188      (64, 64)           3          0.9980662665    0.7664505546  
  0.9997558594      (64, 64)           3          0.9982075752    0.7664895351  
  0.9998779297      (64, 64)           3          0.9981967528    0.7665267879  
      1.0           (64, 64)           3          0.9981563672    0.7665541596  
      1.0           (64, 64)           3          0.9981987777    0.7665149046  
                               Precision reached                                
================================================================================
 1.        (64, 64)               3                          1.0                
================================================================================
********************************************************************************
avg:         (64, 64)                     3                       1.0           
********************************************************************************
      Rate         Resolution        Frames          bsize            size      
--------------------------------------------------------------------------------
  0.4949951172     (128, 128)          2          0.9989942844    0.6597533455  
  0.7474975586     (128, 128)          2          0.9990754347    0.7467704929  
  0.8737792969     (128, 128)          2          0.9991708382    0.7851692395  
  0.9368896484     (128, 128)          2          0.9991914373    0.802591519   
  0.9684448242     (128, 128)          2          0.999241335     0.8108497006  
  0.9842529297     (128, 128)          2          0.9993589226    0.8150524608  
  0.9921264648     (128, 128)          2          0.9993090264    0.8168792502  
   0.99609375      (128, 128)          2          0.9993214173    0.817585152   
  0.998046875      (128, 128)          2          0.9991473765    0.8180415618  
  0.9990234375     (128, 128)          2          0.9992064095    0.8183196192  
  0.9995117188     (128, 128)          2          0.9993375659    0.818312952   
  0.9997558594     (128, 128)          2          0.9993687783    0.8187177155  
  0.9998779297     (128, 128)          2          0.9991149607    0.8190713603  
  0.9999389648     (128, 128)          2          0.9991842587    0.8188718683  
                               Precision reached                                
================================================================================
 1.       (128, 128)              2                     0.9999389648            
================================================================================
********************************************************************************
avg:        (128, 128)                    2                  0.9999389648       
********************************************************************************
      Rate         Resolution        Frames          bsize            size      
--------------------------------------------------------------------------------
  0.4949951172     (256, 256)          2          0.9997347074    0.6607839003  
  0.7474975586     (256, 256)          2          0.9997970089     0.74712917   
  0.8737487793     (256, 256)          2          0.999816932     0.7854135438  
  0.9368743896     (256, 256)          2          0.9998205091    0.8028724458  
  0.9684448242     (256, 256)          2          0.999823367     0.8110862525  
  0.9842224121     (256, 256)          2          0.9998081967    0.815198641   
  0.9921112061     (256, 256)          2          0.9998360952    0.8171666581  
  0.9960632324     (256, 256)          2          0.9997900886    0.818046223   
  0.9980316162     (256, 256)          2          0.9998226894     0.81870279   
  0.9990234375     (256, 256)          2          0.9997975485    0.8190576745  
  0.9995117188     (256, 256)          2          0.9998012615    0.8190108611  
  0.9997558594     (256, 256)          2          0.9998501152    0.8191443406  
  0.9998779297     (256, 256)          2          0.999824711     0.8192417745  
  0.9999389648     (256, 256)          2          0.9998302144    0.8191295538  
                               Precision reached                                
================================================================================
 1.       (256, 256)              2                     0.9999389648            
================================================================================
********************************************************************************
avg:        (256, 256)                    2                  0.9999389648       
********************************************************************************
      Rate         Resolution        Frames          bsize            size      
--------------------------------------------------------------------------------
  0.4949989319     (512, 512)          2          0.9999300808    0.6604541922  
  0.7474975586     (512, 512)          2          0.9999406677    0.7472800938  
  0.8737487793     (512, 512)          2          0.9999475469    0.7853539144  
  0.9368743896     (512, 512)          2          0.9999588148    0.802882769   
  0.9684371948     (512, 512)          2          0.9999588212    0.8111706495  
  0.9842185974     (512, 512)          2          0.9999540577    0.8152163799  
  0.9921112061     (512, 512)          2          0.9999523632    0.8172839262  
  0.996055603      (512, 512)          2          0.9999573444    0.8181224922  
  0.9980278015     (512, 512)          2          0.9999570909    0.8186727287  
  0.9990158081     (512, 512)          2          0.9999599267    0.8189838438  
  0.9995079041     (512, 512)          2          0.999957926     0.8189897369  
  0.9997558594     (512, 512)          2          0.9999590128    0.8191144645  
  0.9998779297     (512, 512)          2          0.9999500972    0.8192468739  
  0.9999389648     (512, 512)          2          0.9999570903    0.8191191807  
                               Precision reached                                
================================================================================
 1.       (512, 512)              2                     0.9999389648            
================================================================================
********************************************************************************
avg:        (512, 512)                    2                  0.9999389648       
********************************************************************************
      Rate         Resolution        Frames          bsize            size      
--------------------------------------------------------------------------------
  0.4949998856    (1024, 1024)         2          0.9999821068    0.6604440526  
  0.7474994659    (1024, 1024)         2          0.9999853428    0.7472864819  
  0.873749733     (1024, 1024)         2          0.9999875543    0.7854040724  
  0.9368743896    (1024, 1024)         2          0.9999885079    0.8028946169  
  0.9684371948    (1024, 1024)         2          0.9999878526    0.8111917636  
  0.9842185974    (1024, 1024)         2          0.999987919     0.8153224274  
  0.9921092987    (1024, 1024)         2          0.9999892156    0.8172436323  
  0.9960546494    (1024, 1024)         2          0.9999887469    0.8182585334  
  0.9980278015    (1024, 1024)         2          0.9999898509    0.818715103   
  0.9990139008    (1024, 1024)         2          0.9999876026    0.8189953775  
  0.9995069504    (1024, 1024)         2          0.999988463     0.8190839127  
  0.999753952     (1024, 1024)         2          0.9999904768    0.8191949084  
  0.999876976     (1024, 1024)         2          0.999988547     0.8191719814  
  0.9999389648    (1024, 1024)         2          0.9999884034    0.8192223848  
                               Precision reached                                
================================================================================
 1.      (1024, 1024)             2                     0.9999389648            
================================================================================
********************************************************************************
avg:       (1024, 1024)                   2                  0.9999389648       
********************************************************************************
                                    SUMMARY                                     
     Resolution            Frames                      Threshold                
================================================================================
       (1, 1)              10000                          1.0                   
       (2, 2)               2500                          1.0                   
       (4, 4)               625                           1.0                   
       (8, 8)               157                           1.0                   
      (16, 16)               40                           1.0                   
      (32, 32)               10                           1.0                   
      (64, 64)               3                            1.0                   
     (128, 128)              2                        0.9999389648              
     (256, 256)              2                        0.9999389648              
     (512, 512)              2                        0.9999389648              
    (1024, 1024)             2                        0.9999389648              
================================================================================


Processing durations...
================================================================================
 #.       Resolution            Frames                    Threshold             
================================================================================
      Rate         Resolution        Frames          bsize            size      
--------------------------------------------------------------------------------
  0.4949414799      (71, 71)           2          0.9963833498    0.6595928379  
  0.7474707399      (71, 71)           2          0.9978622711    0.745760078   
  0.8736361833      (71, 71)           2          0.9976829006    0.7838672967  
  0.936718905       (71, 71)           2          0.9976614502    0.8017055899  
  0.9684586392      (71, 71)           2          0.9978872632    0.8101746745  
  0.9843285062      (71, 71)           2          0.997534492     0.8141421583  
  0.9922634398      (71, 71)           2          0.9977357089    0.816123127   
  0.9962309066      (71, 71)           2          0.9978909026    0.8170737639  
   0.99821464       (71, 71)           2          0.9975499603    0.8171898208  
  0.9990081333      (71, 71)           2          0.9973671658    0.817372812   
   0.99940488       (71, 71)           2          0.9978303252    0.8174972999  
  0.9998016267      (71, 71)           2          0.9977366833    0.8175854205  
  0.9998016267      (71, 71)           2          0.997567005     0.8175954191  
                               Precision reached                                
================================================================================
 1.        (71, 71)               2                     0.9998016267            
================================================================================
********************************************************************************
avg:         (71, 71)                     2                  0.9998016267       
********************************************************************************
      Rate         Resolution        Frames          bsize            size      
--------------------------------------------------------------------------------
  0.4949333333      (50, 50)           4          0.9958778533    0.5214629685  
  0.7474666667      (50, 50)           4          0.9961740882    0.6428723432  
  0.8737333333      (50, 50)           4          0.9975204015    0.6962520874  
  0.9369333333      (50, 50)           4          0.9974703182    0.7201661133  
     0.9684         (50, 50)           4          0.9976695504    0.7320904275  
  0.9842666667      (50, 50)           4          0.9976450783    0.7378062032  
  0.9921333333      (50, 50)           4          0.9975777453    0.7405614766  
     0.996          (50, 50)           4          0.9975826028    0.7415681846  
     0.998          (50, 50)           4          0.997698914     0.742437851   
  0.9989333333      (50, 50)           4          0.9978002689    0.7427993647  
  0.9994666667      (50, 50)           4          0.9976908753    0.7429596017  
  0.9997333333      (50, 50)           4          0.9976972789    0.7430600806  
  0.9998666667      (50, 50)           4          0.9983330725    0.7434535099  
      1.0           (50, 50)           4          0.9977267859    0.743356459   
      1.0           (50, 50)           4          0.9977688824    0.7433596743  
                               Precision reached                                
================================================================================
 1.        (50, 50)               4                          1.0                
================================================================================
********************************************************************************
avg:         (50, 50)                     4                       1.0           
********************************************************************************
      Rate         Resolution        Frames          bsize            size      
--------------------------------------------------------------------------------
  0.4950396825      (36, 36)           8           0.99391707     0.4603068367  
  0.7474647266      (36, 36)           8          0.9966812189    0.5984777177  
  0.8736772487      (36, 36)           8          0.9969236635    0.6577668477  
  0.9368386243      (36, 36)           8          0.9975406787    0.6861855455  
  0.9683641975      (36, 36)           8          0.9974242281    0.6992118664  
  0.9841269841      (36, 36)           8          0.9979058742    0.7055883963  
  0.9920634921      (36, 36)           8          0.9978708799    0.7086903155  
  0.996031746       (36, 36)           8          0.9978956769    0.7111137511  
  0.998015873       (36, 36)           8          0.9979149933    0.7116395823  
  0.9990079365      (36, 36)           8          0.9977986689    0.7120418471  
  0.9994488536      (36, 36)           8          0.9977903874    0.7121629859  
  0.9997795414      (36, 36)           8          0.9976889425    0.7119562122  
  0.9998897707      (36, 36)           8          0.9981467873    0.7120851538  
      1.0           (36, 36)           8          0.9979300966    0.7121298899  
      1.0           (36, 36)           8          0.9979300966    0.7121298899  
                               Precision reached                                
================================================================================
 1.        (36, 36)               8                          1.0                
================================================================================
********************************************************************************
avg:         (36, 36)                     8                       1.0           
********************************************************************************
      Rate         Resolution        Frames          bsize            size      
--------------------------------------------------------------------------------
    0.49504         (25, 25)           16         0.9934251249    0.4327875366  
    0.74752         (25, 25)           16         0.996054493     0.5781571762  
  0.8738133333      (25, 25)           16         0.9973076196    0.6415304144  
    0.93696         (25, 25)           16         0.9974380558    0.6705854637  
  0.9684266667      (25, 25)           16         0.9975748995    0.6841812592  
  0.9842133333      (25, 25)           16         0.9972282248    0.6910254637  
  0.9921066667      (25, 25)           16         0.9979275971    0.6942407272  
  0.9960533333      (25, 25)           16         0.9977886212    0.6960674938  
  0.9979733333      (25, 25)           16         0.9975461443    0.6969976803  
    0.99904         (25, 25)           16         0.9978503342    0.6968548676  
  0.9995733333      (25, 25)           16         0.9975934301    0.6970286101  
  0.9997866667      (25, 25)           16         0.9977611556    0.6971090933  
  0.9998933333      (25, 25)           16         0.997713001     0.6971581831  
      1.0           (25, 25)           16         0.9973124939    0.6976565627  
      1.0           (25, 25)           16         0.9975827633    0.6976506499  
                               Precision reached                                
================================================================================
 1.        (25, 25)               16                         1.0                
================================================================================
********************************************************************************
avg:         (25, 25)                    16                       1.0           
********************************************************************************
      Rate         Resolution        Frames          bsize            size      
--------------------------------------------------------------------------------
  0.4950219036      (18, 18)           32         0.9932071416    0.4198654494  
  0.7475109518      (18, 18)           32         0.9968597405    0.5683085043  
  0.8737554759      (18, 18)           32         0.9974573669     0.63334106   
  0.936877738       (18, 18)           32         0.9976866794    0.6630338546  
  0.968438869       (18, 18)           32         0.9974499446    0.6769924073  
  0.9841696535      (18, 18)           32         0.9978988681    0.6842648661  
  0.9921346077      (18, 18)           32         0.9974757962    0.6877201357  
  0.9961170848      (18, 18)           32         0.9978101951     0.68882293   
  0.9981083234      (18, 18)           32         0.9977684918    0.6896750769  
  0.9990043807      (18, 18)           32         0.9976345244    0.6902177809  
  0.9995021904      (18, 18)           32         0.9977200844    0.6902150267  
  0.9998008761      (18, 18)           32         0.9976710083    0.6904062498  
  0.9999004381      (18, 18)           32         0.9977780439    0.6905150544  
                               Precision reached                                
================================================================================
 1.        (18, 18)               32                    0.9999004381            
================================================================================
********************************************************************************
avg:         (18, 18)                    32                  0.9999004381       
********************************************************************************
      Rate         Resolution        Frames          bsize            size      
--------------------------------------------------------------------------------
  0.4949751104      (13, 13)           64         0.9927848944    0.4133522106  
  0.7474405936      (13, 13)           64         0.9969215792    0.563686407   
  0.8736733352      (13, 13)           64         0.9970711364    0.6290355239  
  0.936789706       (13, 13)           64         0.9974983681    0.6590593947  
  0.9683478914      (13, 13)           64         0.9976987051    0.6736862431  
  0.9841269841      (13, 13)           64         0.9972781774    0.6803397572  
  0.9920165305      (13, 13)           64          0.99792627     0.6841828862  
  0.9959613037      (13, 13)           64         0.9976552003    0.6858047062  
  0.9979336902      (13, 13)           64         0.9976963032    0.6862661968  
  0.9989668451      (13, 13)           64         0.9982672348    0.6865100161  
  0.999436461       (13, 13)           64         0.997710035     0.6865946652  
  0.9997182305      (13, 13)           64         0.9980711736    0.6869640632  
  0.9998121537      (13, 13)           64         0.9981297839    0.6869878634  
                               Precision reached                                
================================================================================
 1.        (13, 13)               64                    0.9998121537            
================================================================================
********************************************************************************
avg:         (13, 13)                    64                  0.9998121537       
********************************************************************************
      Rate         Resolution        Frames          bsize            size      
--------------------------------------------------------------------------------
  0.4949936813       (9, 9)           128         0.9938164386    0.4099373077  
  0.7474482356       (9, 9)           128         0.9961854287    0.5606864657  
  0.8737241178       (9, 9)           128         0.9967224132    0.6269716376  
  0.9369106639       (9, 9)           128         0.9978762545    0.6576594034  
  0.9684067269       (9, 9)           128         0.9977255673    0.6720557875  
  0.9841547584       (9, 9)           128         0.9979083228    0.6789891223  
  0.9921259843       (9, 9)           128         0.9974126682    0.6826500885  
  0.9961115972       (9, 9)           128         0.9977701163    0.6838602948  
  0.9980557986       (9, 9)           128         0.9974690508    0.6843657429  
  0.9990278993       (9, 9)           128         0.9974241641    0.6848074319  
  0.9995139496       (9, 9)           128         0.9979836891    0.6852186175  
  0.9998055799       (9, 9)           128         0.9975631284    0.6851655679  
  0.9999027899       (9, 9)           128         0.9977453517    0.6858552248  
                               Precision reached                                
================================================================================
 1.         (9, 9)               128                    0.9999027899            
================================================================================
********************************************************************************
avg:          (9, 9)                     128                 0.9999027899       
********************************************************************************
      Rate         Resolution        Frames          bsize            size      
--------------------------------------------------------------------------------
  0.4949979992       (7, 7)           256         0.9949897841    0.4084169897  
  0.7474989996       (7, 7)           256         0.9970471314    0.5601696226  
  0.8737094838       (7, 7)           256         0.9976167312    0.6258073011  
  0.9368547419       (7, 7)           256         0.9981363604    0.6560536854  
  0.9683873549       (7, 7)           256         0.9980675808    0.6703424357  
  0.9842336935       (7, 7)           256         0.9981406449    0.6778072365  
  0.9921568627       (7, 7)           256         0.9982786188    0.6818657315  
  0.9960784314       (7, 7)           256         0.9981207824    0.6837211621  
  0.9980792317       (7, 7)           256         0.9981631459    0.6839914425  
  0.9990396158       (7, 7)           256         0.9981384825    0.6844057973  
  0.9995198079       (7, 7)           256         0.9979535536    0.684774272   
  0.999759904        (7, 7)           256         0.9980360607    0.6849661985  
  0.999839936        (7, 7)           256         0.9980573459    0.6850360425  
                               Precision reached                                
================================================================================
 1.         (7, 7)               256                     0.999839936            
================================================================================
********************************************************************************
avg:          (7, 7)                     256                  0.999839936       
********************************************************************************
                                    SUMMARY                                     
     Resolution            Frames                      Threshold                
================================================================================
      (71, 71)               2                        0.9998016267              
      (50, 50)               4                            1.0                   
      (36, 36)               8                            1.0                   
      (25, 25)               16                           1.0                   
      (18, 18)               32                       0.9999004381              
      (13, 13)               64                       0.9998121537              
       (9, 9)               128                       0.9999027899              
       (7, 7)               256                       0.999839936               
================================================================================
