Parameters used: Namespace(coder='./lpaq1 0', duration=10, format='aer', fps=30, out='results/threshold/aer_lpaq1_10s_randomflip_prec10.log', precision=10, range=[0, 255], rate=0.5, res=[64, 64], sequence='rate_random_flip', value=0, verbose=False)

rate: 0.5
    raw size: 1228813
    aer size: 7964685
    raw.paq size: 153710
    aer.paq size: 551918
    diff: 398208

rate: 0.25
    raw size: 1228813
    aer size: 3984397
    raw.paq size: 153564
    aer.paq size: 335000
    diff: 181436

rate: 0.125
    raw size: 1228813
    aer size: 1994253
    raw.paq size: 153204
    aer.paq size: 198787
    diff: 45583

rate: 0.0625
    raw size: 1228813
    aer size: 999181
    raw.paq size: 152341
    aer.paq size: 116153
    diff: 36188

rate: 0.09375
    raw size: 1228813
    aer size: 1496717
    raw.paq size: 152930
    aer.paq size: 159557
    diff: 6627

rate: 0.078125
    raw size: 1228813
    aer size: 1247949
    raw.paq size: 152721
    aer.paq size: 138481
    diff: 14240

rate: 0.0859375
    raw size: 1228813
    aer size: 1372333
    raw.paq size: 152822
    aer.paq size: 149241
    diff: 3581

rate: 0.08984375
    raw size: 1228813
    aer size: 1434525
    raw.paq size: 152846
    aer.paq size: 154419
    diff: 1573

rate: 0.087890625
    raw size: 1228813
    aer size: 1403429
    raw.paq size: 152804
    aer.paq size: 151844
    diff: 960

rate: 0.0888671875
    raw size: 1228813
    aer size: 1418977
    raw.paq size: 152853
    aer.paq size: 153068
    diff: 215

rate: 0.08837890625
    raw size: 1228813
    aer size: 1411203
    raw.paq size: 152837
    aer.paq size: 151960
    diff: 877

rate: 0.088623046875
    raw size: 1228813
    aer size: 1415090
    raw.paq size: 152839
    aer.paq size: 152647
    diff: 192

rate: 0.0887451171875
    raw size: 1228813
    aer size: 1415090
    raw.paq size: 152844
    aer.paq size: 152691
    diff: 153

rate: 0.08880615234375
    raw size: 1228813
    aer size: 1415090
    raw.paq size: 152823
    aer.paq size: 152454
    diff: 369

rate: 0.088836669921875
    raw size: 1228813
    aer size: 1415090
    raw.paq size: 152843
    aer.paq size: 152599
    diff: 244

rate: 0.0888519287109375
    raw size: 1228813
    aer size: 1415090
    raw.paq size: 152883
    aer.paq size: 152935
    diff: 52

rate: 0.08884429931640625
    raw size: 1228813
    aer size: 1415090
    raw.paq size: 152860
    aer.paq size: 152964
    diff: 104

rate: 0.08884048461914062
    raw size: 1228813
    aer size: 1415090
    raw.paq size: 152839
    aer.paq size: 152689
    diff: 150

rate: 0.08884239196777344
    raw size: 1228813
    aer size: 1415090
    raw.paq size: 152830
    aer.paq size: 152643
    diff: 187

rate: 0.08884334564208984
    raw size: 1228813
    aer size: 1415090
    raw.paq size: 152806
    aer.paq size: 153044
    diff: 238

rate: 0.08884286880493164
    raw size: 1228813
    aer size: 1415090
    raw.paq size: 152864
    aer.paq size: 152726
    diff: 138

rate: 0.08884310722351074
    raw size: 1228813
    aer size: 1415090
    raw.paq size: 152845
    aer.paq size: 152401
    diff: 444

rate: 0.08884322643280029
    raw size: 1228813
    aer size: 1415090
    raw.paq size: 152872
    aer.paq size: 152896
    diff: 24

rate: 0.08884316682815552
    raw size: 1228813
    aer size: 1415090
    raw.paq size: 152835
    aer.paq size: 152756
    diff: 79

rate: 0.0888431966304779
    raw size: 1228813
    aer size: 1415090
    raw.paq size: 152873
    aer.paq size: 152634
    diff: 239

rate: 0.0888432115316391
    raw size: 1228813
    aer size: 1415090
    raw.paq size: 152857
    aer.paq size: 152669
    diff: 188

rate: 0.0888432189822197
    raw size: 1228813
    aer size: 1415090
    raw.paq size: 152874
    aer.paq size: 152827
    diff: 47

rate: 0.08884322270751
    raw size: 1228813
    aer size: 1415090
    raw.paq size: 152876
    aer.paq size: 152780
    diff: 96

rate: 0.08884322457015514
    raw size: 1228813
    aer size: 1415090
    raw.paq size: 152832
    aer.paq size: 152756
    diff: 76

rate: 0.08884322550147772
    raw size: 1228813
    aer size: 1415090
    raw.paq size: 152829
    aer.paq size: 152723
    diff: 106

rate: 0.088843225967139
    raw size: 1228813
    aer size: 1415090
    raw.paq size: 152837
    aer.paq size: 152286
    diff: 551

rate: 0.08884322619996965
    raw size: 1228813
    aer size: 1415090
    raw.paq size: 152860
    aer.paq size: 152673
    diff: 187

rate: 0.08884322631638497
    raw size: 1228813
    aer size: 1415090
    raw.paq size: 152860
    aer.paq size: 153101
    diff: 241

rate: 0.08884322625817731
    raw size: 1228813
    aer size: 1415090
    raw.paq size: 152861
    aer.paq size: 152492
    diff: 369

rate: 0.08884322628728114
    raw size: 1228813
    aer size: 1415090
    raw.paq size: 152851
    aer.paq size: 152684
    diff: 167

rate: 0.08884322630183306
    raw size: 1228813
    aer size: 1415090
    raw.paq size: 152844
    aer.paq size: 152406
    diff: 438

rate: 0.08884322630910901
    raw size: 1228813
    aer size: 1415090
    raw.paq size: 152769
    aer.paq size: 153087
    diff: 318

rate: 0.08884322630547103
    raw size: 1228813
    aer size: 1415090
    raw.paq size: 152860
    aer.paq size: 152367
    diff: 493

rate: 0.08884322630729002
    raw size: 1228813
    aer size: 1415090
    raw.paq size: 152848
    aer.paq size: 152997
    diff: 149

rate: 0.08884322630638053
    raw size: 1228813
    aer size: 1415090
    raw.paq size: 152848
    aer.paq size: 152828
    diff: 20

rate: 0.08884322630683528
    raw size: 1228813
    aer size: 1415090
    raw.paq size: 152822
    aer.paq size: 152646
    diff: 176

rate: 0.08884322630706265
    raw size: 1228813
    aer size: 1415090
    raw.paq size: 152800
    aer.paq size: 153016
    diff: 216

rate: 0.08884322630694896
    raw size: 1228813
    aer size: 1415090
    raw.paq size: 152811
    aer.paq size: 152989
    diff: 178

rate: 0.08884322630689212
    raw size: 1228813
    aer size: 1415090
    raw.paq size: 152833
    aer.paq size: 152979
    diff: 146

rate: 0.0888432263068637
    raw size: 1228813
    aer size: 1415090
    raw.paq size: 152865
    aer.paq size: 152629
    diff: 236

rate: 0.08884322630687791
    raw size: 1228813
    aer size: 1415090
    raw.paq size: 152824
    aer.paq size: 152666
    diff: 158

rate: 0.08884322630688501
    raw size: 1228813
    aer size: 1415090
    raw.paq size: 152841
    aer.paq size: 152800
    diff: 41

rate: 0.08884322630688857
    raw size: 1228813
    aer size: 1415090
    raw.paq size: 152878
    aer.paq size: 153191
    diff: 313

rate: 0.08884322630688679
    raw size: 1228813
    aer size: 1415090
    raw.paq size: 152815
    aer.paq size: 152871
    diff: 56

rate: 0.0888432263068859
    raw size: 1228813
    aer size: 1415090
    raw.paq size: 152842
    aer.paq size: 152483
    diff: 359

rate: 0.08884322630688635
    raw size: 1228813
    aer size: 1415090
    raw.paq size: 152862
    aer.paq size: 152958
    diff: 96

rate: 0.08884322630688612
    raw size: 1228813
    aer size: 1415090
    raw.paq size: 152792
    aer.paq size: 152740
    diff: 52

rate: 0.08884322630688624
    raw size: 1228813
    aer size: 1415090
    raw.paq size: 152803
    aer.paq size: 152775
    diff: 28

rate: 0.08884322630688629
    raw size: 1228813
    aer size: 1415090
    raw.paq size: 152843
    aer.paq size: 152586
    diff: 257

rate: 0.08884322630688632
    raw size: 1228813
    aer size: 1415090
    raw.paq size: 152872
    aer.paq size: 152567
    diff: 305

rate: 0.08884322630688633
    raw size: 1228813
    aer size: 1415090
    raw.paq size: 152874
    aer.paq size: 152759
    diff: 115

rate: 0.08884322630688635
    raw size: 1228813
    aer size: 1415090
    raw.paq size: 152798
    aer.paq size: 152598
    diff: 200

rate: 0.08884322630688635
    raw size: 1228813
    aer size: 1415090
    raw.paq size: 152865
    aer.paq size: 152771
    diff: 94

rate: 0.08884322630688635
    raw size: 1228813
    aer size: 1415090
    raw.paq size: 152840
    aer.paq size: 152756
    diff: 84

rate: 0.08884322630688635
    raw size: 1228813
    aer size: 1415090
    raw.paq size: 152833
    aer.paq size: 152738
    diff: 95

rate: 0.08884322630688635
    raw size: 1228813
    aer size: 1415090
    raw.paq size: 152805
    aer.paq size: 152794
    diff: 11

rate: 0.08884322630688635
    raw size: 1228813
    aer size: 1415090
    raw.paq size: 152845
    aer.paq size: 152650
    diff: 195

rate: 0.08884322630688635
    raw size: 1228813
    aer size: 1415090
    raw.paq size: 152835
    aer.paq size: 152786
    diff: 49

rate: 0.08884322630688635
    raw size: 1228813
    aer size: 1415090
    raw.paq size: 152828
    aer.paq size: 153413
    diff: 585

rate: 0.08884322630688635
    raw size: 1228813
    aer size: 1415090
    raw.paq size: 152843
    aer.paq size: 152980
    diff: 137

rate: 0.08884322630688635
    raw size: 1228813
    aer size: 1415090
    raw.paq size: 152851
    aer.paq size: 152498
    diff: 353

rate: 0.08884322630688635
    raw size: 1228813
    aer size: 1415090
    raw.paq size: 152819
    aer.paq size: 152686
    diff: 133

rate: 0.08884322630688635
    raw size: 1228813
    aer size: 1415090
    raw.paq size: 152843
    aer.paq size: 152487
    diff: 356

rate: 0.08884322630688635
    raw size: 1228813
    aer size: 1415090
    raw.paq size: 152893
    aer.paq size: 152559
    diff: 334

rate: 0.08884322630688635
    raw size: 1228813
    aer size: 1415090
    raw.paq size: 152846
    aer.paq size: 153009
    diff: 163

rate: 0.08884322630688635
    raw size: 647707
Parameters used: Namespace(coder='./lpaq1 0', duration=5, format='aer', fps=30, out='results/threshold/aer_lpaq1_128x128_randomflip_prec10.log', precision=10, range=[0, 255], rate=0.5, res=[128, 128], sequence='rate_random_flip', value=0, verbose=False)

rate: 0.5
    raw size: 2414915
    aer size: 15884301
    raw.paq size: 300986
    aer.paq size: 1021046
    diff: 720060

rate: 0.25
    raw size: 16397
    aer size: 7950349
    raw.paq size: 30
    aer.paq size: 626402
    diff: 626372

rate: 0.125
    raw size: 16397
    aer size: 3983373
    raw.paq size: 30
    aer.paq size: 374064
    diff: 374034

rate: 0.0625
    raw size: 16397
    aer size: 1999885
    raw.paq size: 30
    aer.paq size: 220558
    diff: 220528

rate: 0.03125
    raw size: 16397
    aer size: 1008141
    raw.paq size: 30
    aer.paq size: 127834
    diff: 127804

rate: 0.015625
    raw size: 16397
    aer size: 512269
    raw.paq size: 30
    aer.paq size: 72767
    diff: 72737

rate: 0.0078125
    raw size: 16397
    aer size: 264333
    raw.paq size: 30
    aer.paq size: 40703
    diff: 40673

rate: 0.00390625
    raw size: 16397
    aer size: 140365
    raw.paq size: 30
    aer.paq size: 22526
    diff: 22496

rate: 0.001953125
    raw size: 16397
    aer size: 78381
    raw.paq size: 30
    aer.paq size: 12485
    diff: 12455

rate: 0.0009765625
    raw size: 16397
    aer size: 47389
    raw.paq size: 30
    aer.paq size: 6844
    diff: 6814

rate: 0.00048828125
    raw size: 16397
    aer size: 31893
    raw.paq size: 30
    aer.paq size: 3785
    diff: 3755

rate: 0.000244140625
    raw size: 16397
    aer size: 24145
    raw.paq size: 30
    aer.paq size: 2040
    diff: 2010

rate: 0.0001220703125
    raw size: 16397
    aer size: 20271
    raw.paq size: 30
    aer.paq size: 1107
    diff: 1077

rate: 6.103515625e-05
    raw size: 16397
    aer size: 18334
    raw.paq size: 30
    aer.paq size: 604
    diff: 574

rate: 3.0517578125e-05
    raw size: 16397
    aer size: 16397
    raw.paq size: 30
    aer.paq size: 30
    diff: 0

Parameters used: Namespace(coder='./lpaq1 0', duration=1, format='aer', fps=30, out='results/threshold/aer_lpaq1_1s_randomflip_prec10.log', precision=10, range=[0, 255], rate=0.5, res=[64, 64], sequence='rate_random_flip', value=0, verbose=False)

rate: 0.5
    raw size: 122893
    aer size: 776205
    raw.paq size: 14956
    aer.paq size: 55379
    diff: 40423

rate: 0.25
    raw size: 122893
    aer size: 390157
    raw.paq size: 14828
    aer.paq size: 33917
    diff: 19089

rate: 0.125
    raw size: 122893
    aer size: 197133
    raw.paq size: 14458
    aer.paq size: 20233
    diff: 5775

rate: 0.0625
    raw size: 122893
    aer size: 100621
    raw.paq size: 13633
    aer.paq size: 11910
    diff: 1723

rate: 0.09375
    raw size: 122893
    aer size: 148877
    raw.paq size: 14170
    aer.paq size: 16279
    diff: 2109

rate: 0.078125
    raw size: 122893
    aer size: 124749
    raw.paq size: 13965
    aer.paq size: 14126
    diff: 161

rate: 0.0703125
    raw size: 122893
    aer size: 112685
    raw.paq size: 13799
    aer.paq size: 13041
    diff: 758

rate: 0.07421875
    raw size: 122893
    aer size: 118717
    raw.paq size: 13885
    aer.paq size: 13621
    diff: 264

rate: 0.076171875
    raw size: 122893
    aer size: 121733
    raw.paq size: 13973
    aer.paq size: 13864
    diff: 109

rate: 0.0771484375
    raw size: 122893
    aer size: 123241
    raw.paq size: 13943
    aer.paq size: 14054
    diff: 111

rate: 0.07666015625
    raw size: 122893
    aer size: 122487
    raw.paq size: 13961
    aer.paq size: 14047
    diff: 86

rate: 0.076416015625
    raw size: 122893
    aer size: 122110
    raw.paq size: 13926
    aer.paq size: 13890
    diff: 36

rate: 0.0765380859375
    raw size: 122893
    aer size: 122110
    raw.paq size: 13912
    aer.paq size: 13947
    diff: 35

rate: 0.07647705078125
    raw size: 122893
    aer size: 122110
    raw.paq size: 13977
    aer.paq size: 13929
    diff: 48

rate: 0.076507568359375
    raw size: 122893
    aer size: 122110
    raw.paq size: 13933
    aer.paq size: 13994
    diff: 61

rate: 0.0764923095703125
    raw size: 122893
    aer size: 122110
    raw.paq size: 13914
    aer.paq size: 13867
    diff: 47

rate: 0.07649993896484375
    raw size: 122893
    aer size: 122110
    raw.paq size: 13917
    aer.paq size: 13899
    diff: 18

rate: 0.07650375366210938
    raw size: 122893
    aer size: 122110
    raw.paq size: 13921
    aer.paq size: 14012
    diff: 91

rate: 0.07650184631347656
    raw size: 122893
    aer size: 122110
    raw.paq size: 13947
    aer.paq size: 13847
    diff: 100

rate: 0.07650279998779297
    raw size: 122893
    aer size: 122110
    raw.paq size: 13896
    aer.paq size: 13935
    diff: 39

rate: 0.07650232315063477
    raw size: 122893
    aer size: 122110
    raw.paq size: 13953
    aer.paq size: 13929
    diff: 24

rate: 0.07650256156921387
    raw size: 122893
    aer size: 122110
    raw.paq size: 13910
    aer.paq size: 13891
    diff: 19

rate: 0.07650268077850342
    raw size: 122893
    aer size: 122110
    raw.paq size: 13915
    aer.paq size: 13939
    diff: 24

rate: 0.07650262117385864
    raw size: 122893
    aer size: 122110
    raw.paq size: 13894
    aer.paq size: 13900
    diff: 6

Parameters used: Namespace(coder='./lpaq1 0', duration=5, format='aer', fps=30, out='results/threshold/aer_lpaq1_32x32_randomflip_prec10.log', precision=10, range=[0, 255], rate=0.5, res=[32, 32], sequence='rate_random_flip', value=0, verbose=False)

rate: 0.5
    raw size: 153613
    aer size: 992781
    raw.paq size: 19196
    aer.paq size: 77283
    diff: 58087

rate: 0.25
    raw size: 153613
    aer size: 496909
    raw.paq size: 19162
    aer.paq size: 46741
    diff: 27579

rate: 0.125
    raw size: 153613
    aer size: 248973
    raw.paq size: 19054
    aer.paq size: 27683
    diff: 8629

rate: 0.0625
    raw size: 153613
    aer size: 125005
    raw.paq size: 18827
    aer.paq size: 15995
    diff: 2832

rate: 0.09375
    raw size: 153613
    aer size: 186989
    raw.paq size: 18960
    aer.paq size: 22004
    diff: 3044

rate: 0.078125
    raw size: 153613
    aer size: 155997
    raw.paq size: 18930
    aer.paq size: 19096
    diff: 166

rate: 0.0703125
    raw size: 153613
    aer size: 140501
    raw.paq size: 18885
    aer.paq size: 17551
    diff: 1334

rate: 0.07421875
    raw size: 153613
    aer size: 148249
    raw.paq size: 18931
    aer.paq size: 18460
    diff: 471

rate: 0.076171875
    raw size: 153613
    aer size: 152123
    raw.paq size: 18932
    aer.paq size: 18790
    diff: 142

rate: 0.0771484375
    raw size: 153613
    aer size: 154060
    raw.paq size: 18946
    aer.paq size: 18912
    diff: 34

rate: 0.07763671875
    raw size: 153613
    aer size: 154060
    raw.paq size: 18936
    aer.paq size: 18909
    diff: 27

rate: 0.077880859375
    raw size: 153613
    aer size: 154060
    raw.paq size: 18935
    aer.paq size: 18859
    diff: 76

rate: 0.0780029296875
    raw size: 153613
    aer size: 154060
    raw.paq size: 18944
    aer.paq size: 18921
    diff: 23

rate: 0.07806396484375
    raw size: 153613
    aer size: 154060
    raw.paq size: 18953
    aer.paq size: 18874
    diff: 79

rate: 0.078094482421875
    raw size: 153613
    aer size: 154060
    raw.paq size: 18924
    aer.paq size: 18895
    diff: 29

rate: 0.0781097412109375
    raw size: 153613
    aer size: 154060
    raw.paq size: 18924
    aer.paq size: 19005
    diff: 81

rate: 0.07810211181640625
    raw size: 153613
    aer size: 154060
    raw.paq size: 18949
    aer.paq size: 18930
    diff: 19

rate: 0.07810592651367188
    raw size: 153613
    aer size: 154060
    raw.paq size: 18938
    aer.paq size: 18911
    diff: 27

rate: 0.07810783386230469
    raw size: 153613
    aer size: 154060
    raw.paq size: 18933
    aer.paq size: 18952
    diff: 19

rate: 0.07810688018798828
    raw size: 153613
    aer size: 154060
    raw.paq size: 18945
    aer.paq size: 18832
    diff: 113

rate: 0.07810735702514648
    raw size: 153613
    aer size: 154060
    raw.paq size: 18925
    aer.paq size: 18893
    diff: 32

rate: 0.07810759544372559
    raw size: 153613
    aer size: 154060
    raw.paq size: 18943
    aer.paq size: 18898
    diff: 45

rate: 0.07810771465301514
    raw size: 153613
    aer size: 154060
    raw.paq size: 18940
    aer.paq size: 18901
    diff: 39

rate: 0.07810777425765991
    raw size: 153613
    aer size: 154060
    raw.paq size: 18926
    aer.paq size: 18935
    diff: 9

Parameters used: Namespace(coder='./lpaq1 0', duration=5, format='aer', fps=30, out='results/threshold/aer_lpaq1_randomflip_prec5.log', precision=5, range=[0, 255], rate=0.5, res=[64, 64], sequence='rate_random_flip', value=0, verbose=False)

rate: 0.5
    raw size: 614413
    aer size: 3971085
    raw.paq size: 76624
    aer.paq size: 276799
    diff: 200175

rate: 0.25
    raw size: 614413
    aer size: 1987597
    raw.paq size: 76493
    aer.paq size: 168106
    diff: 91613

rate: 0.125
    raw size: 614413
    aer size: 995853
    raw.paq size: 76101
    aer.paq size: 99829
    diff: 23728

rate: 0.0625
    raw size: 614413
    aer size: 499981
    raw.paq size: 75234
    aer.paq size: 58306
    diff: 16928

rate: 0.09375
    raw size: 614413
    aer size: 747917
    raw.paq size: 75864
    aer.paq size: 80278
    diff: 4414

rate: 0.078125
    raw size: 614413
    aer size: 623949
    raw.paq size: 75611
    aer.paq size: 69401
    diff: 6210

rate: 0.0859375
    raw size: 614413
    aer size: 685933
    raw.paq size: 75762
    aer.paq size: 74749
    diff: 1013

rate: 0.08984375
    raw size: 614413
    aer size: 716925
    raw.paq size: 75737
    aer.paq size: 77473
    diff: 1736

rate: 0.087890625
    raw size: 614413
    aer size: 701429
    raw.paq size: 75762
    aer.paq size: 75930
    diff: 168

rate: 0.0869140625
    raw size: 614413
    aer size: 693681
    raw.paq size: 75757
    aer.paq size: 75436
    diff: 321

rate: 0.08740234375
    raw size: 614413
    aer size: 697555
    raw.paq size: 75765
    aer.paq size: 75876
    diff: 111

rate: 0.087158203125
    raw size: 614413
    aer size: 695618
    raw.paq size: 75781
    aer.paq size: 75586
    diff: 195

rate: 0.0872802734375
    raw size: 614413
    aer size: 695618
    raw.paq size: 75743
    aer.paq size: 75593
    diff: 150

rate: 0.08734130859375
    raw size: 614413
    aer size: 695618
    raw.paq size: 75713
    aer.paq size: 75514
    diff: 199

rate: 0.087371826171875
    raw size: 614413
    aer size: 695618
    raw.paq size: 75771
    aer.paq size: 75593
    diff: 178

rate: 0.0873870849609375
    raw size: 614413
    aer size: 695618
    raw.paq size: 75744
    aer.paq size: 75753
    diff: 9

rate: 0.08737945556640625
    raw size: 614413
    aer size: 695618
    raw.paq size: 75737
    aer.paq size: 75580
    diff: 157

rate: 0.08738327026367188
    raw size: 614413
    aer size: 695618
    raw.paq size: 75766
    aer.paq size: 75588
    diff: 178

rate: 0.08738517761230469
    raw size: 614413
    aer size: 695618
    raw.paq size: 75753
    aer.paq size: 75509
    diff: 244

rate: 0.0873861312866211
    raw size: 614413
    aer size: 695618
    raw.paq size: 75770
    aer.paq size: 69632
    diff: 6138

rate: 0.0873866081237793
Parameters used: Namespace(coder='./paq -8', duration=5, format='aer', fps=30, out='results/threshold/aer_paq8_randomflip_prec5.log', precision=5, range=[0, 255], rate=0.5, res=[64, 64], sequence='rate_random_flip', value=0, verbose=False)

rate: 0.5
    raw size: 614413
    aer size: 3971085
    raw.paq size: 76618
    aer.paq size: 101868
    diff: 25250

rate: 0.25
    raw size: 614413
    aer size: 1987597
    raw.paq size: 76420
    aer.paq size: 75327
    diff: 1093

rate: 0.375
    raw size: 614413
    aer size: 2979341
    raw.paq size: 76574
    aer.paq size: 92623
    diff: 16049

rate: 0.3125
    raw size: 614413
    aer size: 2483469
    raw.paq size: 76517
    aer.paq size: 85001
    diff: 8484

rate: 0.28125
    raw size: 614413
    aer size: 2235533
    raw.paq size: 76472
    aer.paq size: 80407
    diff: 3935

rate: 0.265625
    raw size: 614413
    aer size: 2111565
    raw.paq size: 76437
    aer.paq size: 77915
    diff: 1478

rate: 0.2578125
    raw size: 614413
    aer size: 2049581
    raw.paq size: 76426
    aer.paq size: 76722
    diff: 296

rate: 0.25390625
    raw size: 614413
    aer size: 2018589
    raw.paq size: 76410
    aer.paq size: 75989
    diff: 421

rate: 0.255859375
    raw size: 614413
    aer size: 2034085
    raw.paq size: 76413
    aer.paq size: 49152
    diff: 27261

rate: 0.2568359375
Parameters used: Namespace(coder='./lpaq1 0', duration=10, format='caer', fps=30, out='results/threshold/caer_lpaq1_10s_randomflip_prec10.log', precision=10, range=[0, 255], rate=0.5, res=[64, 64], sequence='rate_random_flip', value=0, verbose=False)

rate: 0.5
    raw size: 1228813
    caer size: 3069965
    raw.paq size: 153713
    caer.paq size: 164397
    diff: 10684

rate: 0.25
    raw size: 1228813
    caer size: 1539085
    raw.paq size: 153584
    caer.paq size: 133379
    diff: 20205

rate: 0.375
    raw size: 1228813
    caer size: 2304525
    raw.paq size: 153684
    caer.paq size: 156817
    diff: 3133

rate: 0.3125
    raw size: 1228813
    caer size: 1921805
    raw.paq size: 153641
    caer.paq size: 147111
    diff: 6530

rate: 0.34375
    raw size: 1228813
    caer size: 2113165
    raw.paq size: 153660
    caer.paq size: 152481
    diff: 1179

rate: 0.359375
    raw size: 1228813
    caer size: 2208845
    raw.paq size: 153683
    caer.paq size: 154874
    diff: 1191

rate: 0.3515625
    raw size: 1228813
    caer size: 2161005
    raw.paq size: 153675
    caer.paq size: 153474
    diff: 201

rate: 0.35546875
    raw size: 1228813
    caer size: 2184925
    raw.paq size: 153678
    caer.paq size: 153907
    diff: 229

rate: 0.353515625
    raw size: 1228813
    caer size: 2172965
    raw.paq size: 153674
    caer.paq size: 153823
    diff: 149

rate: 0.3525390625
    raw size: 1228813
    caer size: 2166985
    raw.paq size: 153676
    caer.paq size: 153468
    diff: 208

rate: 0.35302734375
    raw size: 1228813
    caer size: 2169975
    raw.paq size: 153675
    caer.paq size: 154265
    diff: 590

rate: 0.352783203125
    raw size: 1228813
    caer size: 2168480
    raw.paq size: 153673
    caer.paq size: 153714
    diff: 41

rate: 0.3526611328125
    raw size: 1228813
    caer size: 2166985
    raw.paq size: 153670
    caer.paq size: 153761
    diff: 91

rate: 0.35260009765625
    raw size: 1228813
    caer size: 2166985
    raw.paq size: 153674
    caer.paq size: 153637
    diff: 37

rate: 0.352630615234375
    raw size: 1228813
    caer size: 2166985
    raw.paq size: 153683
    caer.paq size: 154182
    diff: 499

rate: 0.3526153564453125
    raw size: 1228813
    caer size: 2166985
    raw.paq size: 153678
    caer.paq size: 154147
    diff: 469

rate: 0.35260772705078125
    raw size: 1228813
    caer size: 2166985
    raw.paq size: 153680
    caer.paq size: 153657
    diff: 23

rate: 0.3526115417480469
    raw size: 1228813
    caer size: 2166985
    raw.paq size: 153674
    caer.paq size: 153577
    diff: 97

rate: 0.3526134490966797
    raw size: 1228813
    caer size: 2166985
    raw.paq size: 153671
    caer.paq size: 153630
    diff: 41

rate: 0.3526144027709961
    raw size: 1228813
    caer size: 2166985
    raw.paq size: 153668
    caer.paq size: 153378
    diff: 290

rate: 0.3526148796081543
    raw size: 1228813
    caer size: 2166985
    raw.paq size: 153676
    caer.paq size: 153800
    diff: 124

rate: 0.3526146411895752
    raw size: 1228813
    caer size: 2166985
    raw.paq size: 153675
    caer.paq size: 153582
    diff: 93

rate: 0.35261476039886475
    raw size: 1228813
    caer size: 2166985
    raw.paq size: 153675
    caer.paq size: 153921
    diff: 246

rate: 0.35261470079421997
    raw size: 1228813
    caer size: 2166985
    raw.paq size: 153673
    caer.paq size: 153991
    diff: 318

rate: 0.3526146709918976
    raw size: 1228813
    caer size: 2166985
    raw.paq size: 153673
    caer.paq size: 153544
    diff: 129

rate: 0.3526146858930588
    raw size: 1228813
    caer size: 2166985
    raw.paq size: 153675
    caer.paq size: 153821
    diff: 146

rate: 0.3526146784424782
    raw size: 1228813
    caer size: 2166985
    raw.paq size: 153664
    caer.paq size: 153639
    diff: 25

rate: 0.3526146821677685
    raw size: 1228813
    caer size: 2166985
    raw.paq size: 153678
    caer.paq size: 153829
    diff: 151

rate: 0.35261468030512333
    raw size: 1228813
    caer size: 2166985
    raw.paq size: 153670
    caer.paq size: 153952
    diff: 282

rate: 0.35261467937380075
    raw size: 1228813
    caer size: 2166985
    raw.paq size: 153685
    caer.paq size: 153599
    diff: 86

rate: 0.35261467983946204
    raw size: 1228813
    caer size: 2166985
    raw.paq size: 153679
    caer.paq size: 153554
    diff: 125

rate: 0.3526146800722927
    raw size: 1228813
    caer size: 2166985
    raw.paq size: 153679
    caer.paq size: 153472
    diff: 207

rate: 0.352614680188708
    raw size: 1228813
    caer size: 2166985
    raw.paq size: 153682
    caer.paq size: 154069
    diff: 387

rate: 0.35261468013050035
    raw size: 1228813
    caer size: 2166985
    raw.paq size: 153671
    caer.paq size: 153576
    diff: 95

rate: 0.3526146801596042
    raw size: 1228813
    caer size: 2166985
    raw.paq size: 153681
    caer.paq size: 153617
    diff: 64

rate: 0.3526146801741561
    raw size: 1228813
    caer size: 2166985
    raw.paq size: 153678
    caer.paq size: 153779
    diff: 101

rate: 0.35261468016688013
    raw size: 1228813
    caer size: 2166985
    raw.paq size: 153676
    caer.paq size: 153890
    diff: 214

rate: 0.35261468016324216
    raw size: 1228813
    caer size: 2166985
    raw.paq size: 153672
    caer.paq size: 153905
    diff: 233

rate: 0.35261468016142317
    raw size: 1228813
    caer size: 2166985
    raw.paq size: 153671
    caer.paq size: 154195
    diff: 524

rate: 0.35261468016051367
    raw size: 1228813
    caer size: 2166985
    raw.paq size: 153665
    caer.paq size: 154384
    diff: 719

rate: 0.3526146801600589
    raw size: 1228813
    caer size: 2166985
    raw.paq size: 153671
    caer.paq size: 153753
    diff: 82

rate: 0.35261468015983155
    raw size: 1228813
    caer size: 2166985
    raw.paq size: 153664
    caer.paq size: 154432
    diff: 768

rate: 0.35261468015971786
    raw size: 1228813
    caer size: 2166985
    raw.paq size: 153686
    caer.paq size: 153819
    diff: 133

rate: 0.352614680159661
    raw size: 1228813
    caer size: 2166985
    raw.paq size: 153668
    caer.paq size: 153599
    diff: 69

rate: 0.35261468015968944
    raw size: 1228813
    caer size: 2166985
    raw.paq size: 153670
    caer.paq size: 153484
    diff: 186

rate: 0.35261468015970365
    raw size: 1228813
    caer size: 2166985
    raw.paq size: 153668
    caer.paq size: 154052
    diff: 384

rate: 0.35261468015969655
    raw size: 1228813
    caer size: 2166985
    raw.paq size: 153673
    caer.paq size: 153767
    diff: 94

rate: 0.352614680159693
    raw size: 1228813
    caer size: 4109
    raw.paq size: 4096
    caer.paq size: 26
    diff: 4070

rate: 0.35261468015969477
    raw size: 8205
    caer size: 4109
    raw.paq size: 534
    caer.paq size: 26
    diff: 508

rate: 0.35261468015969566
    raw size: 4109
Parameters used: Namespace(coder='./lpaq1 0', duration=5, format='caer', fps=30, out='results/threshold/caer_lpaq1_128x128_randomflip_prec10.log', precision=10, range=[0, 255], rate=0.5, res=[128, 128], sequence='rate_random_flip', value=0, verbose=False)

rate: 0.5
    raw size: 2457613
    caer size: 6135821
    raw.paq size: 306349
    caer.paq size: 322702
    diff: 16353

rate: 0.25
    raw size: 2457613
    caer size: 3084301
    raw.paq size: 305821
    caer.paq size: 259631
    diff: 46190

rate: 0.375
    raw size: 2457613
    caer size: 4610061
    raw.paq size: 306247
    caer.paq size: 306638
    diff: 391

rate: 0.3125
    raw size: 2457613
    caer size: 3847181
    raw.paq size: 306073
    caer.paq size: 287302
    diff: 18771

rate: 0.34375
    raw size: 2457613
    caer size: 4228621
    raw.paq size: 306193
    caer.paq size: 297967
    diff: 8226

rate: 0.359375
    raw size: 2457613
    caer size: 4419341
    raw.paq size: 306218
    caer.paq size: 302591
    diff: 3627

rate: 0.3671875
    raw size: 2457613
    caer size: 4514701
    raw.paq size: 306231
    caer.paq size: 304712
    diff: 1519

rate: 0.37109375
    raw size: 2457613
    caer size: 4562381
    raw.paq size: 306235
    caer.paq size: 305605
    diff: 630

rate: 0.373046875
    raw size: 2457613
    caer size: 4586221
    raw.paq size: 306244
    caer.paq size: 306170
    diff: 74

rate: 0.3740234375
    raw size: 2457613
    caer size: 4598141
    raw.paq size: 306242
    caer.paq size: 306395
    diff: 153

rate: 0.37353515625
    raw size: 2457613
    caer size: 4592181
    raw.paq size: 306236
    caer.paq size: 306330
    diff: 94

rate: 0.373291015625
    raw size: 2457613
    caer size: 4589201
    raw.paq size: 306242
    caer.paq size: 306211
    diff: 31

rate: 0.3734130859375
    raw size: 2457613
    caer size: 4590691
    raw.paq size: 306249
    caer.paq size: 306232
    diff: 17

rate: 0.37347412109375
    raw size: 2457613
    caer size: 4591436
    raw.paq size: 306251
    caer.paq size: 306412
    diff: 161

rate: 0.373443603515625
    raw size: 2457613
    caer size: 4590691
    raw.paq size: 306248
    caer.paq size: 306267
    diff: 19

rate: 0.3734283447265625
    raw size: 2457613
    caer size: 4590691
    raw.paq size: 306224
    caer.paq size: 306259
    diff: 35

rate: 0.37342071533203125
    raw size: 2457613
    caer size: 4590691
    raw.paq size: 306236
    caer.paq size: 306235
    diff: 1

Parameters used: Namespace(coder='./lpaq1 0', duration=1, format='caer', fps=30, out='results/threshold/caer_lpaq1_1s_randomflip_prec10.log', precision=10, range=[0, 255], rate=0.5, res=[64, 64], sequence='rate_random_flip', value=0, verbose=False)

rate: 0.5
    raw size: 122893
    caer size: 305165
    raw.paq size: 14958
    caer.paq size: 15935
    diff: 977

rate: 0.25
    raw size: 122893
    caer size: 156685
    raw.paq size: 14833
    caer.paq size: 12942
    diff: 1891

rate: 0.375
    raw size: 122893
    caer size: 230925
    raw.paq size: 14934
    caer.paq size: 15190
    diff: 256

rate: 0.3125
    raw size: 122893
    caer size: 193805
    raw.paq size: 14897
    caer.paq size: 14240
    diff: 657

rate: 0.34375
    raw size: 122893
    caer size: 212365
    raw.paq size: 14915
    caer.paq size: 14760
    diff: 155

rate: 0.359375
    raw size: 122893
    caer size: 221645
    raw.paq size: 14926
    caer.paq size: 14999
    diff: 73

rate: 0.3515625
    raw size: 122893
    caer size: 217005
    raw.paq size: 14923
    caer.paq size: 14874
    diff: 49

rate: 0.35546875
    raw size: 122893
    caer size: 219325
    raw.paq size: 14926
    caer.paq size: 14937
    diff: 11

rate: 0.353515625
    raw size: 122893
    caer size: 218165
    raw.paq size: 14924
    caer.paq size: 14907
    diff: 17

rate: 0.3544921875
    raw size: 122893
    caer size: 218745
    raw.paq size: 14931
    caer.paq size: 14931
    diff: 0

Parameters used: Namespace(coder='./lpaq1 0', duration=5, format='caer', fps=30, out='results/threshold/caer_lpaq1_32x32_randomflip_prec10.log', precision=10, range=[0, 255], rate=0.5, res=[32, 32], sequence='rate_random_flip', value=0, verbose=False)

rate: 0.5
    raw size: 153613
    caer size: 383501
    raw.paq size: 19192
    caer.paq size: 21228
    diff: 2036

rate: 0.25
    raw size: 153613
    caer size: 192781
    raw.paq size: 19161
    caer.paq size: 17410
    diff: 1751

rate: 0.375
    raw size: 153613
    caer size: 288141
    raw.paq size: 19191
    caer.paq size: 20276
    diff: 1085

rate: 0.3125
    raw size: 153613
    caer size: 240461
    raw.paq size: 19181
    caer.paq size: 19089
    diff: 92

rate: 0.34375
    raw size: 153613
    caer size: 264301
    raw.paq size: 19185
    caer.paq size: 19765
    diff: 580

rate: 0.328125
    raw size: 153613
    caer size: 252381
    raw.paq size: 19181
    caer.paq size: 19432
    diff: 251

rate: 0.3203125
    raw size: 153613
    caer size: 246421
    raw.paq size: 19177
    caer.paq size: 19290
    diff: 113

rate: 0.31640625
    raw size: 153613
    caer size: 243441
    raw.paq size: 19178
    caer.paq size: 19216
    diff: 38

rate: 0.314453125
    raw size: 153613
    caer size: 241951
    raw.paq size: 19178
    caer.paq size: 19136
    diff: 42

rate: 0.3154296875
    raw size: 153613
    caer size: 242696
    raw.paq size: 19182
    caer.paq size: 19193
    diff: 11

rate: 0.31494140625
    raw size: 153613
    caer size: 241951
    raw.paq size: 19177
    caer.paq size: 19156
    diff: 21

rate: 0.315185546875
    raw size: 153613
    caer size: 241951
    raw.paq size: 19177
    caer.paq size: 19163
    diff: 14

rate: 0.3153076171875
    raw size: 153613
    caer size: 241951
    raw.paq size: 19176
    caer.paq size: 19163
    diff: 13

rate: 0.31536865234375
    raw size: 153613
    caer size: 241951
    raw.paq size: 19182
    caer.paq size: 19141
    diff: 41

rate: 0.315399169921875
    raw size: 153613
    caer size: 241951
    raw.paq size: 19180
    caer.paq size: 19124
    diff: 56

rate: 0.3154144287109375
    raw size: 153613
    caer size: 241951
    raw.paq size: 19179
    caer.paq size: 19157
    diff: 22

rate: 0.31542205810546875
    raw size: 153613
    caer size: 241951
    raw.paq size: 19181
    caer.paq size: 19154
    diff: 27

rate: 0.3154258728027344
    raw size: 153613
    caer size: 241951
    raw.paq size: 19177
    caer.paq size: 19162
    diff: 15

rate: 0.3154277801513672
    raw size: 153613
    caer size: 241951
    raw.paq size: 19179
    caer.paq size: 19163
    diff: 16

rate: 0.3154287338256836
    raw size: 153613
    caer size: 241951
    raw.paq size: 19179
    caer.paq size: 19137
    diff: 42

rate: 0.3154292106628418
    raw size: 153613
    caer size: 241951
    raw.paq size: 19177
    caer.paq size: 19148
    diff: 29

rate: 0.3154294490814209
    raw size: 153613
    caer size: 241951
    raw.paq size: 19176
    caer.paq size: 19143
    diff: 33

rate: 0.31542956829071045
    raw size: 153613
    caer size: 241951
    raw.paq size: 19183
    caer.paq size: 19137
    diff: 46

rate: 0.3154296278953552
    raw size: 153613
    caer size: 241951
    raw.paq size: 19178
    caer.paq size: 19122
    diff: 56

rate: 0.3154296576976776
    raw size: 153613
    caer size: 241951
    raw.paq size: 19177
    caer.paq size: 19177
    diff: 0

Parameters used: Namespace(coder='./lpaq1 0', duration=5, format='caer', fps=30, out='results/threshold/caer_lpaq1_randomflip_prec5.log', precision=5, range=[0, 255], rate=0.5, res=[64, 64], sequence='rate_random_flip', value=0, verbose=False)

rate: 0.5
    raw size: 614413
    caer size: 1533965
    raw.paq size: 76624
    caer.paq size: 81608
    diff: 4984

rate: 0.25
    raw size: 614413
    caer size: 771085
    raw.paq size: 76492
    caer.paq size: 65973
    diff: 10519

rate: 0.375
    raw size: 614413
    caer size: 1152525
    raw.paq size: 76596
    caer.paq size: 77667
    diff: 1071

rate: 0.3125
    raw size: 614413
    caer size: 961805
    raw.paq size: 76563
    caer.paq size: 72861
    diff: 3702

rate: 0.34375
    raw size: 614413
    caer size: 1057165
    raw.paq size: 76583
    caer.paq size: 75515
    diff: 1068

rate: 0.359375
    raw size: 614413
    caer size: 1104845
    raw.paq size: 76599
    caer.paq size: 76672
    diff: 73

rate: 0.3515625
    raw size: 614413
    caer size: 1081005
    raw.paq size: 76583
    caer.paq size: 76128
    diff: 455

rate: 0.35546875
    raw size: 614413
    caer size: 1092925
    raw.paq size: 76589
    caer.paq size: 76438
    diff: 151

rate: 0.357421875
    raw size: 614413
    caer size: 1098885
    raw.paq size: 76592
    caer.paq size: 76525
    diff: 67

rate: 0.3583984375
    raw size: 614413
    caer size: 1101865
    raw.paq size: 76590
    caer.paq size: 76565
    diff: 25

rate: 0.35888671875
    raw size: 614413
    caer size: 1103355
    raw.paq size: 76596
    caer.paq size: 76623
    diff: 27

rate: 0.358642578125
    raw size: 614413
    caer size: 1102610
    raw.paq size: 76594
    caer.paq size: 76623
    diff: 29

rate: 0.3585205078125
    raw size: 614413
    caer size: 1101865
    raw.paq size: 76602
    caer.paq size: 76643
    diff: 41

rate: 0.35845947265625
    raw size: 614413
    caer size: 1101865
    raw.paq size: 76596
    caer.paq size: 76608
    diff: 12

rate: 0.358428955078125
    raw size: 614413
    caer size: 1101865
    raw.paq size: 76595
    caer.paq size: 76561
    diff: 34

rate: 0.3584442138671875
    raw size: 614413
    caer size: 1101865
    raw.paq size: 76595
    caer.paq size: 76593
    diff: 2

Parameters used: Namespace(coder='./paq -8', duration=5, format='caer', fps=30, out='results/threshold/caer_paq8_randomflip_prec5.log', precision=5, range=[0, 255], rate=0.5, res=[64, 64], sequence='rate_random_flip', value=0, verbose=False)

rate: 0.5
    raw size: 614413
    caer size: 1533965
    raw.paq size: 76628
    caer.paq size: 79002
    diff: 2374

rate: 0.25
    raw size: 614413
    caer size: 771085
    raw.paq size: 76390
    caer.paq size: 63987
    diff: 12403

rate: 0.375
    raw size: 614413
    caer size: 1152525
    raw.paq size: 76577
    caer.paq size: 75280
    diff: 1297

rate: 0.4375
    raw size: 614413
    caer size: 1343245
    raw.paq size: 76609
    caer.paq size: 78095
    diff: 1486

rate: 0.40625
    raw size: 614413
    caer size: 1247885
    raw.paq size: 76595
    caer.paq size: 76909
    diff: 314

rate: 0.390625
    raw size: 614413
    caer size: 1200205
    raw.paq size: 76596
    caer.paq size: 76205
    diff: 391

rate: 0.3984375
    raw size: 614413
    caer size: 1224045
    raw.paq size: 76595
    caer.paq size: 76544
    diff: 51

rate: 0.40234375
    raw size: 614413
    caer size: 1235965
    raw.paq size: 76597
    caer.paq size: 76731
    diff: 134

rate: 0.400390625
    raw size: 614413
    caer size: 1230005
    raw.paq size: 76600
    caer.paq size: 24576
    diff: 52024

rate: 0.4013671875
