Parameters used: Namespace(coder='./lpaq1 0', durations=[1, 2, 4, 8, 16], format='aer', out='results/all_thresholds/aer_binary.log', precision=1e-05, resolutions=[1, 2, 4, 8, 16, 32, 64], sequence='rate_random_flip', verbose=False)

RES    DURATION    THRESHOLD
1    1
    rate: 
          0.5
          0.75
          0.875
          0.9375
          0.96875
          0.984375
          0.9921875
          0.99609375
          0.998046875
          0.9990234375
          0.99951171875
          0.999755859375
          0.9998779296875
          0.99993896484375
          0.999969482421875
          0.9999847412109375
1    1    0.9999885559082031

1    2
    rate: 
          0.5
          0.75
          0.875
          0.9375
          0.96875
          0.984375
          0.9921875
          0.99609375
          0.998046875
          0.9990234375
          0.99951171875
          0.999755859375
          0.9998779296875
          0.99993896484375
          0.999969482421875
          0.9999847412109375
1    2    0.9999885559082031

1    4
    rate: 
          0.5
          0.75
          0.875
          0.9375
          0.96875
          0.984375
          0.9921875
          0.99609375
          0.998046875
          0.9990234375
          0.99951171875
          0.999755859375
          0.9998779296875
          0.99993896484375
          0.999969482421875
          0.9999847412109375
1    4    0.9999885559082031

1    8
    rate: 
          0.5
          0.75
          0.875
          0.9375
          0.96875
          0.984375
          0.9921875
          0.99609375
          0.998046875
          0.9990234375
          0.99951171875
          0.999755859375
          0.9998779296875
          0.99993896484375
          0.999969482421875
          0.9999847412109375
1    8    0.9999885559082031

1    16
    rate: 
          0.5
          0.75
          0.875
          0.9375
          0.96875
          0.984375
          0.9921875
          0.99609375
          0.998046875
          0.9990234375
          0.99951171875
          0.999755859375
          0.9998779296875
          0.99993896484375
          0.999969482421875
          0.9999847412109375
1    16    0.9999885559082031

2    1
    rate: 
          0.5
          0.25
          0.125
          0.1875
          0.21875
          0.234375
          0.2421875
          0.24609375
          0.248046875
          0.2490234375
          0.24951171875
          0.249755859375
          0.2498779296875
          0.24993896484375
          0.249969482421875
          0.2499847412109375
2    1    0.24998855590820312

2    2
    rate: 
          0.5
          0.25
          0.125
          0.1875
          0.21875
          0.234375
          0.2421875
          0.24609375
          0.248046875
          0.2490234375
          0.24951171875
          0.249755859375
          0.2498779296875
          0.24993896484375
          0.249969482421875
          0.2499847412109375
2    2    0.24998855590820312

2    4
    rate: 
          0.5
          0.25
          0.125
          0.1875
          0.21875
          0.234375
          0.2421875
          0.24609375
          0.248046875
          0.2490234375
          0.24951171875
          0.249755859375
          0.2498779296875
          0.24993896484375
          0.249969482421875
          0.2499847412109375
2    4    0.24998855590820312

2    8
    rate: 
          0.5
          0.25
          0.125
          0.1875
          0.21875
          0.234375
          0.2421875
          0.24609375
          0.248046875
          0.2490234375
          0.24951171875
          0.249755859375
          0.2498779296875
          0.24993896484375
          0.249969482421875
          0.2499847412109375
2    8    0.24998855590820312

2    16
    rate: 
          0.5
          0.25
          0.125
          0.1875
          0.21875
          0.234375
          0.2421875
          0.24609375
          0.248046875
          0.2490234375
          0.24951171875
          0.249755859375
          0.2498779296875
          0.24993896484375
          0.249969482421875
          0.2499847412109375
2    16    0.24998855590820312

4    1
    rate: 
          0.5
          0.25
          0.125
          0.0625
          0.03125
          0.046875
          0.0546875
          0.05859375
          0.060546875
          0.0615234375
          0.06201171875
          0.062255859375
          0.0623779296875
          0.06243896484375
          0.062469482421875
          0.0624847412109375
4    1    0.062488555908203125

4    2
    rate: 
          0.5
          0.25
          0.125
          0.0625
          0.03125
          0.046875
          0.0546875
          0.05859375
          0.060546875
          0.0615234375
          0.06201171875
          0.062255859375
          0.0623779296875
          0.06243896484375
          0.062469482421875
          0.0624847412109375
4    2    0.062488555908203125

4    4
    rate: 
          0.5
          0.25
          0.125
          0.0625
          0.03125
          0.046875
          0.0546875
          0.05859375
          0.060546875
          0.0615234375
          0.06201171875
          0.062255859375
          0.0623779296875
          0.06243896484375
          0.062469482421875
          0.0624847412109375
4    4    0.062488555908203125

4    8
    rate: 
          0.5
          0.25
          0.125
          0.0625
          0.03125
          0.046875
          0.0546875
          0.05859375
          0.060546875
          0.0615234375
          0.06201171875
          0.062255859375
          0.0623779296875
          0.06243896484375
          0.062469482421875
          0.0624847412109375
4    8    0.062488555908203125

4    16
    rate: 
          0.5
          0.25
          0.125
          0.0625
          0.03125
          0.046875
          0.0546875
          0.05859375
          0.060546875
          0.0615234375
          0.06201171875
          0.062255859375
          0.0623779296875
          0.06243896484375
          0.062469482421875
          0.0624847412109375
4    16    0.062488555908203125

8    1
    rate: 
          0.5
          0.25
          0.125
          0.0625
          0.03125
          0.015625
          0.0234375
          0.02734375
          0.029296875
          0.0302734375
          0.03076171875
          0.031005859375
          0.0311279296875
          0.03118896484375
          0.031219482421875
          0.0312347412109375
8    1    0.031238555908203125

8    2
    rate: 
          0.5
          0.25
          0.125
          0.0625
          0.03125
          0.015625
          0.0234375
          0.02734375
          0.029296875
          0.0302734375
          0.03076171875
          0.031005859375
          0.0311279296875
          0.03118896484375
          0.031219482421875
          0.0312347412109375
8    2    0.031238555908203125

8    4
    rate: 
          0.5
          0.25
          0.125
          0.0625
          0.03125
          0.015625
          0.0234375
          0.02734375
          0.029296875
          0.0302734375
          0.03076171875
          0.031005859375
          0.0311279296875
          0.03118896484375
          0.031219482421875
          0.0312347412109375
8    4    0.031238555908203125

8    8
    rate: 
          0.5
          0.25
          0.125
          0.0625
          0.03125
          0.015625
          0.0234375
          0.02734375
8    8    0.0263671875

8    16
    rate: 
          0.5
          0.25
          0.125
          0.0625
          0.03125
          0.015625
          0.0078125
          0.01171875
          0.013671875
          0.0146484375
          0.01513671875
          0.015380859375
          0.0155029296875
          0.01556396484375
          0.015594482421875
          0.0156097412109375
8    16    0.015613555908203125

16    1
    rate: 
          0.5
          0.25
          0.125
          0.0625
          0.03125
          0.046875
          0.0390625
          0.04296875
          0.044921875
          0.0458984375
          0.04638671875
          0.046630859375
          0.0467529296875
          0.04681396484375
          0.046844482421875
          0.0468597412109375
16    1    0.046863555908203125

16    2
    rate: 
          0.5
          0.25
          0.125
          0.0625
          0.03125
          0.046875
          0.0546875
          0.05078125
          0.052734375
          0.0537109375
          0.05419921875
          0.054443359375
          0.0545654296875
          0.05462646484375
          0.054595947265625
          0.0546112060546875
16    2    0.054615020751953125

16    4
    rate: 
          0.5
          0.25
          0.125
          0.0625
          0.03125
          0.046875
          0.0546875
          0.05859375
          0.060546875
          0.0615234375
          0.06201171875
          0.061767578125
          0.0618896484375
          0.06182861328125
          0.061798095703125
          0.0618133544921875
16    4    0.061809539794921875

16    8
    rate: 
          0.5
          0.25
          0.125
          0.0625
          0.09375
          0.078125
          0.0703125
          0.06640625
          0.064453125
          0.0654296875
          0.06591796875
          0.066162109375
          0.0662841796875
          0.06634521484375
          0.066375732421875
          0.0663909912109375
16    8    0.06639480590820312

16    16
    rate: 
          0.5
          0.25
          0.125
          0.0625
          0.09375
          0.078125
          0.0703125
          0.06640625
          0.064453125
          0.0654296875
          0.06591796875
          0.066162109375
          0.0662841796875
          0.06634521484375
          0.066375732421875
          0.0663909912109375
16    16    0.06639480590820312

32    1
    rate: 
          0.5
          0.25
          0.125
          0.0625
          0.03125
          0.046875
          0.0546875
          0.05859375
          0.060546875
          0.0595703125
          0.06005859375
          0.060302734375
          0.0604248046875
          0.06048583984375
          0.060516357421875
          0.0605316162109375
32    1    0.060535430908203125

32    2
    rate: 
          0.5
          0.25
          0.125
          0.0625
          0.09375
          0.078125
          0.0703125
          0.07421875
          0.072265625
          0.0712890625
          0.07080078125
          0.071044921875
          0.0711669921875
          0.07122802734375
          0.071258544921875
          0.0712738037109375
32    2    0.07127761840820312

32    4
    rate: 
          0.5
          0.25
          0.125
          0.0625
          0.09375
          0.078125
          0.0703125
          0.07421875
          0.076171875
          0.0771484375
          0.07666015625
          0.076904296875
          0.0767822265625
          0.07672119140625
          0.076751708984375
          0.0767669677734375
32    4    0.07676315307617188

32    8
    rate: 
          0.5
          0.25
          0.125
          0.0625
          0.09375
          0.078125
          0.0859375
          0.08203125
          0.080078125
          0.0791015625
          0.07958984375
          0.079833984375
          0.0799560546875
          0.08001708984375
          0.080047607421875
          0.0800628662109375
32    8    0.08006668090820312

32    16
    rate: 
          0.5
          0.25
          0.125
          0.0625
          0.09375
          0.078125
          0.0859375
          0.08203125
          0.080078125
          0.0810546875
          0.08056640625
          0.080810546875
          0.0809326171875
          0.08099365234375
          0.081024169921875
          0.0810394287109375
32    16    0.08104324340820312

64    1
    rate: 
          0.5
          0.25
          0.125
          0.0625
          0.09375
          0.078125
          0.0703125
          0.07421875
          0.076171875
          0.0771484375
          0.07666015625
          0.076416015625
          0.0762939453125
          0.07635498046875
64    1    0.0763397216796875

64    2
    rate: 
          0.5
          0.25
          0.125
          0.0625
          0.09375
          0.078125
          0.0859375
          0.08203125
          0.080078125
          0.0810546875
          0.08056640625
          0.080810546875
          0.0809326171875
          0.08099365234375
          0.081024169921875
          0.0810394287109375
64    2    0.08104324340820312

64    4
    rate: 
          0.5
          0.25
          0.125
          0.0625
          0.09375
          0.078125
          0.0859375
          0.08203125
          0.083984375
          0.0849609375
          0.08544921875
          0.085693359375
          0.0858154296875
          0.08587646484375
          0.085906982421875
          0.0859222412109375
64    4    0.08591842651367188

64    8
    rate: 
          0.5
          0.25
          0.125
          0.0625
          0.09375
          0.078125
          0.0859375
