Parameters used: Namespace(coder='./lpaq1 0', durations=[1, 2, 4, 8, 16], format='caer', out='results/all_thresholds/caer_nonbinary.log', precision=1e-05, resolutions=[1, 2, 4, 8, 16, 32, 64], sequence='rate_random_change', verbose=False)

RES    DURATION    THRESHOLD
1    1
    rate: 
          0.5
          0.75
          0.875
          0.9375
          0.96875
          0.984375
          0.9921875
          0.99609375
          0.998046875
          0.9990234375
          0.99951171875
          0.999755859375
          0.9998779296875
          0.99993896484375
          0.999969482421875
          0.9999847412109375
1    1    0.9999885559082031

1    2
    rate: 
          0.5
          0.75
          0.875
          0.9375
          0.96875
          0.984375
          0.9921875
          0.99609375
          0.998046875
          0.9990234375
          0.99951171875
          0.999755859375
          0.9998779296875
          0.99993896484375
          0.999969482421875
          0.9999847412109375
1    2    0.9999885559082031

1    4
    rate: 
          0.5
          0.75
          0.875
          0.9375
          0.96875
          0.984375
          0.9921875
          0.99609375
          0.998046875
          0.9990234375
          0.99951171875
          0.999755859375
          0.9998779296875
          0.99993896484375
          0.999969482421875
          0.9999847412109375
1    4    0.9999885559082031

1    8
    rate: 
          0.5
          0.75
          0.875
          0.9375
          0.96875
          0.984375
          0.9921875
          0.99609375
          0.998046875
          0.9990234375
          0.99951171875
          0.999755859375
          0.9998779296875
          0.99993896484375
          0.999969482421875
          0.9999847412109375
1    8    0.9999885559082031

1    16
    rate: 
          0.5
          0.75
          0.875
          0.9375
          0.96875
          0.984375
          0.9921875
          0.99609375
          0.998046875
          0.9990234375
          0.99951171875
          0.999755859375
          0.9998779296875
          0.99993896484375
          0.999969482421875
          0.9999847412109375
1    16    0.9999885559082031

2    1
    rate: 
          0.5
          0.75
          0.875
          0.9375
          0.96875
          0.984375
          0.9921875
          0.99609375
          0.998046875
          0.9990234375
          0.99951171875
          0.999755859375
          0.9998779296875
          0.99993896484375
          0.999969482421875
          0.9999847412109375
2    1    0.9999885559082031

2    2
    rate: 
          0.5
          0.75
          0.875
          0.9375
          0.96875
          0.984375
          0.9921875
          0.99609375
          0.998046875
          0.9990234375
          0.99951171875
          0.999755859375
          0.9998779296875
          0.99993896484375
          0.999969482421875
          0.9999847412109375
2    2    0.9999885559082031

2    4
    rate: 
          0.5
          0.75
          0.875
          0.9375
          0.96875
          0.984375
          0.9921875
          0.99609375
          0.998046875
          0.9990234375
          0.99951171875
          0.999755859375
          0.9998779296875
          0.99993896484375
          0.999969482421875
          0.9999847412109375
2    4    0.9999885559082031

2    8
    rate: 
          0.5
          0.75
          0.875
          0.9375
          0.96875
          0.984375
          0.9921875
          0.99609375
          0.998046875
          0.9990234375
          0.99951171875
          0.999755859375
          0.9998779296875
          0.99993896484375
          0.999969482421875
          0.9999847412109375
2    8    0.9999885559082031

2    16
    rate: 
          0.5
          0.75
          0.875
          0.9375
          0.96875
          0.984375
          0.9921875
          0.99609375
          0.998046875
          0.9990234375
          0.99951171875
          0.999755859375
          0.9998779296875
          0.99993896484375
          0.999969482421875
          0.9999847412109375
2    16    0.9999885559082031

4    1
    rate: 
          0.5
          0.75
          0.875
          0.9375
          0.96875
          0.984375
          0.9921875
          0.99609375
          0.998046875
          0.9990234375
          0.99951171875
          0.999755859375
          0.9998779296875
          0.99993896484375
          0.999969482421875
          0.9999847412109375
4    1    0.9999885559082031

4    2
    rate: 
          0.5
          0.75
          0.875
          0.9375
          0.96875
          0.984375
          0.9921875
          0.99609375
          0.998046875
          0.9990234375
          0.99951171875
          0.999755859375
          0.9998779296875
          0.99993896484375
          0.999969482421875
          0.9999847412109375
4    2    0.9999885559082031

4    4
    rate: 
          0.5
          0.75
          0.875
          0.9375
          0.96875
          0.984375
          0.9921875
          0.99609375
          0.998046875
          0.9990234375
          0.99951171875
          0.999755859375
          0.9998779296875
          0.99993896484375
          0.999969482421875
          0.9999847412109375
4    4    0.9999885559082031

4    8
    rate: 
          0.5
          0.75
          0.875
          0.9375
          0.96875
          0.984375
          0.9921875
          0.99609375
          0.998046875
          0.9990234375
          0.99951171875
          0.999755859375
          0.9998779296875
          0.99993896484375
          0.999969482421875
          0.9999847412109375
4    8    0.9999885559082031

4    16
    rate: 
          0.5
          0.75
          0.875
          0.9375
          0.96875
          0.984375
          0.9921875
          0.99609375
          0.998046875
          0.9990234375
          0.99951171875
          0.999755859375
          0.9998779296875
          0.99993896484375
          0.999969482421875
          0.9999847412109375
4    16    0.9999885559082031

8    1
    rate: 
          0.5
          0.75
          0.875
          0.9375
          0.96875
          0.984375
          0.9921875
          0.99609375
          0.998046875
          0.9990234375
          0.99951171875
          0.999755859375
          0.9998779296875
          0.99993896484375
          0.999969482421875
          0.9999847412109375
8    1    0.9999885559082031

8    2
    rate: 
          0.5
          0.75
          0.875
          0.9375
          0.96875
          0.984375
          0.9921875
          0.99609375
          0.998046875
          0.9990234375
          0.99951171875
          0.999755859375
          0.9998779296875
          0.99993896484375
          0.999969482421875
          0.9999847412109375
8    2    0.9999885559082031

8    4
    rate: 
          0.5
          0.75
          0.875
          0.9375
          0.96875
          0.984375
          0.9921875
          0.99609375
          0.998046875
          0.9990234375
          0.99951171875
          0.999755859375
          0.9998779296875
          0.99993896484375
          0.999969482421875
          0.9999847412109375
8    4    0.9999885559082031

8    8
    rate: 
          0.5
          0.75
          0.875
          0.9375
          0.96875
          0.984375
          0.9921875
          0.99609375
          0.998046875
          0.9990234375
          0.99951171875
          0.999755859375
          0.9998779296875
          0.99993896484375
          0.999969482421875
          0.9999847412109375
8    8    0.9999885559082031

8    16
    rate: 
          0.5
          0.75
          0.875
          0.9375
          0.96875
          0.984375
          0.9921875
          0.99609375
          0.998046875
          0.9990234375
          0.99951171875
          0.999755859375
          0.9998779296875
          0.99993896484375
          0.999969482421875
          0.9999847412109375
8    16    0.9999885559082031

16    1
    rate: 
          0.5
          0.75
          0.875
          0.9375
          0.96875
          0.984375
          0.9921875
          0.99609375
          0.998046875
          0.9990234375
          0.99951171875
          0.999755859375
          0.9998779296875
          0.99993896484375
          0.999969482421875
          0.9999847412109375
16    1    0.9999885559082031

16    2
    rate: 
          0.5
          0.75
          0.875
          0.9375
          0.96875
          0.984375
          0.9921875
          0.99609375
          0.998046875
          0.9990234375
          0.99951171875
          0.999755859375
          0.9998779296875
          0.99993896484375
          0.999969482421875
          0.9999847412109375
16    2    0.9999885559082031

16    4
    rate: 
          0.5
          0.75
          0.875
          0.9375
          0.96875
          0.984375
          0.9921875
          0.99609375
          0.998046875
          0.9990234375
          0.99951171875
          0.999755859375
          0.9998779296875
          0.99993896484375
          0.999969482421875
          0.9999847412109375
16    4    0.9999885559082031

16    8
    rate: 
          0.5
          0.75
          0.875
          0.9375
          0.96875
          0.984375
          0.9921875
          0.99609375
          0.998046875
          0.9990234375
          0.99951171875
          0.999755859375
          0.9998779296875
          0.99993896484375
          0.999969482421875
          0.9999847412109375
16    8    0.9999885559082031

16    16
    rate: 
          0.5
          0.75
          0.875
          0.9375
          0.96875
          0.984375
          0.9921875
          0.99609375
          0.998046875
          0.9990234375
          0.99951171875
          0.999755859375
          0.9998779296875
          0.99993896484375
          0.999969482421875
          0.9999847412109375
16    16    0.9999885559082031

32    1
    rate: 
          0.5
          0.75
          0.875
          0.9375
          0.96875
          0.984375
          0.9921875
          0.99609375
          0.998046875
          0.9990234375
          0.99951171875
          0.999755859375
          0.9998779296875
          0.99993896484375
          0.999969482421875
          0.9999847412109375
32    1    0.9999885559082031

32    2
    rate: 
          0.5
          0.75
          0.875
          0.9375
          0.96875
          0.984375
          0.9921875
          0.99609375
          0.998046875
          0.9990234375
          0.99951171875
          0.999755859375
          0.9998779296875
          0.99993896484375
          0.999969482421875
          0.9999847412109375
32    2    0.9999885559082031

32    4
    rate: 
          0.5
          0.75
          0.875
          0.9375
          0.96875
          0.984375
          0.9921875
          0.99609375
          0.998046875
          0.9990234375
          0.99951171875
