virat/VIRAT_S_000001.mp4: Rate(0.44400976534247544, 0.02653083026399814, 0.1635331468621399, 0.9937199395576132) | Values(126.63989364053603, 860.7284164001994, 55.39647266050492, 190.74121287666333)
virat/VIRAT_S_000002.mp4: Rate(0.3973172361426873, 0.009328260374189807, 0.1559648276748971, 0.9946947337962962) | Values(126.48120043471822, 707.411169496616, 58.42875268563511, 185.1629931876187)
virat/VIRAT_S_000003.mp4: Rate(0.4505473830558568, 0.03334546131586902, 0.12275655864197531, 0.937450970936214) | Values(127.15461713790037, 1159.0705331722024, 50.382715205499984, 208.05814610575814)
virat/VIRAT_S_000004.mp4: Rate(0.4340122185746074, 0.023028602487887632, 0.13311873070987654, 0.993427533436214) | Values(126.56239755129288, 690.5981782121386, 47.98442683642806, 187.69045305638343)
virat/VIRAT_S_000006.mp4: Rate(0.4347770835037995, 0.025155235428528905, 0.15609037422839506, 0.9935670653292181) | Values(126.311471644509, 711.9701091346427, 54.03697964156072, 198.74328661796687)
virat/VIRAT_S_000101.mp4: Rate(0.4033695830815567, 0.03679593311058469, 0.06720791538065844, 0.9907121270576131) | Values(126.96455567582083, 809.3309435726742, 37.013842500870126, 218.86799640319367)
virat/VIRAT_S_000102.mp4: Rate(0.41174784478950627, 0.042281748185991445, 0.03981047453703704, 0.9522284915123457) | Values(127.18511236957619, 741.8286940944841, 40.60496818395651, 210.79996374451056)
virat/VIRAT_S_000200_00_000100_000171.mp4: Rate(0.20053764874301064, 0.005395248252828996, 0.12081705729166667, 0.8229408998842592) | Values(128.93148811987757, 280.01671807638195, 60.41050259216418, 188.68009198077942)
virat/VIRAT_S_000200_01_000226_000268.mp4: Rate(0.206286299511828, 0.006330599533794285, 0.11975405092592592, 0.8247620081018519) | Values(128.6002636337451, 266.1514080918266, 69.24264979389335, 183.8562692210602)
virat/VIRAT_S_000200_02_000479_000635.mp4: Rate(0.20352681292477198, 0.004893022057470022, 0.16521846064814816, 0.8290530960648148) | Values(129.17128695657337, 309.9109239856271, 54.021103584524376, 229.4617812556831)
virat/VIRAT_S_000200_03_000657_000899.mp4: Rate(0.21408077966939254, 0.00500485490576434, 0.11794487847222222, 0.8243569155092593) | Values(128.80756717676897, 297.55759174301, 86.01659154754591, 182.74114071262431)
virat/VIRAT_S_000200_04_000937_001443.mp4: Rate(0.2559632808292252, 0.02460019434375373, 0.1773368778935185, 0.8906372974537037) | Values(128.79747620033024, 314.54348676699334, 64.28743857330792, 196.1918899709736)
virat/VIRAT_S_000200_05_001525_001575.mp4: Rate(0.22414415739802934, 0.005544392388102717, 0.15192925347222222, 0.8046043113425926) | Values(128.60474190252356, 330.82459162514476, 83.26173387504387, 190.15000414082962)
virat/VIRAT_S_000200_06_001693_001824.mp4: Rate(0.23422610093342272, 0.004124215652496594, 0.20248661747685184, 0.8151276765046296) | Values(128.49306489830187, 323.2560722748109, 74.61543183595877, 177.01305213346566)
virat/VIRAT_S_000201_00_000018_000380.mp4: Rate(0.25547848250432276, 0.008228654165462625, 0.18955946180555555, 0.808871166087963) | Values(128.83049041887688, 371.20527894308754, 73.48158927379366, 192.5662008403069)
virat/VIRAT_S_000201_01_000384_000589.mp4: Rate(0.2663003274123144, 0.004073037279748272, 0.23084780092592594, 0.81177734375) | Values(128.84810498524965, 361.6720827279544, 93.20682125579285, 184.22870048233975)
virat/VIRAT_S_000201_02_000590_000623.mp4: Rate(0.2744122636467781, 0.005708951399926867, 0.23991753472222221, 0.8129094328703703) | Values(128.2797652839008, 336.86680095866774, 93.78874193561794, 160.45422282259136)
virat/VIRAT_S_000201_03_000640_000672.mp4: Rate(0.27151495353168986, 0.005824265278712164, 0.23795102719907407, 0.8071748408564815) | Values(128.3115726064935, 331.93325327820907, 100.08395727990568, 170.88528515237218)
virat/VIRAT_S_000201_04_000682_000822.mp4: Rate(0.26635699417960546, 0.004036912579869125, 0.2318894675925926, 0.8112040653935185) | Values(128.2201668749201, 342.64572519037324, 94.62651512982737, 180.0289124218395)
virat/VIRAT_S_000201_05_001081_001215.mp4: Rate(0.27593923111229346, 0.004433318169842179, 0.23326605902777778, 0.8097898582175926) | Values(128.86836533748198, 326.2662879546995, 89.8279397078065, 172.45905219930762)
virat/VIRAT_S_000201_06_001354_001397.mp4: Rate(0.26998537482002904, 0.005488759333164235, 0.23736291956018518, 0.8197262008101852) | Values(128.7163645983376, 304.52374157917194, 101.04159839458315, 159.23147032144166)
virat/VIRAT_S_000201_07_001485_001581.mp4: Rate(0.27142970230498514, 0.005495248538243943, 0.22810438368055555, 0.8374931278935185) | Values(128.4425785457979, 313.22434113637485, 49.29135752688172, 212.31871604535257)
virat/VIRAT_S_000201_08_001652_001838.mp4: Rate(0.2681598379448104, 0.00418709391572222, 0.21457682291666666, 0.8158040364583333) | Values(128.39008459083473, 283.9575636181163, 97.84859403075004, 161.91600014767582)
virat/VIRAT_S_000202_00_000000_000977.mp4: Rate(0.3424165198212683, 0.06072434669826068, 0.16774016203703704, 0.9839344618055555) | Values(128.6494559119286, 313.89268933603796, 41.11974487377801, 224.36098020523747)
virat/VIRAT_S_000203_03_000736_000785.mp4: Rate(0.23033303298532215, 0.006080916273018212, 0.18849826388888888, 0.821333912037037) | Values(129.63590491119558, 179.52394129094375, 90.58341135575671, 161.84484801749983)
virat/VIRAT_S_000203_04_000903_001086.mp4: Rate(0.24712346697894072, 0.004796933477811522, 0.19127857349537036, 0.8199811921296296) | Values(128.53710436730714, 244.03878598778525, 47.46332531858789, 203.82336377198553)
virat/VIRAT_S_000203_05_001122_001159.mp4: Rate(0.25772068212579274, 0.006736273943326012, 0.21693576388888888, 0.8209675202546296) | Values(128.908810603838, 255.31234294365126, 99.43763853548634, 161.92600027415205)
virat/VIRAT_S_000203_06_001206_001266.mp4: Rate(0.24957924786399813, 0.006427642495872871, 0.20038736979166666, 0.8215610532407407) | Values(128.83759403597142, 254.5782199226845, 97.32924582672204, 167.22483054331371)
virat/VIRAT_S_000203_07_001341_001458.mp4: Rate(0.2490047605613426, 0.004715705579264403, 0.21138093171296296, 0.8303851996527778) | Values(129.05514917583582, 227.3933536039092, 97.88627803944529, 157.45561189151093)
virat/VIRAT_S_000203_08_001702_001734.mp4: Rate(0.24575669684063, 0.006869876993437424, 0.1947265625, 0.8173491753472222) | Values(128.1849350372868, 189.3809663808424, 99.6225172933493, 155.64468104070409)
virat/VIRAT_S_000203_09_001789_001842.mp4: Rate(0.22222573823740568, 0.005914378923740823, 0.18876410590277778, 0.8200473813657407) | Values(128.78350465581514, 223.93187461302537, 75.77438258569333, 159.15683577256976)
virat/VIRAT_S_000205_00_000065_000149.mp4: Rate(0.2831063032964832, 0.0052963403270860345, 0.21794813368055554, 0.8002795862268518) | Values(128.7097722618302, 275.6653524128356, 60.987164987565976, 163.44970763564345)
virat/VIRAT_S_000205_01_000197_000342.mp4: Rate(0.2951677484396552, 0.006589436325874975, 0.21986328125, 0.7923904079861112) | Values(128.08826250238363, 269.00132911831315, 88.72555755142545, 168.47588569862262)
virat/VIRAT_S_000205_02_000409_000566.mp4: Rate(0.26852235563940524, 0.005013129893605652, 0.21389539930555557, 0.8117816840277777) | Values(128.67551475565492, 260.6592548252156, 85.90719043935157, 174.85840155078392)
virat/VIRAT_S_000205_03_000860_000922.mp4: Rate(0.2680155203366258, 0.004540789609843758, 0.2343529369212963, 0.7823195167824074) | Values(128.733488938369, 290.6737200865228, 85.00661955247145, 160.66734579669227)
virat/VIRAT_S_000205_04_000927_001057.mp4: Rate(0.29761056882685377, 0.004770134662639034, 0.23880678530092592, 0.8016872829861111) | Values(128.2030762403024, 309.3419316567722, 74.77693733837279, 157.79922491960534)
virat/VIRAT_S_000205_05_001092_001124.mp4: Rate(0.28541132749005865, 0.005965854084065924, 0.2456199363425926, 0.7876218894675926) | Values(128.14414133806812, 319.30553185689763, 55.98300745109906, 204.12450422486634)
virat/VIRAT_S_000206_07_001501_001600.mp4: Rate(0.24086160358711473, 0.004796901578809867, 0.2080642361111111, 0.8166474971064814) | Values(128.83315025761283, 316.6905945105623, 77.7462501771381, 166.980311972305)
virat/VIRAT_S_000206_08_001618_001712.mp4: Rate(0.2451071664508893, 0.004579273171185132, 0.21118525752314815, 0.8090245225694445) | Values(129.18374670046578, 315.83608692089706, 74.71509869734737, 170.08764917860492)
virat/VIRAT_S_000206_09_001714_001851.mp4: Rate(0.2323202325655064, 0.004571432602672552, 0.1907060185185185, 0.8123249421296296) | Values(128.99947874468003, 283.2768752735072, 60.498492736776875, 192.0008629079099)
virat/VIRAT_S_000207_00_000000_000045.mp4: Rate(0.22626624869373407, 0.006251851011487054, 0.18778935185185186, 0.808963035300926) | Values(128.62646366728183, 237.54113938867306, 91.78000341766281, 160.7589027638378)
virat/VIRAT_S_000207_01_000094_000156.mp4: Rate(0.22023149029363182, 0.0052227409715523984, 0.18772786458333332, 0.8155855758101852) | Values(129.15816197202426, 243.37631156336258, 97.42482241620695, 165.3430008625251)
virat/VIRAT_S_000207_02_000498_000530.mp4: Rate(0.20848339006718367, 0.0066906218172507, 0.17113932291666667, 0.8115375434027777) | Values(128.99394557118563, 270.21513464492125, 61.83352221746845, 190.25823546465358)
virat/VIRAT_S_000207_03_000556_000590.mp4: Rate(0.21310563060530477, 0.00773877822640511, 0.16248914930555555, 0.8138274016203704) | Values(129.1510489848674, 288.49050076251046, 57.64431983140396, 172.71055887355743)
virat/VIRAT_S_000207_04_000902_000934.mp4: Rate(0.21759873051121095, 0.007052510046054693, 0.17563765914351853, 0.8184483506944444) | Values(129.77770209619527, 269.35434476387536, 37.08935976429701, 221.13133270489757)
virat/VIRAT_S_000207_05_001125_001193.mp4: Rate(0.25009768830522733, 0.009172979219771366, 0.17542570891203704, 0.816337890625) | Values(128.77812255252172, 252.004470338618, 62.34462423896372, 187.49093369582368)
virat/VIRAT_S_010000_00_000000_000165.mp4: Rate(0.11295770771512267, 0.011875381912264206, 0.0, 0.859296875) | Values(nan, nan, nan, nan)
virat/VIRAT_S_010000_01_000184_000324.mp4: Rate(0.11553292546771167, 0.0138651156194829, 0.0, 0.8731615306712963) | Values(nan, nan, nan, nan)
virat/VIRAT_S_010000_02_000388_000421.mp4: Rate(0.11159739970114997, 0.010964513042288092, 0.0003468605324074074, 0.8508025896990741) | Values(128.1222531154476, 256.3144094357556, 93.14782373260577, 229.57664233576642)
virat/VIRAT_S_010000_03_000442_000528.mp4: Rate(0.10235202047597015, 0.007268427561259843, 6.257233796296296e-05, 0.8541008391203704) | Values(127.68719316202099, 336.7129983832192, 1.0, 255.0)
virat/VIRAT_S_010000_04_000530_000605.mp4: Rate(0.09328235903062007, 0.008366798480306477, 0.0, 0.8551678240740741) | Values(nan, nan, nan, nan)
virat/VIRAT_S_010000_05_000638_000718.mp4: Rate(0.09544836507743122, 0.00720020644909019, 0.0, 0.8573108362268519) | Values(nan, nan, nan, nan)
virat/VIRAT_S_010000_06_000728_000762.mp4: Rate(0.20303483805752237, 0.03223245932850882, 6.944444444444444e-05, 0.869734519675926) | Values(128.29245511916318, 382.0242311736004, 1.0, 255.0)
virat/VIRAT_S_010000_07_000827_000860.mp4: Rate(0.09485603802856196, 0.01137139348505604, 0.0, 0.853753978587963) | Values(nan, nan, nan, nan)
virat/VIRAT_S_010000_08_000893_001024.mp4: Rate(0.1002280986028087, 0.006918234879507682, 0.0, 0.8606061921296296) | Values(nan, nan, nan, nan)
virat/VIRAT_S_010001_00_000019_000065.mp4: Rate(0.09250911095959795, 0.008813150069355739, 0.0, 0.8550748697916667) | Values(nan, nan, nan, nan)
virat/VIRAT_S_010001_01_000071_000167.mp4: Rate(0.13757469087405846, 0.016537836706506437, 0.0, 0.8935731336805556) | Values(nan, nan, nan, nan)
virat/VIRAT_S_010001_02_000195_000498.mp4: Rate(0.09406416748717464, 0.006152241125082306, 0.0, 0.859476634837963) | Values(nan, nan, nan, nan)
virat/VIRAT_S_010001_03_000537_000563.mp4: Rate(0.10314653625374111, 0.011475880427030067, 0.0, 0.847080078125) | Values(nan, nan, nan, nan)
virat/VIRAT_S_010001_04_000583_000646.mp4: Rate(0.09464725762102863, 0.007798248723728436, 0.020487196180555556, 0.8580949797453704) | Values(126.55851377879097, 249.50190820455418, 55.223182683459996, 163.73842713984686)
virat/VIRAT_S_010001_05_000649_000684.mp4: Rate(0.09089285850470141, 0.011203786707606139, 0.0, 0.8542151331018518) | Values(nan, nan, nan, nan)
virat/VIRAT_S_010001_06_000685_000722.mp4: Rate(0.09767046001200487, 0.01169084056405333, 0.0, 0.8589709924768518) | Values(nan, nan, nan, nan)
virat/VIRAT_S_010001_07_000741_000810.mp4: Rate(0.0947253276424061, 0.00872257244015874, 0.016804832175925925, 0.857427662037037) | Values(127.28572474053345, 253.5315620713288, 91.51321875545992, 158.97085964715137)
virat/VIRAT_S_010001_08_000826_000893.mp4: Rate(0.10337760828555424, 0.00849412902378569, 0.0, 0.8571788194444444) | Values(nan, nan, nan, nan)
virat/VIRAT_S_010001_09_000921_000952.mp4: Rate(0.1282478766455933, 0.012339997507998442, 0.03395905671296296, 0.8531879340277778) | Values(127.28904843272431, 199.66032375832023, 101.48236601118482, 158.2003644018257)
virat/VIRAT_S_010001_10_000962_001005.mp4: Rate(0.10323223693467752, 0.010133103902770097, 0.0, 0.8590031828703704) | Values(nan, nan, nan, nan)
virat/VIRAT_S_010002_00_000012_000120.mp4: Rate(0.10388999298662746, 0.0069963008207443314, 0.0, 0.8600361689814815) | Values(nan, nan, nan, nan)
virat/VIRAT_S_010002_01_000123_000148.mp4: Rate(0.10637326613705227, 0.011121880029499176, 0.031697410300925925, 0.8538718894675926) | Values(128.10110409335547, 134.39135619951105, 106.43185915855487, 152.37113885008105)
virat/VIRAT_S_010002_02_000174_000204.mp4: Rate(0.10227576420133455, 0.011187493302105634, 0.0, 0.8616489438657408) | Values(nan, nan, nan, nan)
virat/VIRAT_S_010002_03_000236_000261.mp4: Rate(0.1591099378350992, 0.013867770192549329, 0.0, 0.8641724537037037) | Values(nan, nan, nan, nan)
virat/VIRAT_S_010002_04_000307_000350.mp4: Rate(0.10092429730463381, 0.010348462173532242, 0.0, 0.8629380063657407) | Values(nan, nan, nan, nan)
virat/VIRAT_S_010002_05_000397_000420.mp4: Rate(0.1333752665323052, 0.015742711336056002, 0.00020833333333333335, 0.8514073350694444) | Values(130.19884545792382, 281.1771246885015, 104.50584027252081, 255.0)
virat/VIRAT_S_010002_06_000441_000467.mp4: Rate(0.10811478614089541, 0.012736300659857891, 0.020875651041666665, 0.8542335792824074) | Values(127.6355602881445, 206.714400144875, 100.20783484035631, 158.2685295306614)
virat/VIRAT_S_010002_07_000522_000547.mp4: Rate(0.17242751074849955, 0.021924876102355422, 0.0, 0.8559765625) | Values(nan, nan, nan, nan)
virat/VIRAT_S_010003_00_000000_000108.mp4: Rate(0.10336234426654002, 0.03281267799686726, 0.0016377314814814815, 0.9075332754629629) | Values(123.59710818894965, 79.55379221095365, 91.4737893461067, 189.76067201922828)
virat/VIRAT_S_010003_01_000111_000137.mp4: Rate(0.06497357492855778, 0.014578699231612586, 0.003304759837962963, 0.8827904369212963) | Values(125.29976896332106, 81.95935021220575, 92.65583436077226, 147.24393747648529)
virat/VIRAT_S_010003_02_000165_000202.mp4: Rate(0.14669334698895165, 0.03572013044687628, 0.001013454861111111, 0.8798061342592592) | Values(123.70172428739038, 149.09611599593313, 94.92852107711829, 184.4922488529878)
virat/VIRAT_S_010003_03_000219_000259.mp4: Rate(0.11974473684687428, 0.02674710060592514, 0.002832392939814815, 0.889636863425926) | Values(122.53065279798696, 117.34014540040076, 94.06175816023739, 194.61821250563065)
virat/VIRAT_S_010003_05_000499_000523.mp4: Rate(0.06654826453669153, 0.016840498529559017, 0.0047044994212962965, 0.8745515046296296) | Values(125.77987475473948, 42.93844699922662, 95.40083574709887, 147.74667878431478)
virat/VIRAT_S_010003_06_000526_000560.mp4: Rate(0.0760940971792279, 0.015237093312963117, 0.0017661313657407406, 0.876171875) | Values(123.84242121157183, 78.449167436197, 92.21592649310873, 148.52697731453097)
virat/VIRAT_S_010003_07_000608_000636.mp4: Rate(0.061984495368027435, 0.015477271667754441, 0.0012525318287037036, 0.8776790364583333) | Values(122.9795409788734, 90.13322422437145, 96.84580422356304, 144.3013990000877)
virat/VIRAT_S_010003_08_000739_000778.mp4: Rate(0.0561420359930504, 0.012628477577745689, 0.0005334924768518518, 0.8768142361111111) | Values(124.64477811842909, 96.37444120891307, 91.15753564532898, 154.5761674202713)
virat/VIRAT_S_010003_09_000779_000861.mp4: Rate(0.07710950028873882, 0.018306809055073744, 0.0024971064814814817, 0.8855034722222223) | Values(123.35341217261845, 82.62948063180359, 82.27641140963428, 188.8935946935947)
virat/VIRAT_S_010003_10_000901_000934.mp4: Rate(0.050830237677335896, 0.012952170760432575, 0.0012170862268518518, 0.8786595775462963) | Values(124.8670705705231, 42.004384319403776, 103.79417943474972, 146.0712080642621)
virat/VIRAT_S_010003_11_000956_000982.mp4: Rate(0.1494990058236094, 0.029643695644777937, 0.00353515625, 0.9012431278935186) | Values(123.04277456373143, 117.14969691193171, 103.0963781461019, 176.15161334198544)
virat/VIRAT_S_010003_12_001009_001057.mp4: Rate(0.06459487776616106, 0.013915285663462656, 0.0032848668981481483, 0.8831597222222223) | Values(123.04292789191511, 48.01629591532537, 93.31226333907057, 147.09409881439805)
virat/VIRAT_S_010003_13_001066_001124.mp4: Rate(0.047689842244981975, 0.009517864910313922, 0.004422019675925926, 0.8831011284722222) | Values(122.91257070017978, 36.795348264255345, 95.29449562151711, 144.0213491212566)
virat/VIRAT_S_010003_14_001127_001190.mp4: Rate(0.05963789398638728, 0.012993472810271649, 0.0030052806712962963, 0.8829890046296296) | Values(124.46808038516969, 42.08340447598537, 97.04475809741372, 152.60940372031467)
virat/VIRAT_S_010004_00_000064_000100.mp4: Rate(0.07269934315785889, 0.01230405363958769, 0.005263671875, 0.8830638744212963) | Values(122.84259513855933, 54.81490274025254, 102.42593442455765, 145.9344783379209)
virat/VIRAT_S_010004_01_000163_000188.mp4: Rate(0.06723542175605696, 0.01827954430912552, 0.004259982638888889, 0.8797945601851852) | Values(124.07781987624458, 31.249196185941035, 105.7000679842665, 141.7873513454685)
virat/VIRAT_S_010004_02_000191_000237.mp4: Rate(0.11249046188956092, 0.02652825853495351, 0.0009382233796296297, 0.9240321180555555) | Values(122.93833942462234, 98.80907281937402, 93.86840925867341, 178.83320925142206)
virat/VIRAT_S_010004_03_000239_000277.mp4: Rate(0.09607481478552161, 0.020911939557845267, 0.0009787326388888888, 0.8842006655092592) | Values(124.86852541279376, 112.48372940854387, 89.59927066450567, 175.7441175800684)
virat/VIRAT_S_010004_06_000547_000715.mp4: Rate(0.07095033915118099, 0.01413505122756926, 0.0, 0.9108217592592592) | Values(nan, nan, nan, nan)
virat/VIRAT_S_010004_07_000729_000809.mp4: Rate(0.04785263666710735, 0.01020923228655807, 0.0019480613425925926, 0.8836928530092593) | Values(123.75375019420318, 50.518918774784495, 94.27423536815607, 148.62122424653157)
virat/VIRAT_S_010004_08_000811_000920.mp4: Rate(0.04981840421773409, 0.009960690513621499, 0.0009335214120370371, 0.8825408709490741) | Values(123.96273952567383, 44.42216385876068, 93.5208539672059, 144.34613086104696)
virat/VIRAT_S_010005_00_000048_000075.mp4: Rate(0.08575417748429988, 0.019312610133522742, 0.0004994936342592593, 0.8763570601851852) | Values(122.68444216134141, 68.92450535439237, 100.90658942795076, 164.2291015637742)
virat/VIRAT_S_010005_01_000085_000164.mp4: Rate(0.06841039886834337, 0.010690251568983854, 6.076388888888889e-05, 0.8850347222222222) | Values(123.97116822059452, 100.43977734842407, 75.09378013500482, 159.3767031350287)
virat/VIRAT_S_010005_02_000177_000203.mp4: Rate(0.07545797164351851, 0.015616650373088035, 0.002569806134259259, 0.8780562789351852) | Values(125.84652419456197, 63.296146023559324, 91.17607613497334, 149.40174475131408)
virat/VIRAT_S_010005_03_000215_000270.mp4: Rate(0.075979584579845, 0.01165653900719456, 0.0015581597222222223, 0.8808705873842593) | Values(123.76814371665601, 84.11733771979499, 94.42628732069126, 157.87721035770826)
virat/VIRAT_S_010005_04_000299_000323.mp4: Rate(0.07609662146426152, 0.015993075419976757, 0.0014778645833333334, 0.8750676359953704) | Values(122.40818477453895, 104.41147756979528, 91.74233326716951, 147.52489111097478)
