results:
total 20
drwxr-xr-x 3 dumpling dumpling 4096 Jän 27 15:01 128_binary_iterators
drwxr-xr-x 3 dumpling dumpling 4096 Jän 27 15:01 256_binary_iterators
drwxr-xr-x 3 dumpling dumpling 4096 Jän 27 15:01 64_binary_iterators
drwxr-xr-x 2 dumpling dumpling 4096 Jän 27 15:01 binary
drwxr-xr-x 3 dumpling dumpling 4096 Jän 27 15:01 binary_iterators

results/128_binary_iterators:
total 12
drwxr-xr-x 2 dumpling dumpling 4096 Jän 27 02:14 threshold_search
-rw-r--r-- 1 dumpling dumpling 4433 Jän 27 15:01 threshold_search.log

results/128_binary_iterators/threshold_search:
total 408500
-rw-r--r-- 1 dumpling dumpling  7950345 Jän 27 01:57 seq_0.25.aer
-rw-r--r-- 1 dumpling dumpling   626466 Jän 27 01:57 seq_0.25.aer.paq
-rw-r--r-- 1 dumpling dumpling  3084297 Jän 27 01:57 seq_0.25.caer
-rw-r--r-- 1 dumpling dumpling   258939 Jän 27 01:57 seq_0.25.caer.paq
-rw-r--r-- 1 dumpling dumpling  1490354 Jän 27 01:56 seq_0.25.mp4
-rw-r--r-- 1 dumpling dumpling  2457609 Jän 27 01:57 seq_0.25.raw
-rw-r--r-- 1 dumpling dumpling   305843 Jän 27 01:56 seq_0.25.raw.paq
-rw-r--r-- 1 dumpling dumpling 11917321 Jän 27 01:58 seq_0.375.aer
-rw-r--r-- 1 dumpling dumpling   840609 Jän 27 01:58 seq_0.375.aer.paq
-rw-r--r-- 1 dumpling dumpling  4610057 Jän 27 01:58 seq_0.375.caer
-rw-r--r-- 1 dumpling dumpling   305414 Jän 27 01:58 seq_0.375.caer.paq
-rw-r--r-- 1 dumpling dumpling  2409201 Jän 27 01:57 seq_0.375.mp4
-rw-r--r-- 1 dumpling dumpling  2457609 Jän 27 01:58 seq_0.375.raw
-rw-r--r-- 1 dumpling dumpling   306235 Jän 27 01:57 seq_0.375.raw.paq
-rw-r--r-- 1 dumpling dumpling 11979305 Jän 27 02:05 seq_0.376953125.aer
-rw-r--r-- 1 dumpling dumpling   841775 Jän 27 02:04 seq_0.376953125.aer.paq
-rw-r--r-- 1 dumpling dumpling  4633897 Jän 27 02:05 seq_0.376953125.caer
-rw-r--r-- 1 dumpling dumpling   305967 Jän 27 02:05 seq_0.376953125.caer.paq
-rw-r--r-- 1 dumpling dumpling  2454856 Jän 27 02:04 seq_0.376953125.mp4
-rw-r--r-- 1 dumpling dumpling  2457609 Jän 27 02:05 seq_0.376953125.raw
-rw-r--r-- 1 dumpling dumpling   306247 Jän 27 02:04 seq_0.376953125.raw.paq
-rw-r--r-- 1 dumpling dumpling 12010297 Jän 27 02:06 seq_0.3779296875.aer
-rw-r--r-- 1 dumpling dumpling   843564 Jän 27 02:06 seq_0.3779296875.aer.paq
-rw-r--r-- 1 dumpling dumpling  4645817 Jän 27 02:06 seq_0.3779296875.caer
-rw-r--r-- 1 dumpling dumpling   306132 Jän 27 02:06 seq_0.3779296875.caer.paq
-rw-r--r-- 1 dumpling dumpling  2466934 Jän 27 02:05 seq_0.3779296875.mp4
-rw-r--r-- 1 dumpling dumpling  2457609 Jän 27 02:06 seq_0.3779296875.raw
-rw-r--r-- 1 dumpling dumpling   306234 Jän 27 02:05 seq_0.3779296875.raw.paq
-rw-r--r-- 1 dumpling dumpling 12018045 Jän 27 02:08 seq_0.378173828125.aer
-rw-r--r-- 1 dumpling dumpling   844167 Jän 27 02:08 seq_0.378173828125.aer.paq
-rw-r--r-- 1 dumpling dumpling  4648797 Jän 27 02:08 seq_0.378173828125.caer
-rw-r--r-- 1 dumpling dumpling   306234 Jän 27 02:08 seq_0.378173828125.caer.paq
-rw-r--r-- 1 dumpling dumpling  2417082 Jän 27 02:07 seq_0.378173828125.mp4
-rw-r--r-- 1 dumpling dumpling  2457609 Jän 27 02:08 seq_0.378173828125.raw
-rw-r--r-- 1 dumpling dumpling   306247 Jän 27 02:07 seq_0.378173828125.raw.paq
-rw-r--r-- 1 dumpling dumpling 12019982 Jän 27 02:10 seq_0.37823486328125.aer
-rw-r--r-- 1 dumpling dumpling   844704 Jän 27 02:10 seq_0.37823486328125.aer.paq
-rw-r--r-- 1 dumpling dumpling  4649542 Jän 27 02:10 seq_0.37823486328125.caer
-rw-r--r-- 1 dumpling dumpling   306211 Jän 27 02:10 seq_0.37823486328125.caer.paq
-rw-r--r-- 1 dumpling dumpling  2434206 Jän 27 02:09 seq_0.37823486328125.mp4
-rw-r--r-- 1 dumpling dumpling  2457609 Jän 27 02:10 seq_0.37823486328125.raw
-rw-r--r-- 1 dumpling dumpling   306236 Jän 27 02:09 seq_0.37823486328125.raw.paq
-rw-r--r-- 1 dumpling dumpling 12019982 Jän 27 02:11 seq_0.378265380859375.aer
-rw-r--r-- 1 dumpling dumpling   844909 Jän 27 02:11 seq_0.378265380859375.aer.paq
-rw-r--r-- 1 dumpling dumpling  4649542 Jän 27 02:11 seq_0.378265380859375.caer
-rw-r--r-- 1 dumpling dumpling   306167 Jän 27 02:11 seq_0.378265380859375.caer.paq
-rw-r--r-- 1 dumpling dumpling  2438519 Jän 27 02:10 seq_0.378265380859375.mp4
-rw-r--r-- 1 dumpling dumpling  2457609 Jän 27 02:11 seq_0.378265380859375.raw
-rw-r--r-- 1 dumpling dumpling   306247 Jän 27 02:10 seq_0.378265380859375.raw.paq
-rw-r--r-- 1 dumpling dumpling 12019982 Jän 27 02:12 seq_0.3782806396484375.aer
-rw-r--r-- 1 dumpling dumpling   844096 Jän 27 02:12 seq_0.3782806396484375.aer.paq
-rw-r--r-- 1 dumpling dumpling  4649542 Jän 27 02:12 seq_0.3782806396484375.caer
-rw-r--r-- 1 dumpling dumpling   306188 Jän 27 02:12 seq_0.3782806396484375.caer.paq
-rw-r--r-- 1 dumpling dumpling  2421075 Jän 27 02:12 seq_0.3782806396484375.mp4
-rw-r--r-- 1 dumpling dumpling  2457609 Jän 27 02:12 seq_0.3782806396484375.raw
-rw-r--r-- 1 dumpling dumpling   306246 Jän 27 02:12 seq_0.3782806396484375.raw.paq
-rw-r--r-- 1 dumpling dumpling 12019982 Jän 27 02:15 seq_0.3782844543457031.aer
-rw-r--r-- 1 dumpling dumpling   845571 Jän 27 02:14 seq_0.3782844543457031.aer.paq
-rw-r--r-- 1 dumpling dumpling  4649542 Jän 27 02:15 seq_0.3782844543457031.caer
-rw-r--r-- 1 dumpling dumpling   306230 Jän 27 02:15 seq_0.3782844543457031.caer.paq
-rw-r--r-- 1 dumpling dumpling  2428180 Jän 27 02:14 seq_0.3782844543457031.mp4
-rw-r--r-- 1 dumpling dumpling  2457609 Jän 27 02:15 seq_0.3782844543457031.raw
-rw-r--r-- 1 dumpling dumpling   306240 Jän 27 02:14 seq_0.3782844543457031.raw.paq
-rw-r--r-- 1 dumpling dumpling 12019982 Jän 27 02:13 seq_0.37828826904296875.aer
-rw-r--r-- 1 dumpling dumpling   842019 Jän 27 02:13 seq_0.37828826904296875.aer.paq
-rw-r--r-- 1 dumpling dumpling  4649542 Jän 27 02:13 seq_0.37828826904296875.caer
-rw-r--r-- 1 dumpling dumpling   306283 Jän 27 02:13 seq_0.37828826904296875.caer.paq
-rw-r--r-- 1 dumpling dumpling  2450104 Jän 27 02:13 seq_0.37828826904296875.mp4
-rw-r--r-- 1 dumpling dumpling  2457609 Jän 27 02:13 seq_0.37828826904296875.raw
-rw-r--r-- 1 dumpling dumpling   306248 Jän 27 02:13 seq_0.37828826904296875.raw.paq
-rw-r--r-- 1 dumpling dumpling 12021919 Jän 27 02:09 seq_0.3782958984375.aer
-rw-r--r-- 1 dumpling dumpling   844463 Jän 27 02:09 seq_0.3782958984375.aer.paq
-rw-r--r-- 1 dumpling dumpling  4650287 Jän 27 02:09 seq_0.3782958984375.caer
-rw-r--r-- 1 dumpling dumpling   306293 Jän 27 02:09 seq_0.3782958984375.caer.paq
-rw-r--r-- 1 dumpling dumpling  2390944 Jän 27 02:08 seq_0.3782958984375.mp4
-rw-r--r-- 1 dumpling dumpling  2457609 Jän 27 02:09 seq_0.3782958984375.raw
-rw-r--r-- 1 dumpling dumpling   306249 Jän 27 02:08 seq_0.3782958984375.raw.paq
-rw-r--r-- 1 dumpling dumpling 12025793 Jän 27 02:07 seq_0.37841796875.aer
-rw-r--r-- 1 dumpling dumpling   845459 Jän 27 02:07 seq_0.37841796875.aer.paq
-rw-r--r-- 1 dumpling dumpling  4651777 Jän 27 02:07 seq_0.37841796875.caer
-rw-r--r-- 1 dumpling dumpling   306419 Jän 27 02:07 seq_0.37841796875.caer.paq
-rw-r--r-- 1 dumpling dumpling  2410752 Jän 27 02:06 seq_0.37841796875.mp4
-rw-r--r-- 1 dumpling dumpling  2457609 Jän 27 02:07 seq_0.37841796875.raw
-rw-r--r-- 1 dumpling dumpling   306252 Jän 27 02:06 seq_0.37841796875.raw.paq
-rw-r--r-- 1 dumpling dumpling 12041289 Jän 27 02:04 seq_0.37890625.aer
-rw-r--r-- 1 dumpling dumpling   846632 Jän 27 02:03 seq_0.37890625.aer.paq
-rw-r--r-- 1 dumpling dumpling  4657737 Jän 27 02:04 seq_0.37890625.caer
-rw-r--r-- 1 dumpling dumpling   306356 Jän 27 02:04 seq_0.37890625.caer.paq
-rw-r--r-- 1 dumpling dumpling  2447750 Jän 27 02:03 seq_0.37890625.mp4
-rw-r--r-- 1 dumpling dumpling  2457609 Jän 27 02:04 seq_0.37890625.raw
-rw-r--r-- 1 dumpling dumpling   306246 Jän 27 02:03 seq_0.37890625.raw.paq
-rw-r--r-- 1 dumpling dumpling 12165257 Jän 27 02:02 seq_0.3828125.aer
-rw-r--r-- 1 dumpling dumpling   851013 Jän 27 02:02 seq_0.3828125.aer.paq
-rw-r--r-- 1 dumpling dumpling  4705417 Jän 27 02:02 seq_0.3828125.caer
-rw-r--r-- 1 dumpling dumpling   307314 Jän 27 02:02 seq_0.3828125.caer.paq
-rw-r--r-- 1 dumpling dumpling  2436162 Jän 27 02:02 seq_0.3828125.mp4
-rw-r--r-- 1 dumpling dumpling  2457609 Jän 27 02:02 seq_0.3828125.raw
-rw-r--r-- 1 dumpling dumpling   306258 Jän 27 02:02 seq_0.3828125.raw.paq
-rw-r--r-- 1 dumpling dumpling 12413193 Jän 27 02:01 seq_0.390625.aer
-rw-r--r-- 1 dumpling dumpling   864812 Jän 27 02:01 seq_0.390625.aer.paq
-rw-r--r-- 1 dumpling dumpling  4800777 Jän 27 02:01 seq_0.390625.caer
-rw-r--r-- 1 dumpling dumpling   309065 Jän 27 02:01 seq_0.390625.caer.paq
-rw-r--r-- 1 dumpling dumpling  2488488 Jän 27 02:00 seq_0.390625.mp4
-rw-r--r-- 1 dumpling dumpling  2457609 Jän 27 02:01 seq_0.390625.raw
-rw-r--r-- 1 dumpling dumpling   306267 Jän 27 02:01 seq_0.390625.raw.paq
-rw-r--r-- 1 dumpling dumpling 12909065 Jän 27 02:00 seq_0.40625.aer
-rw-r--r-- 1 dumpling dumpling   885959 Jän 27 02:00 seq_0.40625.aer.paq
-rw-r--r-- 1 dumpling dumpling  4991497 Jän 27 02:00 seq_0.40625.caer
-rw-r--r-- 1 dumpling dumpling   312195 Jän 27 02:00 seq_0.40625.caer.paq
-rw-r--r-- 1 dumpling dumpling  2526308 Jän 27 01:59 seq_0.40625.mp4
-rw-r--r-- 1 dumpling dumpling  2457609 Jän 27 02:00 seq_0.40625.raw
-rw-r--r-- 1 dumpling dumpling   306288 Jän 27 01:59 seq_0.40625.raw.paq
-rw-r--r-- 1 dumpling dumpling 13900809 Jän 27 01:59 seq_0.4375.aer
-rw-r--r-- 1 dumpling dumpling   932846 Jän 27 01:59 seq_0.4375.aer.paq
-rw-r--r-- 1 dumpling dumpling  5372937 Jän 27 01:59 seq_0.4375.caer
-rw-r--r-- 1 dumpling dumpling   317047 Jän 27 01:59 seq_0.4375.caer.paq
-rw-r--r-- 1 dumpling dumpling  2576707 Jän 27 01:58 seq_0.4375.mp4
-rw-r--r-- 1 dumpling dumpling  2457609 Jän 27 01:59 seq_0.4375.raw
-rw-r--r-- 1 dumpling dumpling   306315 Jän 27 01:58 seq_0.4375.raw.paq
-rw-r--r-- 1 dumpling dumpling 15884297 Jän 27 01:56 seq_0.5.aer
-rw-r--r-- 1 dumpling dumpling  1021330 Jän 27 01:56 seq_0.5.aer.paq
-rw-r--r-- 1 dumpling dumpling  6135817 Jän 27 01:56 seq_0.5.caer
-rw-r--r-- 1 dumpling dumpling   321352 Jän 27 01:56 seq_0.5.caer.paq
-rw-r--r-- 1 dumpling dumpling  2592347 Jän 27 01:55 seq_0.5.mp4
-rw-r--r-- 1 dumpling dumpling  2457609 Jän 27 01:56 seq_0.5.raw
-rw-r--r-- 1 dumpling dumpling   306341 Jän 27 01:55 seq_0.5.raw.paq

results/256_binary_iterators:
total 8
drwxr-xr-x 3 dumpling dumpling 4096 Jän 27 00:28 threshold_search
-rw-r--r-- 1 dumpling dumpling 2195 Jän 27 15:01 threshold_search.log

results/256_binary_iterators/threshold_search:
total 873428
-rw-r--r-- 1 dumpling dumpling 31801353 Jän 26 23:57 seq_0.25.aer
-rw-r--r-- 1 dumpling dumpling  2202609 Jän 26 23:56 seq_0.25.aer.paq
-rw-r--r-- 1 dumpling dumpling 12337161 Jän 26 23:57 seq_0.25.caer
-rw-r--r-- 1 dumpling dumpling  1030959 Jän 26 23:57 seq_0.25.caer.paq
-rw-r--r-- 1 dumpling dumpling  5889203 Jän 26 23:54 seq_0.25.mp4
-rw-r--r-- 1 dumpling dumpling  9830409 Jän 26 23:57 seq_0.25.raw
-rw-r--r-- 1 dumpling dumpling  1223136 Jän 26 23:54 seq_0.25.raw.paq
-rw-r--r-- 1 dumpling dumpling 47669257 Jän 27 00:01 seq_0.375.aer
-rw-r--r-- 1 dumpling dumpling  3008922 Jän 27 00:00 seq_0.375.aer.paq
-rw-r--r-- 1 dumpling dumpling 18440201 Jän 27 00:01 seq_0.375.caer
-rw-r--r-- 1 dumpling dumpling  1217929 Jän 27 00:01 seq_0.375.caer.paq
-rw-r--r-- 1 dumpling dumpling  9380732 Jän 26 23:57 seq_0.375.mp4
-rw-r--r-- 1 dumpling dumpling  9830409 Jän 27 00:01 seq_0.375.raw
-rw-r--r-- 1 dumpling dumpling  1224769 Jän 26 23:58 seq_0.375.raw.paq
-rw-r--r-- 1 dumpling dumpling 48165129 Jän 27 00:24 seq_0.37890625.aer
-rw-r--r-- 1 dumpling dumpling  3027594 Jän 27 00:23 seq_0.37890625.aer.paq
-rw-r--r-- 1 dumpling dumpling 18630921 Jän 27 00:24 seq_0.37890625.caer
-rw-r--r-- 1 dumpling dumpling  1221631 Jän 27 00:24 seq_0.37890625.caer.paq
-rw-r--r-- 1 dumpling dumpling  9384729 Jän 27 00:20 seq_0.37890625.mp4
-rw-r--r-- 1 dumpling dumpling  9830409 Jän 27 00:24 seq_0.37890625.raw
-rw-r--r-- 1 dumpling dumpling  1224802 Jän 27 00:21 seq_0.37890625.raw.paq
-rw-r--r-- 1 dumpling dumpling 48413065 Jän 27 00:28 seq_0.380859375.aer
-rw-r--r-- 1 dumpling dumpling  3044431 Jän 27 00:27 seq_0.380859375.aer.paq
-rw-r--r-- 1 dumpling dumpling 18726281 Jän 27 00:28 seq_0.380859375.caer
-rw-r--r-- 1 dumpling dumpling  1223519 Jän 27 00:28 seq_0.380859375.caer.paq
-rw-r--r-- 1 dumpling dumpling  9563854 Jän 27 00:25 seq_0.380859375.mp4
-rw-r--r-- 1 dumpling dumpling  9830409 Jän 27 00:28 seq_0.380859375.raw
-rw-r--r-- 1 dumpling dumpling  1224832 Jän 27 00:25 seq_0.380859375.raw.paq
drwxr-xr-x 2 dumpling dumpling     4096 Jän 27 15:17 seq_0.3818359375
-rw-r--r-- 1 dumpling dumpling 44823747 Jän 27 00:29 seq_0.3818359375.aer
-rw-r--r-- 1 dumpling dumpling    65545 Jän 27 00:29 seq_0.3818359375.caer
-rw-r--r-- 1 dumpling dumpling  9109513 Jän 27 00:29 seq_0.3818359375.raw
-rw-r--r-- 1 dumpling dumpling 48661001 Jän 27 00:19 seq_0.3828125.aer
-rw-r--r-- 1 dumpling dumpling  3052689 Jän 27 00:19 seq_0.3828125.aer.paq
-rw-r--r-- 1 dumpling dumpling 18821641 Jän 27 00:19 seq_0.3828125.caer
-rw-r--r-- 1 dumpling dumpling  1225404 Jän 27 00:19 seq_0.3828125.caer.paq
-rw-r--r-- 1 dumpling dumpling  9747459 Jän 27 00:16 seq_0.3828125.mp4
-rw-r--r-- 1 dumpling dumpling  9830409 Jän 27 00:19 seq_0.3828125.raw
-rw-r--r-- 1 dumpling dumpling  1224826 Jän 27 00:16 seq_0.3828125.raw.paq
-rw-r--r-- 1 dumpling dumpling 49652745 Jän 27 00:15 seq_0.390625.aer
-rw-r--r-- 1 dumpling dumpling  3100452 Jän 27 00:14 seq_0.390625.aer.paq
-rw-r--r-- 1 dumpling dumpling 19203081 Jän 27 00:15 seq_0.390625.caer
-rw-r--r-- 1 dumpling dumpling  1232262 Jän 27 00:15 seq_0.390625.caer.paq
-rw-r--r-- 1 dumpling dumpling  9898599 Jän 27 00:11 seq_0.390625.mp4
-rw-r--r-- 1 dumpling dumpling  9830409 Jän 27 00:15 seq_0.390625.raw
-rw-r--r-- 1 dumpling dumpling  1224882 Jän 27 00:12 seq_0.390625.raw.paq
-rw-r--r-- 1 dumpling dumpling 51636233 Jän 27 00:10 seq_0.40625.aer
-rw-r--r-- 1 dumpling dumpling  3185742 Jän 27 00:09 seq_0.40625.aer.paq
-rw-r--r-- 1 dumpling dumpling 19965961 Jän 27 00:10 seq_0.40625.caer
-rw-r--r-- 1 dumpling dumpling  1244853 Jän 27 00:10 seq_0.40625.caer.paq
-rw-r--r-- 1 dumpling dumpling 10211567 Jän 27 00:07 seq_0.40625.mp4
-rw-r--r-- 1 dumpling dumpling  9830409 Jän 27 00:10 seq_0.40625.raw
-rw-r--r-- 1 dumpling dumpling  1224958 Jän 27 00:07 seq_0.40625.raw.paq
-rw-r--r-- 1 dumpling dumpling 55603209 Jän 27 00:06 seq_0.4375.aer
-rw-r--r-- 1 dumpling dumpling  3345858 Jän 27 00:05 seq_0.4375.aer.paq
-rw-r--r-- 1 dumpling dumpling 21491721 Jän 27 00:06 seq_0.4375.caer
-rw-r--r-- 1 dumpling dumpling  1264447 Jän 27 00:06 seq_0.4375.caer.paq
-rw-r--r-- 1 dumpling dumpling 10359612 Jän 27 00:02 seq_0.4375.mp4
-rw-r--r-- 1 dumpling dumpling  9830409 Jän 27 00:06 seq_0.4375.raw
-rw-r--r-- 1 dumpling dumpling  1225082 Jän 27 00:02 seq_0.4375.raw.paq
-rw-r--r-- 1 dumpling dumpling 63537161 Jän 26 23:53 seq_0.5.aer
-rw-r--r-- 1 dumpling dumpling  3660829 Jän 26 23:52 seq_0.5.aer.paq
-rw-r--r-- 1 dumpling dumpling 24543241 Jän 26 23:53 seq_0.5.caer
-rw-r--r-- 1 dumpling dumpling  1281668 Jän 26 23:53 seq_0.5.caer.paq
-rw-r--r-- 1 dumpling dumpling 10388629 Jän 26 23:49 seq_0.5.mp4
-rw-r--r-- 1 dumpling dumpling  9830409 Jän 26 23:53 seq_0.5.raw
-rw-r--r-- 1 dumpling dumpling  1225160 Jän 26 23:49 seq_0.5.raw.paq

results/256_binary_iterators/threshold_search/seq_0.3818359375:
total 0

results/64_binary_iterators:
total 8
drwxr-xr-x 3 dumpling dumpling 4096 Jän 27 02:40 threshold_search
-rw-r--r-- 1 dumpling dumpling 3111 Jän 27 15:01 threshold_search.log

results/64_binary_iterators/threshold_search:
total 70672
-rw-r--r-- 1 dumpling dumpling 1987593 Jän 27 02:36 seq_0.25.aer
-rw-r--r-- 1 dumpling dumpling  168220 Jän 27 02:36 seq_0.25.aer.paq
-rw-r--r-- 1 dumpling dumpling  771081 Jän 27 02:36 seq_0.25.caer
-rw-r--r-- 1 dumpling dumpling   65766 Jän 27 02:36 seq_0.25.caer.paq
-rw-r--r-- 1 dumpling dumpling  396932 Jän 27 02:35 seq_0.25.mp4
-rw-r--r-- 1 dumpling dumpling  614409 Jän 27 02:36 seq_0.25.raw
-rw-r--r-- 1 dumpling dumpling   76487 Jän 27 02:36 seq_0.25.raw.paq
-rw-r--r-- 1 dumpling dumpling 2483465 Jän 27 02:36 seq_0.3125.aer
-rw-r--r-- 1 dumpling dumpling  198225 Jän 27 02:36 seq_0.3125.aer.paq
-rw-r--r-- 1 dumpling dumpling  961801 Jän 27 02:36 seq_0.3125.caer
-rw-r--r-- 1 dumpling dumpling   72371 Jän 27 02:36 seq_0.3125.caer.paq
-rw-r--r-- 1 dumpling dumpling  509021 Jän 27 02:36 seq_0.3125.mp4
-rw-r--r-- 1 dumpling dumpling  614409 Jän 27 02:36 seq_0.3125.raw
-rw-r--r-- 1 dumpling dumpling   76563 Jän 27 02:36 seq_0.3125.raw.paq
-rw-r--r-- 1 dumpling dumpling 2731401 Jän 27 02:36 seq_0.34375.aer
-rw-r--r-- 1 dumpling dumpling  211876 Jän 27 02:36 seq_0.34375.aer.paq
-rw-r--r-- 1 dumpling dumpling 1057161 Jän 27 02:36 seq_0.34375.caer
-rw-r--r-- 1 dumpling dumpling   75264 Jän 27 02:36 seq_0.34375.caer.paq
-rw-r--r-- 1 dumpling dumpling  579505 Jän 27 02:36 seq_0.34375.mp4
-rw-r--r-- 1 dumpling dumpling  614409 Jän 27 02:36 seq_0.34375.raw
-rw-r--r-- 1 dumpling dumpling   76582 Jän 27 02:36 seq_0.34375.raw.paq
-rw-r--r-- 1 dumpling dumpling 2855369 Jän 27 02:37 seq_0.359375.aer
-rw-r--r-- 1 dumpling dumpling  219290 Jän 27 02:37 seq_0.359375.aer.paq
-rw-r--r-- 1 dumpling dumpling 1104841 Jän 27 02:37 seq_0.359375.caer
-rw-r--r-- 1 dumpling dumpling   76184 Jän 27 02:37 seq_0.359375.caer.paq
-rw-r--r-- 1 dumpling dumpling  590860 Jän 27 02:36 seq_0.359375.mp4
-rw-r--r-- 1 dumpling dumpling  614409 Jän 27 02:37 seq_0.359375.raw
-rw-r--r-- 1 dumpling dumpling   76591 Jän 27 02:37 seq_0.359375.raw.paq
-rw-r--r-- 1 dumpling dumpling 2886361 Jän 27 02:38 seq_0.36328125.aer
-rw-r--r-- 1 dumpling dumpling  220258 Jän 27 02:38 seq_0.36328125.aer.paq
-rw-r--r-- 1 dumpling dumpling 1116761 Jän 27 02:38 seq_0.36328125.caer
-rw-r--r-- 1 dumpling dumpling   76475 Jän 27 02:38 seq_0.36328125.caer.paq
-rw-r--r-- 1 dumpling dumpling  603077 Jän 27 02:37 seq_0.36328125.mp4
-rw-r--r-- 1 dumpling dumpling  614409 Jän 27 02:38 seq_0.36328125.raw
-rw-r--r-- 1 dumpling dumpling   76597 Jän 27 02:37 seq_0.36328125.raw.paq
-rw-r--r-- 1 dumpling dumpling 2888298 Jän 27 02:40 seq_0.363525390625.aer
-rw-r--r-- 1 dumpling dumpling  220647 Jän 27 02:39 seq_0.363525390625.aer.paq
-rw-r--r-- 1 dumpling dumpling 1117506 Jän 27 02:40 seq_0.363525390625.caer
-rw-r--r-- 1 dumpling dumpling   76446 Jän 27 02:40 seq_0.363525390625.caer.paq
-rw-r--r-- 1 dumpling dumpling  598545 Jän 27 02:39 seq_0.363525390625.mp4
-rw-r--r-- 1 dumpling dumpling  614409 Jän 27 02:40 seq_0.363525390625.raw
-rw-r--r-- 1 dumpling dumpling   76588 Jän 27 02:39 seq_0.363525390625.raw.paq
-rw-r--r-- 1 dumpling dumpling 2888298 Jän 27 02:40 seq_0.3636474609375.aer
-rw-r--r-- 1 dumpling dumpling  155648 Jän 27 02:40 seq_0.3636474609375.aer.paq
-rw-r--r-- 1 dumpling dumpling 1117506 Jän 27 02:40 seq_0.3636474609375.caer
-rw-r--r-- 1 dumpling dumpling   12288 Jän 27 02:40 seq_0.3636474609375.caer.paq
-rw-r--r-- 1 dumpling dumpling  600947 Jän 27 02:40 seq_0.3636474609375.mp4
-rw-r--r-- 1 dumpling dumpling  614409 Jän 27 02:40 seq_0.3636474609375.raw
-rw-r--r-- 1 dumpling dumpling   76591 Jän 27 02:40 seq_0.3636474609375.raw.paq
drwxr-xr-x 2 dumpling dumpling    4096 Jän 27 15:17 seq_0.36370849609375
-rw-r--r-- 1 dumpling dumpling  197675 Jän 27 02:40 seq_0.36370849609375.aer
-rw-r--r-- 1 dumpling dumpling    4105 Jän 27 02:40 seq_0.36370849609375.caer
-rw-r--r-- 1 dumpling dumpling   48075 Jän 27 02:40 seq_0.36370849609375.raw
-rw-r--r-- 1 dumpling dumpling 2890235 Jän 27 02:39 seq_0.36376953125.aer
-rw-r--r-- 1 dumpling dumpling  220795 Jän 27 02:39 seq_0.36376953125.aer.paq
-rw-r--r-- 1 dumpling dumpling 1118251 Jän 27 02:39 seq_0.36376953125.caer
-rw-r--r-- 1 dumpling dumpling   76664 Jän 27 02:39 seq_0.36376953125.caer.paq
-rw-r--r-- 1 dumpling dumpling  611108 Jän 27 02:39 seq_0.36376953125.mp4
-rw-r--r-- 1 dumpling dumpling  614409 Jän 27 02:39 seq_0.36376953125.raw
-rw-r--r-- 1 dumpling dumpling   76600 Jän 27 02:39 seq_0.36376953125.raw.paq
-rw-r--r-- 1 dumpling dumpling 2894109 Jän 27 02:39 seq_0.3642578125.aer
-rw-r--r-- 1 dumpling dumpling  220798 Jän 27 02:38 seq_0.3642578125.aer.paq
-rw-r--r-- 1 dumpling dumpling 1119741 Jän 27 02:39 seq_0.3642578125.caer
-rw-r--r-- 1 dumpling dumpling   76644 Jän 27 02:39 seq_0.3642578125.caer.paq
-rw-r--r-- 1 dumpling dumpling  604028 Jän 27 02:38 seq_0.3642578125.mp4
-rw-r--r-- 1 dumpling dumpling  614409 Jän 27 02:39 seq_0.3642578125.raw
-rw-r--r-- 1 dumpling dumpling   76596 Jän 27 02:38 seq_0.3642578125.raw.paq
-rw-r--r-- 1 dumpling dumpling 2901857 Jän 27 02:38 seq_0.365234375.aer
-rw-r--r-- 1 dumpling dumpling  220979 Jän 27 02:38 seq_0.365234375.aer.paq
-rw-r--r-- 1 dumpling dumpling 1122721 Jän 27 02:38 seq_0.365234375.caer
-rw-r--r-- 1 dumpling dumpling   76756 Jän 27 02:38 seq_0.365234375.caer.paq
-rw-r--r-- 1 dumpling dumpling  597241 Jän 27 02:38 seq_0.365234375.mp4
-rw-r--r-- 1 dumpling dumpling  614409 Jän 27 02:38 seq_0.365234375.raw
-rw-r--r-- 1 dumpling dumpling   76588 Jän 27 02:38 seq_0.365234375.raw.paq
-rw-r--r-- 1 dumpling dumpling 2917353 Jän 27 02:37 seq_0.3671875.aer
-rw-r--r-- 1 dumpling dumpling  222320 Jän 27 02:37 seq_0.3671875.aer.paq
-rw-r--r-- 1 dumpling dumpling 1128681 Jän 27 02:37 seq_0.3671875.caer
-rw-r--r-- 1 dumpling dumpling   76718 Jän 27 02:37 seq_0.3671875.caer.paq
-rw-r--r-- 1 dumpling dumpling  591204 Jän 27 02:37 seq_0.3671875.mp4
-rw-r--r-- 1 dumpling dumpling  614409 Jän 27 02:37 seq_0.3671875.raw
-rw-r--r-- 1 dumpling dumpling   76603 Jän 27 02:37 seq_0.3671875.raw.paq
-rw-r--r-- 1 dumpling dumpling 2979337 Jän 27 02:36 seq_0.375.aer
-rw-r--r-- 1 dumpling dumpling  225763 Jän 27 02:36 seq_0.375.aer.paq
-rw-r--r-- 1 dumpling dumpling 1152521 Jän 27 02:36 seq_0.375.caer
-rw-r--r-- 1 dumpling dumpling   77230 Jän 27 02:36 seq_0.375.caer.paq
-rw-r--r-- 1 dumpling dumpling  602470 Jän 27 02:36 seq_0.375.mp4
-rw-r--r-- 1 dumpling dumpling  614409 Jän 27 02:36 seq_0.375.raw
-rw-r--r-- 1 dumpling dumpling   76597 Jän 27 02:36 seq_0.375.raw.paq
-rw-r--r-- 1 dumpling dumpling 3971081 Jän 27 02:35 seq_0.5.aer
-rw-r--r-- 1 dumpling dumpling  276805 Jän 27 02:35 seq_0.5.aer.paq
-rw-r--r-- 1 dumpling dumpling 1533961 Jän 27 02:35 seq_0.5.caer
-rw-r--r-- 1 dumpling dumpling   81146 Jän 27 02:35 seq_0.5.caer.paq
-rw-r--r-- 1 dumpling dumpling  640954 Jän 27 02:35 seq_0.5.mp4
-rw-r--r-- 1 dumpling dumpling  614409 Jän 27 02:35 seq_0.5.raw
-rw-r--r-- 1 dumpling dumpling   76625 Jän 27 02:35 seq_0.5.raw.paq

results/64_binary_iterators/threshold_search/seq_0.36370849609375:
total 0

results/binary:
total 29264
-rw-r--r-- 1 dumpling dumpling 8548361 Jän 27 15:01 checkers.aer
-rw-r--r-- 1 dumpling dumpling    3172 Jän 27 15:01 checkers.aer.paq8px183
-rw-r--r-- 1 dumpling dumpling 3670025 Jän 27 15:01 checkers.caer
-rw-r--r-- 1 dumpling dumpling    1392 Jän 27 15:01 checkers.caer.paq8px183
-rw-r--r-- 1 dumpling dumpling   13966 Jän 27 15:01 checkers.mp4
-rw-r--r-- 1 dumpling dumpling  614409 Jän 27 15:01 checkers.raw
-rw-r--r-- 1 dumpling dumpling     285 Jän 27 15:01 checkers.raw.paq8px183
-rw-r--r-- 1 dumpling dumpling   61449 Jän 27 15:01 moving_edge.aer
-rw-r--r-- 1 dumpling dumpling     104 Jän 27 15:01 moving_edge.aer.paq8px183
-rw-r--r-- 1 dumpling dumpling   32777 Jän 27 15:01 moving_edge.caer
-rw-r--r-- 1 dumpling dumpling      63 Jän 27 15:01 moving_edge.caer.paq8px183
-rw-r--r-- 1 dumpling dumpling     481 Jän 25 17:21 moving_edge.lpaq7
-rw-r--r-- 1 dumpling dumpling    6629 Jän 27 15:01 moving_edge.mp4
-rw-r--r-- 1 dumpling dumpling  614409 Jän 27 15:01 moving_edge.raw
-rw-r--r-- 1 dumpling dumpling     267 Jän 27 15:01 moving_edge.raw.paq8px183
-rw-r--r-- 1 dumpling dumpling 8515167 Jän 27 15:01 pixel_random.aer
-rw-r--r-- 1 dumpling dumpling  678243 Jän 27 15:01 pixel_random.aer.paq8px183
-rw-r--r-- 1 dumpling dumpling 3655799 Jän 27 15:01 pixel_random.caer
-rw-r--r-- 1 dumpling dumpling  657545 Jän 27 15:01 pixel_random.caer.paq8px183
-rw-r--r-- 1 dumpling dumpling  616170 Jän 25 17:22 pixel_random.lpaq7
-rw-r--r-- 1 dumpling dumpling  876417 Jän 27 15:01 pixel_random.mp4
-rw-r--r-- 1 dumpling dumpling  614409 Jän 27 15:01 pixel_random.raw
-rw-r--r-- 1 dumpling dumpling  614755 Jän 27 15:01 pixel_random.raw.paq8px183
-rw-r--r-- 1 dumpling dumpling     112 Jän 27 15:01 seq_0.25.log
-rw-r--r-- 1 dumpling dumpling     113 Jän 27 15:01 seq_0.375.log
-rw-r--r-- 1 dumpling dumpling     101 Jän 27 15:01 seq_0.390625.log
-rw-r--r-- 1 dumpling dumpling     113 Jän 27 15:01 seq_0.40625.log
-rw-r--r-- 1 dumpling dumpling     113 Jän 27 15:01 seq_0.4375.log
-rw-r--r-- 1 dumpling dumpling     512 Jän 27 15:01 seq.log
-rw-r--r-- 1 dumpling dumpling    4105 Jän 27 15:01 single_color.aer
-rw-r--r-- 1 dumpling dumpling      25 Jän 25 17:23 single_color.aer.lpaq1
-rw-r--r-- 1 dumpling dumpling      24 Jän 27 15:01 single_color.aer.paq8px183
-rw-r--r-- 1 dumpling dumpling    8201 Jän 27 15:01 single_color.caer
-rw-r--r-- 1 dumpling dumpling      25 Jän 27 15:01 single_color.caer.paq8px183
-rw-r--r-- 1 dumpling dumpling    5664 Jän 27 15:01 single_color.mp4
-rw-r--r-- 1 dumpling dumpling  614409 Jän 27 15:01 single_color.raw
-rw-r--r-- 1 dumpling dumpling     240 Jän 25 17:23 single_color.raw.lpaq1
-rw-r--r-- 1 dumpling dumpling     241 Jän 27 15:01 single_color.raw.paq8px183

results/binary_iterators:
total 19476
-rw-r--r-- 1 dumpling dumpling 7938057 Jän 26 22:59 checkers.aer
-rw-r--r-- 1 dumpling dumpling  207003 Jän 26 22:59 checkers.aer.lpaq1
-rw-r--r-- 1 dumpling dumpling 3059721 Jän 26 22:59 checkers.caer
-rw-r--r-- 1 dumpling dumpling    1593 Jän 26 22:59 checkers.caer.lpaq1
-rw-r--r-- 1 dumpling dumpling   13966 Jän 26 22:59 checkers.mp4
-rw-r--r-- 1 dumpling dumpling  614409 Jän 26 22:59 checkers.raw
-rw-r--r-- 1 dumpling dumpling     846 Jän 26 22:59 checkers.raw.lpaq1
-rw-r--r-- 1 dumpling dumpling   57353 Jän 26 22:59 moving_edge.aer
-rw-r--r-- 1 dumpling dumpling    2021 Jän 26 22:59 moving_edge.aer.lpaq1
-rw-r--r-- 1 dumpling dumpling   28681 Jän 26 22:59 moving_edge.caer
-rw-r--r-- 1 dumpling dumpling     124 Jän 26 22:59 moving_edge.caer.lpaq1
-rw-r--r-- 1 dumpling dumpling    6629 Jän 26 22:59 moving_edge.mp4
-rw-r--r-- 1 dumpling dumpling  614409 Jän 26 22:59 moving_edge.raw
-rw-r--r-- 1 dumpling dumpling     481 Jän 26 22:59 moving_edge.raw.lpaq1
-rw-r--r-- 1 dumpling dumpling 3965556 Jän 26 22:59 random_pixel.aer
-rw-r--r-- 1 dumpling dumpling  277446 Jän 26 23:00 random_pixel.aer.lpaq1
-rw-r--r-- 1 dumpling dumpling 1531836 Jän 26 22:59 random_pixel.caer
-rw-r--r-- 1 dumpling dumpling   83001 Jän 26 23:00 random_pixel.caer.lpaq1
-rw-r--r-- 1 dumpling dumpling  120855 Jän 26 22:59 random_pixel.mp4
-rw-r--r-- 1 dumpling dumpling  614409 Jän 26 22:59 random_pixel.raw
-rw-r--r-- 1 dumpling dumpling   77071 Jän 26 22:59 random_pixel.raw.lpaq1
-rw-r--r-- 1 dumpling dumpling    4105 Jän 26 22:59 single_color.aer
-rw-r--r-- 1 dumpling dumpling      32 Jän 26 22:59 single_color.aer.lpaq1
-rw-r--r-- 1 dumpling dumpling    8201 Jän 26 22:59 single_color.caer
-rw-r--r-- 1 dumpling dumpling      44 Jän 26 22:59 single_color.caer.lpaq1
-rw-r--r-- 1 dumpling dumpling    5664 Jän 26 22:59 single_color.mp4
-rw-r--r-- 1 dumpling dumpling  614409 Jän 26 22:59 single_color.raw
-rw-r--r-- 1 dumpling dumpling     462 Jän 26 22:59 single_color.raw.lpaq1
drwxr-xr-x 3 dumpling dumpling    4096 Jän 26 23:43 threshold_search
-rw-r--r-- 1 dumpling dumpling    3626 Jän 27 15:01 threshold_search.log

results/binary_iterators/threshold_search:
total 82908
-rw-r--r-- 1 dumpling dumpling 1987593 Jän 26 23:40 seq_0.25.aer
-rw-r--r-- 1 dumpling dumpling  168060 Jän 26 23:40 seq_0.25.aer.paq
-rw-r--r-- 1 dumpling dumpling  771081 Jän 26 23:40 seq_0.25.caer
-rw-r--r-- 1 dumpling dumpling   65718 Jän 26 23:40 seq_0.25.caer.paq
-rw-r--r-- 1 dumpling dumpling  387646 Jän 26 23:40 seq_0.25.mp4
-rw-r--r-- 1 dumpling dumpling  614409 Jän 26 23:40 seq_0.25.raw
-rw-r--r-- 1 dumpling dumpling   76487 Jän 26 23:40 seq_0.25.raw.paq
-rw-r--r-- 1 dumpling dumpling 2483465 Jän 26 23:41 seq_0.3125.aer
-rw-r--r-- 1 dumpling dumpling  197803 Jän 26 23:41 seq_0.3125.aer.paq
-rw-r--r-- 1 dumpling dumpling  961801 Jän 26 23:41 seq_0.3125.caer
-rw-r--r-- 1 dumpling dumpling   72418 Jän 26 23:41 seq_0.3125.caer.paq
-rw-r--r-- 1 dumpling dumpling  523804 Jän 26 23:40 seq_0.3125.mp4
-rw-r--r-- 1 dumpling dumpling  614409 Jän 26 23:41 seq_0.3125.raw
-rw-r--r-- 1 dumpling dumpling   76563 Jän 26 23:40 seq_0.3125.raw.paq
-rw-r--r-- 1 dumpling dumpling 2731401 Jän 26 23:41 seq_0.34375.aer
-rw-r--r-- 1 dumpling dumpling  212018 Jän 26 23:41 seq_0.34375.aer.paq
-rw-r--r-- 1 dumpling dumpling 1057161 Jän 26 23:41 seq_0.34375.caer
-rw-r--r-- 1 dumpling dumpling   75248 Jän 26 23:41 seq_0.34375.caer.paq
-rw-r--r-- 1 dumpling dumpling  575089 Jän 26 23:41 seq_0.34375.mp4
-rw-r--r-- 1 dumpling dumpling  614409 Jän 26 23:41 seq_0.34375.raw
-rw-r--r-- 1 dumpling dumpling   76578 Jän 26 23:41 seq_0.34375.raw.paq
-rw-r--r-- 1 dumpling dumpling 2855369 Jän 26 23:41 seq_0.359375.aer
-rw-r--r-- 1 dumpling dumpling  218121 Jän 26 23:41 seq_0.359375.aer.paq
-rw-r--r-- 1 dumpling dumpling 1104841 Jän 26 23:41 seq_0.359375.caer
-rw-r--r-- 1 dumpling dumpling   76205 Jän 26 23:41 seq_0.359375.caer.paq
-rw-r--r-- 1 dumpling dumpling  603943 Jän 26 23:41 seq_0.359375.mp4
-rw-r--r-- 1 dumpling dumpling  614409 Jän 26 23:41 seq_0.359375.raw
-rw-r--r-- 1 dumpling dumpling   76592 Jän 26 23:41 seq_0.359375.raw.paq
-rw-r--r-- 1 dumpling dumpling 2886361 Jän 26 23:42 seq_0.36328125.aer
-rw-r--r-- 1 dumpling dumpling  220448 Jän 26 23:42 seq_0.36328125.aer.paq
-rw-r--r-- 1 dumpling dumpling 1116761 Jän 26 23:42 seq_0.36328125.caer
-rw-r--r-- 1 dumpling dumpling   76440 Jän 26 23:42 seq_0.36328125.caer.paq
-rw-r--r-- 1 dumpling dumpling  602960 Jän 26 23:41 seq_0.36328125.mp4
-rw-r--r-- 1 dumpling dumpling  614409 Jän 26 23:42 seq_0.36328125.raw
-rw-r--r-- 1 dumpling dumpling   76588 Jän 26 23:41 seq_0.36328125.raw.paq
-rw-r--r-- 1 dumpling dumpling 2888298 Jän 26 23:43 seq_0.363525390625.aer
-rw-r--r-- 1 dumpling dumpling  221143 Jän 26 23:43 seq_0.363525390625.aer.paq
-rw-r--r-- 1 dumpling dumpling 1117506 Jän 26 23:43 seq_0.363525390625.caer
-rw-r--r-- 1 dumpling dumpling   76420 Jän 26 23:43 seq_0.363525390625.caer.paq
-rw-r--r-- 1 dumpling dumpling  590156 Jän 26 23:43 seq_0.363525390625.mp4
-rw-r--r-- 1 dumpling dumpling  614409 Jän 26 23:43 seq_0.363525390625.raw
-rw-r--r-- 1 dumpling dumpling   76592 Jän 26 23:43 seq_0.363525390625.raw.paq
-rw-r--r-- 1 dumpling dumpling 2888298 Jän 26 23:43 seq_0.3636474609375.aer
-rw-r--r-- 1 dumpling dumpling  221021 Jän 26 23:43 seq_0.3636474609375.aer.paq
-rw-r--r-- 1 dumpling dumpling 1117506 Jän 26 23:43 seq_0.3636474609375.caer
-rw-r--r-- 1 dumpling dumpling   76389 Jän 26 23:43 seq_0.3636474609375.caer.paq
-rw-r--r-- 1 dumpling dumpling  595648 Jän 26 23:43 seq_0.3636474609375.mp4
-rw-r--r-- 1 dumpling dumpling  614409 Jän 26 23:43 seq_0.3636474609375.raw
-rw-r--r-- 1 dumpling dumpling   76593 Jän 26 23:43 seq_0.3636474609375.raw.paq
-rw-r--r-- 1 dumpling dumpling 2888298 Jän 26 23:43 seq_0.36370849609375.aer
-rw-r--r-- 1 dumpling dumpling  220337 Jän 26 23:43 seq_0.36370849609375.aer.paq
-rw-r--r-- 1 dumpling dumpling 1117506 Jän 26 23:43 seq_0.36370849609375.caer
-rw-r--r-- 1 dumpling dumpling   76404 Jän 26 23:43 seq_0.36370849609375.caer.paq
-rw-r--r-- 1 dumpling dumpling  579655 Jän 26 23:43 seq_0.36370849609375.mp4
-rw-r--r-- 1 dumpling dumpling  614409 Jän 26 23:43 seq_0.36370849609375.raw
-rw-r--r-- 1 dumpling dumpling   76589 Jän 26 23:43 seq_0.36370849609375.raw.paq
-rw-r--r-- 1 dumpling dumpling 2888298 Jän 26 23:43 seq_0.363739013671875.aer
-rw-r--r-- 1 dumpling dumpling  118784 Jän 26 23:43 seq_0.363739013671875.aer.paq
-rw-r--r-- 1 dumpling dumpling 1117506 Jän 26 23:43 seq_0.363739013671875.caer
-rw-r--r-- 1 dumpling dumpling   76453 Jän 26 23:43 seq_0.363739013671875.caer.paq
-rw-r--r-- 1 dumpling dumpling  584523 Jän 26 23:43 seq_0.363739013671875.mp4
-rw-r--r-- 1 dumpling dumpling  614409 Jän 26 23:43 seq_0.363739013671875.raw
-rw-r--r-- 1 dumpling dumpling   76591 Jän 26 23:43 seq_0.363739013671875.raw.paq
drwxr-xr-x 2 dumpling dumpling    4096 Jän 27 15:17 seq_0.3637542724609375
-rw-r--r-- 1 dumpling dumpling 1289050 Jän 26 23:44 seq_0.3637542724609375.aer
-rw-r--r-- 1 dumpling dumpling    4105 Jän 26 23:44 seq_0.3637542724609375.caer
-rw-r--r-- 1 dumpling dumpling  278537 Jän 26 23:44 seq_0.3637542724609375.raw
-rw-r--r-- 1 dumpling dumpling 2890235 Jän 26 23:42 seq_0.36376953125.aer
-rw-r--r-- 1 dumpling dumpling  220631 Jän 26 23:42 seq_0.36376953125.aer.paq
-rw-r--r-- 1 dumpling dumpling 1118251 Jän 26 23:42 seq_0.36376953125.caer
-rw-r--r-- 1 dumpling dumpling   76671 Jän 26 23:42 seq_0.36376953125.caer.paq
-rw-r--r-- 1 dumpling dumpling  583635 Jän 26 23:42 seq_0.36376953125.mp4
-rw-r--r-- 1 dumpling dumpling  614409 Jän 26 23:42 seq_0.36376953125.raw
-rw-r--r-- 1 dumpling dumpling   76592 Jän 26 23:42 seq_0.36376953125.raw.paq
-rw-r--r-- 1 dumpling dumpling 2894109 Jän 26 23:42 seq_0.3642578125.aer
-rw-r--r-- 1 dumpling dumpling  221154 Jän 26 23:42 seq_0.3642578125.aer.paq
-rw-r--r-- 1 dumpling dumpling 1119741 Jän 26 23:42 seq_0.3642578125.caer
-rw-r--r-- 1 dumpling dumpling   76636 Jän 26 23:42 seq_0.3642578125.caer.paq
-rw-r--r-- 1 dumpling dumpling  605155 Jän 26 23:42 seq_0.3642578125.mp4
-rw-r--r-- 1 dumpling dumpling  614409 Jän 26 23:42 seq_0.3642578125.raw
-rw-r--r-- 1 dumpling dumpling   76595 Jän 26 23:42 seq_0.3642578125.raw.paq
-rw-r--r-- 1 dumpling dumpling 2901857 Jän 26 23:42 seq_0.365234375.aer
-rw-r--r-- 1 dumpling dumpling  221481 Jän 26 23:42 seq_0.365234375.aer.paq
-rw-r--r-- 1 dumpling dumpling 1122721 Jän 26 23:42 seq_0.365234375.caer
-rw-r--r-- 1 dumpling dumpling   76768 Jän 26 23:42 seq_0.365234375.caer.paq
-rw-r--r-- 1 dumpling dumpling  601456 Jän 26 23:42 seq_0.365234375.mp4
-rw-r--r-- 1 dumpling dumpling  614409 Jän 26 23:42 seq_0.365234375.raw
-rw-r--r-- 1 dumpling dumpling   76598 Jän 26 23:42 seq_0.365234375.raw.paq
-rw-r--r-- 1 dumpling dumpling 2917353 Jän 26 23:41 seq_0.3671875.aer
-rw-r--r-- 1 dumpling dumpling  222033 Jän 26 23:41 seq_0.3671875.aer.paq
-rw-r--r-- 1 dumpling dumpling 1128681 Jän 26 23:41 seq_0.3671875.caer
-rw-r--r-- 1 dumpling dumpling   76761 Jän 26 23:41 seq_0.3671875.caer.paq
-rw-r--r-- 1 dumpling dumpling  595388 Jän 26 23:41 seq_0.3671875.mp4
-rw-r--r-- 1 dumpling dumpling  614409 Jän 26 23:41 seq_0.3671875.raw
-rw-r--r-- 1 dumpling dumpling   76597 Jän 26 23:41 seq_0.3671875.raw.paq
-rw-r--r-- 1 dumpling dumpling 2979337 Jän 26 23:40 seq_0.375.aer
-rw-r--r-- 1 dumpling dumpling  225416 Jän 26 23:40 seq_0.375.aer.paq
-rw-r--r-- 1 dumpling dumpling 1152521 Jän 26 23:40 seq_0.375.caer
-rw-r--r-- 1 dumpling dumpling   77245 Jän 26 23:40 seq_0.375.caer.paq
-rw-r--r-- 1 dumpling dumpling  617051 Jän 26 23:40 seq_0.375.mp4
-rw-r--r-- 1 dumpling dumpling  614409 Jän 26 23:40 seq_0.375.raw
-rw-r--r-- 1 dumpling dumpling   76595 Jän 26 23:40 seq_0.375.raw.paq
-rw-r--r-- 1 dumpling dumpling 3971081 Jän 26 23:40 seq_0.5.aer
-rw-r--r-- 1 dumpling dumpling  276590 Jän 26 23:40 seq_0.5.aer.paq
-rw-r--r-- 1 dumpling dumpling 1533961 Jän 26 23:40 seq_0.5.caer
-rw-r--r-- 1 dumpling dumpling   81180 Jän 26 23:40 seq_0.5.caer.paq
-rw-r--r-- 1 dumpling dumpling  644234 Jän 26 23:40 seq_0.5.mp4
-rw-r--r-- 1 dumpling dumpling  614409 Jän 26 23:40 seq_0.5.raw
-rw-r--r-- 1 dumpling dumpling   76626 Jän 26 23:40 seq_0.5.raw.paq

results/binary_iterators/threshold_search/seq_0.3637542724609375:
total 0
