precision:                     0.0001
iterations:                    1
compute_effort:                1
range:                         (0, 256)
durations:                     [2]
resolutions:                   [16, 32, 64, 128, 960]
verbose:                       False
mode:                          dims_frames
codec:                         aer
entropy_coder:                 residual_entropy_size
out:                           results/threshold_search_lossless/aer_vs_residual/all_res_2f.log
out_redir:                     > /dev/null 2>&1
                                                                                
~~~~~~~~~~~~~~~~~~~~~~~~~~~~~~~~~~~~~~~~~~~~~~~~~~~~~~~~~~~~~~~~~~~~~~~~~~~~~~~~
                                FRAME NUMBER: 2                                 
~~~~~~~~~~~~~~~~~~~~~~~~~~~~~~~~~~~~~~~~~~~~~~~~~~~~~~~~~~~~~~~~~~~~~~~~~~~~~~~~
================================================================================
 #.       Resolution            Frames                    Threshold             
================================================================================
      Rate         Resolution        Frames          bsize            size      
--------------------------------------------------------------------------------
   0.49609375       (16, 16)           2          483.7399263      802.94739    
   0.2421875        (16, 16)           2          407.2812495      540.071548   
   0.1171875        (16, 16)           2          364.5350334     401.1343267   
   0.0546875        (16, 16)           2          338.1982355     326.8077741   
   0.0859375        (16, 16)           2          352.9696905     364.0715144   
   0.0703125        (16, 16)           2          346.2979883     347.6772573   
     0.0625         (16, 16)           2          342.9968342     336.3862056   
   0.06640625       (16, 16)           2          345.1862567      342.189481   
   0.0703125        (16, 16)           2          346.2979883     347.6772573   
   0.0703125        (16, 16)           2          348.5941037     345.7093715   
                               Precision reached                                
================================================================================
 1.        (16, 16)               2                       0.0703125             
================================================================================
********************************************************************************
avg:         (16, 16)                     2                    0.0703125        
********************************************************************************
      Rate         Resolution        Frames          bsize            size      
--------------------------------------------------------------------------------
  0.4951171875      (32, 32)           2          2008.072162     3387.831461   
   0.2421875        (32, 32)           2          1699.404393     2289.936916   
  0.1162109375      (32, 32)           2          1527.224633     1703.966545   
  0.052734375       (32, 32)           2          1435.383578     1373.492375   
  0.083984375       (32, 32)           2          1481.884191     1539.184878   
  0.068359375       (32, 32)           2          1460.461419     1453.874766   
  0.076171875       (32, 32)           2          1466.898688     1500.551751   
  0.072265625       (32, 32)           2          1460.364368     1481.265546   
   0.0703125        (32, 32)           2          1456.077669     1471.662174   
  0.0693359375      (32, 32)           2          1453.687367      1467.00932   
  0.068359375       (32, 32)           2          1454.599108     1459.548647   
  0.068359375       (32, 32)           2          1454.599108     1459.466769   
                               Precision reached                                
  0.0634765625      (32, 32)           2          1443.244946     1437.026467   
   0.06640625       (32, 32)           2          1463.035453     1442.451708   
  0.0673828125      (32, 32)           2           1448.5646      1448.138008   
  0.068359375       (32, 32)           2          1451.819127     1452.071889   
  0.068359375       (32, 32)           2          1454.418786     1449.444944   
                               Precision reached                                
================================================================================
 1.        (32, 32)               2                      0.068359375            
================================================================================
********************************************************************************
avg:         (32, 32)                     2                   0.068359375       
********************************************************************************
      Rate         Resolution        Frames          bsize            size      
--------------------------------------------------------------------------------
  0.4951171875      (64, 64)           2          8107.178607     13903.62886   
  0.2426757812      (64, 64)           2          6875.299646      9341.94397   
  0.1164550781      (64, 64)           2          6177.018912     6946.106281   
 0.05322265625      (64, 64)           2          5808.178387     5585.452516   
  0.0849609375      (64, 64)           2          6000.653899     6276.499331   
 0.06909179688      (64, 64)           2           5899.15813     5935.689826   
 0.06103515625      (64, 64)           2          5852.017878     5762.767695   
 0.06494140625      (64, 64)           2          5876.729134     5845.764141   
 0.06689453125      (64, 64)           2          5886.149276     5889.111104   
 0.06591796875      (64, 64)           2          5878.689602     5868.345311   
   0.06640625       (64, 64)           2          5883.166992     5878.693691   
 0.06665039062      (64, 64)           2          5881.701439     5886.432904   
   0.06640625       (64, 64)           2          5882.036677      5879.64648   
   0.06640625       (64, 64)           2          5880.544241     5880.348163   
                               Precision reached                                
================================================================================
 1.        (64, 64)               2                      0.06640625             
================================================================================
********************************************************************************
avg:         (64, 64)                     2                   0.06640625        
********************************************************************************
      Rate         Resolution        Frames          bsize            size      
--------------------------------------------------------------------------------
  0.4949951172     (128, 128)          2          32432.28994     56890.29993   
  0.2424926758     (128, 128)          2          27521.98264     37861.33454   
  0.1162719727     (128, 128)          2          24793.10347     27881.02735   
 0.05316162109     (128, 128)          2          23317.70311     22427.75746   
 0.08471679688     (128, 128)          2          24060.77143     25232.85796   
 0.06896972656     (128, 128)          2          23666.63708     23874.12814   
 0.06103515625     (128, 128)          2           23486.746      23164.82333   
 0.06500244141     (128, 128)          2          23567.92493     23529.78948   
 0.06701660156     (128, 128)          2          23607.66502     23709.27601   
 0.06604003906     (128, 128)          2           23581.2206     23622.14982   
 0.06555175781     (128, 128)          2          23586.45082     23563.97752   
 0.06579589844     (128, 128)          2          23603.66447     23577.40818   
 0.06591796875     (128, 128)          2          23600.20257     23592.97563   
 0.06597900391     (128, 128)          2          23602.75423     23598.29027   
                               Precision reached                                
================================================================================
 1.       (128, 128)              2                     0.06597900391           
================================================================================
********************************************************************************
avg:        (128, 128)                    2                  0.06597900391      
********************************************************************************
      Rate         Resolution        Frames          bsize            size      
--------------------------------------------------------------------------------
     0.495         (960, 960)          2          1826086.218     3659094.195   
     0.2425        (960, 960)          2          1548558.261     2346367.598   
    0.11625        (960, 960)          2          1393640.035      1667756.08   
    0.053125       (960, 960)          2          1310436.447     1305155.664   
   0.0846875       (960, 960)          2          1352760.759     1490772.711   
   0.06890625      (960, 960)          2           1331651.18     1399262.742   
  0.061015625      (960, 960)          2          1321010.279     1352703.238   
  0.0570703125     (960, 960)          2          1315563.403     1328922.161   
 0.05509765625     (960, 960)          2          1313106.928     1317161.402   
 0.05411132812     (960, 960)          2          1311607.338     1311197.986   
 0.05460503472     (960, 960)          2          1312479.755     1313966.361   
 0.05435763889     (960, 960)          2           1311972.78     1312680.492   
 0.05423394097     (960, 960)          2           1311749.52     1311887.335   
 0.05417317708     (960, 960)          2          1311667.442      1311533.9    
                               Precision reached                                
================================================================================
 1.       (960, 960)              2                     0.05417317708           
================================================================================
********************************************************************************
avg:        (960, 960)                    2                  0.05417317708      
********************************************************************************
                                    SUMMARY                                     
     Resolution            Frames                      Threshold                
================================================================================
      (16, 16)               2                         0.0703125                
      (32, 32)               2                        0.068359375               
      (64, 64)               2                         0.06640625               
     (128, 128)              2                       0.06597900391              
     (960, 960)              2                       0.05417317708              
================================================================================
