precision:                     0.0001
iterations:                    1
compute_effort:                1
range:                         (0, 256)
durations:                     [2]
resolutions:                   [16, 32, 64, 128, 960]
verbose:                       False
mode:                          dims_frames
codec:                         aer
entropy_coder:                 residual_entropy
out:                           results/threshold_search_lossless/aer_vs_residual/all_res_entropy_2f.log
out_redir:                     > /dev/null 2>&1
                                                                                
~~~~~~~~~~~~~~~~~~~~~~~~~~~~~~~~~~~~~~~~~~~~~~~~~~~~~~~~~~~~~~~~~~~~~~~~~~~~~~~~
                                FRAME NUMBER: 2                                 
~~~~~~~~~~~~~~~~~~~~~~~~~~~~~~~~~~~~~~~~~~~~~~~~~~~~~~~~~~~~~~~~~~~~~~~~~~~~~~~~
================================================================================
 #.       Resolution            Frames                    Threshold             
================================================================================
      Rate         Resolution        Frames          bsize            size      
--------------------------------------------------------------------------------
   0.49609375       (16, 16)           2          0.6194770565    0.3901456361  
      0.75          (16, 16)           2          0.7073430302    0.3535482568  
     0.875          (16, 16)           2          0.7473912979    0.3457531689  
     0.9375         (16, 16)           2          0.7649743777    0.3387614868  
    0.96875         (16, 16)           2          0.7720256445    0.338118216   
    0.984375        (16, 16)           2          0.7774309181    0.3358316791  
   0.9921875        (16, 16)           2          0.7796374968    0.336302394   
   0.99609375       (16, 16)           2          0.7808904777    0.3352148473  
      1.0           (16, 16)           2          0.782021256     0.3354609569  
      1.0           (16, 16)           2          0.7830065421    0.3345388159  
                               Precision reached                                
================================================================================
 1.        (16, 16)               2                          1.0                
================================================================================
********************************************************************************
avg:         (16, 16)                     2                       1.0           
********************************************************************************
      Rate         Resolution        Frames          bsize            size      
--------------------------------------------------------------------------------
  0.4951171875      (32, 32)           2          0.6517775523    0.4152323513  
  0.748046875       (32, 32)           2          0.7375883789    0.3773160023  
  0.8740234375      (32, 32)           2          0.7760137471    0.3650822432  
     0.9375         (32, 32)           2          0.7938516351    0.3608559945  
    0.96875         (32, 32)           2          0.8022680206    0.3598565241  
    0.984375        (32, 32)           2          0.8067571955    0.3581881355  
   0.9921875        (32, 32)           2          0.8085354124    0.3578362392  
   0.99609375       (32, 32)           2          0.8095318706    0.3572881413  
  0.998046875       (32, 32)           2          0.8099811668    0.3572746224  
  0.9990234375      (32, 32)           2          0.8102814263    0.3576854265  
      1.0           (32, 32)           2          0.810422358     0.3571857788  
      1.0           (32, 32)           2          0.810422358     0.3571857788  
                               Precision reached                                
================================================================================
 1.        (32, 32)               2                          1.0                
================================================================================
********************************************************************************
avg:         (32, 32)                     2                       1.0           
********************************************************************************
      Rate         Resolution        Frames          bsize            size      
--------------------------------------------------------------------------------
  0.4951171875      (64, 64)           2          0.6584033333    0.4282722699  
  0.7475585938      (64, 64)           2          0.7457993006    0.391957552   
  0.8737792969      (64, 64)           2          0.7834941198    0.3806395751  
  0.9370117188      (64, 64)           2          0.8007603367    0.3755171744  
  0.9685058594      (64, 64)           2          0.8089629514    0.3737221854  
    0.984375        (64, 64)           2          0.8131803716    0.3727109708  
   0.9921875        (64, 64)           2          0.8151358054    0.3716069544  
   0.99609375       (64, 64)           2          0.8160802639    0.3716028677  
  0.998046875       (64, 64)           2          0.8166008117    0.3715833184  
  0.9990234375      (64, 64)           2           0.81664329     0.371651831   
  0.9995117188      (64, 64)           2          0.8174273123    0.3715716882  
  0.9997558594      (64, 64)           2          0.8174316263    0.3717038553  
      1.0           (64, 64)           2          0.8175012269    0.3716475917  
      1.0           (64, 64)           2          0.817487569     0.3714881031  
                               Precision reached                                
================================================================================
 1.        (64, 64)               2                          1.0                
================================================================================
********************************************************************************
avg:         (64, 64)                     2                       1.0           
********************************************************************************
      Rate         Resolution        Frames          bsize            size      
--------------------------------------------------------------------------------
  0.4949951172     (128, 128)          2          0.6602207034    0.4373270887  
  0.7474975586     (128, 128)          2          0.7461410668    0.4018246444  
  0.8737792969     (128, 128)          2          0.7850217967    0.3909433753  
  0.9368896484     (128, 128)          2          0.8026458599    0.3863265935  
  0.9684448242     (128, 128)          2          0.8107230049    0.3841528332  
  0.9842529297     (128, 128)          2          0.8147556781    0.3831572784  
  0.9921264648     (128, 128)          2          0.8162714256    0.3827404388  
   0.99609375      (128, 128)          2          0.8172989983    0.382604699   
  0.998046875      (128, 128)          2          0.818015063     0.382468579   
  0.9990234375     (128, 128)          2          0.8184392393    0.3824604727  
  0.9995117188     (128, 128)          2          0.8186603001    0.3823350298  
  0.9997558594     (128, 128)          2          0.8188467829    0.382393637   
  0.9998779297     (128, 128)          2          0.8186592419    0.3823620866  
  0.9999389648     (128, 128)          2          0.8183718779    0.3824253623  
                               Precision reached                                
================================================================================
 1.       (128, 128)              2                     0.9999389648            
================================================================================
********************************************************************************
avg:        (128, 128)                    2                  0.9999389648       
********************************************************************************
      Rate         Resolution        Frames          bsize            size      
--------------------------------------------------------------------------------
     0.495         (960, 960)          2          0.6604977262    0.5006862871  
     0.7475        (960, 960)          2          0.7472381496    0.4691408155  
    0.87375        (960, 960)          2          0.785378361     0.4595337662  
    0.936875       (960, 960)          2          0.8029050952    0.4555929903  
   0.9684375       (960, 960)          2          0.8112433668    0.4538509041  
   0.98421875      (960, 960)          2          0.8153060798    0.452957284   
  0.992109375      (960, 960)          2          0.817248966     0.4525477949  
  0.9960546875     (960, 960)          2          0.8182904819    0.4523643178  
  0.9980273438     (960, 960)          2          0.8187527936    0.4522222074  
  0.9990136719     (960, 960)          2          0.819004506     0.4521883878  
  0.9995073785     (960, 960)          2          0.8190526979    0.4521329708  
  0.9997536892     (960, 960)          2          0.8192096778    0.4521610264  
  0.9998763021     (960, 960)          2          0.8192285435    0.4521404803  
  0.999938151      (960, 960)          2          0.8192430061    0.4521312907  
                               Precision reached                                
================================================================================
 1.       (960, 960)              2                      0.999938151            
================================================================================
********************************************************************************
avg:        (960, 960)                    2                   0.999938151       
********************************************************************************
                                    SUMMARY                                     
     Resolution            Frames                      Threshold                
================================================================================
      (16, 16)               2                            1.0                   
      (32, 32)               2                            1.0                   
      (64, 64)               2                            1.0                   
     (128, 128)              2                        0.9999389648              
     (960, 960)              2                        0.999938151               
================================================================================
