precision:                     0.0001
iterations:                    1
compute_effort:                1
range:                         (0, 256)
durations:                     [4]
resolutions:                   [16, 32, 64, 128, 960]
verbose:                       False
mode:                          dims_frames
codec:                         aer
entropy_coder:                 residual_entropy_size
out:                           results/threshold_search_lossless/aer_vs_residual/all_res_4f.log
out_redir:                     > /dev/null 2>&1
                                                                                
~~~~~~~~~~~~~~~~~~~~~~~~~~~~~~~~~~~~~~~~~~~~~~~~~~~~~~~~~~~~~~~~~~~~~~~~~~~~~~~~
                                FRAME NUMBER: 4                                 
~~~~~~~~~~~~~~~~~~~~~~~~~~~~~~~~~~~~~~~~~~~~~~~~~~~~~~~~~~~~~~~~~~~~~~~~~~~~~~~~
================================================================================
 #.       Resolution            Frames                    Threshold             
================================================================================
      Rate         Resolution        Frames          bsize            size      
--------------------------------------------------------------------------------
  0.4947916667      (16, 16)           4          915.0784713     1889.812443   
   0.2421875        (16, 16)           4          659.6635043     1074.572184   
  0.1158854167      (16, 16)           4          510.0680986      680.528755   
 0.05338541667      (16, 16)           4          432.5356287     466.5731247   
 0.02213541667      (16, 16)           4          394.2692477     345.1268217   
 0.03776041667      (16, 16)           4          413.9758695     404.9762441   
 0.04557291667      (16, 16)           4          425.9998504      437.209483   
 0.04166666667      (16, 16)           4           416.04838      424.1459508   
   0.0390625        (16, 16)           4          418.9741791     411.0326523   
 0.04036458333      (16, 16)           4          415.7761672     418.7313943   
 0.04036458333      (16, 16)           4          417.3432782     417.4299002   
                               Precision reached                                
   0.03515625       (16, 16)           4          414.4954289      395.096961   
 0.03776041667      (16, 16)           4          418.8310439     404.4228946   
   0.0390625        (16, 16)           4          418.0231698      411.827377   
 0.04036458333      (16, 16)           4          415.7761672     418.7313943   
 0.04036458333      (16, 16)           4          417.3432782     417.4299002   
                               Precision reached                                
   0.03515625       (16, 16)           4          414.4954289      395.096961   
 0.03776041667      (16, 16)           4          418.8310439     404.4228946   
   0.0390625        (16, 16)           4          418.0231698      411.827377   
 0.04036458333      (16, 16)           4          419.3034277     416.6440371   
 0.04036458333      (16, 16)           4          417.3432782     417.4299002   
                               Precision reached                                
   0.03515625       (16, 16)           4          414.4954289      395.096961   
 0.03776041667      (16, 16)           4          416.2275739      406.327234   
   0.0390625        (16, 16)           4          418.0231698      411.827377   
 0.04036458333      (16, 16)           4          419.3034277     416.6440371   
 0.04036458333      (16, 16)           4           416.768618      417.139293   
                               Precision reached                                
   0.03515625       (16, 16)           4          412.4730401     396.2510713   
 0.03776041667      (16, 16)           4          416.2275739      406.327234   
   0.0390625        (16, 16)           4          418.0231698      411.827377   
 0.04036458333      (16, 16)           4          415.7761672     418.7313943   
 0.04036458333      (16, 16)           4           416.768618      417.139293   
                               Precision reached                                
   0.03515625       (16, 16)           4          412.4730401     396.2510713   
 0.03776041667      (16, 16)           4          416.2275739      406.327234   
   0.0390625        (16, 16)           4          418.0231698      411.827377   
 0.04036458333      (16, 16)           4          415.7761672     418.7313943   
 0.04036458333      (16, 16)           4          418.9590668     416.0646536   
                               Precision reached                                
================================================================================
 1.        (16, 16)               4                     0.04036458333           
================================================================================
********************************************************************************
avg:         (16, 16)                     4                  0.04036458333      
********************************************************************************
      Rate         Resolution        Frames          bsize            size      
--------------------------------------------------------------------------------
  0.4951171875      (32, 32)           4          3718.193571      8075.09021   
  0.2425130208      (32, 32)           4          2705.904607      4637.24856   
  0.1162109375      (32, 32)           4          2130.291345     2869.838497   
 0.05305989583      (32, 32)           4           1808.16006     1961.854988   
  0.021484375       (32, 32)           4          1644.151496     1460.562161   
 0.03743489583      (32, 32)           4          1726.224393     1718.994236   
 0.04524739583      (32, 32)           4          1775.902007     1837.112947   
 0.04134114583      (32, 32)           4          1748.992563     1780.733609   
 0.03938802083      (32, 32)           4          1737.225137      1752.80482   
 0.03841145833      (32, 32)           4          1733.964458     1738.743568   
  0.0380859375      (32, 32)           4          1733.257175     1728.834846   
 0.03841145833      (32, 32)           4          1729.454227     1737.311118   
 0.03841145833      (32, 32)           4          1733.010982     1734.279467   
                               Precision reached                                
  0.033203125       (32, 32)           4           1705.36933     1657.806841   
 0.03580729167      (32, 32)           4          1722.954256     1692.146845   
  0.037109375       (32, 32)           4          1723.140751     1714.528514   
 0.03776041667      (32, 32)           4          1731.850821      1724.21598   
  0.0380859375      (32, 32)           4          1727.420406     1731.228425   
 0.03776041667      (32, 32)           4          1726.949417     1726.038594   
 0.03776041667      (32, 32)           4          1732.879119     1721.820367   
                               Precision reached                                
================================================================================
 1.        (32, 32)               4                     0.03776041667           
================================================================================
********************************************************************************
avg:         (32, 32)                     4                  0.03776041667      
********************************************************************************
      Rate         Resolution        Frames          bsize            size      
--------------------------------------------------------------------------------
  0.4950358073      (64, 64)           4          14953.34161     33699.39301   
  0.2425130208      (64, 64)           4          10863.03223     19220.97252   
  0.1162923177      (64, 64)           4          8561.129542     11878.55203   
 0.05314127604      (64, 64)           4          7318.152925     8030.750965   
 0.02156575521      (64, 64)           4          6669.917541     5939.414443   
 0.03735351562      (64, 64)           4           6982.43036     7016.934033   
 0.02945963542      (64, 64)           4          6836.012583     6494.184496   
 0.03344726562      (64, 64)           4          6907.105667     6763.280125   
 0.03540039062      (64, 64)           4          6970.027443     6886.440551   
 0.03637695312      (64, 64)           4          6977.077327      6951.84154   
 0.03686523438      (64, 64)           4          7001.830177     6977.496415   
  0.037109375       (64, 64)           4          7000.990677     6995.911202   
 0.03727213542      (64, 64)           4          6999.286704     7010.200174   
 0.03719075521      (64, 64)           4          7005.395681      7001.03437   
                               Precision reached                                
================================================================================
 1.        (64, 64)               4                     0.03719075521           
================================================================================
********************************************************************************
avg:         (64, 64)                     4                  0.03719075521      
********************************************************************************
      Rate         Resolution        Frames          bsize            size      
--------------------------------------------------------------------------------
  0.4949951172     (128, 128)          4          59848.54633     139246.0961   
  0.2424926758     (128, 128)          4          43558.65652     78888.33905   
  0.1162516276     (128, 128)          4          34349.04433     48256.53546   
 0.05312093099     (128, 128)          4          29324.63596     32434.43334   
 0.02156575521     (128, 128)          4          26685.00892     23893.22558   
 0.03733317057     (128, 128)          4          28039.87948     28253.00946   
 0.02945963542     (128, 128)          4          27348.20754     26115.18849   
 0.03338623047     (128, 128)          4          27674.03844     27201.80834   
 0.03535970052     (128, 128)          4          27864.89712     27730.99708   
 0.03633626302     (128, 128)          4          27989.88672     27967.35702   
 0.03682454427     (128, 128)          4          27997.05208     28120.33709   
 0.03658040365     (128, 128)          4          27969.11421     28053.62761   
 0.03645833333     (128, 128)          4          27952.54825      28040.6623   
 0.03639729818     (128, 128)          4          27957.62147     28021.06958   
                               Precision reached                                
 0.03137207031     (128, 128)          4          27515.30526     26660.56283   
 0.03389485677     (128, 128)          4          27725.90134     27354.24899   
   0.03515625      (128, 128)          4          27871.50103     27677.40383   
 0.03578694661     (128, 128)          4          27914.13581     27849.93994   
  0.0360921224     (128, 128)          4          27942.55402     27932.33255   
 0.03625488281     (128, 128)          4          27945.76709     27980.21166   
  0.0361735026     (128, 128)          4          27917.17515     27969.25758   
                               Precision reached                                
 0.03112792969     (128, 128)          4          27525.42109     26583.71415   
 0.03365071615     (128, 128)          4          27713.05947     27272.38223   
 0.03491210938     (128, 128)          4          27813.42745     27618.15596   
 0.03554280599     (128, 128)          4          27860.44571     27790.57496   
 0.03584798177     (128, 128)          4          27937.09825     27853.19955   
 0.03601074219     (128, 128)          4          27940.83241     27885.98792   
  0.0360921224     (128, 128)          4          27946.84057     27926.99229   
                               Precision reached                                
================================================================================
 1.       (128, 128)              4                     0.0360921224            
================================================================================
********************************************************************************
avg:        (128, 128)                    4                  0.0360921224       
********************************************************************************
      Rate         Resolution        Frames          bsize            size      
--------------------------------------------------------------------------------
     0.495         (960, 960)          4          3368258.018     9096745.585   
     0.2425        (960, 960)          4          2451007.321     5034388.959   
    0.11625        (960, 960)          4          1933036.566     2988117.482   
    0.053125       (960, 960)          4          1652554.079     1942736.424   
   0.0215625       (960, 960)          4           1503298.68     1390189.036   
   0.03734375      (960, 960)          4          1578532.626     1672162.054   
  0.029453125      (960, 960)          4          1541246.846     1533282.932   
  0.0333984375     (960, 960)          4          1559931.811     1602965.909   
 0.03142578125     (960, 960)          4          1550465.729     1568056.212   
 0.03043945313     (960, 960)          4          1546124.077     1550755.572   
 0.02994646991     (960, 960)          4          1543372.745     1541749.529   
 0.03019314236     (960, 960)          4          1544631.183     1546196.982   
 0.03006980613     (960, 960)          4          1543967.014      1544097.63   
 0.03000795718     (960, 960)          4          1543522.172     1543063.026   
                               Precision reached                                
================================================================================
 1.       (960, 960)              4                     0.03000795718           
================================================================================
********************************************************************************
avg:        (960, 960)                    4                  0.03000795718      
********************************************************************************
                                    SUMMARY                                     
     Resolution            Frames                      Threshold                
================================================================================
      (16, 16)               4                       0.04036458333              
      (32, 32)               4                       0.03776041667              
      (64, 64)               4                       0.03719075521              
     (128, 128)              4                        0.0360921224              
     (960, 960)              4                       0.03000795718              
================================================================================
