precision:                     0.0001
iterations:                    1
compute_effort:                1
range:                         (0, 256)
durations:                     [24]
resolutions:                   [16, 32, 64]
verbose:                       False
mode:                          dims_frames
codec:                         aer
entropy_coder:                 residual_entropy_size
out:                           results/threshold_search_lossless/aer_vs_residual/small_res_24f.log
out_redir:                     > /dev/null 2>&1
                                                                                
~~~~~~~~~~~~~~~~~~~~~~~~~~~~~~~~~~~~~~~~~~~~~~~~~~~~~~~~~~~~~~~~~~~~~~~~~~~~~~~~
                                FRAME NUMBER: 24                                
~~~~~~~~~~~~~~~~~~~~~~~~~~~~~~~~~~~~~~~~~~~~~~~~~~~~~~~~~~~~~~~~~~~~~~~~~~~~~~~~
================================================================================
 #.       Resolution            Frames                    Threshold             
================================================================================
      Rate         Resolution        Frames          bsize            size      
--------------------------------------------------------------------------------
  0.4950747283      (16, 16)           24         5102.615771     13534.66319   
  0.2425271739      (16, 16)           24          3000.26845     6829.699266   
  0.1163383152      (16, 16)           24         1779.286513     3444.040596   
 0.05315896739      (16, 16)           24         1105.932275     1754.245587   
 0.02156929348      (16, 16)           24         729.9675377     897.6800512   
 0.005774456522     (16, 16)           24         529.7097127     445.1058725   
 0.01358695652      (16, 16)           24         633.0724611     673.4889505   
 0.009680706522     (16, 16)           24          583.112192     560.6750695   
   0.01171875       (16, 16)           24         613.6671957     619.2833761   
 0.01069972826      (16, 16)           24         596.5765575     594.4521454   
 0.01120923913      (16, 16)           24         602.9165755     609.1343454   
 0.01103940217      (16, 16)           24         601.0221103     603.0797998   
 0.01086956522      (16, 16)           24         606.5578354     598.1513899   
 0.01103940217      (16, 16)           24         598.9392235     604.0230811   
 0.01103940217      (16, 16)           24         600.3127888      604.406716   
                               Precision reached                                
 0.005944293478     (16, 16)           24          532.01486      457.7281147   
 0.008491847826     (16, 16)           24         570.6259485     529.1963361   
 0.009850543478     (16, 16)           24         586.0862829     566.1202377   
 0.01036005435      (16, 16)           24         590.0876241      584.33696    
 0.01069972826      (16, 16)           24         595.5309915     593.6048597   
 0.01086956522      (16, 16)           24          595.232139     602.5131125   
 0.01086956522      (16, 16)           24         598.4307913     599.2168971   
                               Precision reached                                
 0.005774456522     (16, 16)           24         530.5990717     450.8871164   
 0.00832201087      (16, 16)           24          566.154765     524.2912014   
 0.009510869565     (16, 16)           24         582.2856525     559.5660227   
 0.01019021739      (16, 16)           24         594.0504533     578.2996599   
  0.0105298913      (16, 16)           24          596.368177     587.4964462   
 0.01069972826      (16, 16)           24         601.6879629     592.5609496   
 0.01086956522      (16, 16)           24          601.188119     594.5948189   
 0.01086956522      (16, 16)           24         600.2658667     597.8379498   
                               Precision reached                                
================================================================================
 1.        (16, 16)               24                    0.01086956522           
================================================================================
********************************************************************************
avg:         (16, 16)                    24                  0.01086956522      
********************************************************************************
      Rate         Resolution        Frames          bsize            size      
--------------------------------------------------------------------------------
  0.4949898098      (32, 32)           24         20472.14138     57402.28341   
  0.2424847147      (32, 32)           24         12042.14435     28855.99289   
  0.1162533967      (32, 32)           24         7174.099326     14603.40018   
 0.05311650815      (32, 32)           24         4477.145339     7405.453339   
 0.02156929348      (32, 32)           24         3004.676369     3778.754464   
 0.005774456522     (32, 32)           24         2207.232362     1882.480238   
  0.013671875       (32, 32)           24         2623.784825     2862.471674   
 0.009723165761     (32, 32)           24         2421.125327      2383.63833   
   0.01171875       (32, 32)           24         2515.831661     2628.034807   
  0.0107421875      (32, 32)           24         2482.929226     2503.770628   
 0.01023267663      (32, 32)           24         2458.856432     2443.088623   
 0.01048743207      (32, 32)           24         2459.609668      2463.93483   
 0.01036005435      (32, 32)           24         2452.918066     2452.997866   
 0.01027513587      (32, 32)           24         2428.437185      2444.1415    
                               Precision reached                                
 0.005264945652     (32, 32)           24         2170.800774     1822.478203   
 0.007770040761     (32, 32)           24         2309.823386     2134.077438   
 0.009043817935     (32, 32)           24         2376.174828      2292.71149   
 0.009638247283     (32, 32)           24         2407.096976     2362.702655   
 0.009935461957     (32, 32)           24         2431.934394     2396.702767   
 0.01010529891      (32, 32)           24         2432.557894     2421.067789   
 0.01019021739      (32, 32)           24         2434.945474     2432.542058   
                               Precision reached                                
================================================================================
 1.        (32, 32)               24                    0.01019021739           
================================================================================
********************************************************************************
avg:         (32, 32)                    24                  0.01019021739      
********************************************************************************
      Rate         Resolution        Frames          bsize            size      
--------------------------------------------------------------------------------
  0.4950004246      (64, 64)           24         81852.49272     243111.9748   
  0.2424953295      (64, 64)           24         48357.01433     121984.8219   
  0.1162427819      (64, 64)           24         28864.85283     61409.59114   
 0.05311650815      (64, 64)           24         17987.92152     31018.96675   
 0.02155867867      (64, 64)           24         12099.99446     15656.46198   
 0.005774456522     (64, 64)           24         8872.343648     7686.433862   
 0.01366126019      (64, 64)           24         10499.73339     11758.94376   
 0.009712550951     (64, 64)           24         9691.127168     9756.041493   
 0.007748811141     (64, 64)           24         9277.542272     8730.061978   
 0.008725373641     (64, 64)           24          9518.2744      9220.188514   
 0.009213654891     (64, 64)           24          9592.76111     9476.348349   
 0.009457795516     (64, 64)           24         9629.854189      9605.54183   
 0.009585173234     (64, 64)           24         9681.807077     9683.629556   
 0.009521484375     (64, 64)           24         9687.144283     9639.077145   
                               Precision reached                                
================================================================================
 1.        (64, 64)               24                   0.009521484375           
================================================================================
********************************************************************************
avg:         (64, 64)                    24                 0.009521484375      
********************************************************************************
                                    SUMMARY                                     
     Resolution            Frames                      Threshold                
================================================================================
      (16, 16)               24                      0.01086956522              
      (32, 32)               24                      0.01019021739              
      (64, 64)               24                      0.009521484375             
================================================================================
