precision:                     0.0001
iterations:                    1
compute_effort:                1
range:                         (0, 256)
durations:                     [24]
resolutions:                   [2, 4, 8, 16, 32, 64, 128, 256, 512, 1024]
verbose:                       False
mode:                          dims_frames
codec:                         aer
entropy_coder:                 entropy_size
out:                           ./aer_entropy_sizes_by_resolutions.log
out_redir:                     > /dev/null 2>&1
                                                                                
~~~~~~~~~~~~~~~~~~~~~~~~~~~~~~~~~~~~~~~~~~~~~~~~~~~~~~~~~~~~~~~~~~~~~~~~~~~~~~~~
                                FRAME NUMBER: 24                                
~~~~~~~~~~~~~~~~~~~~~~~~~~~~~~~~~~~~~~~~~~~~~~~~~~~~~~~~~~~~~~~~~~~~~~~~~~~~~~~~
================================================================================
 #.       Resolution            Frames                    Threshold             
================================================================================
      Rate         Resolution        Frames          bsize            size      
--------------------------------------------------------------------------------
      0.5            (2, 2)            24         63.48157969     158.0675835   
      0.25           (2, 2)            24         51.75140516      78.8939307   
  0.1195652174       (2, 2)            24         40.03081884     38.47684669   
  0.1847826087       (2, 2)            24         47.13461824     59.48711077   
  0.152173913        (2, 2)            24         44.46666379     49.80974107   
  0.1413043478       (2, 2)            24         43.79023007     46.16012843   
  0.1304347826       (2, 2)            24         40.02740177     42.06073688   
  0.1304347826       (2, 2)            24         44.21629422     44.18522785   
                               Precision reached                                
================================================================================
 1.         (2, 2)                24                    0.1304347826            
================================================================================
********************************************************************************
avg:          (2, 2)                     24                  0.1304347826       
********************************************************************************
      Rate         Resolution        Frames          bsize            size      
--------------------------------------------------------------------------------
  0.4945652174       (4, 4)            24         326.5759528     722.1680313   
  0.2418478261       (4, 4)            24         284.9199406     357.4956936   
  0.1168478261       (4, 4)            24         258.7808553     180.6202273   
  0.1793478261       (4, 4)            24         273.9900387     265.7623549   
  0.2092391304       (4, 4)            24          280.543415     311.0790389   
  0.1929347826       (4, 4)            24         270.1772512     284.1297103   
     0.1875          (4, 4)            24         271.3123974     275.9004879   
  0.1820652174       (4, 4)            24         268.8846656     269.1136847   
  0.1820652174       (4, 4)            24          272.094147     268.4705206   
                               Precision reached                                
================================================================================
 1.         (4, 4)                24                    0.1820652174            
================================================================================
********************************************************************************
avg:          (4, 4)                     24                  0.1820652174       
********************************************************************************
      Rate         Resolution        Frames          bsize            size      
--------------------------------------------------------------------------------
  0.4952445652       (8, 8)            24         1474.324339     3196.258179   
  0.2425271739       (8, 8)            24         1376.885054     1607.971453   
  0.1161684783       (8, 8)            24         1303.847833     800.2202574   
  0.1793478261       (8, 8)            24         1360.061118     1202.688526   
  0.2105978261       (8, 8)            24         1373.035136     1407.882045   
  0.1949728261       (8, 8)            24         1366.318261     1300.158978   
    0.203125         (8, 8)            24         1370.693731     1343.469343   
  0.207201087        (8, 8)            24         1384.608191     1381.281225   
  0.2085597826       (8, 8)            24         1388.948455      1377.14248   
  0.2099184783       (8, 8)            24         1387.789345     1397.100541   
  0.2092391304       (8, 8)            24         1372.715749     1391.815191   
  0.2085597826       (8, 8)            24         1389.350802     1383.743069   
  0.2085597826       (8, 8)            24         1395.948232     1386.715393   
                               Precision reached                                
================================================================================
 1.         (8, 8)                24                    0.2085597826            
================================================================================
********************************************************************************
avg:          (8, 8)                     24                  0.2085597826       
********************************************************************************
      Rate         Resolution        Frames          bsize            size      
--------------------------------------------------------------------------------
  0.4950747283      (16, 16)           24          6083.47156     13593.16033   
  0.2425271739      (16, 16)           24          5973.32947      6815.73133   
  0.1163383152      (16, 16)           24          5911.82855     3455.095495   
  0.1793478261      (16, 16)           24         5949.776267      5133.84311   
   0.2109375        (16, 16)           24         6000.219844     5979.083125   
  0.226732337       (16, 16)           24         5984.342308     6399.592155   
    0.21875         (16, 16)           24         5991.266847     6179.068001   
   0.21484375       (16, 16)           24         5959.330718     6084.362517   
  0.2129755435      (16, 16)           24         5990.373308     6032.037598   
  0.2119565217      (16, 16)           24         5992.094579     6008.564378   
  0.2114470109      (16, 16)           24          5974.06772     5980.240515   
  0.2112771739      (16, 16)           24         5988.164137     5977.374441   
  0.2112771739      (16, 16)           24         6002.221623     5984.756618   
                               Precision reached                                
================================================================================
 1.        (16, 16)               24                    0.2112771739            
================================================================================
********************************************************************************
avg:         (16, 16)                    24                  0.2112771739       
********************************************************************************
      Rate         Resolution        Frames          bsize            size      
--------------------------------------------------------------------------------
  0.4949898098      (32, 32)           24         24512.45459     57420.81601   
  0.2424847147      (32, 32)           24         24445.07208     28843.17411   
  0.1162533967      (32, 32)           24         24323.93258     14549.72951   
  0.1793478261      (32, 32)           24          24386.465       21681.5253   
   0.2109375        (32, 32)           24         24429.66689     25262.81552   
  0.195142663       (32, 32)           24          24385.9959     23532.13797   
  0.2030400815      (32, 32)           24         24432.41646     24390.72735   
  0.2069887908      (32, 32)           24         24418.45819     24829.90772   
  0.2049932065      (32, 32)           24         24418.15438     24596.46419   
  0.204016644       (32, 32)           24         24402.83678     24513.27096   
  0.2035495924      (32, 32)           24         24411.00325     24484.34353   
  0.203294837       (32, 32)           24         24405.73524     24447.73413   
  0.2031674592      (32, 32)           24         24428.90338     24431.85019   
    0.203125        (32, 32)           24         24411.80127     24401.25265   
                               Precision reached                                
================================================================================
 1.        (32, 32)               24                      0.203125              
================================================================================
********************************************************************************
avg:         (32, 32)                    24                    0.203125         
********************************************************************************
      Rate         Resolution        Frames          bsize            size      
--------------------------------------------------------------------------------
  0.4950004246      (64, 64)           24          98249.5266     243118.4984   
  0.2424953295      (64, 64)           24         98152.69249     121984.6192   
  0.1162427819      (64, 64)           24         98051.49468     61377.88695   
  0.1793690557      (64, 64)           24         98139.98075     91708.82463   
   0.2109375        (64, 64)           24         98133.87929     106751.6889   
  0.1951532779      (64, 64)           24         98114.86744     99226.54646   
  0.1872558594      (64, 64)           24         98107.98974     95597.59123   
  0.1912045686      (64, 64)           24         98102.32535     97445.87282   
  0.1931789232      (64, 64)           24         98120.60502     98332.10725   
  0.1921917459      (64, 64)           24         98128.81058     97956.13088   
  0.192690642       (64, 64)           24          98116.9991     98053.69655   
  0.1929347826      (64, 64)           24         98155.58339     98286.49245   
  0.1928074049      (64, 64)           24         98136.08189      98045.1485   
  0.1928710938      (64, 64)           24         98116.72971     98212.49697   
                               Precision reached                                
  0.1878396739      (64, 64)           24         98091.02608     95759.49385   
  0.1903553838      (64, 64)           24          98138.8768     96978.05895   
  0.1916079314      (64, 64)           24          98116.4757     97702.31666   
   0.19224482       (64, 64)           24         98113.82411     97865.83963   
  0.1925632643      (64, 64)           24         98133.60495      98000.2616   
  0.1927118716      (64, 64)           24         98139.55023     98077.27671   
  0.1927861753      (64, 64)           24         98132.60253     98138.29835   
                               Precision reached                                
  0.1877441406      (64, 64)           24          98108.8247     95703.51924   
  0.1902704654      (64, 64)           24         98137.85806     96909.12421   
  0.1915336277      (64, 64)           24         98124.57383      97560.3958   
  0.1921599015      (64, 64)           24         98125.92495     97783.36122   
  0.192467731       (64, 64)           24          98142.6993      97994.5836   
  0.1926269531      (64, 64)           24         98127.34621     98080.93559   
  0.1927118716      (64, 64)           24         98123.54268      98084.9146   
                               Precision reached                                
================================================================================
 1.        (64, 64)               24                    0.1927118716            
================================================================================
********************************************************************************
avg:         (64, 64)                    24                  0.1927118716       
********************************************************************************
      Rate         Resolution        Frames          bsize            size      
--------------------------------------------------------------------------------
  0.4950004246     (128, 128)          24         393148.2271     1017218.749   
  0.2425006369     (128, 128)          24         393096.4042     509633.4552   
  0.116250743      (128, 128)          24         392967.7048     255603.8532   
  0.1793770168     (128, 128)          24         393043.1085     382665.6662   
   0.2109375       (128, 128)          24         393062.8721     446077.1618   
  0.1951559316     (128, 128)          24         393042.2373     414420.7457   
  0.1872664742     (128, 128)          24          393036.036     398611.7664   
  0.1833230724     (128, 128)          24         393027.3588     390677.1061   
  0.1852947733     (128, 128)          24         393038.8201     394649.7984   
  0.1843102497     (128, 128)          24         393028.2654     392590.3441   
  0.1848038383     (128, 128)          24         393033.9687     393498.1251   
  0.184557044      (128, 128)          24         393038.8623     393053.8445   
   0.18443232      (128, 128)          24         393019.1456     392536.2424   
  0.1844933551     (128, 128)          24          393029.968      392975.91    
                               Precision reached                                
================================================================================
 1.       (128, 128)              24                    0.1844933551            
================================================================================
********************************************************************************
avg:        (128, 128)                   24                  0.1844933551       
********************************************************************************
      Rate         Resolution        Frames          bsize            size      
--------------------------------------------------------------------------------
  0.4949997612     (256, 256)          24         1572794.173      4260446.59   
  0.2424999735     (256, 256)          24         1572722.341     2128834.499   
  0.1162500796     (256, 256)          24         1572653.827     1062852.762   
  0.1793750265     (256, 256)          24         1572678.229     1596061.102   
  0.1478125531     (256, 256)          24         1572655.459     1329522.943   
  0.1635934581     (256, 256)          24         1572678.268     1462853.176   
  0.1714842423     (256, 256)          24         1572667.102     1529128.146   
  0.1754296344     (256, 256)          24         1572654.365     1562551.062   
  0.1774026622     (256, 256)          24         1572662.872     1579403.118   
  0.1764161483     (256, 256)          24         1572673.855     1571021.651   
  0.1769090735     (256, 256)          24         1572671.592     1574981.385   
  0.1766622792     (256, 256)          24         1572688.492     1573017.254   
  0.176538882      (256, 256)          24         1572684.634     1571993.403   
  0.1766005806     (256, 256)          24         1572662.292     1572335.134   
                               Precision reached                                
================================================================================
 1.       (256, 256)              24                    0.1766005806            
================================================================================
********************************************************************************
avg:        (256, 256)                   24                  0.1766005806       
********************************************************************************
      Rate         Resolution        Frames          bsize            size      
--------------------------------------------------------------------------------
  0.494999927      (512, 512)          24         6291383.163     18217408.46   
  0.2424999735     (512, 512)          24         6291328.223     9091308.511   
  0.1162499138     (512, 512)          24         6291197.617     4527512.823   
  0.1793750265     (512, 512)          24         6291307.806     6809553.121   
  0.1478123872     (512, 512)          24         6291223.961     5668540.158   
  0.1635936239     (512, 512)          24         6291259.792     6238933.426   
  0.1714842423     (512, 512)          24         6291276.518     6524599.951   
  0.1675390161     (512, 512)          24         6291270.232     6381535.503   
   0.16556632      (512, 512)          24         6291269.571     6311162.831   
  0.164579972      (512, 512)          24         6291252.623     6274733.493   
  0.1650730631     (512, 512)          24         6291240.346     6292162.337   
  0.1648264346     (512, 512)          24         6291261.296     6283679.774   
  0.1649498318     (512, 512)          24          6291264.59     6288326.202   
  0.1650113645     (512, 512)          24         6291246.411     6290239.089   
                               Precision reached                                
================================================================================
 1.       (512, 512)              24                    0.1650113645            
================================================================================
********************************************************************************
avg:        (512, 512)                   24                  0.1650113645       
********************************************************************************
      Rate         Resolution        Frames          bsize            size      
--------------------------------------------------------------------------------
   0.49500001     (1024, 1024)         24         25165750.99     78260737.82   
  0.2425000149    (1024, 1024)         24         25165688.33     39005378.56   
  0.1162499967    (1024, 1024)         24         25165590.07     19374938.86   
  0.1793750265    (1024, 1024)         24         25165657.13      29189907.6   
  0.1478125116    (1024, 1024)         24         25165636.95     24282514.56   
  0.1635937898    (1024, 1024)         24         25165621.79     26736809.31   
   0.15570313     (1024, 1024)         24         25165602.75     25510437.77   
  0.1517578208    (1024, 1024)         24         25165629.94     24896936.49   
  0.1537304754    (1024, 1024)         24         25165611.02     25202260.71   
  0.1527441274    (1024, 1024)         24         25165579.17     25050039.56   
  0.1532373014    (1024, 1024)         24         25165586.13     25124742.97   
  0.1534838884    (1024, 1024)         24         25165599.84     25164110.66   
  0.1536072026    (1024, 1024)         24         25165598.41     25184232.25   
  0.1535455455    (1024, 1024)         24         25165600.71     25175043.33   
                               Precision reached                                
  0.1485147062    (1024, 1024)         24         25165616.68     24393217.16   
  0.1510301258    (1024, 1024)         24         25165661.74     24782589.36   
  0.1522878564    (1024, 1024)         24          25165608.6     24978874.06   
  0.1529167009    (1024, 1024)         24         25165606.24     25078150.71   
  0.1532311232    (1024, 1024)         24         25165629.01     25126155.41   
  0.1533883551    (1024, 1024)         24         25165634.53     25151313.43   
  0.1534669296    (1024, 1024)         24         25165626.79     25161779.06   
                               Precision reached                                
================================================================================
 1.      (1024, 1024)             24                    0.1534669296            
================================================================================
********************************************************************************
avg:       (1024, 1024)                  24                  0.1534669296       
********************************************************************************
                                    SUMMARY                                     
     Resolution            Frames                      Threshold                
================================================================================
       (2, 2)                24                       0.1304347826              
       (4, 4)                24                       0.1820652174              
       (8, 8)                24                       0.2085597826              
      (16, 16)               24                       0.2112771739              
      (32, 32)               24                         0.203125                
      (64, 64)               24                       0.1927118716              
     (128, 128)              24                       0.1844933551              
     (256, 256)              24                       0.1766005806              
     (512, 512)              24                       0.1650113645              
    (1024, 1024)             24                       0.1534669296              
================================================================================
