precision:                     0.0001
iterations:                    1
compute_effort:                1
range:                         (0, 256)
durations:                     [16, 32, 64, 128, 256, 512, 1024]
resolutions:                   [64]
verbose:                       False
mode:                          dims_frames
codec:                         aer
entropy_coder:                 entropy_size
out:                           ./aer_64_entropy_sizes_by_lengths.log
out_redir:                     > /dev/null 2>&1
                                                                                
~~~~~~~~~~~~~~~~~~~~~~~~~~~~~~~~~~~~~~~~~~~~~~~~~~~~~~~~~~~~~~~~~~~~~~~~~~~~~~~~
                                FRAME NUMBER: 16                                
~~~~~~~~~~~~~~~~~~~~~~~~~~~~~~~~~~~~~~~~~~~~~~~~~~~~~~~~~~~~~~~~~~~~~~~~~~~~~~~~
================================================================================
 #.       Resolution            Frames                    Threshold             
================================================================================
      Rate         Resolution        Frames          bsize            size      
--------------------------------------------------------------------------------
  0.4950032552      (64, 64)           16         65469.97922     158897.7691   
  0.2424967448      (64, 64)           16         65402.03443     80706.03534   
  0.1162434896      (64, 64)           16         65333.63872     41528.75585   
  0.1793782552      (64, 64)           16         65368.32137     61104.94766   
   0.2109375        (64, 64)           16         65384.02378     70990.26633   
  0.1951660156      (64, 64)           16         65381.47659     66046.30808   
  0.1872721354      (64, 64)           16         65353.84424     63531.24272   
  0.1912272135      (64, 64)           16         65402.58819     64803.37439   
  0.1931966146      (64, 64)           16         65364.60916     65434.04574   
  0.192203776       (64, 64)           16         65372.75454     65128.19628   
  0.1926920573      (64, 64)           16         65374.38681     65290.54221   
  0.1929361979      (64, 64)           16         65386.70039     65345.48661   
  0.1930664062      (64, 64)           16         65377.77518     65300.26233   
  0.1931315104      (64, 64)           16         65377.26908     65430.95093   
                               Precision reached                                
  0.1881022135      (64, 64)           16         65379.40061     63880.59291   
  0.190608724       (64, 64)           16         65366.97382     64605.03312   
  0.1918782552      (64, 64)           16         65367.95248      65010.9057   
  0.1925130208      (64, 64)           16         65371.71083     65235.32291   
  0.1928222656      (64, 64)           16         65347.97191     65310.59472   
   0.19296875       (64, 64)           16         65384.58157     65393.05051   
  0.1928873698      (64, 64)           16         65395.77411     65298.11222   
                               Precision reached                                
================================================================================
 1.        (64, 64)               16                    0.1928873698            
================================================================================
********************************************************************************
avg:         (64, 64)                    16                  0.1928873698       
********************************************************************************
                                    SUMMARY                                     
     Resolution            Frames                      Threshold                
================================================================================
      (64, 64)               16                       0.1928873698              
================================================================================
                                                                                
~~~~~~~~~~~~~~~~~~~~~~~~~~~~~~~~~~~~~~~~~~~~~~~~~~~~~~~~~~~~~~~~~~~~~~~~~~~~~~~~
                                FRAME NUMBER: 32                                
~~~~~~~~~~~~~~~~~~~~~~~~~~~~~~~~~~~~~~~~~~~~~~~~~~~~~~~~~~~~~~~~~~~~~~~~~~~~~~~~
================================================================================
 #.       Resolution            Frames                    Threshold             
================================================================================
      Rate         Resolution        Frames          bsize            size      
--------------------------------------------------------------------------------
  0.4949990549      (64, 64)           32         131005.5243     327519.3482   
  0.2425025202      (64, 64)           32         130893.5478     163369.6497   
  0.116250315       (64, 64)           32         130803.1751     81273.95006   
  0.1793803553      (64, 64)           32          130857.532     122355.3759   
   0.2109375        (64, 64)           32         130909.2771     142906.9042   
  0.1951628654      (64, 64)           32         130881.1495     132581.0447   
  0.1872716104      (64, 64)           32          130879.691     127483.1432   
  0.1912172379      (64, 64)           32         130919.2266     130023.9151   
  0.1931939894      (64, 64)           32         130876.0841     131345.9104   
  0.1922016759      (64, 64)           32         130887.2328     130759.8729   
  0.1926978327      (64, 64)           32         130896.5885     130954.2066   
  0.1924458165      (64, 64)           32         130909.2606     130805.1165   
  0.1925718246      (64, 64)           32         130892.7855     130891.8592   
  0.1926348286      (64, 64)           32         130884.0147     130996.3213   
                               Precision reached                                
  0.1876023816      (64, 64)           32         130872.6265     127608.4046   
  0.1901225428      (64, 64)           32         130892.1922     129350.7233   
  0.191374748       (64, 64)           32         130858.9223     130106.9321   
  0.1920047883      (64, 64)           32         130890.8707     130561.7295   
  0.1923198085      (64, 64)           32         130877.3658     130718.7689   
  0.1924773185      (64, 64)           32         130890.0591     130855.7264   
  0.1925560736      (64, 64)           32         130907.7257     130862.5176   
                               Precision reached                                
================================================================================
 1.        (64, 64)               32                    0.1925560736            
================================================================================
********************************************************************************
avg:         (64, 64)                    32                  0.1925560736       
********************************************************************************
                                    SUMMARY                                     
     Resolution            Frames                      Threshold                
================================================================================
      (64, 64)               32                       0.1925560736              
================================================================================
                                                                                
~~~~~~~~~~~~~~~~~~~~~~~~~~~~~~~~~~~~~~~~~~~~~~~~~~~~~~~~~~~~~~~~~~~~~~~~~~~~~~~~
                                FRAME NUMBER: 64                                
~~~~~~~~~~~~~~~~~~~~~~~~~~~~~~~~~~~~~~~~~~~~~~~~~~~~~~~~~~~~~~~~~~~~~~~~~~~~~~~~
================================================================================
 #.       Resolution            Frames                    Threshold             
================================================================================
      Rate         Resolution        Frames          bsize            size      
--------------------------------------------------------------------------------
  0.4950009301      (64, 64)           64         262077.9101     666078.8096   
  0.2425013951      (64, 64)           64         261980.2666     329206.4638   
   0.11624969       (64, 64)           64         261815.0938     160725.1013   
  0.1793736049      (64, 64)           64          261897.43      245050.8032   
   0.2109375        (64, 64)           64         261940.8351     287168.4646   
  0.1951536148      (64, 64)           64         261952.8102     266205.0346   
  0.1872636099      (64, 64)           64         261957.1659     255526.6116   
  0.1912086124      (64, 64)           64          261953.921     260780.5622   
  0.1931811136      (64, 64)           64         261938.0927     263396.8288   
  0.1921968006      (64, 64)           64         261948.9639     262203.5617   
  0.1917046441      (64, 64)           64         261923.4321     261609.4693   
  0.1919487847      (64, 64)           64         261935.6152     261833.2336   
  0.1920727927      (64, 64)           64         261938.3287     262067.4904   
  0.1920107887      (64, 64)           64         261963.8141     261965.7048   
                               Precision reached                                
  0.1869807168      (64, 64)           64         261930.0526     255150.4441   
  0.1894957527      (64, 64)           64         261964.0339     258626.4441   
  0.1907513331      (64, 64)           64         261912.6714     260217.1656   
  0.1913829985      (64, 64)           64         261980.2459     260970.0114   
  0.1916968936      (64, 64)           64         261968.7828     261483.6359   
  0.1918519035      (64, 64)           64         261943.6413     261747.9334   
  0.1919332837      (64, 64)           64         261966.2423     261790.4441   
                               Precision reached                                
================================================================================
 1.        (64, 64)               64                    0.1919332837            
================================================================================
********************************************************************************
avg:         (64, 64)                    64                  0.1919332837       
********************************************************************************
                                    SUMMARY                                     
     Resolution            Frames                      Threshold                
================================================================================
      (64, 64)               64                       0.1919332837              
================================================================================
                                                                                
~~~~~~~~~~~~~~~~~~~~~~~~~~~~~~~~~~~~~~~~~~~~~~~~~~~~~~~~~~~~~~~~~~~~~~~~~~~~~~~~
                               FRAME NUMBER: 128                                
~~~~~~~~~~~~~~~~~~~~~~~~~~~~~~~~~~~~~~~~~~~~~~~~~~~~~~~~~~~~~~~~~~~~~~~~~~~~~~~~
================================================================================
 #.       Resolution            Frames                    Threshold             
================================================================================
      Rate         Resolution        Frames          bsize            size      
--------------------------------------------------------------------------------
  0.4949999231      (64, 64)          128         524213.8874     1380417.654   
  0.2425008458      (64, 64)          128         524109.4018     679216.3804   
  0.1162513072      (64, 64)          128         523896.1042     328438.3406   
  0.1793760765      (64, 64)          128         524055.6381     503897.6329   
   0.2109375        (64, 64)          128         524080.1907     591549.5042   
  0.1951567883      (64, 64)          128         524053.2929     547490.6603   
  0.1872673936      (64, 64)          128         524090.2789     525729.8143   
  0.1833207739      (64, 64)          128         524071.4499      514733.534   
  0.1852950449      (64, 64)          128         524108.8241     520289.8459   
  0.1862812192      (64, 64)          128          524068.891     522961.5001   
  0.1867752676      (64, 64)          128         524086.7042     524208.0596   
  0.1865272822      (64, 64)          128         524049.0918     523441.2625   
  0.1866522361      (64, 64)          128         524077.2456     524057.2788   
  0.1867137518      (64, 64)          128          524015.664     524347.7265   
                               Precision reached                                
  0.1816829171      (64, 64)          128         524051.2019     510058.0985   
  0.1841973733      (64, 64)          128         524060.5679     516998.4491   
  0.1854546014      (64, 64)          128         524073.5489     520624.0294   
  0.1860851378      (64, 64)          128         524078.7417     522438.0142   
  0.1863984836      (64, 64)          128         524095.2685     523347.3133   
  0.1865561177      (64, 64)          128         524098.9386     523672.3335   
  0.1866349348      (64, 64)          128          524069.195      523984.78    
                               Precision reached                                
================================================================================
 1.        (64, 64)              128                    0.1866349348            
================================================================================
********************************************************************************
avg:         (64, 64)                    128                 0.1866349348       
********************************************************************************
                                    SUMMARY                                     
     Resolution            Frames                      Threshold                
================================================================================
      (64, 64)              128                       0.1866349348              
================================================================================
                                                                                
~~~~~~~~~~~~~~~~~~~~~~~~~~~~~~~~~~~~~~~~~~~~~~~~~~~~~~~~~~~~~~~~~~~~~~~~~~~~~~~~
                               FRAME NUMBER: 256                                
~~~~~~~~~~~~~~~~~~~~~~~~~~~~~~~~~~~~~~~~~~~~~~~~~~~~~~~~~~~~~~~~~~~~~~~~~~~~~~~~
================================================================================
 #.       Resolution            Frames                    Threshold             
================================================================================
      Rate         Resolution        Frames          bsize            size      
--------------------------------------------------------------------------------
  0.495000383       (64, 64)          256         1048499.266     2853604.413   
  0.2425005744      (64, 64)          256         1048424.103     1400568.597   
  0.1162501915      (64, 64)          256         1048244.965     674264.0004   
  0.179375383       (64, 64)          256          1048333.92     1037424.035   
   0.2109375        (64, 64)          256         1048393.498     1219029.216   
  0.1951564415      (64, 64)          256         1048357.559     1128088.492   
  0.1872654335      (64, 64)          256         1048373.361     1082655.397   
  0.1833208869      (64, 64)          256         1048357.162     1059938.813   
  0.1813486137      (64, 64)          256         1048349.524     1048679.717   
  0.180362477       (64, 64)          256         1048339.041     1043200.413   
  0.1808555453      (64, 64)          256         1048326.257      1045978.28   
  0.1811025582      (64, 64)          256          1048338.49     1047462.389   
  0.1812251072      (64, 64)          256         1048350.639     1048080.245   
  0.1812873392      (64, 64)          256         1048336.252     1048552.455   
                               Precision reached                                
  0.1762561275      (64, 64)          256         1048346.826     1019398.036   
  0.178772212       (64, 64)          256         1048331.955     1033893.583   
  0.1800292969      (64, 64)          256         1048344.281     1041201.303   
  0.180658318       (64, 64)          256         1048396.745      1045017.17   
  0.1809733073      (64, 64)          256         1048361.262      1046410.46   
  0.1811303232      (64, 64)          256         1048351.136     1047420.469   
  0.1812088312      (64, 64)          256         1048363.609     1048238.441   
                               Precision reached                                
================================================================================
 1.        (64, 64)              256                    0.1812088312            
================================================================================
********************************************************************************
avg:         (64, 64)                    256                 0.1812088312       
********************************************************************************
                                    SUMMARY                                     
     Resolution            Frames                      Threshold                
================================================================================
      (64, 64)              256                       0.1812088312              
================================================================================
                                                                                
~~~~~~~~~~~~~~~~~~~~~~~~~~~~~~~~~~~~~~~~~~~~~~~~~~~~~~~~~~~~~~~~~~~~~~~~~~~~~~~~
                               FRAME NUMBER: 512                                
~~~~~~~~~~~~~~~~~~~~~~~~~~~~~~~~~~~~~~~~~~~~~~~~~~~~~~~~~~~~~~~~~~~~~~~~~~~~~~~~
================================================================================
 #.       Resolution            Frames                    Threshold             
================================================================================
      Rate         Resolution        Frames          bsize            size      
--------------------------------------------------------------------------------
  0.4950001338      (64, 64)          512         2097086.431     5944859.129   
  0.2424999618      (64, 64)          512         2097000.332      2915051.9    
  0.1162501147      (64, 64)          512         2096822.291     1400225.895   
  0.1793750382      (64, 64)          512         2096895.552     2157172.437   
  0.1478125764      (64, 64)          512         2096838.038     1778719.383   
  0.1635938073      (64, 64)          512         2096908.789     1968106.946   
  0.1714841839      (64, 64)          512         2096907.241     2063130.597   
  0.1754296111      (64, 64)          512         2096933.728     2110261.484   
  0.1734568975      (64, 64)          512         2096901.579     2086510.122   
  0.1744430154      (64, 64)          512         2096929.563     2098359.551   
  0.1739499564      (64, 64)          512         2096889.603     2092491.022   
  0.1741964859      (64, 64)          512         2096916.554     2095196.647   
  0.1743197506      (64, 64)          512          2096890.79     2097039.793   
  0.1742581183      (64, 64)          512         2096923.139     2096339.312   
                               Precision reached                                
================================================================================
 1.        (64, 64)              512                    0.1742581183            
================================================================================
********************************************************************************
avg:         (64, 64)                    512                 0.1742581183       
********************************************************************************
                                    SUMMARY                                     
     Resolution            Frames                      Threshold                
================================================================================
      (64, 64)              512                       0.1742581183              
================================================================================
                                                                                
~~~~~~~~~~~~~~~~~~~~~~~~~~~~~~~~~~~~~~~~~~~~~~~~~~~~~~~~~~~~~~~~~~~~~~~~~~~~~~~~
                               FRAME NUMBER: 1024                               
~~~~~~~~~~~~~~~~~~~~~~~~~~~~~~~~~~~~~~~~~~~~~~~~~~~~~~~~~~~~~~~~~~~~~~~~~~~~~~~~
================================================================================
 #.       Resolution            Frames                    Threshold             
================================================================================
      Rate         Resolution        Frames          bsize            size      
--------------------------------------------------------------------------------
  0.4950000095      (64, 64)          1024        4194236.138     12448525.23   
  0.242499895       (64, 64)          1024        4194130.985     6100340.062   
  0.1162498377      (64, 64)          1024        4193978.509     2927533.558   
  0.1793748664      (64, 64)          1024        4194093.748     4514108.997   
  0.1478124714      (64, 64)          1024        4193962.615     3720432.747   
  0.1635937882      (64, 64)          1024        4194011.263     4117353.433   
  0.1714843273      (64, 64)          1024        4194019.733     4316347.483   
  0.1675391771      (64, 64)          1024        4194048.356     4216665.928   
  0.1655664826      (64, 64)          1024        4194084.589      4166815.89   
  0.1665528298      (64, 64)          1024        4194065.341     4192006.197   
  0.1670461228      (64, 64)          1024         4194070.73     4204185.993   
  0.1667995956      (64, 64)          1024        4194084.375     4198323.779   
  0.1666762127      (64, 64)          1024        4194067.768     4194969.814   
  0.1666146406      (64, 64)          1024        4194020.683     4193531.259   
                               Precision reached                                
================================================================================
 1.        (64, 64)              1024                   0.1666146406            
================================================================================
********************************************************************************
avg:         (64, 64)                   1024                 0.1666146406       
********************************************************************************
                                    SUMMARY                                     
     Resolution            Frames                      Threshold                
================================================================================
      (64, 64)              1024                      0.1666146406              
================================================================================
