precision:                     0.0001
iterations:                    1
compute_effort:                1
range:                         (0, 256)
durations:                     [24]
resolutions:                   [2, 4, 8, 16, 32, 64, 128, 256, 512, 1024]
verbose:                       False
mode:                          dims_frames
codec:                         caer
entropy_coder:                 entropy_size
out:                           ./caer_entropy_sizes_by_resolutions.log
out_redir:                     > /dev/null 2>&1
                                                                                
~~~~~~~~~~~~~~~~~~~~~~~~~~~~~~~~~~~~~~~~~~~~~~~~~~~~~~~~~~~~~~~~~~~~~~~~~~~~~~~~
                                FRAME NUMBER: 24                                
~~~~~~~~~~~~~~~~~~~~~~~~~~~~~~~~~~~~~~~~~~~~~~~~~~~~~~~~~~~~~~~~~~~~~~~~~~~~~~~~
================================================================================
 #.       Resolution            Frames                    Threshold             
================================================================================
      Rate         Resolution        Frames          bsize            size      
--------------------------------------------------------------------------------
      0.5            (2, 2)            24         62.91830001     115.3175758   
      0.25           (2, 2)            24         52.39583123     60.05892648   
  0.1195652174       (2, 2)            24         43.43340856     29.34076607   
  0.1847826087       (2, 2)            24          46.3934795     44.73729496   
  0.2173913043       (2, 2)            24         48.86345321     53.55825698   
  0.2065217391       (2, 2)            24         49.97408705     49.71674683   
  0.2065217391       (2, 2)            24         49.66141096     49.28663358   
                               Precision reached                                
================================================================================
 1.         (2, 2)                24                    0.2065217391            
================================================================================
********************************************************************************
avg:          (2, 2)                     24                  0.2065217391       
********************************************************************************
      Rate         Resolution        Frames          bsize            size      
--------------------------------------------------------------------------------
  0.4945652174       (4, 4)            24         329.1732825     480.7658918   
  0.2418478261       (4, 4)            24         280.5153924     240.5372042   
  0.3668478261       (4, 4)            24         305.0905905     358.2846153   
  0.3043478261       (4, 4)            24         302.6443176     301.0625135   
  0.3342391304       (4, 4)            24         304.2874217     324.4176889   
  0.3179347826       (4, 4)            24          302.780861      308.327204   
     0.3125          (4, 4)            24         302.6300241     307.2233129   
  0.3070652174       (4, 4)            24         298.7892545     299.5956384   
  0.3070652174       (4, 4)            24         304.9443781     303.6017064   
                               Precision reached                                
================================================================================
 1.         (4, 4)                24                    0.3070652174            
================================================================================
********************************************************************************
avg:          (4, 4)                     24                  0.3070652174       
********************************************************************************
      Rate         Resolution        Frames          bsize            size      
--------------------------------------------------------------------------------
  0.4952445652       (8, 8)            24         1469.852902     1948.618263   
  0.2425271739       (8, 8)            24         1407.018575     988.1802251   
  0.3688858696       (8, 8)            24         1446.543432     1473.540853   
  0.3057065217       (8, 8)            24         1429.914244     1234.587641   
  0.3376358696       (8, 8)            24          1440.23467     1356.355612   
  0.3532608696       (8, 8)            24         1443.286148     1417.111984   
  0.3607336957       (8, 8)            24         1449.131164     1445.277374   
  0.3648097826       (8, 8)            24         1434.393571     1461.639964   
  0.3627717391       (8, 8)            24         1446.527382     1455.144124   
  0.3620923913       (8, 8)            24         1439.624478     1462.302534   
  0.3614130435       (8, 8)            24         1437.698697     1456.235495   
  0.3607336957       (8, 8)            24          1442.1224      1449.448378   
  0.3607336957       (8, 8)            24         1444.878318     1452.359815   
                               Precision reached                                
  0.3559782609       (8, 8)            24         1438.273824     1434.079906   
  0.3580163043       (8, 8)            24         1438.789926     1439.358531   
  0.3566576087       (8, 8)            24         1428.709928     1436.824462   
  0.3566576087       (8, 8)            24         1437.408691     1438.319697   
                               Precision reached                                
  0.3512228261       (8, 8)            24         1425.523656     1411.560399   
  0.3539402174       (8, 8)            24         1430.959945     1428.341837   
  0.355298913        (8, 8)            24         1434.737521     1422.052616   
  0.3559782609       (8, 8)            24         1431.848635      1418.89743   
  0.3566576087       (8, 8)            24         1441.140473      1410.85714   
  0.3566576087       (8, 8)            24         1439.185694     1430.203459   
                               Precision reached                                
================================================================================
 1.         (8, 8)                24                    0.3566576087            
================================================================================
********************************************************************************
avg:          (8, 8)                     24                  0.3566576087       
********************************************************************************
      Rate         Resolution        Frames          bsize            size      
--------------------------------------------------------------------------------
  0.4950747283      (16, 16)           24         6083.398343     7870.034155   
  0.2425271739      (16, 16)           24         5981.663761     4028.337809   
  0.3688858696      (16, 16)           24          6045.18011     5939.638889   
  0.4318953804      (16, 16)           24          6063.81465     6919.170541   
  0.4004755435      (16, 16)           24         6055.419953     6420.243034   
  0.3846807065      (16, 16)           24         6052.657564     6195.718761   
  0.3766983696      (16, 16)           24         6056.292683      6064.3456    
  0.3727921196      (16, 16)           24         6047.100889     6013.491561   
  0.3746603261      (16, 16)           24         6054.852802     6042.110304   
  0.3756793478      (16, 16)           24         6048.795888     6052.643436   
  0.375169837       (16, 16)           24         6045.206473     6049.024038   
     0.375          (16, 16)           24         6048.994126     6046.862261   
     0.375          (16, 16)           24         6059.536353     6051.113746   
                               Precision reached                                
================================================================================
 1.        (16, 16)               24                        0.375               
================================================================================
********************************************************************************
avg:         (16, 16)                    24                      0.375          
********************************************************************************
      Rate         Resolution        Frames          bsize            size      
--------------------------------------------------------------------------------
  0.4949898098      (32, 32)           24          24509.3179     31579.87674   
  0.2424847147      (32, 32)           24         24433.65286     16189.54794   
  0.3687160326      (32, 32)           24          24490.6119     23861.59723   
  0.4318529212      (32, 32)           24         24493.75775     27727.99048   
  0.4003057065      (32, 32)           24         24496.44307     25812.45796   
  0.3845108696      (32, 32)           24         24496.90947     24859.83963   
  0.3766134511      (32, 32)           24         24498.23025     24345.54477   
  0.3805621603      (32, 32)           24         24491.07805     24557.70622   
  0.3785665761      (32, 32)           24         24478.47252     24470.39894   
  0.3795431386      (32, 32)           24         24483.46984     24521.08875   
  0.379076087       (32, 32)           24         24489.89437     24489.47474   
  0.3793308424      (32, 32)           24          24485.3756     24482.75565   
  0.3794582201      (32, 32)           24         24489.93488     24516.21648   
  0.3794157609      (32, 32)           24         24466.81451     24517.86879   
                               Precision reached                                
  0.3743631114      (32, 32)           24         24501.99365      24220.8669   
  0.3768682065      (32, 32)           24         24485.10826     24333.78902   
  0.3781419837      (32, 32)           24         24493.55976     24448.49274   
  0.3787788723      (32, 32)           24         24493.66235     24486.27343   
  0.379076087       (32, 32)           24         24491.86323     24522.87338   
   0.37890625       (32, 32)           24         24485.67104     24505.94253   
  0.3788213315      (32, 32)           24         24480.32683     24440.03971   
                               Precision reached                                
================================================================================
 1.        (32, 32)               24                    0.3788213315            
================================================================================
********************************************************************************
avg:         (32, 32)                    24                  0.3788213315       
********************************************************************************
      Rate         Resolution        Frames          bsize            size      
--------------------------------------------------------------------------------
  0.4950004246      (64, 64)           24         98240.02016     126325.3496   
  0.2424953295      (64, 64)           24         98153.59363     64797.48261   
  0.368747877       (64, 64)           24         98218.79272     95580.25705   
  0.4318741508      (64, 64)           24         98224.30556     110871.0731   
  0.4003057065      (64, 64)           24         98221.35239     103225.1792   
  0.3845214844      (64, 64)           24         98223.04542     99355.66855   
  0.3766346807      (64, 64)           24         98215.58003     97502.51109   
  0.3805727751      (64, 64)           24         98216.49016     98449.35542   
  0.3785984205      (64, 64)           24          98215.435      97900.38821   
  0.3795855978      (64, 64)           24          98213.8401     98158.19284   
  0.3800844939      (64, 64)           24         98221.69016     98307.59759   
  0.3798403533      (64, 64)           24         98213.71151     98231.36463   
  0.3797129755      (64, 64)           24          98205.3801     98172.80014   
  0.3797766644      (64, 64)           24         98215.37288     98177.23717   
                               Precision reached                                
================================================================================
 1.        (64, 64)               24                    0.3797766644            
================================================================================
********************************************************************************
avg:         (64, 64)                    24                  0.3797766644       
********************************************************************************
      Rate         Resolution        Frames          bsize            size      
--------------------------------------------------------------------------------
  0.4950004246     (128, 128)          24         393140.4087     505209.6098   
  0.2425006369     (128, 128)          24         393078.8397     259225.1617   
  0.3687505307     (128, 128)          24         393123.4985     382056.7592   
  0.4318741508     (128, 128)          24         393147.1016      443750.319   
  0.4003136676     (128, 128)          24         393128.8881     412871.4484   
  0.3845320992     (128, 128)          24         393136.9716     397591.3539   
  0.3766426418     (128, 128)          24         393123.9667     390055.0871   
  0.3805886974     (128, 128)          24         393125.1348     393493.4643   
  0.3786169964     (128, 128)          24         393129.9445     391882.5101   
   0.37960152      (128, 128)          24         393125.0591      392840.516   
  0.3800951087     (128, 128)          24         393128.8469     393235.3828   
  0.3798483144     (128, 128)          24         393123.4417     392945.5044   
  0.3799703847     (128, 128)          24         393120.4697     392993.0937   
  0.3800314198     (128, 128)          24         393125.8394     393192.9381   
                               Precision reached                                
     0.375         (128, 128)          24         393138.8217     388448.9093   
  0.3775157099     (128, 128)          24         393117.7241     390843.0298   
  0.3787735649     (128, 128)          24         393133.3033     392024.0101   
  0.3794024924     (128, 128)          24         393126.7447     392322.1495   
  0.3797156292     (128, 128)          24         393124.2569     392722.1436   
  0.3798721977     (128, 128)          24          393130.504     392937.0025   
  0.3799518088     (128, 128)          24         393130.5469     393093.2472   
                               Precision reached                                
================================================================================
 1.       (128, 128)              24                    0.3799518088            
================================================================================
********************************************************************************
avg:        (128, 128)                   24                  0.3799518088       
********************************************************************************
      Rate         Resolution        Frames          bsize            size      
--------------------------------------------------------------------------------
  0.4949997612     (256, 256)          24         1572794.159     2021037.778   
  0.2424999735     (256, 256)          24         1572726.037     1036495.537   
  0.3687498673     (256, 256)          24         1572765.645     1528485.884   
  0.4318748142     (256, 256)          24         1572768.852     1774694.792   
  0.4003123408     (256, 256)          24          1572779.03     1651609.632   
  0.3845314358     (256, 256)          24         1572777.753     1589986.115   
  0.3766406515     (256, 256)          24         1572773.907     1559146.342   
  0.3805860436     (256, 256)          24         1572773.212     1574734.839   
  0.3786136793     (256, 256)          24         1572761.112     1567016.616   
  0.3795995298     (256, 256)          24          1572771.1      1571037.931   
  0.380092455      (256, 256)          24         1572761.617     1572988.549   
  0.3798456607     (256, 256)          24         1572779.226     1572245.089   
  0.3799690578     (256, 256)          24         1572770.821     1572398.521   
