precision:                     0.0001
iterations:                    100
compute_effort:                1
range:                         (0, 256)
durations:                     [24]
resolutions:                   [64]
verbose:                       False
mode:                          dims_frames
codec:                         pure_aer
entropy_coder:                 entropy_size
out:                           ./pure_aer_64_entropy_size.log
out_redir:                     > /dev/null 2>&1
                                                                                
~~~~~~~~~~~~~~~~~~~~~~~~~~~~~~~~~~~~~~~~~~~~~~~~~~~~~~~~~~~~~~~~~~~~~~~~~~~~~~~~
                                FRAME NUMBER: 24                                
~~~~~~~~~~~~~~~~~~~~~~~~~~~~~~~~~~~~~~~~~~~~~~~~~~~~~~~~~~~~~~~~~~~~~~~~~~~~~~~~
================================================================================
 #.       Resolution            Frames                    Threshold             
================================================================================
      Rate         Resolution        Frames          bsize            size      
--------------------------------------------------------------------------------
  0.4950004246      (64, 64)           24         98240.70187     14760780.34   
  0.2424953295      (64, 64)           24         98173.96112     7281994.395   
  0.1162427819      (64, 64)           24         98059.65775     3525793.539   
 0.05311650815      (64, 64)           24         97968.88324     1623682.055   
 0.02155867867      (64, 64)           24         97783.94568     662740.1854   
 0.005774456522     (64, 64)           24         97743.93429     179081.8296   
      0.0           (64, 64)           24         97749.22069     4084.170303   
 0.002887228261     (64, 64)           24         97834.57289     89842.74997   
 0.004330842391     (64, 64)           24          97800.7809     133327.8348   
 0.003609035326     (64, 64)           24         97750.66714     110228.6516   
 0.003248131793     (64, 64)           24         97745.05123     106846.7648   
 0.003067680027     (64, 64)           24         97730.01724     94418.77614   
 0.003152598505     (64, 64)           24         97750.42995     102594.1686   
                               Precision reached                                
      0.0           (64, 64)           24         97735.83313     4083.800647   
                               Precision reached                                
================================================================================
 1.        (64, 64)               24                         0.0                
================================================================================
      Rate         Resolution        Frames          bsize            size      
--------------------------------------------------------------------------------
