Generating sequence 0, rate = 0.0...
raw: 97772.03904100455
aer: 4085.540853975602
residual: 7635.272673482505
Generating sequence 1, rate = 0.111...
raw: 97981.10992444976
aer: 58875.59113634968
residual: 28068.174463673055
Generating sequence 2, rate = 0.222...
raw: 98089.22069717472
aer: 112222.71817810042
residual: 45359.78194371958
Generating sequence 3, rate = 0.333...
raw: 98157.57107372727
aer: 165487.11943172084
residual: 61091.63281555034
Generating sequence 4, rate = 0.444...
raw: 98175.36399753757
aer: 218887.70561143674
residual: 75645.73015707622
Generating sequence 5, rate = 0.556...
raw: 98181.49460780986
aer: 272030.38664590905
residual: 89170.50017689058
Generating sequence 6, rate = 0.667...
raw: 98202.24136629223
aer: 325371.72165251424
residual: 101691.44111645603
Generating sequence 7, rate = 0.778...
raw: 98206.74878764419
aer: 378520.78710160067
residual: 113337.90165477585
Generating sequence 8, rate = 0.889...
raw: 98219.00496064893
aer: 431631.96845413453
residual: 124032.83052519169
Generating sequence 9, rate = 1.0...
raw: 98223.34047048616
aer: 485097.7007730564
residual: 133643.63805331732
SUMMARY:
x: [0.         0.11111111 0.22222222 0.33333333 0.44444444 0.55555556
 0.66666667 0.77777778 0.88888889 1.        ]
y: {'raw': [97772.03904100455, 97981.10992444976, 98089.22069717472, 98157.57107372727, 98175.36399753757, 98181.49460780986, 98202.24136629223, 98206.74878764419, 98219.00496064893, 98223.34047048616], 'aer': [4085.540853975602, 58875.59113634968, 112222.71817810042, 165487.11943172084, 218887.70561143674, 272030.38664590905, 325371.72165251424, 378520.78710160067, 431631.96845413453, 485097.7007730564], 'residual': [7635.272673482505, 28068.174463673055, 45359.78194371958, 61091.63281555034, 75645.73015707622, 89170.50017689058, 101691.44111645603, 113337.90165477585, 124032.83052519169, 133643.63805331732]}

Plotting graphs...
