Generating sequence 0, rate = 0.0...
raw: 5520.662640922473
aer: 239.41624256053342
residual: 457.84619935997364
Generating sequence 1, rate = 0.111...
raw: 5861.551439436214
aer: 3320.6767837946377
residual: 1723.0806897844966
Generating sequence 2, rate = 0.222...
raw: 5996.399151017959
aer: 6293.585722448991
residual: 2808.5790314938076
Generating sequence 3, rate = 0.333...
raw: 6066.4081021702
aer: 9270.487088223761
residual: 3800.092282581216
Generating sequence 4, rate = 0.444...
raw: 6073.338546443827
aer: 12217.798900822421
residual: 4708.754513645247
Generating sequence 5, rate = 0.556...
raw: 6091.518564562991
aer: 15193.935524226878
residual: 5554.6493999215245
Generating sequence 6, rate = 0.667...
raw: 6103.474569891552
aer: 18149.41025731381
residual: 6339.572593585393
Generating sequence 7, rate = 0.778...
raw: 6114.991058015814
aer: 21074.43564590835
residual: 7068.973501754417
Generating sequence 8, rate = 0.889...
raw: 6123.167299523766
aer: 24089.285311664265
residual: 7738.992720382967
Generating sequence 9, rate = 1.0...
raw: 6124.719608253403
aer: 27035.632279798298
residual: 8336.348135379194
SUMMARY:
x: [0.         0.11111111 0.22222222 0.33333333 0.44444444 0.55555556
 0.66666667 0.77777778 0.88888889 1.        ]
y: {'raw': [5520.662640922473, 5861.551439436214, 5996.399151017959, 6066.4081021702, 6073.338546443827, 6091.518564562991, 6103.474569891552, 6114.991058015814, 6123.167299523766, 6124.719608253403], 'aer': [239.41624256053342, 3320.6767837946377, 6293.585722448991, 9270.487088223761, 12217.798900822421, 15193.935524226878, 18149.41025731381, 21074.43564590835, 24089.285311664265, 27035.632279798298], 'residual': [457.84619935997364, 1723.0806897844966, 2808.5790314938076, 3800.092282581216, 4708.754513645247, 5554.6493999215245, 6339.572593585393, 7068.973501754417, 7738.992720382967, 8336.348135379194]}

Plotting graphs...
