Generating sequence 0, rate = 0.0...
raw: 392448.52015937754
aer: 16363.189651915967
residual: 30518.915804202472
Generating sequence 1, rate = 0.111...
raw: 392732.94162080897
aer: 245099.46843093113
residual: 112249.49627524428
Generating sequence 2, rate = 0.222...
raw: 392782.6581053996
aer: 468612.4895900451
residual: 181566.60352098572
Generating sequence 3, rate = 0.333...
raw: 392833.2148310211
aer: 692166.3324815804
residual: 244452.12370910583
Generating sequence 4, rate = 0.444...
raw: 392882.5725975958
aer: 915439.0315736831
residual: 302614.7025897706
Generating sequence 5, rate = 0.556...
raw: 392901.6379393022
aer: 1138856.2555749484
residual: 356682.5695550397
Generating sequence 6, rate = 0.667...
raw: 392904.0435528753
aer: 1362031.0047495225
residual: 406850.7271497792
Generating sequence 7, rate = 0.778...
raw: 392916.0232998291
aer: 1585132.3524225415
residual: 453510.5223844128
Generating sequence 8, rate = 0.889...
raw: 392924.34677904204
aer: 1808308.9186639185
residual: 496188.6855320502
Generating sequence 9, rate = 1.0...
raw: 392928.1549015844
aer: 2031723.0438318688
residual: 534578.3813278286
SUMMARY:
x: [0.         0.11111111 0.22222222 0.33333333 0.44444444 0.55555556
 0.66666667 0.77777778 0.88888889 1.        ]
y: {'raw': [392448.52015937754, 392732.94162080897, 392782.6581053996, 392833.2148310211, 392882.5725975958, 392901.6379393022, 392904.0435528753, 392916.0232998291, 392924.34677904204, 392928.1549015844], 'aer': [16363.189651915967, 245099.46843093113, 468612.4895900451, 692166.3324815804, 915439.0315736831, 1138856.2555749484, 1362031.0047495225, 1585132.3524225415, 1808308.9186639185, 2031723.0438318688], 'residual': [30518.915804202472, 112249.49627524428, 181566.60352098572, 244452.12370910583, 302614.7025897706, 356682.5695550397, 406850.7271497792, 453510.5223844128, 496188.6855320502, 534578.3813278286]}

Plotting graphs...
