Generating sequence 0, rate = 0.0...
raw: 32712.0879505318
aer: 16362.052166954882
residual: 21917.29337392556
Generating sequence 1, rate = 0.111...
raw: 32711.948166386923
aer: 27450.708806320818
residual: 24672.158263927642
Generating sequence 2, rate = 0.222...
raw: 32715.981922173232
aer: 36327.796505061015
residual: 27103.76634572823
Generating sequence 3, rate = 0.333...
raw: 32723.41108734894
aer: 44763.38453989694
residual: 29403.772350523883
Generating sequence 4, rate = 0.444...
raw: 32722.571676425447
aer: 53069.537353641266
residual: 31564.608485358593
Generating sequence 5, rate = 0.556...
raw: 32723.88934951938
aer: 61294.69487768017
residual: 33604.873282937304
Generating sequence 6, rate = 0.667...
raw: 32726.66158836972
aer: 69555.4503587503
residual: 35485.261983888166
Generating sequence 7, rate = 0.778...
raw: 32730.311681676958
aer: 77714.20820896451
residual: 37217.54483760883
Generating sequence 8, rate = 0.889...
raw: 32733.565564991022
aer: 85792.17322523317
residual: 38838.00508241176
Generating sequence 9, rate = 1.0...
raw: 32735.416938335045
aer: 93944.92983424215
residual: 40298.4702586327
SUMMARY:
x: [0.         0.11111111 0.22222222 0.33333333 0.44444444 0.55555556
 0.66666667 0.77777778 0.88888889 1.        ]
y: {'raw': [32712.0879505318, 32711.948166386923, 32715.981922173232, 32723.41108734894, 32722.571676425447, 32723.88934951938, 32726.66158836972, 32730.311681676958, 32733.565564991022, 32735.416938335045], 'aer': [16362.052166954882, 27450.708806320818, 36327.796505061015, 44763.38453989694, 53069.537353641266, 61294.69487768017, 69555.4503587503, 77714.20820896451, 85792.17322523317, 93944.92983424215], 'residual': [21917.29337392556, 24672.158263927642, 27103.76634572823, 29403.772350523883, 31564.608485358593, 33604.873282937304, 35485.261983888166, 37217.54483760883, 38838.00508241176, 40298.4702586327]}

Plotting graphs...
