Generating sequence 0, rate = 0.0...
raw: 23837.784032228392
aer: 1003.5072156034477
residual: 1883.943195824197
Generating sequence 1, rate = 0.111...
raw: 24299.405322385883
aer: 13969.070321466288
residual: 6999.559419072141
Generating sequence 2, rate = 0.222...
raw: 24412.400551719886
aer: 26538.740317416406
residual: 11319.812578315372
Generating sequence 3, rate = 0.333...
raw: 24470.855138176932
aer: 39100.262135239565
residual: 15256.315413949074
Generating sequence 4, rate = 0.444...
raw: 24501.70121730136
aer: 51613.82507787113
residual: 18874.291646530826
Generating sequence 5, rate = 0.556...
raw: 24521.682989720623
aer: 64173.47741791847
residual: 22287.555907169895
Generating sequence 6, rate = 0.667...
raw: 24527.468572531878
aer: 76767.01435342265
residual: 25422.53522015852
Generating sequence 7, rate = 0.778...
raw: 24536.28762437864
aer: 89356.97917674147
residual: 28313.03129901501
Generating sequence 8, rate = 0.889...
raw: 24543.751503607586
aer: 101857.80398724762
residual: 30993.440887076533
Generating sequence 9, rate = 1.0...
raw: 24545.175866007667
aer: 114393.70395013405
residual: 33399.04504797487
SUMMARY:
x: [0.         0.11111111 0.22222222 0.33333333 0.44444444 0.55555556
 0.66666667 0.77777778 0.88888889 1.        ]
y: {'raw': [23837.784032228392, 24299.405322385883, 24412.400551719886, 24470.855138176932, 24501.70121730136, 24521.682989720623, 24527.468572531878, 24536.28762437864, 24543.751503607586, 24545.175866007667], 'aer': [1003.5072156034477, 13969.070321466288, 26538.740317416406, 39100.262135239565, 51613.82507787113, 64173.47741791847, 76767.01435342265, 89356.97917674147, 101857.80398724762, 114393.70395013405], 'residual': [1883.943195824197, 6999.559419072141, 11319.812578315372, 15256.315413949074, 18874.291646530826, 22287.555907169895, 25422.53522015852, 28313.03129901501, 30993.440887076533, 33399.04504797487]}

Plotting graphs...
