Generating sequence 0, rate = 0.0...
raw: 466.06857717865324
aer: 237.20744181962866
residual: 318.7897033723058
Generating sequence 1, rate = 0.111...
raw: 476.8176324341101
aer: 398.2905277976312
residual: 365.6926458774911
Generating sequence 2, rate = 0.222...
raw: 473.6850271460211
aer: 523.8699978094494
residual: 398.6086397143804
Generating sequence 3, rate = 0.333...
raw: 482.3146583123561
aer: 640.319233934945
residual: 439.6731081734134
Generating sequence 4, rate = 0.444...
raw: 486.1743677472816
aer: 755.9111560522413
residual: 473.2115789075041
Generating sequence 5, rate = 0.556...
raw: 485.22781023665146
aer: 853.3738742693181
residual: 503.20125033787684
Generating sequence 6, rate = 0.667...
raw: 486.1270548524521
aer: 962.5985606840444
residual: 533.0381953529386
Generating sequence 7, rate = 0.778...
raw: 491.6716802027414
aer: 1078.102413952014
residual: 560.015765846654
Generating sequence 8, rate = 0.889...
raw: 493.93676811151084
aer: 1179.8688818904643
residual: 587.8082181686373
Generating sequence 9, rate = 1.0...
raw: 498.3691149193455
aer: 1296.5304327518027
residual: 608.3588866791334
SUMMARY:
x: [0.         0.11111111 0.22222222 0.33333333 0.44444444 0.55555556
 0.66666667 0.77777778 0.88888889 1.        ]
y: {'raw': [466.06857717865324, 476.8176324341101, 473.6850271460211, 482.3146583123561, 486.1743677472816, 485.22781023665146, 486.1270548524521, 491.6716802027414, 493.93676811151084, 498.3691149193455], 'aer': [237.20744181962866, 398.2905277976312, 523.8699978094494, 640.319233934945, 755.9111560522413, 853.3738742693181, 962.5985606840444, 1078.102413952014, 1179.8688818904643, 1296.5304327518027], 'residual': [318.7897033723058, 365.6926458774911, 398.6086397143804, 439.6731081734134, 473.2115789075041, 503.20125033787684, 533.0381953529386, 560.015765846654, 587.8082181686373, 608.3588866791334]}

Plotting graphs...
