Generating sequence 0, rate = 0.0...
raw: 1841869.82703144
aer: 920940.9006310562
residual: 1233563.744560908
Generating sequence 1, rate = 0.111...
raw: 1841874.0137571592
aer: 1641484.7661439963
residual: 1388620.991837165
Generating sequence 2, rate = 0.222...
raw: 1841873.418995461
aer: 2244032.508711437
residual: 1526621.3006320617
Generating sequence 3, rate = 0.333...
raw: 1841877.1484735277
aer: 2829677.0009160233
residual: 1655212.2439010732
Generating sequence 4, rate = 0.444...
raw: 1841878.5199138029
aer: 3408870.762790688
residual: 1775973.7222066922
Generating sequence 5, rate = 0.556...
raw: 1841880.851553623
aer: 3984975.32057055
residual: 1889508.540353727
Generating sequence 6, rate = 0.667...
raw: 1841884.9405584892
aer: 4559240.035007202
residual: 1995894.265738205
Generating sequence 7, rate = 0.778...
raw: 1841884.5721430911
aer: 5132427.74824652
residual: 2095159.2451380098
Generating sequence 8, rate = 0.889...
raw: 1841890.9215217093
aer: 5705780.220920127
residual: 2185801.5959292543
Generating sequence 9, rate = 1.0...
raw: 1841890.7166191353
aer: 6277488.169283988
residual: 2267748.6130980137
SUMMARY:
x: [0.         0.11111111 0.22222222 0.33333333 0.44444444 0.55555556
 0.66666667 0.77777778 0.88888889 1.        ]
y: {'raw': [1841869.82703144, 1841874.0137571592, 1841873.418995461, 1841877.1484735277, 1841878.5199138029, 1841880.851553623, 1841884.9405584892, 1841884.5721430911, 1841890.9215217093, 1841890.7166191353], 'aer': [920940.9006310562, 1641484.7661439963, 2244032.508711437, 2829677.0009160233, 3408870.762790688, 3984975.32057055, 4559240.035007202, 5132427.74824652, 5705780.220920127, 6277488.169283988], 'residual': [1233563.744560908, 1388620.991837165, 1526621.3006320617, 1655212.2439010732, 1775973.7222066922, 1889508.540353727, 1995894.265738205, 2095159.2451380098, 2185801.5959292543, 2267748.6130980137]}

Plotting graphs...
