Generating sequence 0, rate = 0.0...
raw: 2006.7799498972454
aer: 1008.3203546469547
residual: 1345.5474318060062
Generating sequence 1, rate = 0.111...
raw: 2021.979461839068
aer: 1679.2638862341428
residual: 1526.3852666883577
Generating sequence 2, rate = 0.222...
raw: 2014.0300552989333
aer: 2192.7723190302313
residual: 1671.4576974818904
Generating sequence 3, rate = 0.333...
raw: 2014.7506926414192
aer: 2682.9923515293244
residual: 1804.9014970117992
Generating sequence 4, rate = 0.444...
raw: 2018.9914576489716
aer: 3149.4974367989084
residual: 1949.8716830095238
Generating sequence 5, rate = 0.556...
raw: 2015.270194537545
aer: 3630.4915914991875
residual: 2072.526413161915
Generating sequence 6, rate = 0.667...
raw: 2022.8429876916284
aer: 4107.1977619759255
residual: 2197.2870335159587
Generating sequence 7, rate = 0.778...
raw: 2030.9699163534103
aer: 4566.796166455481
residual: 2298.289304828025
Generating sequence 8, rate = 0.889...
raw: 2031.7075704254844
aer: 5036.658745245388
residual: 2400.501086306543
Generating sequence 9, rate = 1.0...
raw: 2033.9016294781472
aer: 5497.544644433612
residual: 2498.839569901481
SUMMARY:
x: [0.         0.11111111 0.22222222 0.33333333 0.44444444 0.55555556
 0.66666667 0.77777778 0.88888889 1.        ]
y: {'raw': [2006.7799498972454, 2021.979461839068, 2014.0300552989333, 2014.7506926414192, 2018.9914576489716, 2015.270194537545, 2022.8429876916284, 2030.9699163534103, 2031.7075704254844, 2033.9016294781472], 'aer': [1008.3203546469547, 1679.2638862341428, 2192.7723190302313, 2682.9923515293244, 3149.4974367989084, 3630.4915914991875, 4107.1977619759255, 4566.796166455481, 5036.658745245388, 5497.544644433612], 'residual': [1345.5474318060062, 1526.3852666883577, 1671.4576974818904, 1804.9014970117992, 1949.8716830095238, 2072.526413161915, 2197.2870335159587, 2298.289304828025, 2400.501086306543, 2498.839569901481]}

Plotting graphs...
