Generating sequence 0, rate = 0.0...
raw: 22102214.656074516
aer: 920937.0901841603
residual: 1718388.6084749368
Generating sequence 1, rate = 0.111...
raw: 22102549.703284543
aer: 16301130.377549484
residual: 6311241.004184699
Generating sequence 2, rate = 0.222...
raw: 22102646.6660373
aer: 31462139.58991989
residual: 10210940.321088422
Generating sequence 3, rate = 0.333...
raw: 22102673.593467914
aer: 46620835.25407558
residual: 13752798.718069984
Generating sequence 4, rate = 0.444...
raw: 22102738.759709205
aer: 61781103.29135306
residual: 17024524.19626726
Generating sequence 5, rate = 0.556...
raw: 22102741.024772525
aer: 76937208.05694449
residual: 20064085.613902412
Generating sequence 6, rate = 0.667...
raw: 22102766.69884854
aer: 92093240.88494128
residual: 22891466.962282557
Generating sequence 7, rate = 0.778...
raw: 22102765.664352838
aer: 107251019.1872693
residual: 25509075.733535808
Generating sequence 8, rate = 0.889...
raw: 22102773.861441065
aer: 122409357.93016975
residual: 27911006.059836295
Generating sequence 9, rate = 1.0...
raw: 22102779.952935595
aer: 137567636.5957402
residual: 30074457.536973555
SUMMARY:
x: [0.         0.11111111 0.22222222 0.33333333 0.44444444 0.55555556
 0.66666667 0.77777778 0.88888889 1.        ]
y: {'raw': [22102214.656074516, 22102549.703284543, 22102646.6660373, 22102673.593467914, 22102738.759709205, 22102741.024772525, 22102766.69884854, 22102765.664352838, 22102773.861441065, 22102779.952935595], 'aer': [920937.0901841603, 16301130.377549484, 31462139.58991989, 46620835.25407558, 61781103.29135306, 76937208.05694449, 92093240.88494128, 107251019.1872693, 122409357.93016975, 137567636.5957402], 'residual': [1718388.6084749368, 6311241.004184699, 10210940.321088422, 13752798.718069984, 17024524.19626726, 20064085.613902412, 22891466.962282557, 25509075.733535808, 27911006.059836295, 30074457.536973555]}

Plotting graphs...
