Generating sequence 0, rate = 0.0...
raw: 8150.695147892677
aer: 4081.19875281452
residual: 5464.496955691219
Generating sequence 1, rate = 0.111...
raw: 8151.118099165731
aer: 6801.551053589877
residual: 6163.970786575407
Generating sequence 2, rate = 0.222...
raw: 8151.697790099538
aer: 8962.563040292827
residual: 6766.821185123487
Generating sequence 3, rate = 0.333...
raw: 8157.871974147155
aer: 10999.990548943522
residual: 7334.187613512667
Generating sequence 4, rate = 0.444...
raw: 8164.2356459436005
aer: 13007.632754799331
residual: 7882.427799302312
Generating sequence 5, rate = 0.556...
raw: 8164.938497590555
aer: 15012.51087396468
residual: 8373.887193718156
Generating sequence 6, rate = 0.667...
raw: 8166.358497088489
aer: 16967.371173665415
residual: 8852.699973572051
Generating sequence 7, rate = 0.778...
raw: 8171.480317842642
aer: 18952.06802058048
residual: 9289.367041912401
Generating sequence 8, rate = 0.889...
raw: 8172.378035395769
aer: 20875.632207957242
residual: 9698.399623254665
Generating sequence 9, rate = 1.0...
raw: 8175.2239991703655
aer: 22808.853086457682
residual: 10056.882352606799
SUMMARY:
x: [0.         0.11111111 0.22222222 0.33333333 0.44444444 0.55555556
 0.66666667 0.77777778 0.88888889 1.        ]
y: {'raw': [8150.695147892677, 8151.118099165731, 8151.697790099538, 8157.871974147155, 8164.2356459436005, 8164.938497590555, 8166.358497088489, 8171.480317842642, 8172.378035395769, 8175.2239991703655], 'aer': [4081.19875281452, 6801.551053589877, 8962.563040292827, 10999.990548943522, 13007.632754799331, 15012.51087396468, 16967.371173665415, 18952.06802058048, 20875.632207957242, 22808.853086457682], 'residual': [5464.496955691219, 6163.970786575407, 6766.821185123487, 7334.187613512667, 7882.427799302312, 8373.887193718156, 8852.699973572051, 9289.367041912401, 9698.399623254665, 10056.882352606799]}

Plotting graphs...
