Parameters used: Namespace(coder='./lpaq1 0', durations=[1, 2, 4, 8, 16], format='aer_true', iterations=1, out='results/event_true_thresholds/aer_true_random_flip_128x128.log', precision=1e-05, resolutions=[128, 256, 512], sequence='rate_random_flip', verbose=False)

RES    DURATION    THRESHOLD
128    1
    rate: 
          0.5
          0.25
          0.125
          0.0625
          0.03125
          0.046875
          0.0546875
          0.05859375
          0.060546875
          0.0595703125
          0.06005859375
          0.059814453125
          0.0599365234375
          0.05999755859375
          0.060028076171875
          0.0600128173828125
128    1    0.06002044677734375

128    2
    rate: 
          0.5
          0.25
          0.125
          0.0625
          0.03125
          0.046875
          0.0546875
          0.05859375
          0.060546875
          0.0595703125
          0.06005859375
          0.060302734375
          0.0604248046875
          0.06036376953125
          0.060394287109375
          0.0603790283203125
128    2    0.06038665771484375

128    4
    rate: 
          0.5
          0.25
          0.125
          0.0625
          0.09375
          0.078125
          0.0703125
          0.06640625
          0.068359375
          0.0673828125
          0.06787109375
          0.067626953125
          0.0675048828125
          0.06744384765625
          0.067474365234375
          0.0674591064453125
128    4    0.06745147705078125

128    8
    rate: 
          0.5
          0.25
          0.125
          0.0625
          0.09375
          0.078125
          0.0703125
          0.07421875
          0.072265625
          0.0712890625
          0.07177734375
          0.072021484375
          0.0718994140625
          0.07183837890625
          0.071868896484375
          0.0718841552734375
128    8    0.07187652587890625

128    16
    rate: 
          0.5
          0.25
          0.125
          0.0625
          0.09375
          0.078125
          0.0703125
          0.06640625
          0.068359375
          0.0693359375
          0.06982421875
          0.070068359375
          0.0701904296875
          0.07012939453125
          0.070159912109375
          0.0701751708984375
128    16    0.07018280029296875

256    1
    rate: 
          0.5
          0.25
          0.125
          0.0625
          0.09375
          0.078125
          0.0703125
          0.06640625
          0.068359375
          0.0673828125
          0.06689453125
          0.067138671875
          0.0672607421875
          0.06732177734375
          0.067352294921875
          0.0673370361328125
256    1    0.06734466552734375

256    2
    rate: 
          0.5
          0.25
          0.125
          0.0625
          0.09375
          0.078125
          0.0703125
          0.07421875
          0.076171875
          0.0751953125
          0.07568359375
          0.075439453125
          0.0755615234375
          0.07562255859375
          0.075653076171875
          0.0756683349609375
256    2    0.07566070556640625

256    4
    rate: 
          0.5
          0.25
          0.125
          0.0625
          0.09375
          0.078125
          0.0859375
          0.08203125
