Parameters used: Namespace(coder='./lpaq1 0', durations=[1, 2, 4, 8, 16], format='aer', out='results/event_true_thresholds/aer_random_flip.log', precision=1e-05, resolutions=[1, 2, 4, 8, 16, 32, 64], sequence='rate_random_flip', verbose=False)

RES    DURATION    THRESHOLD
1    1
    rate: 
          0.5
          0.75
          0.875
          0.9375
          0.96875
          0.984375
          0.9921875
          0.99609375
          0.998046875
          0.9990234375
          0.99951171875
          0.999755859375
          0.9998779296875
          0.99993896484375
          0.999969482421875
          0.9999847412109375
1    1    0.9999885559082031

1    2
    rate: 
          0.5
          0.75
          0.875
          0.9375
          0.96875
          0.984375
          0.9921875
          0.99609375
          0.998046875
          0.9990234375
          0.99951171875
          0.999755859375
          0.9998779296875
          0.99993896484375
          0.999969482421875
          0.9999847412109375
1    2    0.9999885559082031

1    4
    rate: 
          0.5
          0.75
          0.875
          0.9375
          0.96875
          0.984375
          0.9921875
          0.99609375
          0.998046875
          0.9990234375
          0.99951171875
          0.999755859375
          0.9998779296875
          0.99993896484375
          0.999969482421875
          0.9999847412109375
1    4    0.9999885559082031

1    8
    rate: 
          0.5
          0.75
          0.875
          0.9375
          0.96875
          0.984375
          0.9921875
          0.99609375
          0.998046875
          0.9990234375
          0.99951171875
          0.999755859375
          0.9998779296875
          0.99993896484375
          0.999969482421875
          0.9999847412109375
1    8    0.9999885559082031

1    16
    rate: 
          0.5
          0.75
          0.875
          0.9375
          0.96875
          0.984375
          0.9921875
          0.99609375
          0.998046875
          0.9990234375
          0.99951171875
          0.999755859375
          0.9998779296875
          0.99993896484375
          0.999969482421875
          0.9999847412109375
1    16    0.9999885559082031

2    1
    rate: 
          0.5
          0.25
          0.125
          0.1875
          0.21875
          0.234375
          0.2421875
          0.24609375
          0.248046875
          0.2490234375
          0.24951171875
          0.249755859375
          0.2498779296875
          0.24993896484375
          0.249969482421875
          0.2499847412109375
2    1    0.24998855590820312

2    2
    rate: 
          0.5
          0.25
          0.125
          0.1875
          0.21875
          0.234375
          0.2421875
          0.24609375
          0.248046875
          0.2490234375
          0.24951171875
          0.249755859375
          0.2498779296875
          0.24993896484375
          0.249969482421875
          0.2499847412109375
2    2    0.24998855590820312

2    4
    rate: 
          0.5
          0.25
          0.125
          0.1875
          0.21875
          0.234375
          0.2421875
          0.24609375
          0.248046875
          0.2490234375
          0.24951171875
          0.249755859375
          0.2498779296875
          0.24993896484375
          0.249969482421875
          0.2499847412109375
2    4    0.24998855590820312

2    8
    rate: 
          0.5
          0.25
          0.125
          0.1875
          0.21875
          0.234375
          0.2421875
          0.24609375
          0.248046875
          0.2490234375
          0.24951171875
          0.249755859375
          0.2498779296875
          0.24993896484375
          0.249969482421875
          0.2499847412109375
2    8    0.24998855590820312

2    16
    rate: 
          0.5
          0.25
          0.125
          0.1875
          0.21875
          0.234375
          0.2421875
          0.24609375
          0.248046875
          0.2490234375
          0.24951171875
          0.249755859375
          0.2498779296875
          0.24993896484375
          0.249969482421875
          0.2499847412109375
2    16    0.24998855590820312

4    1
    rate: 
          0.5
          0.25
          0.125
          0.0625
          0.03125
          0.046875
          0.0546875
          0.05859375
          0.060546875
          0.0615234375
          0.06201171875
          0.062255859375
          0.0623779296875
          0.06243896484375
          0.062469482421875
          0.0624847412109375
4    1    0.062488555908203125

4    2
    rate: 
          0.5
          0.25
          0.125
          0.0625
          0.03125
          0.046875
          0.0546875
          0.05859375
          0.060546875
          0.0615234375
          0.06201171875
          0.062255859375
          0.0623779296875
          0.06243896484375
          0.062469482421875
          0.0624847412109375
4    2    0.062488555908203125

4    4
    rate: 
          0.5
          0.25
          0.125
          0.0625
          0.03125
          0.046875
          0.0546875
          0.05859375
          0.060546875
          0.0615234375
          0.06201171875
          0.062255859375
          0.0623779296875
          0.06243896484375
          0.062469482421875
          0.0624847412109375
4    4    0.062488555908203125

4    8
    rate: 
          0.5
          0.25
          0.125
          0.0625
          0.03125
          0.046875
          0.0546875
          0.05859375
          0.060546875
          0.0615234375
          0.06201171875
          0.062255859375
          0.0623779296875
          0.06243896484375
          0.062469482421875
          0.0624847412109375
4    8    0.062488555908203125

4    16
    rate: 
          0.5
          0.25
          0.125
          0.0625
          0.03125
          0.046875
          0.0546875
          0.05859375
          0.060546875
          0.0615234375
          0.06201171875
          0.062255859375
          0.0623779296875
          0.06243896484375
          0.062469482421875
          0.0624847412109375
4    16    0.062488555908203125

8    1
    rate: 
          0.5
          0.25
          0.125
          0.0625
          0.03125
          0.046875
          0.0390625
          0.04296875
          0.041015625
          0.0400390625
          0.04052734375
8    1    0.0404052734375

8    2
    rate: 
          0.5
          0.25
          0.125
          0.0625
          0.03125
          0.015625
          0.0234375
          0.02734375
          0.029296875
          0.0302734375
          0.03076171875
          0.031005859375
          0.0311279296875
          0.03118896484375
          0.031219482421875
          0.0312347412109375
8    2    0.031238555908203125

8    4
    rate: 
          0.5
          0.25
          0.125
          0.0625
          0.03125
          0.015625
          0.0234375
          0.02734375
          0.029296875
          0.0302734375
          0.03076171875
          0.031005859375
          0.0311279296875
          0.03118896484375
          0.031219482421875
          0.0312347412109375
8    4    0.031238555908203125

8    8
    rate: 
          0.5
          0.25
          0.125
          0.0625
          0.03125
          0.015625
          0.0078125
          0.01171875
          0.013671875
          0.0146484375
          0.01513671875
          0.015380859375
          0.0155029296875
          0.01556396484375
          0.015594482421875
          0.0156097412109375
8    8    0.015613555908203125

8    16
    rate: 
          0.5
          0.25
          0.125
          0.0625
          0.03125
          0.015625
          0.0078125
          0.01171875
          0.013671875
          0.0146484375
          0.01513671875
          0.015380859375
          0.0155029296875
          0.01556396484375
          0.015594482421875
          0.0156097412109375
8    16    0.015613555908203125

16    1
    rate: 
          0.5
          0.25
          0.125
          0.0625
          0.03125
          0.046875
          0.0390625
          0.04296875
          0.044921875
          0.0439453125
          0.04345703125
          0.043701171875
          0.0438232421875
          0.04388427734375
          0.043914794921875
          0.0439300537109375
16    1    0.043933868408203125

16    2
    rate: 
          0.5
          0.25
          0.125
          0.0625
          0.03125
          0.046875
          0.0546875
          0.05078125
          0.052734375
          0.0537109375
          0.05419921875
          0.054443359375
          0.0545654296875
          0.05462646484375
          0.054656982421875
          0.0546722412109375
16    2    0.054676055908203125

16    4
    rate: 
          0.5
          0.25
          0.125
          0.0625
          0.03125
          0.046875
          0.0546875
          0.05859375
          0.056640625
          0.0576171875
          0.05810546875
          0.058349609375
          0.0584716796875
          0.05853271484375
          0.058563232421875
          0.0585784912109375
16    4    0.058582305908203125

16    8
    rate: 
          0.5
          0.25
          0.125
          0.0625
          0.03125
          0.046875
          0.0546875
          0.05859375
          0.060546875
          0.0615234375
          0.06201171875
          0.062255859375
          0.0623779296875
          0.06243896484375
          0.062469482421875
          0.0624847412109375
16    8    0.062488555908203125

16    16
    rate: 
          0.5
          0.25
          0.125
          0.0625
          0.09375
          0.078125
          0.0703125
          0.06640625
          0.064453125
          0.0634765625
          0.06396484375
          0.064208984375
          0.0643310546875
          0.06439208984375
          0.064422607421875
          0.0644378662109375
16    16    0.06444168090820312

32    1
    rate: 
          0.5
          0.25
          0.125
          0.0625
          0.03125
          0.046875
          0.0546875
          0.05859375
          0.060546875
          0.0615234375
          0.06103515625
          0.061279296875
          0.0614013671875
          0.06146240234375
          0.061431884765625
          0.0614471435546875
32    1    0.061450958251953125

32    2
    rate: 
          0.5
          0.25
          0.125
          0.0625
          0.09375
          0.078125
          0.0703125
          0.07421875
          0.072265625
          0.0712890625
          0.07080078125
          0.071044921875
          0.0711669921875
          0.07110595703125
          0.071075439453125
          0.0710906982421875
32    2    0.07109451293945312

32    4
    rate: 
          0.5
          0.25
          0.125
          0.0625
          0.09375
          0.078125
          0.0703125
          0.07421875
          0.076171875
          0.0771484375
          0.07666015625
          0.076416015625
          0.0762939453125
          0.07623291015625
          0.076202392578125
          0.0762176513671875
32    4    0.07621383666992188

32    8
    rate: 
          0.5
          0.25
          0.125
          0.0625
          0.09375
          0.078125
          0.0859375
          0.08203125
          0.080078125
          0.0791015625
          0.07958984375
          0.079833984375
          0.0799560546875
          0.08001708984375
          0.080047607421875
          0.0800628662109375
32    8    0.08006668090820312

32    16
    rate: 
          0.5
          0.25
          0.125
          0.0625
          0.09375
          0.078125
          0.0859375
          0.08203125
          0.080078125
          0.0810546875
          0.08056640625
          0.080810546875
          0.0809326171875
          0.08099365234375
          0.081024169921875
          0.0810394287109375
32    16    0.08104324340820312

64    1
    rate: 
          0.5
          0.25
          0.125
          0.0625
          0.09375
          0.078125
          0.0703125
          0.07421875
          0.076171875
          0.0771484375
          0.07666015625
          0.076416015625
          0.0762939453125
          0.07635498046875
          0.076385498046875
          0.0763702392578125
64    1    0.07637405395507812

64    2
    rate: 
          0.5
          0.25
          0.125
          0.0625
          0.09375
          0.078125
          0.0859375
          0.08203125
          0.080078125
          0.0810546875
          0.08056640625
          0.080810546875
          0.0809326171875
          0.08099365234375
          0.081024169921875
          0.0810394287109375
64    2    0.08104324340820312

64    4
    rate: 
          0.5
          0.25
          0.125
          0.0625
          0.09375
          0.078125
          0.0859375
          0.08984375
          0.087890625
          0.0869140625
          0.08642578125
          0.086181640625
          0.0860595703125
          0.08612060546875
          0.086090087890625
          0.0861053466796875
64    4    0.08610916137695312

64    8
    rate: 
          0.5
          0.25
          0.125
          0.0625
          0.09375
          0.078125
          0.0859375
          0.08984375
          0.091796875
          0.0908203125
          0.09033203125
          0.090087890625
          0.0899658203125
          0.09002685546875
          0.090057373046875
          0.0900421142578125
64    8    0.09004592895507812

64    16
    rate: 
          0.5
          0.25
          0.125
          0.0625
          0.09375
          0.078125
          0.0859375
          0.08984375
          0.091796875
          0.0908203125
          0.09130859375
          0.091064453125
          0.0909423828125
          0.09100341796875
          0.091033935546875
          0.0910491943359375
64    16    0.09105300903320312

TABLE:
[[0.99998856 0.99998856 0.99998856 0.99998856 0.99998856]
 [0.24998856 0.24998856 0.24998856 0.24998856 0.24998856]
 [0.06248856 0.06248856 0.06248856 0.06248856 0.06248856]
 [0.04040527 0.03123856 0.03123856 0.01561356 0.01561356]
 [0.04393387 0.05467606 0.05858231 0.06248856 0.06444168]
 [0.06145096 0.07109451 0.07621384 0.08006668 0.08104324]
 [0.07637405 0.08104324 0.08610916 0.09004593 0.09105301]]

